Traceback (most recent call last):
  File "/opt/bwhpc/common/devel/miniforge/25.3.1-py3.12/condabin/conda", line 12, in <module>
    from conda.cli import main
ModuleNotFoundError: No module named 'conda'
/home/ul/ul_student/ul_lmm50/.conda/envs/dqn-flappy-bird-cuda/lib/python3.11/site-packages/optuna/_experimental.py:33: ExperimentalWarning: Argument ``multivariate`` is an experimental feature. The interface can change in the future.
  optuna_warn(
/home/ul/ul_student/ul_lmm50/.conda/envs/dqn-flappy-bird-cuda/lib/python3.11/site-packages/optuna/_experimental.py:33: ExperimentalWarning: Argument ``multivariate`` is an experimental feature. The interface can change in the future.
  optuna_warn(
[I 2026-07-09 06:39:21,834] A new study created in Journal with name: ppo_5841602
/home/ul/ul_student/ul_lmm50/.conda/envs/dqn-flappy-bird-cuda/lib/python3.11/site-packages/optuna/_experimental.py:33: ExperimentalWarning: Argument ``multivariate`` is an experimental feature. The interface can change in the future.
  optuna_warn(
/home/ul/ul_student/ul_lmm50/.conda/envs/dqn-flappy-bird-cuda/lib/python3.11/site-packages/optuna/_experimental.py:33: ExperimentalWarning: Argument ``multivariate`` is an experimental feature. The interface can change in the future.
  optuna_warn(
/home/ul/ul_student/ul_lmm50/.conda/envs/dqn-flappy-bird-cuda/lib/python3.11/site-packages/optuna/_experimental.py:33: ExperimentalWarning: Argument ``multivariate`` is an experimental feature. The interface can change in the future.
  optuna_warn(
[I 2026-07-09 06:39:21,848] Using an existing study with name 'ppo_5841602' instead of creating a new one.
/home/ul/ul_student/ul_lmm50/.conda/envs/dqn-flappy-bird-cuda/lib/python3.11/site-packages/optuna/_experimental.py:33: ExperimentalWarning: Argument ``multivariate`` is an experimental feature. The interface can change in the future.
  optuna_warn(
/home/ul/ul_student/ul_lmm50/.conda/envs/dqn-flappy-bird-cuda/lib/python3.11/site-packages/optuna/_experimental.py:33: ExperimentalWarning: Argument ``multivariate`` is an experimental feature. The interface can change in the future.
  optuna_warn(
/home/ul/ul_student/ul_lmm50/.conda/envs/dqn-flappy-bird-cuda/lib/python3.11/site-packages/optuna/_experimental.py:33: ExperimentalWarning: Argument ``multivariate`` is an experimental feature. The interface can change in the future.
  optuna_warn(
/home/ul/ul_student/ul_lmm50/.conda/envs/dqn-flappy-bird-cuda/lib/python3.11/site-packages/optuna/_experimental.py:33: ExperimentalWarning: Argument ``multivariate`` is an experimental feature. The interface can change in the future.
  optuna_warn(
/home/ul/ul_student/ul_lmm50/.conda/envs/dqn-flappy-bird-cuda/lib/python3.11/site-packages/optuna/_experimental.py:33: ExperimentalWarning: Argument ``multivariate`` is an experimental feature. The interface can change in the future.
  optuna_warn(
/home/ul/ul_student/ul_lmm50/.conda/envs/dqn-flappy-bird-cuda/lib/python3.11/site-packages/optuna/_experimental.py:33: ExperimentalWarning: Argument ``multivariate`` is an experimental feature. The interface can change in the future.
  optuna_warn(
/home/ul/ul_student/ul_lmm50/.conda/envs/dqn-flappy-bird-cuda/lib/python3.11/site-packages/optuna/_experimental.py:33: ExperimentalWarning: Argument ``multivariate`` is an experimental feature. The interface can change in the future.
  optuna_warn(
/home/ul/ul_student/ul_lmm50/.conda/envs/dqn-flappy-bird-cuda/lib/python3.11/site-packages/optuna/_experimental.py:33: ExperimentalWarning: Argument ``multivariate`` is an experimental feature. The interface can change in the future.
  optuna_warn(
/home/ul/ul_student/ul_lmm50/.conda/envs/dqn-flappy-bird-cuda/lib/python3.11/site-packages/optuna/_experimental.py:33: ExperimentalWarning: Argument ``multivariate`` is an experimental feature. The interface can change in the future.
  optuna_warn(
/home/ul/ul_student/ul_lmm50/.conda/envs/dqn-flappy-bird-cuda/lib/python3.11/site-packages/optuna/_experimental.py:33: ExperimentalWarning: Argument ``multivariate`` is an experimental feature. The interface can change in the future.
  optuna_warn(
/home/ul/ul_student/ul_lmm50/.conda/envs/dqn-flappy-bird-cuda/lib/python3.11/site-packages/optuna/_experimental.py:33: ExperimentalWarning: Argument ``multivariate`` is an experimental feature. The interface can change in the future.
  optuna_warn(
[I 2026-07-09 06:39:21,872] Using an existing study with name 'ppo_5841602' instead of creating a new one.
[I 2026-07-09 06:39:21,887] Using an existing study with name 'ppo_5841602' instead of creating a new one.
[I 2026-07-09 06:39:21,907] Using an existing study with name 'ppo_5841602' instead of creating a new one.
[I 2026-07-09 06:39:21,921] Using an existing study with name 'ppo_5841602' instead of creating a new one.
[I 2026-07-09 06:39:21,937] Using an existing study with name 'ppo_5841602' instead of creating a new one.
[I 2026-07-09 06:39:21,953] Using an existing study with name 'ppo_5841602' instead of creating a new one.
[I 2026-07-09 06:39:22,023] Using an existing study with name 'ppo_5841602' instead of creating a new one.
[I 2026-07-09 06:39:22,116] Using an existing study with name 'ppo_5841602' instead of creating a new one.
[I 2026-07-09 06:39:22,200] Using an existing study with name 'ppo_5841602' instead of creating a new one.
[I 2026-07-09 06:39:22,263] Using an existing study with name 'ppo_5841602' instead of creating a new one.
[I 2026-07-09 06:39:22,286] Using an existing study with name 'ppo_5841602' instead of creating a new one.
[I 2026-07-09 06:39:22,474] Using an existing study with name 'ppo_5841602' instead of creating a new one.
[I 2026-07-09 06:39:22,490] Using an existing study with name 'ppo_5841602' instead of creating a new one.
[I 2026-07-09 06:39:22,508] Using an existing study with name 'ppo_5841602' instead of creating a new one.
[I 2026-07-09 06:45:13,265] Trial 6 pruned. 
[I 2026-07-09 06:45:17,226] Trial 5 pruned. 
[I 2026-07-09 06:45:20,595] Trial 15 pruned. 
[I 2026-07-09 06:50:44,253] Trial 17 pruned. 
[I 2026-07-09 06:54:45,832] Trial 2 pruned. 
[I 2026-07-09 06:54:52,686] Trial 13 pruned. 
[I 2026-07-09 06:54:57,515] Trial 14 pruned. 
[I 2026-07-09 06:54:58,863] Trial 12 pruned. 
[I 2026-07-09 06:55:06,619] Trial 4 pruned. 
[I 2026-07-09 07:00:17,083] Trial 21 pruned. 
[I 2026-07-09 07:00:19,222] Trial 18 pruned. 
[I 2026-07-09 07:00:21,561] Trial 16 pruned. 
[I 2026-07-09 07:05:44,364] Trial 25 pruned. 
[I 2026-07-09 07:05:47,818] Trial 26 pruned. 
[I 2026-07-09 07:07:20,999] Trial 19 pruned. 
[I 2026-07-09 07:10:20,303] Trial 23 pruned. 
[I 2026-07-09 07:10:49,897] Trial 20 pruned. 
[I 2026-07-09 07:10:51,191] Trial 22 pruned. 
[I 2026-07-09 07:11:24,698] Trial 28 pruned. 
[I 2026-07-09 07:11:26,365] Trial 29 pruned. 
[I 2026-07-09 07:12:58,890] Trial 30 pruned. 
[I 2026-07-09 07:16:18,701] Trial 32 pruned. 
[I 2026-07-09 07:18:42,063] Trial 36 pruned. 
/pfs/data6/home/ul/ul_student/ul_lmm50/Neuroinformatik/src/ppo_agent.py:43: FutureWarning: You are using `torch.load` with `weights_only=False` (the current default value), which uses the default pickle module implicitly. It is possible to construct malicious pickle data which will execute arbitrary code during unpickling (See https://github.com/pytorch/pytorch/blob/main/SECURITY.md#untrusted-models for more details). In a future release, the default value for `weights_only` will be flipped to `True`. This limits the functions that could be executed during unpickling. Arbitrary objects will no longer be allowed to be loaded via this mode unless they are explicitly allowlisted by the user via `torch.serialization.add_safe_globals`. We recommend you start setting `weights_only=True` for any use case where you don't have full control of the loaded file. Please open an issue on GitHub for any issues related to this experimental feature.
  actor_critic.load_state_dict(torch.load(self.MODEL_FILE, map_location=device))
/pfs/data6/home/ul/ul_student/ul_lmm50/Neuroinformatik/src/ppo_agent.py:43: FutureWarning: You are using `torch.load` with `weights_only=False` (the current default value), which uses the default pickle module implicitly. It is possible to construct malicious pickle data which will execute arbitrary code during unpickling (See https://github.com/pytorch/pytorch/blob/main/SECURITY.md#untrusted-models for more details). In a future release, the default value for `weights_only` will be flipped to `True`. This limits the functions that could be executed during unpickling. Arbitrary objects will no longer be allowed to be loaded via this mode unless they are explicitly allowlisted by the user via `torch.serialization.add_safe_globals`. We recommend you start setting `weights_only=True` for any use case where you don't have full control of the loaded file. Please open an issue on GitHub for any issues related to this experimental feature.
  actor_critic.load_state_dict(torch.load(self.MODEL_FILE, map_location=device))
[I 2026-07-09 07:24:27,854] Trial 1 pruned. 
[I 2026-07-09 07:24:35,748] Trial 3 pruned. 
/pfs/data6/home/ul/ul_student/ul_lmm50/Neuroinformatik/src/ppo_agent.py:43: FutureWarning: You are using `torch.load` with `weights_only=False` (the current default value), which uses the default pickle module implicitly. It is possible to construct malicious pickle data which will execute arbitrary code during unpickling (See https://github.com/pytorch/pytorch/blob/main/SECURITY.md#untrusted-models for more details). In a future release, the default value for `weights_only` will be flipped to `True`. This limits the functions that could be executed during unpickling. Arbitrary objects will no longer be allowed to be loaded via this mode unless they are explicitly allowlisted by the user via `torch.serialization.add_safe_globals`. We recommend you start setting `weights_only=True` for any use case where you don't have full control of the loaded file. Please open an issue on GitHub for any issues related to this experimental feature.
  actor_critic.load_state_dict(torch.load(self.MODEL_FILE, map_location=device))
[I 2026-07-09 07:24:42,883] Trial 11 finished with value: 6.623333333333326 and parameters: {'learning_rate_a': 0.00029334831704227966, 'ppo_epochs': 4, 'ent_coef': 0.007757352281245099, 'clip_eps': 0.2, 'gae_lambda': 0.9750186486551465, 'vf_coef': 0.7811347435875295, 'rollout_steps': 4096, 'minibatch_size': 256, 'hidden_dim': 512}. Best is trial 11 with value: 6.623333333333326.
/pfs/data6/home/ul/ul_student/ul_lmm50/Neuroinformatik/src/ppo_agent.py:43: FutureWarning: You are using `torch.load` with `weights_only=False` (the current default value), which uses the default pickle module implicitly. It is possible to construct malicious pickle data which will execute arbitrary code during unpickling (See https://github.com/pytorch/pytorch/blob/main/SECURITY.md#untrusted-models for more details). In a future release, the default value for `weights_only` will be flipped to `True`. This limits the functions that could be executed during unpickling. Arbitrary objects will no longer be allowed to be loaded via this mode unless they are explicitly allowlisted by the user via `torch.serialization.add_safe_globals`. We recommend you start setting `weights_only=True` for any use case where you don't have full control of the loaded file. Please open an issue on GitHub for any issues related to this experimental feature.
  actor_critic.load_state_dict(torch.load(self.MODEL_FILE, map_location=device))
[I 2026-07-09 07:25:13,468] Trial 9 finished with value: 34.17333333333328 and parameters: {'learning_rate_a': 0.0004087614746302532, 'ppo_epochs': 3, 'ent_coef': 0.002057205309670122, 'clip_eps': 0.1, 'gae_lambda': 0.9374907881778376, 'vf_coef': 0.7490674648881772, 'rollout_steps': 4096, 'minibatch_size': 128, 'hidden_dim': 512}. Best is trial 9 with value: 34.17333333333328.
[I 2026-07-09 07:25:30,486] Trial 7 pruned. 
[I 2026-07-09 07:25:30,597] Trial 8 pruned. 
[I 2026-07-09 07:25:49,141] Trial 10 finished with value: 34.3500000000001 and parameters: {'learning_rate_a': 0.00027778977278219606, 'ppo_epochs': 3, 'ent_coef': 0.0025945254900568357, 'clip_eps': 0.2, 'gae_lambda': 0.9695326951876044, 'vf_coef': 0.8056473072553085, 'rollout_steps': 2048, 'minibatch_size': 128, 'hidden_dim': 256}. Best is trial 10 with value: 34.3500000000001.
[I 2026-07-09 07:26:44,809] Trial 33 pruned. 
[I 2026-07-09 07:29:29,187] Trial 39 pruned. 
[I 2026-07-09 07:29:29,950] Trial 0 finished with value: 129.81333333333447 and parameters: {'learning_rate_a': 0.00037688500885821275, 'ppo_epochs': 3, 'ent_coef': 0.0016808755347247806, 'clip_eps': 0.2, 'gae_lambda': 0.9070923752738085, 'vf_coef': 0.3955652766779405, 'rollout_steps': 4096, 'minibatch_size': 64, 'hidden_dim': 256}. Best is trial 0 with value: 129.81333333333447.
[I 2026-07-09 07:30:25,728] Trial 42 pruned. 
[I 2026-07-09 07:30:41,834] Trial 43 pruned. 
[I 2026-07-09 07:30:53,097] Trial 44 pruned. 
[I 2026-07-09 07:31:36,636] Trial 37 pruned. 
[I 2026-07-09 07:34:57,883] Trial 48 pruned. 
[I 2026-07-09 07:39:16,873] Trial 40 pruned. 
[I 2026-07-09 07:39:29,449] Trial 41 pruned. 
[I 2026-07-09 07:40:08,470] Trial 24 pruned. 
[I 2026-07-09 07:41:42,189] Trial 46 pruned. 
[I 2026-07-09 07:44:59,735] Trial 27 pruned. 
[I 2026-07-09 07:49:59,637] Trial 53 pruned. 
[I 2026-07-09 07:54:10,524] Trial 54 pruned. 
[I 2026-07-09 07:55:15,178] Trial 56 pruned. 
[I 2026-07-09 07:56:16,960] Trial 34 pruned. 
[I 2026-07-09 07:56:23,284] Trial 31 pruned. 
[I 2026-07-09 07:58:33,473] Trial 35 pruned. 
[I 2026-07-09 08:00:18,534] Trial 58 pruned. 
[I 2026-07-09 08:05:45,334] Trial 38 pruned. 
[I 2026-07-09 08:09:50,766] Trial 61 pruned. 
[I 2026-07-09 08:10:25,632] Trial 45 pruned. 
[I 2026-07-09 08:11:14,834] Trial 66 pruned. 
[I 2026-07-09 08:14:34,957] Trial 64 pruned. 
/pfs/data6/home/ul/ul_student/ul_lmm50/Neuroinformatik/src/ppo_agent.py:43: FutureWarning: You are using `torch.load` with `weights_only=False` (the current default value), which uses the default pickle module implicitly. It is possible to construct malicious pickle data which will execute arbitrary code during unpickling (See https://github.com/pytorch/pytorch/blob/main/SECURITY.md#untrusted-models for more details). In a future release, the default value for `weights_only` will be flipped to `True`. This limits the functions that could be executed during unpickling. Arbitrary objects will no longer be allowed to be loaded via this mode unless they are explicitly allowlisted by the user via `torch.serialization.add_safe_globals`. We recommend you start setting `weights_only=True` for any use case where you don't have full control of the loaded file. Please open an issue on GitHub for any issues related to this experimental feature.
  actor_critic.load_state_dict(torch.load(self.MODEL_FILE, map_location=device))
/pfs/data6/home/ul/ul_student/ul_lmm50/Neuroinformatik/src/ppo_agent.py:43: FutureWarning: You are using `torch.load` with `weights_only=False` (the current default value), which uses the default pickle module implicitly. It is possible to construct malicious pickle data which will execute arbitrary code during unpickling (See https://github.com/pytorch/pytorch/blob/main/SECURITY.md#untrusted-models for more details). In a future release, the default value for `weights_only` will be flipped to `True`. This limits the functions that could be executed during unpickling. Arbitrary objects will no longer be allowed to be loaded via this mode unless they are explicitly allowlisted by the user via `torch.serialization.add_safe_globals`. We recommend you start setting `weights_only=True` for any use case where you don't have full control of the loaded file. Please open an issue on GitHub for any issues related to this experimental feature.
  actor_critic.load_state_dict(torch.load(self.MODEL_FILE, map_location=device))
[I 2026-07-09 08:15:10,177] Trial 51 pruned. 
[I 2026-07-09 08:15:30,236] Trial 49 pruned. 
[I 2026-07-09 08:15:37,836] Trial 47 finished with value: 27.353333333333403 and parameters: {'learning_rate_a': 0.00025240921409098554, 'ppo_epochs': 3, 'ent_coef': 0.0022081746859821064, 'clip_eps': 0.2, 'gae_lambda': 0.9715863043256013, 'vf_coef': 0.7577052079228507, 'rollout_steps': 2048, 'minibatch_size': 128, 'hidden_dim': 256}. Best is trial 0 with value: 129.81333333333447.
[I 2026-07-09 08:15:39,099] Trial 52 pruned. 
[I 2026-07-09 08:16:58,514] Trial 50 finished with value: 63.86666666666597 and parameters: {'learning_rate_a': 0.0004989332917854357, 'ppo_epochs': 3, 'ent_coef': 0.0020337670406774815, 'clip_eps': 0.1, 'gae_lambda': 0.935044324178429, 'vf_coef': 0.8126994414207385, 'rollout_steps': 4096, 'minibatch_size': 128, 'hidden_dim': 512}. Best is trial 0 with value: 129.81333333333447.
[I 2026-07-09 08:20:26,363] Trial 71 pruned. 
[I 2026-07-09 08:20:54,636] Trial 72 pruned. 
[I 2026-07-09 08:24:07,484] Trial 55 pruned. 
[I 2026-07-09 08:24:30,833] Trial 67 pruned. 
[I 2026-07-09 08:25:50,590] Trial 76 pruned. 
[I 2026-07-09 08:26:10,617] Trial 69 pruned. 
[I 2026-07-09 08:26:26,220] Trial 57 pruned. 
[I 2026-07-09 08:31:03,907] Trial 80 pruned. 
[I 2026-07-09 08:31:04,045] Trial 74 pruned. 
[I 2026-07-09 08:31:43,358] Trial 81 pruned. 
[I 2026-07-09 08:31:44,074] Trial 75 pruned. 
[I 2026-07-09 08:31:59,781] Trial 82 pruned. 
[I 2026-07-09 08:36:27,465] Trial 83 pruned. 
[I 2026-07-09 08:37:11,074] Trial 85 pruned. 
[I 2026-07-09 08:37:17,981] Trial 59 pruned. 
[I 2026-07-09 08:39:23,968] Trial 60 pruned. 
/pfs/data6/home/ul/ul_student/ul_lmm50/Neuroinformatik/src/ppo_agent.py:43: FutureWarning: You are using `torch.load` with `weights_only=False` (the current default value), which uses the default pickle module implicitly. It is possible to construct malicious pickle data which will execute arbitrary code during unpickling (See https://github.com/pytorch/pytorch/blob/main/SECURITY.md#untrusted-models for more details). In a future release, the default value for `weights_only` will be flipped to `True`. This limits the functions that could be executed during unpickling. Arbitrary objects will no longer be allowed to be loaded via this mode unless they are explicitly allowlisted by the user via `torch.serialization.add_safe_globals`. We recommend you start setting `weights_only=True` for any use case where you don't have full control of the loaded file. Please open an issue on GitHub for any issues related to this experimental feature.
  actor_critic.load_state_dict(torch.load(self.MODEL_FILE, map_location=device))
[I 2026-07-09 08:41:28,242] Trial 63 pruned. 
[I 2026-07-09 08:43:32,020] Trial 62 finished with value: 62.25666666666636 and parameters: {'learning_rate_a': 0.0003044269654382553, 'ppo_epochs': 3, 'ent_coef': 0.0015157925021422076, 'clip_eps': 0.2, 'gae_lambda': 0.9082429975888643, 'vf_coef': 0.3224664130616428, 'rollout_steps': 1024, 'minibatch_size': 64, 'hidden_dim': 256}. Best is trial 0 with value: 129.81333333333447.
[I 2026-07-09 08:46:08,631] Trial 65 pruned. 
[I 2026-07-09 08:46:56,653] Trial 92 pruned. 
[I 2026-07-09 08:51:22,984] Trial 88 pruned. 
[I 2026-07-09 08:51:59,527] Trial 89 pruned. 
[I 2026-07-09 08:55:50,138] Trial 68 pruned. 
[I 2026-07-09 08:57:41,077] Trial 97 pruned. 
[I 2026-07-09 08:58:30,929] Trial 93 pruned. 
[I 2026-07-09 08:59:26,234] Trial 70 pruned. 
[I 2026-07-09 09:01:21,075] Trial 98 pruned. 
[I 2026-07-09 09:01:32,938] Trial 73 pruned. 
[I 2026-07-09 09:03:09,191] Trial 99 pruned. 
[I 2026-07-09 09:04:53,375] Trial 101 pruned. 
[I 2026-07-09 09:06:26,882] Trial 77 finished with value: 12.690000000000001 and parameters: {'learning_rate_a': 0.0003390868054367371, 'ppo_epochs': 3, 'ent_coef': 0.002802942549417607, 'clip_eps': 0.1, 'gae_lambda': 0.9373412991156583, 'vf_coef': 0.8122123958692685, 'rollout_steps': 1024, 'minibatch_size': 64, 'hidden_dim': 512}. Best is trial 0 with value: 129.81333333333447.
[I 2026-07-09 09:06:41,698] Trial 96 pruned. 
[I 2026-07-09 09:08:18,260] Trial 104 pruned. 
[I 2026-07-09 09:08:43,577] Trial 78 finished with value: 3.6666666666666647 and parameters: {'learning_rate_a': 0.0004518234580075422, 'ppo_epochs': 3, 'ent_coef': 0.0015520213542241583, 'clip_eps': 0.3, 'gae_lambda': 0.9455554792143251, 'vf_coef': 0.8241835664644827, 'rollout_steps': 4096, 'minibatch_size': 256, 'hidden_dim': 512}. Best is trial 0 with value: 129.81333333333447.
[I 2026-07-09 09:14:11,789] Trial 79 pruned. 
[I 2026-07-09 09:14:25,591] Trial 100 pruned. 
[I 2026-07-09 09:16:02,345] Trial 87 pruned. 
[I 2026-07-09 09:16:31,739] Trial 102 pruned. 
