[I 2026-08-06 16:55:04,070] Trial 298 pruned. 
[I 2026-08-06 17:00:44,489] Trial 287 pruned. 
[I 2026-08-06 17:04:02,026] Trial 308 pruned. 
[I 2026-08-06 17:06:54,455] Trial 288 pruned. 
[I 2026-08-06 17:07:49,770] Trial 310 pruned. 
[I 2026-08-06 17:08:30,884] Trial 311 pruned. 
[I 2026-08-06 17:17:03,757] Trial 295 pruned. 
[I 2026-08-06 17:17:23,380] Trial 293 finished with value: 23.850000000000076 and parameters: {'learning_rate_a': 0.0001748651005894504, 'ppo_epochs': 6, 'ent_coef': 0.028419724987800446, 'clip_eps': 0.3, 'gae_lambda': 0.9142359951702528, 'vf_coef': 0.5883140496103174, 'rollout_steps': 1024, 'minibatch_size': 256, 'hidden_dim': 256}. Best is trial 174 with value: 249.3249999999927.
[I 2026-08-06 17:18:26,204] Trial 314 pruned. 
[I 2026-08-06 17:22:26,008] Trial 317 pruned. 
[I 2026-08-06 17:22:35,609] Trial 316 pruned. 
[I 2026-08-06 17:23:20,605] Trial 299 finished with value: 8.599999999999985 and parameters: {'learning_rate_a': 0.00033840365138471573, 'ppo_epochs': 4, 'ent_coef': 0.028799891008763682, 'clip_eps': 0.3, 'gae_lambda': 0.9031403409248328, 'vf_coef': 0.7840553026328629, 'rollout_steps': 1024, 'minibatch_size': 256, 'hidden_dim': 256}. Best is trial 174 with value: 249.3249999999927.
[I 2026-08-06 17:24:37,318] Trial 300 finished with value: 4.399999999999997 and parameters: {'learning_rate_a': 0.0007911591906073812, 'ppo_epochs': 3, 'ent_coef': 0.020751754403771146, 'clip_eps': 0.1, 'gae_lambda': 0.9208649010397918, 'vf_coef': 0.8889947437184049, 'rollout_steps': 1024, 'minibatch_size': 64, 'hidden_dim': 256}. Best is trial 174 with value: 249.3249999999927.
[I 2026-08-06 17:27:08,492] Trial 304 pruned. 
[I 2026-08-06 17:32:35,452] Trial 320 pruned. 
[I 2026-08-06 17:34:42,404] Trial 309 finished with value: 9.724999999999982 and parameters: {'learning_rate_a': 0.0003112090084207951, 'ppo_epochs': 4, 'ent_coef': 0.040134900239909385, 'clip_eps': 0.3, 'gae_lambda': 0.9069079983155541, 'vf_coef': 0.8780161137794008, 'rollout_steps': 1024, 'minibatch_size': 256, 'hidden_dim': 256}. Best is trial 174 with value: 249.3249999999927.
[I 2026-08-06 17:37:13,422] Trial 322 pruned. 
[I 2026-08-06 17:37:27,544] Trial 312 finished with value: 6.699999999999992 and parameters: {'learning_rate_a': 0.0007202659377650312, 'ppo_epochs': 3, 'ent_coef': 0.04270533537598151, 'clip_eps': 0.1, 'gae_lambda': 0.9445070908676394, 'vf_coef': 0.8417042170769198, 'rollout_steps': 1024, 'minibatch_size': 64, 'hidden_dim': 256}. Best is trial 174 with value: 249.3249999999927.
[I 2026-08-06 17:37:33,806] Trial 323 pruned. 
[I 2026-08-06 17:39:02,037] Trial 324 pruned. 
[I 2026-08-06 17:41:50,534] Trial 325 pruned. 
[I 2026-08-06 17:42:12,777] Trial 328 pruned. 
[I 2026-08-06 17:42:34,936] Trial 330 pruned. 
[I 2026-08-06 17:43:50,000] Trial 313 finished with value: 7.24999999999999 and parameters: {'learning_rate_a': 0.0009010562565621629, 'ppo_epochs': 3, 'ent_coef': 0.015386213043622369, 'clip_eps': 0.2, 'gae_lambda': 0.9098418407484716, 'vf_coef': 0.8230731808888119, 'rollout_steps': 1024, 'minibatch_size': 64, 'hidden_dim': 256}. Best is trial 174 with value: 249.3249999999927.
[I 2026-08-06 17:47:13,335] Trial 333 pruned. 
[I 2026-08-06 17:49:03,654] Trial 327 pruned. 
[I 2026-08-06 17:49:26,950] Trial 335 pruned. 
[I 2026-08-06 17:51:55,503] Trial 329 pruned. 
[I 2026-08-06 17:53:14,725] Trial 331 pruned. 
[I 2026-08-06 17:54:41,952] Trial 338 pruned. 
[I 2026-08-06 17:57:48,280] Trial 339 pruned. 
[I 2026-08-06 17:58:45,357] Trial 318 pruned. 
[I 2026-08-06 17:58:51,545] Trial 340 pruned. 
[I 2026-08-06 18:00:51,944] Trial 315 finished with value: 153.7249999999964 and parameters: {'learning_rate_a': 0.0008560969782530945, 'ppo_epochs': 3, 'ent_coef': 0.027656750505303744, 'clip_eps': 0.2, 'gae_lambda': 0.9027843869644234, 'vf_coef': 0.805718710208468, 'rollout_steps': 1024, 'minibatch_size': 128, 'hidden_dim': 256}. Best is trial 174 with value: 249.3249999999927.
[I 2026-08-06 18:02:49,055] Trial 342 pruned. 
[I 2026-08-06 18:03:56,835] Trial 344 pruned. 
[I 2026-08-06 18:05:22,372] Trial 321 pruned. 
[I 2026-08-06 18:05:53,577] Trial 345 pruned. 
[I 2026-08-06 18:10:45,322] Trial 349 pruned. 
[I 2026-08-06 18:11:04,560] Trial 319 finished with value: 99.27499999999887 and parameters: {'learning_rate_a': 0.0002663014838652167, 'ppo_epochs': 6, 'ent_coef': 0.0472317196102774, 'clip_eps': 0.3, 'gae_lambda': 0.916465821013677, 'vf_coef': 0.5057056133196701, 'rollout_steps': 1024, 'minibatch_size': 256, 'hidden_dim': 256}. Best is trial 174 with value: 249.3249999999927.
[I 2026-08-06 18:13:37,850] Trial 326 pruned. 
[I 2026-08-06 18:18:56,792] Trial 347 pruned. 
[I 2026-08-06 18:20:20,500] Trial 348 pruned. 
[I 2026-08-06 18:24:10,631] Trial 332 finished with value: 8.724999999999985 and parameters: {'learning_rate_a': 0.00010417362590484395, 'ppo_epochs': 6, 'ent_coef': 0.03091657021405984, 'clip_eps': 0.3, 'gae_lambda': 0.91553027202129, 'vf_coef': 0.6442981540845736, 'rollout_steps': 1024, 'minibatch_size': 256, 'hidden_dim': 256}. Best is trial 174 with value: 249.3249999999927.
[I 2026-08-06 18:25:55,081] Trial 354 pruned. 
[I 2026-08-06 18:25:58,521] Trial 334 finished with value: 6.7249999999999925 and parameters: {'learning_rate_a': 0.0006264761176062364, 'ppo_epochs': 10, 'ent_coef': 0.025859583275259366, 'clip_eps': 0.1, 'gae_lambda': 0.9173046843410663, 'vf_coef': 0.9155520611544928, 'rollout_steps': 1024, 'minibatch_size': 256, 'hidden_dim': 512}. Best is trial 174 with value: 249.3249999999927.
[I 2026-08-06 18:29:43,989] Trial 336 finished with value: 8.599999999999985 and parameters: {'learning_rate_a': 0.00012805184143301206, 'ppo_epochs': 6, 'ent_coef': 0.0417857201621991, 'clip_eps': 0.3, 'gae_lambda': 0.9144732586347784, 'vf_coef': 0.6164273097570369, 'rollout_steps': 1024, 'minibatch_size': 256, 'hidden_dim': 256}. Best is trial 174 with value: 249.3249999999927.
[I 2026-08-06 18:31:28,293] Trial 337 finished with value: 6.074999999999994 and parameters: {'learning_rate_a': 0.00016321767237170855, 'ppo_epochs': 6, 'ent_coef': 0.03734641428084425, 'clip_eps': 0.3, 'gae_lambda': 0.9330720756882049, 'vf_coef': 0.6150506700360997, 'rollout_steps': 1024, 'minibatch_size': 256, 'hidden_dim': 256}. Best is trial 174 with value: 249.3249999999927.
[I 2026-08-06 18:37:41,371] Trial 341 finished with value: 18.850000000000023 and parameters: {'learning_rate_a': 0.0009770301311106083, 'ppo_epochs': 3, 'ent_coef': 0.04029108358561564, 'clip_eps': 0.1, 'gae_lambda': 0.9361079698986399, 'vf_coef': 0.7960332001618605, 'rollout_steps': 1024, 'minibatch_size': 256, 'hidden_dim': 256}. Best is trial 174 with value: 249.3249999999927.
[I 2026-08-06 18:40:49,535] Trial 343 finished with value: 10.89999999999998 and parameters: {'learning_rate_a': 0.0004287067778425407, 'ppo_epochs': 3, 'ent_coef': 0.047840343591434596, 'clip_eps': 0.2, 'gae_lambda': 0.909063669345041, 'vf_coef': 0.9738724774799802, 'rollout_steps': 1024, 'minibatch_size': 256, 'hidden_dim': 512}. Best is trial 174 with value: 249.3249999999927.
[I 2026-08-06 18:40:56,458] Trial 357 pruned. 
[I 2026-08-06 18:43:55,364] Trial 358 pruned. 
[I 2026-08-06 18:44:38,579] Trial 346 finished with value: 9.524999999999983 and parameters: {'learning_rate_a': 0.00045122502173631964, 'ppo_epochs': 3, 'ent_coef': 0.024209086054486413, 'clip_eps': 0.2, 'gae_lambda': 0.9007690472871495, 'vf_coef': 0.7293463067062954, 'rollout_steps': 1024, 'minibatch_size': 128, 'hidden_dim': 256}. Best is trial 174 with value: 249.3249999999927.
[I 2026-08-06 18:45:35,696] Trial 359 pruned. 
[I 2026-08-06 18:46:22,300] Trial 361 pruned. 
[I 2026-08-06 18:50:09,795] Trial 364 pruned. 
[I 2026-08-06 18:50:51,400] Trial 365 pruned. 
[I 2026-08-06 18:51:47,328] Trial 360 pruned. 
[I 2026-08-06 18:52:11,173] Trial 350 finished with value: 4.299999999999997 and parameters: {'learning_rate_a': 0.00042435815328132584, 'ppo_epochs': 3, 'ent_coef': 0.03143739098738954, 'clip_eps': 0.2, 'gae_lambda': 0.9025027051056043, 'vf_coef': 0.7707161076226925, 'rollout_steps': 1024, 'minibatch_size': 128, 'hidden_dim': 256}. Best is trial 174 with value: 249.3249999999927.
[I 2026-08-06 18:52:45,961] Trial 351 finished with value: 6.799999999999992 and parameters: {'learning_rate_a': 0.0008621747708388302, 'ppo_epochs': 3, 'ent_coef': 0.009762938594135708, 'clip_eps': 0.2, 'gae_lambda': 0.9211595599450799, 'vf_coef': 0.7239564118048352, 'rollout_steps': 1024, 'minibatch_size': 128, 'hidden_dim': 256}. Best is trial 174 with value: 249.3249999999927.
[I 2026-08-06 18:55:28,597] Trial 352 finished with value: 6.749999999999992 and parameters: {'learning_rate_a': 0.00021572677089957732, 'ppo_epochs': 3, 'ent_coef': 0.03532390424016035, 'clip_eps': 0.2, 'gae_lambda': 0.9012363971609463, 'vf_coef': 0.6040690808276881, 'rollout_steps': 1024, 'minibatch_size': 128, 'hidden_dim': 256}. Best is trial 174 with value: 249.3249999999927.
[I 2026-08-06 18:57:03,097] Trial 369 pruned. 
[I 2026-08-06 18:58:28,212] Trial 363 pruned. 
[I 2026-08-06 19:00:31,534] Trial 372 pruned. 
[I 2026-08-06 19:01:03,418] Trial 366 pruned. 
[I 2026-08-06 19:02:43,901] Trial 373 pruned. 
[I 2026-08-06 19:02:48,832] Trial 353 finished with value: 25.575000000000095 and parameters: {'learning_rate_a': 0.0009049506465613207, 'ppo_epochs': 3, 'ent_coef': 0.016234667716907375, 'clip_eps': 0.2, 'gae_lambda': 0.9077247497058386, 'vf_coef': 0.8258173569264352, 'rollout_steps': 1024, 'minibatch_size': 128, 'hidden_dim': 256}. Best is trial 174 with value: 249.3249999999927.
[I 2026-08-06 19:04:50,916] Trial 368 pruned. 
[I 2026-08-06 19:06:00,732] Trial 376 pruned. 
[I 2026-08-06 19:06:47,926] Trial 371 pruned. 
[I 2026-08-06 19:07:50,896] Trial 377 pruned. 
[I 2026-08-06 19:08:57,422] Trial 356 finished with value: 11.29999999999998 and parameters: {'learning_rate_a': 0.0007351714123737752, 'ppo_epochs': 3, 'ent_coef': 0.03596470172059005, 'clip_eps': 0.2, 'gae_lambda': 0.9091416136698781, 'vf_coef': 0.8978356537692482, 'rollout_steps': 1024, 'minibatch_size': 256, 'hidden_dim': 256}. Best is trial 174 with value: 249.3249999999927.
[I 2026-08-06 19:12:00,007] Trial 355 finished with value: 83.79999999999954 and parameters: {'learning_rate_a': 0.000614698265683083, 'ppo_epochs': 3, 'ent_coef': 0.04359161201528535, 'clip_eps': 0.2, 'gae_lambda': 0.9370047546137686, 'vf_coef': 0.8469729525805131, 'rollout_steps': 1024, 'minibatch_size': 256, 'hidden_dim': 512}. Best is trial 174 with value: 249.3249999999927.
[I 2026-08-06 19:14:51,397] Trial 375 pruned. 
[I 2026-08-06 19:20:28,165] Trial 385 pruned. 
[I 2026-08-06 19:20:36,391] Trial 380 pruned. 
[I 2026-08-06 19:22:49,594] Trial 362 finished with value: 4.599999999999996 and parameters: {'learning_rate_a': 0.0008238275792317194, 'ppo_epochs': 3, 'ent_coef': 0.020887552267706697, 'clip_eps': 0.2, 'gae_lambda': 0.9036286337907761, 'vf_coef': 0.6754310611291953, 'rollout_steps': 1024, 'minibatch_size': 128, 'hidden_dim': 256}. Best is trial 174 with value: 249.3249999999927.
[I 2026-08-06 19:26:27,962] Trial 384 pruned. 
[I 2026-08-06 19:31:52,373] Trial 367 finished with value: 6.424999999999994 and parameters: {'learning_rate_a': 0.0007286374500073714, 'ppo_epochs': 4, 'ent_coef': 0.02274291373643335, 'clip_eps': 0.3, 'gae_lambda': 0.9052466111179035, 'vf_coef': 0.4673933812575789, 'rollout_steps': 2048, 'minibatch_size': 256, 'hidden_dim': 256}. Best is trial 174 with value: 249.3249999999927.
[I 2026-08-06 19:34:08,232] Trial 370 finished with value: 6.499999999999993 and parameters: {'learning_rate_a': 0.0007123162877774697, 'ppo_epochs': 3, 'ent_coef': 0.04199390151404208, 'clip_eps': 0.2, 'gae_lambda': 0.9103192542901705, 'vf_coef': 0.905389519959571, 'rollout_steps': 1024, 'minibatch_size': 256, 'hidden_dim': 256}. Best is trial 174 with value: 249.3249999999927.
[I 2026-08-06 19:40:49,360] Trial 374 finished with value: 4.999999999999995 and parameters: {'learning_rate_a': 0.00037519593158154236, 'ppo_epochs': 6, 'ent_coef': 0.046438896654267994, 'clip_eps': 0.3, 'gae_lambda': 0.9123359046900086, 'vf_coef': 0.35557782182045794, 'rollout_steps': 1024, 'minibatch_size': 256, 'hidden_dim': 256}. Best is trial 174 with value: 249.3249999999927.
[I 2026-08-06 19:46:02,416] Trial 390 pruned. 
[I 2026-08-06 19:46:42,015] Trial 379 finished with value: 10.699999999999982 and parameters: {'learning_rate_a': 0.0007776560638540217, 'ppo_epochs': 4, 'ent_coef': 0.032020151577583755, 'clip_eps': 0.1, 'gae_lambda': 0.9096664044712647, 'vf_coef': 0.9868464229075079, 'rollout_steps': 1024, 'minibatch_size': 256, 'hidden_dim': 256}. Best is trial 174 with value: 249.3249999999927.
[I 2026-08-06 19:47:54,550] Trial 381 pruned. 
[I 2026-08-06 19:48:36,518] Trial 378 finished with value: 3.8999999999999986 and parameters: {'learning_rate_a': 0.00036732013239015453, 'ppo_epochs': 10, 'ent_coef': 0.03505002475990668, 'clip_eps': 0.3, 'gae_lambda': 0.9362749763238618, 'vf_coef': 0.5147964947880427, 'rollout_steps': 1024, 'minibatch_size': 64, 'hidden_dim': 256}. Best is trial 174 with value: 249.3249999999927.
[I 2026-08-06 19:51:04,820] Trial 382 finished with value: 6.5999999999999925 and parameters: {'learning_rate_a': 0.0002625412446539525, 'ppo_epochs': 4, 'ent_coef': 0.024646133648218608, 'clip_eps': 0.1, 'gae_lambda': 0.9058735146054151, 'vf_coef': 0.9213819815007269, 'rollout_steps': 1024, 'minibatch_size': 64, 'hidden_dim': 256}. Best is trial 174 with value: 249.3249999999927.
[I 2026-08-06 19:54:55,652] Trial 383 finished with value: 4.099999999999998 and parameters: {'learning_rate_a': 0.0005869587565982562, 'ppo_epochs': 10, 'ent_coef': 0.0238996573559754, 'clip_eps': 0.1, 'gae_lambda': 0.9350888565428774, 'vf_coef': 0.9084068550069695, 'rollout_steps': 1024, 'minibatch_size': 64, 'hidden_dim': 256}. Best is trial 174 with value: 249.3249999999927.
[I 2026-08-06 19:55:27,341] Trial 392 pruned. 
[I 2026-08-06 20:01:46,261] Trial 395 pruned. 
[I 2026-08-06 20:02:20,106] Trial 387 pruned. 
[I 2026-08-06 20:03:16,579] Trial 386 finished with value: 11.249999999999979 and parameters: {'learning_rate_a': 0.00031367710330174265, 'ppo_epochs': 6, 'ent_coef': 0.031833236101422704, 'clip_eps': 0.2, 'gae_lambda': 0.9752642401016219, 'vf_coef': 0.8399682923534022, 'rollout_steps': 1024, 'minibatch_size': 256, 'hidden_dim': 512}. Best is trial 174 with value: 249.3249999999927.
[I 2026-08-06 20:05:00,581] Trial 397 pruned. 
[I 2026-08-06 20:05:09,503] Trial 388 finished with value: 9.099999999999984 and parameters: {'learning_rate_a': 0.0005199164003943633, 'ppo_epochs': 4, 'ent_coef': 0.030632560766146576, 'clip_eps': 0.1, 'gae_lambda': 0.9246709965898525, 'vf_coef': 0.9953263631250798, 'rollout_steps': 1024, 'minibatch_size': 64, 'hidden_dim': 256}. Best is trial 174 with value: 249.3249999999927.
[I 2026-08-06 20:07:46,263] Trial 389 finished with value: 6.2249999999999925 and parameters: {'learning_rate_a': 0.0005096653166543631, 'ppo_epochs': 6, 'ent_coef': 0.03913693613221008, 'clip_eps': 0.2, 'gae_lambda': 0.9335759136814645, 'vf_coef': 0.7872387959072094, 'rollout_steps': 1024, 'minibatch_size': 256, 'hidden_dim': 512}. Best is trial 174 with value: 249.3249999999927.
[I 2026-08-06 20:08:36,628] Trial 398 pruned. 
[I 2026-08-06 20:14:19,459] Trial 391 finished with value: 7.19999999999999 and parameters: {'learning_rate_a': 0.0007186810103243885, 'ppo_epochs': 3, 'ent_coef': 0.04474940757008308, 'clip_eps': 0.2, 'gae_lambda': 0.9846675053109878, 'vf_coef': 0.9480755626923861, 'rollout_steps': 1024, 'minibatch_size': 64, 'hidden_dim': 512}. Best is trial 174 with value: 249.3249999999927.
[I 2026-08-06 20:26:53,113] Trial 393 finished with value: 3.8999999999999986 and parameters: {'learning_rate_a': 0.0004762367946140095, 'ppo_epochs': 4, 'ent_coef': 0.03195365840611066, 'clip_eps': 0.3, 'gae_lambda': 0.9385257685671297, 'vf_coef': 0.6157895738998322, 'rollout_steps': 4096, 'minibatch_size': 256, 'hidden_dim': 256}. Best is trial 174 with value: 249.3249999999927.
[I 2026-08-06 20:27:25,477] Trial 394 pruned. 
[I 2026-08-06 20:29:54,834] Trial 396 finished with value: 11.29999999999998 and parameters: {'learning_rate_a': 0.0001672709661199602, 'ppo_epochs': 6, 'ent_coef': 0.040354243690553036, 'clip_eps': 0.3, 'gae_lambda': 0.9023084231386435, 'vf_coef': 0.43699482851242333, 'rollout_steps': 2048, 'minibatch_size': 256, 'hidden_dim': 256}. Best is trial 174 with value: 249.3249999999927.
[I 2026-08-06 20:33:01,321] Trial 399 finished with value: 4.599999999999996 and parameters: {'learning_rate_a': 0.0003004523645830771, 'ppo_epochs': 4, 'ent_coef': 0.028420256728800473, 'clip_eps': 0.3, 'gae_lambda': 0.9009560331598403, 'vf_coef': 0.6934801923031895, 'rollout_steps': 1024, 'minibatch_size': 64, 'hidden_dim': 256}. Best is trial 174 with value: 249.3249999999927.
/pfs/data6/home/ul/ul_student/ul_lmm50/Neuroinformatik/src/tune.py:281: ExperimentalWarning: optuna.visualization.matplotlib._optimization_history.plot_optimization_history is experimental (supported from v2.2.0). The interface can change in the future.
  ax = fn(study)
/pfs/data6/home/ul/ul_student/ul_lmm50/Neuroinformatik/src/tune.py:281: ExperimentalWarning: optuna.visualization.matplotlib._param_importances.plot_param_importances is experimental (supported from v2.2.0). The interface can change in the future.
  ax = fn(study)
/pfs/data6/home/ul/ul_student/ul_lmm50/Neuroinformatik/src/tune.py:281: ExperimentalWarning: optuna.visualization.matplotlib._parallel_coordinate.plot_parallel_coordinate is experimental (supported from v2.2.0). The interface can change in the future.
  ax = fn(study)
/pfs/data6/home/ul/ul_student/ul_lmm50/Neuroinformatik/src/tune.py:281: ExperimentalWarning: optuna.visualization.matplotlib._slice.plot_slice is experimental (supported from v2.2.0). The interface can change in the future.
  ax = fn(study)
/pfs/data6/home/ul/ul_student/ul_lmm50/Neuroinformatik/src/tune.py:283: UserWarning: This figure includes Axes that are not compatible with tight_layout, so results might be incorrect.
  fig.tight_layout()
