[I 2026-07-09 12:16:38,541] Trial 190 finished with value: 10.473333333333319 and parameters: {'learning_rate_a': 0.00012261853058706252, 'ppo_epochs': 3, 'ent_coef': 0.005301192673911512, 'clip_eps': 0.2, 'gae_lambda': 0.9157551986034573, 'vf_coef': 0.961775380745528, 'rollout_steps': 1024, 'minibatch_size': 128, 'hidden_dim': 256}. Best is trial 160 with value: 712.3399999999189.
[I 2026-07-09 12:18:09,109] Trial 216 pruned. 
[I 2026-07-09 12:18:27,927] Trial 191 finished with value: 21.613333333333383 and parameters: {'learning_rate_a': 0.00030211491308537015, 'ppo_epochs': 3, 'ent_coef': 0.0027792537815089407, 'clip_eps': 0.2, 'gae_lambda': 0.9166130588857765, 'vf_coef': 0.7834754522124894, 'rollout_steps': 2048, 'minibatch_size': 64, 'hidden_dim': 256}. Best is trial 160 with value: 712.3399999999189.
[I 2026-07-09 12:23:46,158] Trial 220 pruned. 
[I 2026-07-09 12:24:59,081] Trial 215 pruned. 
[I 2026-07-09 12:26:36,887] Trial 196 finished with value: 26.293333333333344 and parameters: {'learning_rate_a': 0.0001990256839385715, 'ppo_epochs': 3, 'ent_coef': 0.002293360832804573, 'clip_eps': 0.2, 'gae_lambda': 0.9074450886268838, 'vf_coef': 0.8276003021455665, 'rollout_steps': 2048, 'minibatch_size': 64, 'hidden_dim': 256}. Best is trial 160 with value: 712.3399999999189.
[I 2026-07-09 12:29:09,497] Trial 199 pruned. 
[I 2026-07-09 12:32:39,682] Trial 201 pruned. 
[I 2026-07-09 12:33:39,015] Trial 203 finished with value: 21.5433333333333 and parameters: {'learning_rate_a': 0.0003179399295438455, 'ppo_epochs': 3, 'ent_coef': 0.003760443582291182, 'clip_eps': 0.2, 'gae_lambda': 0.9037669082997029, 'vf_coef': 0.5926947656063755, 'rollout_steps': 1024, 'minibatch_size': 256, 'hidden_dim': 256}. Best is trial 160 with value: 712.3399999999189.
[I 2026-07-09 12:34:48,005] Trial 204 finished with value: 21.770000000000053 and parameters: {'learning_rate_a': 0.0005986504945016071, 'ppo_epochs': 3, 'ent_coef': 0.009969041258531458, 'clip_eps': 0.1, 'gae_lambda': 0.9130494206666827, 'vf_coef': 0.6728417293855239, 'rollout_steps': 1024, 'minibatch_size': 256, 'hidden_dim': 256}. Best is trial 160 with value: 712.3399999999189.
[I 2026-07-09 12:37:54,732] Trial 225 pruned. 
[I 2026-07-09 12:40:11,936] Trial 227 pruned. 
[I 2026-07-09 12:40:25,991] Trial 208 finished with value: 8.383333333333331 and parameters: {'learning_rate_a': 0.000933911988207859, 'ppo_epochs': 3, 'ent_coef': 0.004483024945503252, 'clip_eps': 0.2, 'gae_lambda': 0.9245926664032401, 'vf_coef': 0.6266659671107412, 'rollout_steps': 1024, 'minibatch_size': 256, 'hidden_dim': 256}. Best is trial 160 with value: 712.3399999999189.
[I 2026-07-09 12:41:39,420] Trial 223 pruned. 
[I 2026-07-09 12:44:00,588] Trial 224 pruned. 
[I 2026-07-09 12:44:59,986] Trial 207 finished with value: 185.68666666667346 and parameters: {'learning_rate_a': 0.0006003813911089234, 'ppo_epochs': 3, 'ent_coef': 0.0015717450633574881, 'clip_eps': 0.2, 'gae_lambda': 0.9103145657077856, 'vf_coef': 0.6220604983559112, 'rollout_steps': 4096, 'minibatch_size': 128, 'hidden_dim': 512}. Best is trial 160 with value: 712.3399999999189.
[I 2026-07-09 12:45:24,329] Trial 211 pruned. 
[I 2026-07-09 12:46:37,641] Trial 231 pruned. 
[I 2026-07-09 12:48:42,278] Trial 212 pruned. 
[I 2026-07-09 12:49:08,527] Trial 210 finished with value: 175.07666666667194 and parameters: {'learning_rate_a': 0.00020719384002628564, 'ppo_epochs': 3, 'ent_coef': 0.003202062587208171, 'clip_eps': 0.2, 'gae_lambda': 0.9288651684469897, 'vf_coef': 0.5987187890586415, 'rollout_steps': 4096, 'minibatch_size': 128, 'hidden_dim': 512}. Best is trial 160 with value: 712.3399999999189.
[I 2026-07-09 12:50:19,302] Trial 234 pruned. 
[I 2026-07-09 12:50:23,935] Trial 213 pruned. 
[I 2026-07-09 12:52:54,403] Trial 228 pruned. 
[I 2026-07-09 12:58:36,862] Trial 240 pruned. 
[I 2026-07-09 12:59:04,073] Trial 232 pruned. 
[I 2026-07-09 12:59:42,671] Trial 233 pruned. 
[I 2026-07-09 12:59:43,426] Trial 217 finished with value: 7.586666666666657 and parameters: {'learning_rate_a': 0.00033463257861077715, 'ppo_epochs': 4, 'ent_coef': 0.0019772581055233856, 'clip_eps': 0.2, 'gae_lambda': 0.9561868974528873, 'vf_coef': 0.7753677799489107, 'rollout_steps': 2048, 'minibatch_size': 128, 'hidden_dim': 256}. Best is trial 160 with value: 712.3399999999189.
[I 2026-07-09 13:02:13,815] Trial 219 finished with value: 2.000000000000001 and parameters: {'learning_rate_a': 0.0003022966720655066, 'ppo_epochs': 3, 'ent_coef': 0.0014424451316878404, 'clip_eps': 0.2, 'gae_lambda': 0.9268700695197085, 'vf_coef': 0.704971217172703, 'rollout_steps': 4096, 'minibatch_size': 256, 'hidden_dim': 512}. Best is trial 160 with value: 712.3399999999189.
[I 2026-07-09 13:02:29,177] Trial 235 pruned. 
[I 2026-07-09 13:03:07,334] Trial 218 pruned. 
[I 2026-07-09 13:03:53,997] Trial 237 pruned. 
[I 2026-07-09 13:05:33,887] Trial 239 pruned. 
[I 2026-07-09 13:09:21,596] Trial 221 finished with value: 34.79666666666665 and parameters: {'learning_rate_a': 0.000687828703316762, 'ppo_epochs': 3, 'ent_coef': 0.001582920340052734, 'clip_eps': 0.1, 'gae_lambda': 0.9180473625343982, 'vf_coef': 0.7445711176362462, 'rollout_steps': 1024, 'minibatch_size': 256, 'hidden_dim': 256}. Best is trial 160 with value: 712.3399999999189.
[I 2026-07-09 13:09:35,811] Trial 222 pruned. 
[I 2026-07-09 13:14:51,902] Trial 250 pruned. 
[I 2026-07-09 13:14:58,120] Trial 251 pruned. 
[I 2026-07-09 13:17:01,189] Trial 245 pruned. 
[I 2026-07-09 13:19:15,060] Trial 226 finished with value: 8.323333333333325 and parameters: {'learning_rate_a': 0.00037261314604166877, 'ppo_epochs': 3, 'ent_coef': 0.002057538342559622, 'clip_eps': 0.1, 'gae_lambda': 0.9273322548181269, 'vf_coef': 0.9401646879059348, 'rollout_steps': 2048, 'minibatch_size': 64, 'hidden_dim': 256}. Best is trial 160 with value: 712.3399999999189.
[I 2026-07-09 13:21:11,575] Trial 249 pruned. 
[I 2026-07-09 13:25:04,093] Trial 230 finished with value: 25.626666666666726 and parameters: {'learning_rate_a': 0.0003279198458656934, 'ppo_epochs': 3, 'ent_coef': 0.010575968164053196, 'clip_eps': 0.1, 'gae_lambda': 0.9224107839458536, 'vf_coef': 0.8034252971782158, 'rollout_steps': 1024, 'minibatch_size': 256, 'hidden_dim': 256}. Best is trial 160 with value: 712.3399999999189.
[I 2026-07-09 13:25:08,852] Trial 229 finished with value: 26.430000000000007 and parameters: {'learning_rate_a': 0.00048815849024659493, 'ppo_epochs': 3, 'ent_coef': 0.022346953874041574, 'clip_eps': 0.1, 'gae_lambda': 0.9097214892836253, 'vf_coef': 0.6829886450027476, 'rollout_steps': 1024, 'minibatch_size': 256, 'hidden_dim': 256}. Best is trial 160 with value: 712.3399999999189.
[I 2026-07-09 13:26:33,350] Trial 256 pruned. 
[I 2026-07-09 13:30:29,311] Trial 258 pruned. 
[I 2026-07-09 13:30:43,025] Trial 252 pruned. 
[I 2026-07-09 13:31:29,189] Trial 259 pruned. 
[I 2026-07-09 13:32:19,234] Trial 254 pruned. 
[I 2026-07-09 13:33:04,780] Trial 236 pruned. 
[I 2026-07-09 13:35:59,840] Trial 260 pruned. 
[I 2026-07-09 13:36:25,737] Trial 262 pruned. 
[I 2026-07-09 13:37:08,925] Trial 238 pruned. 
[I 2026-07-09 13:37:18,377] Trial 263 pruned. 
[I 2026-07-09 13:38:20,511] Trial 264 pruned. 
[I 2026-07-09 13:40:56,939] Trial 265 pruned. 
[I 2026-07-09 13:41:30,744] Trial 266 pruned. 
[I 2026-07-09 13:42:42,046] Trial 267 pruned. 
[I 2026-07-09 13:43:44,711] Trial 244 pruned. 
[I 2026-07-09 13:43:46,599] Trial 269 pruned. 
[I 2026-07-09 13:44:06,031] Trial 242 pruned. 
[I 2026-07-09 13:44:12,630] Trial 243 pruned. 
[I 2026-07-09 13:45:47,291] Trial 261 pruned. 
[I 2026-07-09 13:47:22,311] Trial 246 pruned. 
[I 2026-07-09 13:47:46,334] Trial 247 pruned. 
[I 2026-07-09 13:47:56,773] Trial 241 finished with value: 145.50000000000117 and parameters: {'learning_rate_a': 0.0001807978013289298, 'ppo_epochs': 3, 'ent_coef': 0.005412766509353261, 'clip_eps': 0.2, 'gae_lambda': 0.9594719215664959, 'vf_coef': 0.627614496844557, 'rollout_steps': 4096, 'minibatch_size': 128, 'hidden_dim': 512}. Best is trial 160 with value: 712.3399999999189.
[I 2026-07-09 13:48:04,432] Trial 272 pruned. 
[I 2026-07-09 13:48:38,501] Trial 273 pruned. 
[I 2026-07-09 13:48:39,411] Trial 248 finished with value: 8.829999999999982 and parameters: {'learning_rate_a': 0.0006779210937572636, 'ppo_epochs': 3, 'ent_coef': 0.006775251026992305, 'clip_eps': 0.1, 'gae_lambda': 0.9059355493920468, 'vf_coef': 0.5306352120966806, 'rollout_steps': 1024, 'minibatch_size': 128, 'hidden_dim': 256}. Best is trial 160 with value: 712.3399999999189.
[I 2026-07-09 13:49:34,807] Trial 276 pruned. 
[I 2026-07-09 13:51:32,219] Trial 277 pruned. 
[I 2026-07-09 13:54:56,355] Trial 284 pruned. 
[I 2026-07-09 13:55:37,856] Trial 270 pruned. 
[I 2026-07-09 13:56:56,166] Trial 285 pruned. 
[I 2026-07-09 13:58:50,014] Trial 253 pruned. 
[I 2026-07-09 14:00:04,374] Trial 286 pruned. 
[I 2026-07-09 14:00:33,622] Trial 275 pruned. 
[I 2026-07-09 14:01:05,855] Trial 287 pruned. 
[I 2026-07-09 14:02:18,605] Trial 288 pruned. 
[I 2026-07-09 14:02:37,905] Trial 279 pruned. 
[I 2026-07-09 14:02:50,745] Trial 280 pruned. 
[I 2026-07-09 14:03:32,743] Trial 282 pruned. 
[I 2026-07-09 14:03:55,703] Trial 255 finished with value: 2.000000000000001 and parameters: {'learning_rate_a': 0.0002407591233720417, 'ppo_epochs': 3, 'ent_coef': 0.006621878954792766, 'clip_eps': 0.2, 'gae_lambda': 0.9226297004710079, 'vf_coef': 0.6563895466819402, 'rollout_steps': 4096, 'minibatch_size': 128, 'hidden_dim': 512}. Best is trial 160 with value: 712.3399999999189.
[I 2026-07-09 14:09:04,703] Trial 297 pruned. 
[I 2026-07-09 14:09:23,593] Trial 257 pruned. 
[I 2026-07-09 14:14:08,459] Trial 289 pruned. 
[I 2026-07-09 14:16:08,299] Trial 292 pruned. 
[I 2026-07-09 14:16:21,218] Trial 291 pruned. 
[I 2026-07-09 14:19:06,736] Trial 300 pruned. 
[I 2026-07-09 14:21:30,288] Trial 268 pruned. 
[I 2026-07-09 14:22:09,389] Trial 302 pruned. 
[I 2026-07-09 14:24:15,306] Trial 303 pruned. 
[I 2026-07-09 14:24:18,445] Trial 299 pruned. 
[I 2026-07-09 14:24:40,186] Trial 298 pruned. 
[I 2026-07-09 14:25:59,618] Trial 271 pruned. 
[I 2026-07-09 14:26:56,678] Trial 304 pruned. 
[I 2026-07-09 14:28:03,765] Trial 274 pruned. 
[I 2026-07-09 14:32:35,566] Trial 278 pruned. 
[I 2026-07-09 14:33:25,648] Trial 283 pruned. 
[I 2026-07-09 14:36:56,883] Trial 281 finished with value: 138.9866666666702 and parameters: {'learning_rate_a': 0.00013206659387495544, 'ppo_epochs': 3, 'ent_coef': 0.002184204965067891, 'clip_eps': 0.2, 'gae_lambda': 0.956162165335555, 'vf_coef': 0.5209225563130553, 'rollout_steps': 4096, 'minibatch_size': 128, 'hidden_dim': 256}. Best is trial 160 with value: 712.3399999999189.
[I 2026-07-09 14:38:09,288] Trial 312 pruned. 
[I 2026-07-09 14:38:55,942] Trial 313 pruned. 
[I 2026-07-09 14:39:20,205] Trial 307 pruned. 
[I 2026-07-09 14:41:11,893] Trial 309 pruned. 
[I 2026-07-09 14:43:33,128] Trial 315 pruned. 
[I 2026-07-09 14:44:11,069] Trial 290 pruned. 
[I 2026-07-09 14:44:11,938] Trial 316 pruned. 
[I 2026-07-09 14:46:39,911] Trial 318 pruned. 
[I 2026-07-09 14:46:57,460] Trial 293 pruned. 
[I 2026-07-09 14:47:32,091] Trial 295 pruned. 
[I 2026-07-09 14:47:39,526] Trial 294 pruned. 
[I 2026-07-09 14:48:17,728] Trial 296 pruned. 
[I 2026-07-09 14:48:58,246] Trial 319 pruned. 
[I 2026-07-09 14:51:51,150] Trial 314 pruned. 
[I 2026-07-09 14:52:03,176] Trial 322 pruned. 
[I 2026-07-09 14:52:29,759] Trial 324 pruned. 
[I 2026-07-09 14:53:02,147] Trial 325 pruned. 
[I 2026-07-09 14:54:12,471] Trial 327 pruned. 
[I 2026-07-09 14:59:18,224] Trial 332 pruned. 
[I 2026-07-09 15:01:23,041] Trial 301 pruned. 
[I 2026-07-09 15:01:57,340] Trial 323 pruned. 
[I 2026-07-09 15:03:19,447] Trial 326 pruned. 
[I 2026-07-09 15:07:25,170] Trial 335 pruned. 
[I 2026-07-09 15:07:50,712] Trial 305 finished with value: 43.556666666666274 and parameters: {'learning_rate_a': 0.0004167541578894771, 'ppo_epochs': 3, 'ent_coef': 0.023714929314899803, 'clip_eps': 0.3, 'gae_lambda': 0.9192757799196912, 'vf_coef': 0.7532278431465012, 'rollout_steps': 1024, 'minibatch_size': 256, 'hidden_dim': 256}. Best is trial 160 with value: 712.3399999999189.
[I 2026-07-09 15:08:07,774] Trial 331 pruned. 
[I 2026-07-09 15:08:57,944] Trial 308 pruned. 
[I 2026-07-09 15:09:11,128] Trial 306 finished with value: 8.81333333333332 and parameters: {'learning_rate_a': 0.0004917256821481796, 'ppo_epochs': 4, 'ent_coef': 0.01770315331226304, 'clip_eps': 0.1, 'gae_lambda': 0.9143541868884046, 'vf_coef': 0.8525831064507885, 'rollout_steps': 1024, 'minibatch_size': 256, 'hidden_dim': 256}. Best is trial 160 with value: 712.3399999999189.
[I 2026-07-09 15:11:20,457] Trial 310 finished with value: 7.729999999999989 and parameters: {'learning_rate_a': 0.00015716587794516, 'ppo_epochs': 3, 'ent_coef': 0.011160903129833782, 'clip_eps': 0.3, 'gae_lambda': 0.9122703507366571, 'vf_coef': 0.7104361784035279, 'rollout_steps': 1024, 'minibatch_size': 256, 'hidden_dim': 256}. Best is trial 160 with value: 712.3399999999189.
[I 2026-07-09 15:13:03,734] Trial 339 pruned. 
[I 2026-07-09 15:13:53,948] Trial 340 pruned. 
[I 2026-07-09 15:14:01,368] Trial 311 finished with value: 47.979999999999784 and parameters: {'learning_rate_a': 0.0003437415817306296, 'ppo_epochs': 4, 'ent_coef': 0.0010404741196855566, 'clip_eps': 0.1, 'gae_lambda': 0.9010267183032117, 'vf_coef': 0.8920652708402449, 'rollout_steps': 1024, 'minibatch_size': 256, 'hidden_dim': 256}. Best is trial 160 with value: 712.3399999999189.
[I 2026-07-09 15:16:40,566] Trial 334 pruned. 
[I 2026-07-09 15:18:23,836] Trial 336 pruned. 
[I 2026-07-09 15:19:05,644] Trial 345 pruned. 
[I 2026-07-09 15:19:12,675] Trial 344 pruned. 
[I 2026-07-09 15:22:49,007] Trial 337 pruned. 
[I 2026-07-09 15:24:10,066] Trial 341 pruned. 
[I 2026-07-09 15:26:45,231] Trial 317 finished with value: 87.1599999999992 and parameters: {'learning_rate_a': 0.0001627962713659872, 'ppo_epochs': 3, 'ent_coef': 0.0026211019915523396, 'clip_eps': 0.2, 'gae_lambda': 0.9506453713514412, 'vf_coef': 0.6059185431399218, 'rollout_steps': 4096, 'minibatch_size': 128, 'hidden_dim': 256}. Best is trial 160 with value: 712.3399999999189.
[I 2026-07-09 15:26:50,782] Trial 342 pruned. 
[I 2026-07-09 15:27:48,964] Trial 343 pruned. 
[I 2026-07-09 15:28:40,687] Trial 320 pruned. 
[I 2026-07-09 15:30:42,838] Trial 321 finished with value: 62.32666666666634 and parameters: {'learning_rate_a': 0.00013339760750929376, 'ppo_epochs': 3, 'ent_coef': 0.0035818649506399827, 'clip_eps': 0.2, 'gae_lambda': 0.9400769279333328, 'vf_coef': 0.7468664160374219, 'rollout_steps': 4096, 'minibatch_size': 128, 'hidden_dim': 256}. Best is trial 160 with value: 712.3399999999189.
[I 2026-07-09 15:31:43,613] Trial 352 pruned. 
[I 2026-07-09 15:33:15,276] Trial 347 pruned. 
[I 2026-07-09 15:36:09,707] Trial 356 pruned. 
[I 2026-07-09 15:36:35,819] Trial 329 finished with value: 14.216666666666672 and parameters: {'learning_rate_a': 0.0006564589116513755, 'ppo_epochs': 3, 'ent_coef': 0.03982344272790173, 'clip_eps': 0.1, 'gae_lambda': 0.9034043304651805, 'vf_coef': 0.7180885951564768, 'rollout_steps': 1024, 'minibatch_size': 256, 'hidden_dim': 256}. Best is trial 160 with value: 712.3399999999189.
[I 2026-07-09 15:37:16,830] Trial 328 finished with value: 7.09999999999999 and parameters: {'learning_rate_a': 0.000670005872698397, 'ppo_epochs': 3, 'ent_coef': 0.001209156767450316, 'clip_eps': 0.1, 'gae_lambda': 0.9151025274256723, 'vf_coef': 0.5050411074472142, 'rollout_steps': 2048, 'minibatch_size': 64, 'hidden_dim': 256}. Best is trial 160 with value: 712.3399999999189.
[I 2026-07-09 15:37:52,275] Trial 330 finished with value: 11.443333333333326 and parameters: {'learning_rate_a': 0.00039259987278320317, 'ppo_epochs': 6, 'ent_coef': 0.0019178860976515526, 'clip_eps': 0.1, 'gae_lambda': 0.9311274135090818, 'vf_coef': 0.7543927966575745, 'rollout_steps': 1024, 'minibatch_size': 256, 'hidden_dim': 512}. Best is trial 160 with value: 712.3399999999189.
[I 2026-07-09 15:38:14,691] Trial 350 pruned. 
[I 2026-07-09 15:41:32,513] Trial 359 pruned. 
[I 2026-07-09 15:42:20,029] Trial 361 pruned. 
[I 2026-07-09 15:43:27,139] Trial 333 pruned. 
[I 2026-07-09 15:43:39,096] Trial 354 pruned. 
[I 2026-07-09 15:46:25,373] Trial 357 pruned. 
[I 2026-07-09 15:46:54,871] Trial 364 pruned. 
[I 2026-07-09 15:47:53,416] Trial 358 pruned. 
[I 2026-07-09 15:48:52,572] Trial 366 pruned. 
[I 2026-07-09 15:51:48,644] Trial 368 pruned. 
[I 2026-07-09 15:52:06,129] Trial 338 pruned. 
[I 2026-07-09 15:52:06,195] Trial 360 pruned. 
[I 2026-07-09 15:52:47,596] Trial 362 pruned. 
[I 2026-07-09 15:53:17,051] Trial 363 pruned. 
[I 2026-07-09 15:56:55,939] Trial 365 pruned. 
[I 2026-07-09 15:57:44,323] Trial 374 pruned. 
[I 2026-07-09 15:58:40,828] Trial 376 pruned. 
[I 2026-07-09 16:00:52,978] Trial 346 pruned. 
[I 2026-07-09 16:03:43,291] Trial 349 pruned. 
[I 2026-07-09 16:03:49,661] Trial 379 pruned. 
[I 2026-07-09 16:04:22,558] Trial 348 pruned. 
[I 2026-07-09 16:07:56,933] Trial 351 pruned. 
[I 2026-07-09 16:14:16,001] Trial 355 finished with value: 41.6333333333332 and parameters: {'learning_rate_a': 0.00026747509770392317, 'ppo_epochs': 4, 'ent_coef': 0.0012149916143347785, 'clip_eps': 0.3, 'gae_lambda': 0.9223229924334345, 'vf_coef': 0.898840896638977, 'rollout_steps': 1024, 'minibatch_size': 256, 'hidden_dim': 256}. Best is trial 160 with value: 712.3399999999189.
[I 2026-07-09 16:14:18,021] Trial 378 pruned. 
[I 2026-07-09 16:18:31,913] Trial 382 pruned. 
[I 2026-07-09 16:19:17,470] Trial 383 pruned. 
[I 2026-07-09 16:20:20,480] Trial 353 finished with value: 261.4366666666667 and parameters: {'learning_rate_a': 0.000715480918454755, 'ppo_epochs': 4, 'ent_coef': 0.002072005407063222, 'clip_eps': 0.1, 'gae_lambda': 0.9166300455485226, 'vf_coef': 0.872323386830815, 'rollout_steps': 1024, 'minibatch_size': 256, 'hidden_dim': 256}. Best is trial 160 with value: 712.3399999999189.
[I 2026-07-09 16:24:38,056] Trial 384 pruned. 
[I 2026-07-09 16:29:44,868] Trial 367 finished with value: 29.95333333333303 and parameters: {'learning_rate_a': 0.0004051856589660023, 'ppo_epochs': 4, 'ent_coef': 0.001371312243313041, 'clip_eps': 0.1, 'gae_lambda': 0.9094797381523191, 'vf_coef': 0.8979928219187334, 'rollout_steps': 1024, 'minibatch_size': 128, 'hidden_dim': 256}. Best is trial 160 with value: 712.3399999999189.
[I 2026-07-09 16:30:06,980] Trial 390 pruned. 
[I 2026-07-09 16:31:12,169] Trial 369 pruned. 
[I 2026-07-09 16:33:28,883] Trial 371 pruned. 
[I 2026-07-09 16:33:56,317] Trial 370 pruned. 
[I 2026-07-09 16:35:08,725] Trial 391 pruned. 
[I 2026-07-09 16:35:51,974] Trial 372 finished with value: 4.2766666666666655 and parameters: {'learning_rate_a': 0.0009235983974947981, 'ppo_epochs': 3, 'ent_coef': 0.013676983741549248, 'clip_eps': 0.3, 'gae_lambda': 0.9169328722255708, 'vf_coef': 0.6664750807694172, 'rollout_steps': 4096, 'minibatch_size': 256, 'hidden_dim': 256}. Best is trial 160 with value: 712.3399999999189.
[I 2026-07-09 16:38:22,119] Trial 375 pruned. 
[I 2026-07-09 16:41:39,605] Trial 373 finished with value: 151.03666666666768 and parameters: {'learning_rate_a': 0.00013279644048851702, 'ppo_epochs': 3, 'ent_coef': 0.0034544968234496813, 'clip_eps': 0.2, 'gae_lambda': 0.9505440905495384, 'vf_coef': 0.5543273008758971, 'rollout_steps': 4096, 'minibatch_size': 128, 'hidden_dim': 512}. Best is trial 160 with value: 712.3399999999189.
[I 2026-07-09 16:43:01,987] Trial 377 finished with value: 27.009999999999987 and parameters: {'learning_rate_a': 0.00019875248807146542, 'ppo_epochs': 3, 'ent_coef': 0.0010568061058617133, 'clip_eps': 0.2, 'gae_lambda': 0.9204538733505371, 'vf_coef': 0.6409154969341676, 'rollout_steps': 1024, 'minibatch_size': 64, 'hidden_dim': 256}. Best is trial 160 with value: 712.3399999999189.
[I 2026-07-09 16:49:03,212] Trial 381 pruned. 
[I 2026-07-09 16:49:59,951] Trial 396 pruned. 
[I 2026-07-09 16:51:23,053] Trial 380 finished with value: 174.33999999999835 and parameters: {'learning_rate_a': 0.00017302739739265047, 'ppo_epochs': 3, 'ent_coef': 0.013399863185751131, 'clip_eps': 0.2, 'gae_lambda': 0.9267468961817662, 'vf_coef': 0.9521797373676242, 'rollout_steps': 4096, 'minibatch_size': 64, 'hidden_dim': 256}. Best is trial 160 with value: 712.3399999999189.
[I 2026-07-09 16:58:11,776] Trial 386 pruned. 
[I 2026-07-09 16:58:28,915] Trial 385 pruned. 
[I 2026-07-09 17:01:45,116] Trial 388 pruned. 
[I 2026-07-09 17:01:52,123] Trial 387 pruned. 
[I 2026-07-09 17:04:03,431] Trial 389 pruned. 
[I 2026-07-09 17:11:21,422] Trial 392 pruned. 
[I 2026-07-09 17:12:53,828] Trial 394 pruned. 
[I 2026-07-09 17:13:19,513] Trial 393 pruned. 
[I 2026-07-09 17:16:01,004] Trial 395 finished with value: 18.8266666666667 and parameters: {'learning_rate_a': 0.00016438025300799712, 'ppo_epochs': 4, 'ent_coef': 0.0024579612990842784, 'clip_eps': 0.3, 'gae_lambda': 0.9552993188499256, 'vf_coef': 0.8776660716701536, 'rollout_steps': 1024, 'minibatch_size': 256, 'hidden_dim': 256}. Best is trial 160 with value: 712.3399999999189.
[I 2026-07-09 17:17:02,056] Trial 397 pruned. 
[I 2026-07-09 17:19:43,463] Trial 398 pruned. 
