/home/ul/ul_student/ul_lmm50/.conda/envs/dqn-flappy-bird-cuda/lib/python3.11/site-packages/optuna/_experimental.py:33: ExperimentalWarning: Argument ``multivariate`` is an experimental feature. The interface can change in the future.
  optuna_warn(
[I 2026-08-11 07:11:27,009] A new study created in Journal with name: ppo_6235238
/home/ul/ul_student/ul_lmm50/.conda/envs/dqn-flappy-bird-cuda/lib/python3.11/site-packages/optuna/_experimental.py:33: ExperimentalWarning: Argument ``multivariate`` is an experimental feature. The interface can change in the future.
  optuna_warn(
/home/ul/ul_student/ul_lmm50/.conda/envs/dqn-flappy-bird-cuda/lib/python3.11/site-packages/optuna/_experimental.py:33: ExperimentalWarning: Argument ``multivariate`` is an experimental feature. The interface can change in the future.
  optuna_warn(
[I 2026-08-11 07:11:27,035] Using an existing study with name 'ppo_6235238' instead of creating a new one.
[I 2026-08-11 07:11:27,047] Using an existing study with name 'ppo_6235238' instead of creating a new one.
/home/ul/ul_student/ul_lmm50/.conda/envs/dqn-flappy-bird-cuda/lib/python3.11/site-packages/optuna/_experimental.py:33: ExperimentalWarning: Argument ``multivariate`` is an experimental feature. The interface can change in the future.
  optuna_warn(
/home/ul/ul_student/ul_lmm50/.conda/envs/dqn-flappy-bird-cuda/lib/python3.11/site-packages/optuna/_experimental.py:33: ExperimentalWarning: Argument ``multivariate`` is an experimental feature. The interface can change in the future.
  optuna_warn(
/home/ul/ul_student/ul_lmm50/.conda/envs/dqn-flappy-bird-cuda/lib/python3.11/site-packages/optuna/_experimental.py:33: ExperimentalWarning: Argument ``multivariate`` is an experimental feature. The interface can change in the future.
  optuna_warn(
/home/ul/ul_student/ul_lmm50/.conda/envs/dqn-flappy-bird-cuda/lib/python3.11/site-packages/optuna/_experimental.py:33: ExperimentalWarning: Argument ``multivariate`` is an experimental feature. The interface can change in the future.
  optuna_warn(
/home/ul/ul_student/ul_lmm50/.conda/envs/dqn-flappy-bird-cuda/lib/python3.11/site-packages/optuna/_experimental.py:33: ExperimentalWarning: Argument ``multivariate`` is an experimental feature. The interface can change in the future.
  optuna_warn(
/home/ul/ul_student/ul_lmm50/.conda/envs/dqn-flappy-bird-cuda/lib/python3.11/site-packages/optuna/_experimental.py:33: ExperimentalWarning: Argument ``multivariate`` is an experimental feature. The interface can change in the future.
  optuna_warn(
/home/ul/ul_student/ul_lmm50/.conda/envs/dqn-flappy-bird-cuda/lib/python3.11/site-packages/optuna/_experimental.py:33: ExperimentalWarning: Argument ``multivariate`` is an experimental feature. The interface can change in the future.
  optuna_warn(
/home/ul/ul_student/ul_lmm50/.conda/envs/dqn-flappy-bird-cuda/lib/python3.11/site-packages/optuna/_experimental.py:33: ExperimentalWarning: Argument ``multivariate`` is an experimental feature. The interface can change in the future.
  optuna_warn(
/home/ul/ul_student/ul_lmm50/.conda/envs/dqn-flappy-bird-cuda/lib/python3.11/site-packages/optuna/_experimental.py:33: ExperimentalWarning: Argument ``multivariate`` is an experimental feature. The interface can change in the future.
  optuna_warn(
[I 2026-08-11 07:11:27,093] Using an existing study with name 'ppo_6235238' instead of creating a new one.
[I 2026-08-11 07:11:27,127] Using an existing study with name 'ppo_6235238' instead of creating a new one.
[I 2026-08-11 07:11:27,150] Using an existing study with name 'ppo_6235238' instead of creating a new one.
[I 2026-08-11 07:11:27,166] Using an existing study with name 'ppo_6235238' instead of creating a new one.
[I 2026-08-11 07:11:27,182] Using an existing study with name 'ppo_6235238' instead of creating a new one.
[I 2026-08-11 07:11:27,224] Using an existing study with name 'ppo_6235238' instead of creating a new one.
[I 2026-08-11 07:11:27,266] Using an existing study with name 'ppo_6235238' instead of creating a new one.
[I 2026-08-11 07:11:27,322] Using an existing study with name 'ppo_6235238' instead of creating a new one.
[I 2026-08-11 07:11:27,340] Using an existing study with name 'ppo_6235238' instead of creating a new one.
[I 2026-08-11 07:27:36,682] Trial 1 pruned. 
[I 2026-08-11 07:27:40,625] Trial 10 pruned. 
[I 2026-08-11 07:27:41,253] Trial 6 pruned. 
[I 2026-08-11 07:28:04,435] Trial 4 pruned. 
[I 2026-08-11 07:28:50,146] Trial 0 pruned. 
[I 2026-08-11 07:43:28,258] Trial 12 pruned. 
[I 2026-08-11 07:43:37,231] Trial 13 pruned. 
[I 2026-08-11 07:59:14,913] Trial 9 pruned. 
[I 2026-08-11 07:59:42,272] Trial 5 pruned. 
[I 2026-08-11 08:29:32,997] Trial 17 pruned. 
[I 2026-08-11 08:29:57,658] Trial 18 pruned. 
[I 2026-08-11 08:47:22,154] Trial 20 pruned. 
[I 2026-08-11 09:21:11,936] Trial 21 pruned. 
/pfs/data6/home/ul/ul_student/ul_lmm50/Neuroinformatik/src/ppo_agent.py:48: FutureWarning: You are using `torch.load` with `weights_only=False` (the current default value), which uses the default pickle module implicitly. It is possible to construct malicious pickle data which will execute arbitrary code during unpickling (See https://github.com/pytorch/pytorch/blob/main/SECURITY.md#untrusted-models for more details). In a future release, the default value for `weights_only` will be flipped to `True`. This limits the functions that could be executed during unpickling. Arbitrary objects will no longer be allowed to be loaded via this mode unless they are explicitly allowlisted by the user via `torch.serialization.add_safe_globals`. We recommend you start setting `weights_only=True` for any use case where you don't have full control of the loaded file. Please open an issue on GitHub for any issues related to this experimental feature.
  actor_critic.load_state_dict(torch.load(self.MODEL_FILE, map_location=device))
/pfs/data6/home/ul/ul_student/ul_lmm50/Neuroinformatik/src/ppo_agent.py:48: FutureWarning: You are using `torch.load` with `weights_only=False` (the current default value), which uses the default pickle module implicitly. It is possible to construct malicious pickle data which will execute arbitrary code during unpickling (See https://github.com/pytorch/pytorch/blob/main/SECURITY.md#untrusted-models for more details). In a future release, the default value for `weights_only` will be flipped to `True`. This limits the functions that could be executed during unpickling. Arbitrary objects will no longer be allowed to be loaded via this mode unless they are explicitly allowlisted by the user via `torch.serialization.add_safe_globals`. We recommend you start setting `weights_only=True` for any use case where you don't have full control of the loaded file. Please open an issue on GitHub for any issues related to this experimental feature.
  actor_critic.load_state_dict(torch.load(self.MODEL_FILE, map_location=device))
/pfs/data6/home/ul/ul_student/ul_lmm50/Neuroinformatik/src/ppo_agent.py:48: FutureWarning: You are using `torch.load` with `weights_only=False` (the current default value), which uses the default pickle module implicitly. It is possible to construct malicious pickle data which will execute arbitrary code during unpickling (See https://github.com/pytorch/pytorch/blob/main/SECURITY.md#untrusted-models for more details). In a future release, the default value for `weights_only` will be flipped to `True`. This limits the functions that could be executed during unpickling. Arbitrary objects will no longer be allowed to be loaded via this mode unless they are explicitly allowlisted by the user via `torch.serialization.add_safe_globals`. We recommend you start setting `weights_only=True` for any use case where you don't have full control of the loaded file. Please open an issue on GitHub for any issues related to this experimental feature.
  actor_critic.load_state_dict(torch.load(self.MODEL_FILE, map_location=device))
[I 2026-08-11 09:33:59,028] Trial 8 finished with value: 44.35000000000031 and parameters: {'learning_rate_a': 0.00018726509846879038, 'ppo_epochs': 3, 'ent_coef': 0.025396055949598064, 'clip_eps': 0.3, 'gae_lambda': 0.9061368036435068, 'vf_coef': 0.8845657531231292, 'rollout_steps': 8192, 'minibatch_size': 128, 'hidden_dim': 512}. Best is trial 8 with value: 44.35000000000031.
[I 2026-08-11 09:37:06,422] Trial 7 finished with value: 63.05000000000042 and parameters: {'learning_rate_a': 0.00048800630608514565, 'ppo_epochs': 4, 'ent_coef': 0.00815340706183646, 'clip_eps': 0.1, 'gae_lambda': 0.9179693069111424, 'vf_coef': 0.4161209547297773, 'rollout_steps': 4096, 'minibatch_size': 256, 'hidden_dim': 512}. Best is trial 7 with value: 63.05000000000042.
[I 2026-08-11 09:37:13,412] Trial 24 pruned. 
/pfs/data6/home/ul/ul_student/ul_lmm50/Neuroinformatik/src/ppo_agent.py:48: FutureWarning: You are using `torch.load` with `weights_only=False` (the current default value), which uses the default pickle module implicitly. It is possible to construct malicious pickle data which will execute arbitrary code during unpickling (See https://github.com/pytorch/pytorch/blob/main/SECURITY.md#untrusted-models for more details). In a future release, the default value for `weights_only` will be flipped to `True`. This limits the functions that could be executed during unpickling. Arbitrary objects will no longer be allowed to be loaded via this mode unless they are explicitly allowlisted by the user via `torch.serialization.add_safe_globals`. We recommend you start setting `weights_only=True` for any use case where you don't have full control of the loaded file. Please open an issue on GitHub for any issues related to this experimental feature.
  actor_critic.load_state_dict(torch.load(self.MODEL_FILE, map_location=device))
/pfs/data6/home/ul/ul_student/ul_lmm50/Neuroinformatik/src/ppo_agent.py:48: FutureWarning: You are using `torch.load` with `weights_only=False` (the current default value), which uses the default pickle module implicitly. It is possible to construct malicious pickle data which will execute arbitrary code during unpickling (See https://github.com/pytorch/pytorch/blob/main/SECURITY.md#untrusted-models for more details). In a future release, the default value for `weights_only` will be flipped to `True`. This limits the functions that could be executed during unpickling. Arbitrary objects will no longer be allowed to be loaded via this mode unless they are explicitly allowlisted by the user via `torch.serialization.add_safe_globals`. We recommend you start setting `weights_only=True` for any use case where you don't have full control of the loaded file. Please open an issue on GitHub for any issues related to this experimental feature.
  actor_critic.load_state_dict(torch.load(self.MODEL_FILE, map_location=device))
/pfs/data6/home/ul/ul_student/ul_lmm50/Neuroinformatik/src/ppo_agent.py:48: FutureWarning: You are using `torch.load` with `weights_only=False` (the current default value), which uses the default pickle module implicitly. It is possible to construct malicious pickle data which will execute arbitrary code during unpickling (See https://github.com/pytorch/pytorch/blob/main/SECURITY.md#untrusted-models for more details). In a future release, the default value for `weights_only` will be flipped to `True`. This limits the functions that could be executed during unpickling. Arbitrary objects will no longer be allowed to be loaded via this mode unless they are explicitly allowlisted by the user via `torch.serialization.add_safe_globals`. We recommend you start setting `weights_only=True` for any use case where you don't have full control of the loaded file. Please open an issue on GitHub for any issues related to this experimental feature.
  actor_critic.load_state_dict(torch.load(self.MODEL_FILE, map_location=device))
/pfs/data6/home/ul/ul_student/ul_lmm50/Neuroinformatik/src/ppo_agent.py:48: FutureWarning: You are using `torch.load` with `weights_only=False` (the current default value), which uses the default pickle module implicitly. It is possible to construct malicious pickle data which will execute arbitrary code during unpickling (See https://github.com/pytorch/pytorch/blob/main/SECURITY.md#untrusted-models for more details). In a future release, the default value for `weights_only` will be flipped to `True`. This limits the functions that could be executed during unpickling. Arbitrary objects will no longer be allowed to be loaded via this mode unless they are explicitly allowlisted by the user via `torch.serialization.add_safe_globals`. We recommend you start setting `weights_only=True` for any use case where you don't have full control of the loaded file. Please open an issue on GitHub for any issues related to this experimental feature.
  actor_critic.load_state_dict(torch.load(self.MODEL_FILE, map_location=device))
[I 2026-08-11 09:51:24,654] Trial 2 finished with value: 136.6749999999972 and parameters: {'learning_rate_a': 9.67759569827527e-05, 'ppo_epochs': 10, 'ent_coef': 0.012316154987992982, 'clip_eps': 0.1, 'gae_lambda': 0.9447823202160555, 'vf_coef': 0.9707751436809304, 'rollout_steps': 4096, 'minibatch_size': 128, 'hidden_dim': 512}. Best is trial 2 with value: 136.6749999999972.
[I 2026-08-11 09:52:52,390] Trial 27 pruned. 
[I 2026-08-11 09:54:51,077] Trial 3 finished with value: 317.02500000000293 and parameters: {'learning_rate_a': 0.00010574787719450524, 'ppo_epochs': 3, 'ent_coef': 0.042496509005277176, 'clip_eps': 0.3, 'gae_lambda': 0.959278917159507, 'vf_coef': 0.9382301058466835, 'rollout_steps': 4096, 'minibatch_size': 256, 'hidden_dim': 256}. Best is trial 3 with value: 317.02500000000293.
[I 2026-08-11 09:54:55,425] Trial 14 finished with value: 86.34999999999945 and parameters: {'learning_rate_a': 0.0008434790867792363, 'ppo_epochs': 4, 'ent_coef': 0.02796662709380888, 'clip_eps': 0.1, 'gae_lambda': 0.9843481231840108, 'vf_coef': 0.562574806398602, 'rollout_steps': 4096, 'minibatch_size': 256, 'hidden_dim': 512}. Best is trial 3 with value: 317.02500000000293.
[I 2026-08-11 09:57:51,389] Trial 16 finished with value: 104.79999999999863 and parameters: {'learning_rate_a': 6.943765100738634e-05, 'ppo_epochs': 4, 'ent_coef': 0.013014115532200232, 'clip_eps': 0.1, 'gae_lambda': 0.9538819759772816, 'vf_coef': 0.6983401856234511, 'rollout_steps': 4096, 'minibatch_size': 64, 'hidden_dim': 512}. Best is trial 3 with value: 317.02500000000293.
/pfs/data6/home/ul/ul_student/ul_lmm50/Neuroinformatik/src/ppo_agent.py:48: FutureWarning: You are using `torch.load` with `weights_only=False` (the current default value), which uses the default pickle module implicitly. It is possible to construct malicious pickle data which will execute arbitrary code during unpickling (See https://github.com/pytorch/pytorch/blob/main/SECURITY.md#untrusted-models for more details). In a future release, the default value for `weights_only` will be flipped to `True`. This limits the functions that could be executed during unpickling. Arbitrary objects will no longer be allowed to be loaded via this mode unless they are explicitly allowlisted by the user via `torch.serialization.add_safe_globals`. We recommend you start setting `weights_only=True` for any use case where you don't have full control of the loaded file. Please open an issue on GitHub for any issues related to this experimental feature.
  actor_critic.load_state_dict(torch.load(self.MODEL_FILE, map_location=device))
[I 2026-08-11 10:01:43,606] Trial 15 finished with value: 14.099999999999971 and parameters: {'learning_rate_a': 2.9558811630215917e-05, 'ppo_epochs': 10, 'ent_coef': 0.011404296819084052, 'clip_eps': 0.3, 'gae_lambda': 0.9120479812316395, 'vf_coef': 0.5959889894545023, 'rollout_steps': 4096, 'minibatch_size': 64, 'hidden_dim': 256}. Best is trial 3 with value: 317.02500000000293.
[I 2026-08-11 10:10:25,861] Trial 31 pruned. 
/pfs/data6/home/ul/ul_student/ul_lmm50/Neuroinformatik/src/ppo_agent.py:48: FutureWarning: You are using `torch.load` with `weights_only=False` (the current default value), which uses the default pickle module implicitly. It is possible to construct malicious pickle data which will execute arbitrary code during unpickling (See https://github.com/pytorch/pytorch/blob/main/SECURITY.md#untrusted-models for more details). In a future release, the default value for `weights_only` will be flipped to `True`. This limits the functions that could be executed during unpickling. Arbitrary objects will no longer be allowed to be loaded via this mode unless they are explicitly allowlisted by the user via `torch.serialization.add_safe_globals`. We recommend you start setting `weights_only=True` for any use case where you don't have full control of the loaded file. Please open an issue on GitHub for any issues related to this experimental feature.
  actor_critic.load_state_dict(torch.load(self.MODEL_FILE, map_location=device))
[I 2026-08-11 10:24:16,263] Trial 19 finished with value: 70.80000000000015 and parameters: {'learning_rate_a': 3.7492874764706966e-05, 'ppo_epochs': 4, 'ent_coef': 0.007650899663860333, 'clip_eps': 0.3, 'gae_lambda': 0.9564837480342223, 'vf_coef': 0.8130541447707866, 'rollout_steps': 8192, 'minibatch_size': 256, 'hidden_dim': 512}. Best is trial 3 with value: 317.02500000000293.
[I 2026-08-11 10:38:28,302] Trial 29 pruned. 
[I 2026-08-11 10:44:38,504] Trial 30 pruned. 
[I 2026-08-11 10:47:08,327] Trial 32 pruned. 
[I 2026-08-11 10:47:33,565] Trial 33 pruned. 
/pfs/data6/home/ul/ul_student/ul_lmm50/Neuroinformatik/src/ppo_agent.py:48: FutureWarning: You are using `torch.load` with `weights_only=False` (the current default value), which uses the default pickle module implicitly. It is possible to construct malicious pickle data which will execute arbitrary code during unpickling (See https://github.com/pytorch/pytorch/blob/main/SECURITY.md#untrusted-models for more details). In a future release, the default value for `weights_only` will be flipped to `True`. This limits the functions that could be executed during unpickling. Arbitrary objects will no longer be allowed to be loaded via this mode unless they are explicitly allowlisted by the user via `torch.serialization.add_safe_globals`. We recommend you start setting `weights_only=True` for any use case where you don't have full control of the loaded file. Please open an issue on GitHub for any issues related to this experimental feature.
  actor_critic.load_state_dict(torch.load(self.MODEL_FILE, map_location=device))
[I 2026-08-11 10:58:36,490] Trial 22 finished with value: 73.14999999999974 and parameters: {'learning_rate_a': 0.0004643193671574142, 'ppo_epochs': 4, 'ent_coef': 0.00523405350967835, 'clip_eps': 0.3, 'gae_lambda': 0.9263165422193418, 'vf_coef': 0.678030044287863, 'rollout_steps': 4096, 'minibatch_size': 256, 'hidden_dim': 256}. Best is trial 3 with value: 317.02500000000293.
[I 2026-08-11 11:03:22,046] Trial 38 pruned. 
[I 2026-08-11 11:03:40,016] Trial 39 pruned. 
/pfs/data6/home/ul/ul_student/ul_lmm50/Neuroinformatik/src/ppo_agent.py:48: FutureWarning: You are using `torch.load` with `weights_only=False` (the current default value), which uses the default pickle module implicitly. It is possible to construct malicious pickle data which will execute arbitrary code during unpickling (See https://github.com/pytorch/pytorch/blob/main/SECURITY.md#untrusted-models for more details). In a future release, the default value for `weights_only` will be flipped to `True`. This limits the functions that could be executed during unpickling. Arbitrary objects will no longer be allowed to be loaded via this mode unless they are explicitly allowlisted by the user via `torch.serialization.add_safe_globals`. We recommend you start setting `weights_only=True` for any use case where you don't have full control of the loaded file. Please open an issue on GitHub for any issues related to this experimental feature.
  actor_critic.load_state_dict(torch.load(self.MODEL_FILE, map_location=device))
[I 2026-08-11 11:11:25,813] Trial 23 finished with value: 42.775000000000276 and parameters: {'learning_rate_a': 0.00013131056695627965, 'ppo_epochs': 3, 'ent_coef': 0.016067754898679433, 'clip_eps': 0.1, 'gae_lambda': 0.9505218217277431, 'vf_coef': 0.5647014019326387, 'rollout_steps': 4096, 'minibatch_size': 64, 'hidden_dim': 256}. Best is trial 3 with value: 317.02500000000293.
[I 2026-08-11 11:13:46,109] Trial 35 pruned. 
[I 2026-08-11 11:14:50,611] Trial 40 pruned. 
[I 2026-08-11 11:27:07,945] Trial 43 pruned. 
[I 2026-08-11 11:27:33,182] Trial 36 pruned. 
[I 2026-08-11 11:33:57,967] Trial 37 pruned. 
[I 2026-08-11 11:51:16,538] Trial 41 pruned. 
[I 2026-08-11 11:53:14,776] Trial 25 finished with value: 12.899999999999974 and parameters: {'learning_rate_a': 0.0001728412430961824, 'ppo_epochs': 3, 'ent_coef': 0.021980087403760562, 'clip_eps': 0.3, 'gae_lambda': 0.9102562706848946, 'vf_coef': 0.8307042340333366, 'rollout_steps': 8192, 'minibatch_size': 128, 'hidden_dim': 512}. Best is trial 3 with value: 317.02500000000293.
[I 2026-08-11 11:56:26,587] Trial 26 finished with value: 8.399999999999986 and parameters: {'learning_rate_a': 0.0007930799946756777, 'ppo_epochs': 4, 'ent_coef': 0.005241444899704101, 'clip_eps': 0.1, 'gae_lambda': 0.9223718577142372, 'vf_coef': 0.4985097666001046, 'rollout_steps': 4096, 'minibatch_size': 256, 'hidden_dim': 512}. Best is trial 3 with value: 317.02500000000293.
[I 2026-08-11 12:00:00,067] Trial 44 pruned. 
[I 2026-08-11 12:01:11,845] Trial 45 pruned. 
[I 2026-08-11 12:07:00,332] Trial 49 pruned. 
[I 2026-08-11 12:10:58,659] Trial 28 finished with value: 9.124999999999984 and parameters: {'learning_rate_a': 0.0006471249496301861, 'ppo_epochs': 4, 'ent_coef': 0.0070284003252001175, 'clip_eps': 0.1, 'gae_lambda': 0.94424187511314, 'vf_coef': 0.39684613394000745, 'rollout_steps': 4096, 'minibatch_size': 256, 'hidden_dim': 512}. Best is trial 3 with value: 317.02500000000293.
[I 2026-08-11 12:12:13,232] Trial 51 pruned. 
