[I 2026-08-09 20:45:39,428] Trial 162 finished with value: 12.899999999999974 and parameters: {'learning_rate_a': 0.00032836011654773954, 'ppo_epochs': 4, 'ent_coef': 0.010988130189120945, 'clip_eps': 0.3, 'gae_lambda': 0.9532618853774052, 'vf_coef': 0.792397919984719, 'rollout_steps': 8192, 'minibatch_size': 64, 'hidden_dim': 512}. Best is trial 83 with value: 2509.299999999067.
[I 2026-08-09 20:49:04,921] Trial 163 finished with value: 24.425000000000082 and parameters: {'learning_rate_a': 0.00016325842358068572, 'ppo_epochs': 3, 'ent_coef': 0.026050792299203523, 'clip_eps': 0.2, 'gae_lambda': 0.9216255554103642, 'vf_coef': 0.6087743585920459, 'rollout_steps': 4096, 'minibatch_size': 128, 'hidden_dim': 256}. Best is trial 83 with value: 2509.299999999067.
[I 2026-08-09 20:53:13,261] Trial 175 pruned. 
[I 2026-08-09 21:03:31,713] Trial 165 finished with value: 26.90000000000011 and parameters: {'learning_rate_a': 0.00012022513917795457, 'ppo_epochs': 3, 'ent_coef': 0.00666076410593691, 'clip_eps': 0.1, 'gae_lambda': 0.9609940037232895, 'vf_coef': 0.9308415539243509, 'rollout_steps': 4096, 'minibatch_size': 64, 'hidden_dim': 512}. Best is trial 83 with value: 2509.299999999067.
[I 2026-08-09 21:08:37,984] Trial 179 pruned. 
[I 2026-08-09 21:30:22,918] Trial 137 finished with value: 2657.6999999989607 and parameters: {'learning_rate_a': 0.0002783481837523651, 'ppo_epochs': 4, 'ent_coef': 0.028534785186115404, 'clip_eps': 0.1, 'gae_lambda': 0.9436846618444199, 'vf_coef': 0.8449235877900262, 'rollout_steps': 4096, 'minibatch_size': 64, 'hidden_dim': 256}. Best is trial 137 with value: 2657.6999999989607.
[I 2026-08-09 21:35:57,047] Trial 178 pruned. 
[I 2026-08-09 21:37:25,824] Trial 169 finished with value: 12.899999999999974 and parameters: {'learning_rate_a': 0.00011325402994162298, 'ppo_epochs': 3, 'ent_coef': 0.017311540618338304, 'clip_eps': 0.1, 'gae_lambda': 0.955701898911362, 'vf_coef': 0.9571491527525938, 'rollout_steps': 8192, 'minibatch_size': 128, 'hidden_dim': 512}. Best is trial 137 with value: 2657.6999999989607.
[I 2026-08-09 21:51:46,475] Trial 183 pruned. 
[I 2026-08-09 21:53:07,973] Trial 167 finished with value: 268.399999999995 and parameters: {'learning_rate_a': 0.0002568909280748219, 'ppo_epochs': 3, 'ent_coef': 0.02649017789755394, 'clip_eps': 0.3, 'gae_lambda': 0.909930409569172, 'vf_coef': 0.5794982058504771, 'rollout_steps': 4096, 'minibatch_size': 256, 'hidden_dim': 512}. Best is trial 137 with value: 2657.6999999989607.
[I 2026-08-09 22:01:50,083] Trial 170 finished with value: 107.3999999999985 and parameters: {'learning_rate_a': 0.0005171905832559186, 'ppo_epochs': 3, 'ent_coef': 0.016987129598765225, 'clip_eps': 0.2, 'gae_lambda': 0.930327001493962, 'vf_coef': 0.8744706555089687, 'rollout_steps': 4096, 'minibatch_size': 256, 'hidden_dim': 512}. Best is trial 137 with value: 2657.6999999989607.
[I 2026-08-09 22:09:15,621] Trial 172 finished with value: 42.900000000000276 and parameters: {'learning_rate_a': 0.0005235949949928071, 'ppo_epochs': 3, 'ent_coef': 0.04507313744829956, 'clip_eps': 0.2, 'gae_lambda': 0.9124494368804527, 'vf_coef': 0.7812230882137235, 'rollout_steps': 4096, 'minibatch_size': 128, 'hidden_dim': 256}. Best is trial 137 with value: 2657.6999999989607.
[I 2026-08-09 22:38:02,935] Trial 185 pruned. 
[I 2026-08-09 22:39:23,884] Trial 186 pruned. 
[I 2026-08-09 22:52:28,544] Trial 176 finished with value: 13.074999999999973 and parameters: {'learning_rate_a': 4.5999701523156736e-05, 'ppo_epochs': 3, 'ent_coef': 0.037376683968048656, 'clip_eps': 0.2, 'gae_lambda': 0.9398815575093534, 'vf_coef': 0.865661399007169, 'rollout_steps': 4096, 'minibatch_size': 256, 'hidden_dim': 512}. Best is trial 137 with value: 2657.6999999989607.
[I 2026-08-09 22:54:49,121] Trial 190 pruned. 
[I 2026-08-09 23:20:18,974] Trial 180 finished with value: 8.399999999999986 and parameters: {'learning_rate_a': 0.00029361584880905207, 'ppo_epochs': 3, 'ent_coef': 0.02142204934351738, 'clip_eps': 0.2, 'gae_lambda': 0.9298808515497733, 'vf_coef': 0.8595115318882112, 'rollout_steps': 4096, 'minibatch_size': 256, 'hidden_dim': 512}. Best is trial 137 with value: 2657.6999999989607.
[I 2026-08-09 23:34:40,484] Trial 181 finished with value: 79.02499999999975 and parameters: {'learning_rate_a': 0.0004605919858647219, 'ppo_epochs': 3, 'ent_coef': 0.021375048861467107, 'clip_eps': 0.2, 'gae_lambda': 0.9459627663948985, 'vf_coef': 0.8816361210934557, 'rollout_steps': 4096, 'minibatch_size': 64, 'hidden_dim': 512}. Best is trial 137 with value: 2657.6999999989607.
[I 2026-08-09 23:46:59,750] Trial 182 pruned. 
[I 2026-08-10 00:21:01,541] Trial 187 finished with value: 27.475000000000115 and parameters: {'learning_rate_a': 0.00039521093785685273, 'ppo_epochs': 3, 'ent_coef': 0.023434942087760594, 'clip_eps': 0.3, 'gae_lambda': 0.9195168487651711, 'vf_coef': 0.3332124441534813, 'rollout_steps': 4096, 'minibatch_size': 256, 'hidden_dim': 512}. Best is trial 137 with value: 2657.6999999989607.
[I 2026-08-10 00:21:23,488] Trial 194 pruned. 
[I 2026-08-10 00:36:40,805] Trial 196 pruned. 
[I 2026-08-10 00:43:47,791] Trial 177 finished with value: 1105.7250000000695 and parameters: {'learning_rate_a': 0.0003215272933363972, 'ppo_epochs': 3, 'ent_coef': 0.008935943575854782, 'clip_eps': 0.3, 'gae_lambda': 0.9691709753965212, 'vf_coef': 0.8279674753922225, 'rollout_steps': 4096, 'minibatch_size': 128, 'hidden_dim': 512}. Best is trial 137 with value: 2657.6999999989607.
[I 2026-08-10 00:52:28,591] Trial 198 pruned. 
[I 2026-08-10 00:52:49,091] Trial 184 finished with value: 446.9000000000262 and parameters: {'learning_rate_a': 0.0001897857057449053, 'ppo_epochs': 4, 'ent_coef': 0.02892915038605515, 'clip_eps': 0.1, 'gae_lambda': 0.9507912637660384, 'vf_coef': 0.9310306276605008, 'rollout_steps': 4096, 'minibatch_size': 64, 'hidden_dim': 256}. Best is trial 137 with value: 2657.6999999989607.
[I 2026-08-10 00:55:28,862] Trial 189 finished with value: 18.00000000000001 and parameters: {'learning_rate_a': 0.0001898868768502508, 'ppo_epochs': 3, 'ent_coef': 0.029390028241201575, 'clip_eps': 0.3, 'gae_lambda': 0.9360305782804572, 'vf_coef': 0.6781095728209358, 'rollout_steps': 4096, 'minibatch_size': 256, 'hidden_dim': 512}. Best is trial 137 with value: 2657.6999999989607.
[I 2026-08-10 01:13:58,933] Trial 191 finished with value: 41.17500000000027 and parameters: {'learning_rate_a': 0.00031227594386089655, 'ppo_epochs': 3, 'ent_coef': 0.025292130919719297, 'clip_eps': 0.3, 'gae_lambda': 0.9001022605984913, 'vf_coef': 0.48167688871553405, 'rollout_steps': 4096, 'minibatch_size': 256, 'hidden_dim': 512}. Best is trial 137 with value: 2657.6999999989607.
[I 2026-08-10 01:15:23,025] Trial 192 finished with value: 53.90000000000038 and parameters: {'learning_rate_a': 0.0002470444251846503, 'ppo_epochs': 3, 'ent_coef': 0.03494714190369749, 'clip_eps': 0.3, 'gae_lambda': 0.9173804708023877, 'vf_coef': 0.7857044370134337, 'rollout_steps': 4096, 'minibatch_size': 256, 'hidden_dim': 512}. Best is trial 137 with value: 2657.6999999989607.
[I 2026-08-10 01:26:34,259] Trial 188 finished with value: 596.2750000000528 and parameters: {'learning_rate_a': 0.00017789334291175513, 'ppo_epochs': 3, 'ent_coef': 0.01818118805034709, 'clip_eps': 0.3, 'gae_lambda': 0.9105622719551334, 'vf_coef': 0.6030810734281198, 'rollout_steps': 4096, 'minibatch_size': 256, 'hidden_dim': 512}. Best is trial 137 with value: 2657.6999999989607.
[I 2026-08-10 01:30:07,460] Trial 199 pruned. 
[I 2026-08-10 01:38:15,415] Trial 200 pruned. 
[I 2026-08-10 01:42:30,672] Trial 205 pruned. 
[I 2026-08-10 02:00:18,856] Trial 203 pruned. 
[I 2026-08-10 02:01:37,571] Trial 204 pruned. 
[I 2026-08-10 02:06:25,325] Trial 195 finished with value: 23.05000000000006 and parameters: {'learning_rate_a': 0.0006167952401660163, 'ppo_epochs': 4, 'ent_coef': 0.005044724632480471, 'clip_eps': 0.1, 'gae_lambda': 0.9551593320240378, 'vf_coef': 0.8100269431412295, 'rollout_steps': 4096, 'minibatch_size': 128, 'hidden_dim': 512}. Best is trial 137 with value: 2657.6999999989607.
[I 2026-08-10 02:15:42,717] Trial 193 finished with value: 274.79999999999563 and parameters: {'learning_rate_a': 0.00024784915392903967, 'ppo_epochs': 3, 'ent_coef': 0.018030237610644546, 'clip_eps': 0.3, 'gae_lambda': 0.9088000623129048, 'vf_coef': 0.5514045765214294, 'rollout_steps': 4096, 'minibatch_size': 256, 'hidden_dim': 512}. Best is trial 137 with value: 2657.6999999989607.
[I 2026-08-10 02:17:16,314] Trial 210 pruned. 
[I 2026-08-10 02:22:50,728] Trial 211 pruned. 
[I 2026-08-10 02:23:56,920] Trial 207 pruned. 
[I 2026-08-10 02:31:14,509] Trial 212 pruned. 
[I 2026-08-10 02:39:35,822] Trial 215 pruned. 
[I 2026-08-10 02:42:17,809] Trial 197 finished with value: 68.90000000000022 and parameters: {'learning_rate_a': 0.00015197766308171546, 'ppo_epochs': 3, 'ent_coef': 0.03167076162640398, 'clip_eps': 0.3, 'gae_lambda': 0.9052408957600421, 'vf_coef': 0.6832642843606975, 'rollout_steps': 8192, 'minibatch_size': 256, 'hidden_dim': 512}. Best is trial 137 with value: 2657.6999999989607.
[I 2026-08-10 02:45:36,991] Trial 209 pruned. 
[I 2026-08-10 02:46:45,253] Trial 216 pruned. 
[I 2026-08-10 02:58:36,833] Trial 218 pruned. 
[I 2026-08-10 03:02:05,397] Trial 220 pruned. 
[I 2026-08-10 03:02:59,440] Trial 213 pruned. 
[I 2026-08-10 03:29:04,475] Trial 201 finished with value: 225.2749999999932 and parameters: {'learning_rate_a': 0.00038596915976402737, 'ppo_epochs': 3, 'ent_coef': 0.007142185422292827, 'clip_eps': 0.3, 'gae_lambda': 0.9610431439200927, 'vf_coef': 0.7733048437745236, 'rollout_steps': 4096, 'minibatch_size': 128, 'hidden_dim': 512}. Best is trial 137 with value: 2657.6999999989607.
[I 2026-08-10 03:36:13,804] Trial 219 pruned. 
[I 2026-08-10 03:51:20,897] Trial 206 finished with value: 53.7000000000004 and parameters: {'learning_rate_a': 0.00028915347261696466, 'ppo_epochs': 3, 'ent_coef': 0.012353032387081216, 'clip_eps': 0.3, 'gae_lambda': 0.965277955711602, 'vf_coef': 0.9607211016561441, 'rollout_steps': 4096, 'minibatch_size': 128, 'hidden_dim': 512}. Best is trial 137 with value: 2657.6999999989607.
[I 2026-08-10 04:07:36,034] Trial 226 pruned. 
[I 2026-08-10 04:22:57,773] Trial 208 finished with value: 281.27499999999657 and parameters: {'learning_rate_a': 0.0002607867604889725, 'ppo_epochs': 3, 'ent_coef': 0.013592021313691962, 'clip_eps': 0.3, 'gae_lambda': 0.9139918062118634, 'vf_coef': 0.6258930123390694, 'rollout_steps': 4096, 'minibatch_size': 64, 'hidden_dim': 512}. Best is trial 137 with value: 2657.6999999989607.
[I 2026-08-10 04:23:15,557] Trial 225 pruned. 
[I 2026-08-10 04:47:15,100] Trial 214 finished with value: 46.775000000000304 and parameters: {'learning_rate_a': 0.0005645047772010475, 'ppo_epochs': 4, 'ent_coef': 0.019786776087638992, 'clip_eps': 0.1, 'gae_lambda': 0.9741476388281428, 'vf_coef': 0.7008435665372758, 'rollout_steps': 4096, 'minibatch_size': 64, 'hidden_dim': 512}. Best is trial 137 with value: 2657.6999999989607.
[I 2026-08-10 05:10:38,440] Trial 229 pruned. 
[I 2026-08-10 05:15:08,827] Trial 217 finished with value: 154.92499999999637 and parameters: {'learning_rate_a': 0.00013924469125337573, 'ppo_epochs': 3, 'ent_coef': 0.007540587923131155, 'clip_eps': 0.3, 'gae_lambda': 0.9115332288447318, 'vf_coef': 0.7090628218263852, 'rollout_steps': 4096, 'minibatch_size': 256, 'hidden_dim': 512}. Best is trial 137 with value: 2657.6999999989607.
[I 2026-08-10 05:21:38,297] Trial 223 finished with value: 6.399999999999993 and parameters: {'learning_rate_a': 0.00026729261373696227, 'ppo_epochs': 4, 'ent_coef': 0.020263862651319076, 'clip_eps': 0.3, 'gae_lambda': 0.900542681653686, 'vf_coef': 0.6887657471258832, 'rollout_steps': 4096, 'minibatch_size': 256, 'hidden_dim': 512}. Best is trial 137 with value: 2657.6999999989607.
[I 2026-08-10 05:21:39,655] Trial 222 finished with value: 16.32499999999999 and parameters: {'learning_rate_a': 0.00028145000217227634, 'ppo_epochs': 3, 'ent_coef': 0.007596893879409395, 'clip_eps': 0.3, 'gae_lambda': 0.9824356294608807, 'vf_coef': 0.7854754541818303, 'rollout_steps': 4096, 'minibatch_size': 128, 'hidden_dim': 512}. Best is trial 137 with value: 2657.6999999989607.
[I 2026-08-10 05:23:31,941] Trial 221 finished with value: 50.650000000000375 and parameters: {'learning_rate_a': 0.00013901948353703985, 'ppo_epochs': 6, 'ent_coef': 0.019436540150635846, 'clip_eps': 0.3, 'gae_lambda': 0.9229689664654975, 'vf_coef': 0.571246286054956, 'rollout_steps': 4096, 'minibatch_size': 256, 'hidden_dim': 512}. Best is trial 137 with value: 2657.6999999989607.
[2026-08-10T05:51:56.099] error: *** JOB 6214659 ON uc2n912 CANCELLED AT 2026-08-10T05:51:56 DUE TO TIME LIMIT ***
