/home/ul/ul_student/ul_lmm50/.conda/envs/mario-rl-cuda/lib/python3.13/site-packages/optuna/_experimental.py:33: ExperimentalWarning: Argument ``multivariate`` is an experimental feature. The interface can change in the future.
  optuna_warn(
/home/ul/ul_student/ul_lmm50/.conda/envs/mario-rl-cuda/lib/python3.13/site-packages/optuna/_experimental.py:33: ExperimentalWarning: Argument ``multivariate`` is an experimental feature. The interface can change in the future.
  optuna_warn(
/home/ul/ul_student/ul_lmm50/.conda/envs/mario-rl-cuda/lib/python3.13/site-packages/optuna/_experimental.py:33: ExperimentalWarning: Argument ``multivariate`` is an experimental feature. The interface can change in the future.
  optuna_warn(
/home/ul/ul_student/ul_lmm50/.conda/envs/mario-rl-cuda/lib/python3.13/site-packages/optuna/_experimental.py:33: ExperimentalWarning: Argument ``multivariate`` is an experimental feature. The interface can change in the future.
  optuna_warn(
/home/ul/ul_student/ul_lmm50/.conda/envs/mario-rl-cuda/lib/python3.13/site-packages/optuna/_experimental.py:33: ExperimentalWarning: Argument ``multivariate`` is an experimental feature. The interface can change in the future.
  optuna_warn(
/home/ul/ul_student/ul_lmm50/.conda/envs/mario-rl-cuda/lib/python3.13/site-packages/optuna/_experimental.py:33: ExperimentalWarning: Argument ``multivariate`` is an experimental feature. The interface can change in the future.
  optuna_warn(
/home/ul/ul_student/ul_lmm50/.conda/envs/mario-rl-cuda/lib/python3.13/site-packages/optuna/_experimental.py:33: ExperimentalWarning: Argument ``multivariate`` is an experimental feature. The interface can change in the future.
  optuna_warn(
/home/ul/ul_student/ul_lmm50/.conda/envs/mario-rl-cuda/lib/python3.13/site-packages/optuna/_experimental.py:33: ExperimentalWarning: Argument ``multivariate`` is an experimental feature. The interface can change in the future.
  optuna_warn(
/home/ul/ul_student/ul_lmm50/.conda/envs/mario-rl-cuda/lib/python3.13/site-packages/optuna/_experimental.py:33: ExperimentalWarning: Argument ``multivariate`` is an experimental feature. The interface can change in the future.
  optuna_warn(
/home/ul/ul_student/ul_lmm50/.conda/envs/mario-rl-cuda/lib/python3.13/site-packages/optuna/_experimental.py:33: ExperimentalWarning: Argument ``multivariate`` is an experimental feature. The interface can change in the future.
  optuna_warn(
/home/ul/ul_student/ul_lmm50/.conda/envs/mario-rl-cuda/lib/python3.13/site-packages/optuna/_experimental.py:33: ExperimentalWarning: Argument ``multivariate`` is an experimental feature. The interface can change in the future.
  optuna_warn(
/home/ul/ul_student/ul_lmm50/.conda/envs/mario-rl-cuda/lib/python3.13/site-packages/optuna/_experimental.py:33: ExperimentalWarning: Argument ``multivariate`` is an experimental feature. The interface can change in the future.
  optuna_warn(
[I 2026-08-24 08:18:58,649] A new study created in Journal with name: mario_ppo_6559842
[I 2026-08-24 08:18:58,665] Using an existing study with name 'mario_ppo_6559842' instead of creating a new one.
[I 2026-08-24 08:18:58,679] Using an existing study with name 'mario_ppo_6559842' instead of creating a new one.
[I 2026-08-24 08:18:58,694] Using an existing study with name 'mario_ppo_6559842' instead of creating a new one.
[I 2026-08-24 08:18:58,716] Using an existing study with name 'mario_ppo_6559842' instead of creating a new one.
[I 2026-08-24 08:18:58,756] Using an existing study with name 'mario_ppo_6559842' instead of creating a new one.
[I 2026-08-24 08:18:58,788] Using an existing study with name 'mario_ppo_6559842' instead of creating a new one.
[I 2026-08-24 08:18:58,832] Using an existing study with name 'mario_ppo_6559842' instead of creating a new one.
[I 2026-08-24 08:18:58,854] Using an existing study with name 'mario_ppo_6559842' instead of creating a new one.
[I 2026-08-24 08:18:58,889] Using an existing study with name 'mario_ppo_6559842' instead of creating a new one.
[I 2026-08-24 08:18:58,918] Using an existing study with name 'mario_ppo_6559842' instead of creating a new one.
[I 2026-08-24 08:18:58,992] Using an existing study with name 'mario_ppo_6559842' instead of creating a new one.
[I 2026-08-24 11:46:14,087] Trial 11 pruned. 
[I 2026-08-24 11:48:39,259] Trial 1 pruned. 
[I 2026-08-24 11:48:51,069] Trial 3 pruned. 
[I 2026-08-24 11:51:13,563] Trial 7 pruned. 
[I 2026-08-24 11:53:36,292] Trial 6 pruned. 
[I 2026-08-24 15:07:11,532] Trial 12 pruned. 
[I 2026-08-24 15:09:23,104] Trial 14 pruned. 
[I 2026-08-24 15:24:09,597] Trial 15 pruned. 
[I 2026-08-24 18:50:44,809] Trial 0 finished with value: 83.44711111111137 and parameters: {'learning_rate_a': 0.0007405127954082976, 'ppo_epochs': 6, 'ent_coef': 0.007416965315605274, 'clip_eps': 0.1, 'gae_lambda': 0.941033302628034, 'vf_coef': 0.9039319322658246, 'rollout_steps': 8192, 'minibatch_size': 256, 'hidden_dim': 256}. Best is trial 0 with value: 83.44711111111137.
[I 2026-08-24 18:53:03,350] Trial 9 finished with value: 79.5333333333333 and parameters: {'learning_rate_a': 0.0003170026500041512, 'ppo_epochs': 6, 'ent_coef': 0.011168686599149312, 'clip_eps': 0.1, 'gae_lambda': 0.9277289664211689, 'vf_coef': 0.9019908144553836, 'rollout_steps': 8192, 'minibatch_size': 128, 'hidden_dim': 512}. Best is trial 0 with value: 83.44711111111137.
[I 2026-08-24 19:02:34,019] Trial 4 finished with value: 51.372888888888944 and parameters: {'learning_rate_a': 0.0003141192338656642, 'ppo_epochs': 3, 'ent_coef': 0.01199447781987831, 'clip_eps': 0.3, 'gae_lambda': 0.9110212360546047, 'vf_coef': 0.9329188361385203, 'rollout_steps': 4096, 'minibatch_size': 256, 'hidden_dim': 512}. Best is trial 0 with value: 83.44711111111137.
[I 2026-08-24 19:04:31,923] Trial 10 finished with value: 30.662000000000006 and parameters: {'learning_rate_a': 1.917419141544489e-05, 'ppo_epochs': 6, 'ent_coef': 0.032766056631338615, 'clip_eps': 0.3, 'gae_lambda': 0.9266311924556249, 'vf_coef': 0.8934493408416813, 'rollout_steps': 4096, 'minibatch_size': 256, 'hidden_dim': 256}. Best is trial 0 with value: 83.44711111111137.
[I 2026-08-24 19:10:02,799] Trial 5 finished with value: 97.16244444444489 and parameters: {'learning_rate_a': 0.00046624930722006727, 'ppo_epochs': 3, 'ent_coef': 0.008659006587057151, 'clip_eps': 0.3, 'gae_lambda': 0.9387699117575563, 'vf_coef': 0.6372304562134207, 'rollout_steps': 4096, 'minibatch_size': 256, 'hidden_dim': 512}. Best is trial 5 with value: 97.16244444444489.
[I 2026-08-24 19:25:35,525] Trial 8 finished with value: 87.06777777777805 and parameters: {'learning_rate_a': 0.0007334689699063522, 'ppo_epochs': 6, 'ent_coef': 0.014087522808844987, 'clip_eps': 0.2, 'gae_lambda': 0.9215219738079153, 'vf_coef': 0.7289806820186753, 'rollout_steps': 4096, 'minibatch_size': 256, 'hidden_dim': 256}. Best is trial 5 with value: 97.16244444444489.
[I 2026-08-24 19:35:11,815] Trial 2 finished with value: 115.50177777777823 and parameters: {'learning_rate_a': 0.00026820135152546914, 'ppo_epochs': 6, 'ent_coef': 0.008057914852818636, 'clip_eps': 0.2, 'gae_lambda': 0.9407023995278576, 'vf_coef': 0.675477350024986, 'rollout_steps': 4096, 'minibatch_size': 128, 'hidden_dim': 256}. Best is trial 2 with value: 115.50177777777823.
[I 2026-08-24 22:14:55,687] Trial 21 pruned. 
[I 2026-08-24 22:22:07,265] Trial 13 finished with value: 87.82244444444468 and parameters: {'learning_rate_a': 0.00019760638627828238, 'ppo_epochs': 4, 'ent_coef': 0.005207735984119114, 'clip_eps': 0.2, 'gae_lambda': 0.9441897916228613, 'vf_coef': 0.322960563069263, 'rollout_steps': 8192, 'minibatch_size': 128, 'hidden_dim': 256}. Best is trial 2 with value: 115.50177777777823.
[I 2026-08-24 23:05:44,547] Trial 16 finished with value: 95.01733333333357 and parameters: {'learning_rate_a': 0.00019973139537243252, 'ppo_epochs': 6, 'ent_coef': 0.006861246881326827, 'clip_eps': 0.3, 'gae_lambda': 0.949720152078657, 'vf_coef': 0.4739386352300856, 'rollout_steps': 8192, 'minibatch_size': 64, 'hidden_dim': 512}. Best is trial 2 with value: 115.50177777777823.
[I 2026-08-25 01:30:03,649] Trial 17 pruned. 
[I 2026-08-25 01:36:24,139] Trial 27 pruned. 
[I 2026-08-25 01:36:37,413] Trial 28 pruned. 
[I 2026-08-25 01:41:53,767] Trial 18 finished with value: 81.60666666666688 and parameters: {'learning_rate_a': 0.0005204400977139152, 'ppo_epochs': 4, 'ent_coef': 0.010173181419428247, 'clip_eps': 0.3, 'gae_lambda': 0.9504962641130867, 'vf_coef': 0.9375886870243639, 'rollout_steps': 8192, 'minibatch_size': 128, 'hidden_dim': 512}. Best is trial 2 with value: 115.50177777777823.
[I 2026-08-25 02:54:36,208] Trial 19 finished with value: 24.16888888888883 and parameters: {'learning_rate_a': 2.115503621304566e-05, 'ppo_epochs': 10, 'ent_coef': 0.008141250236574905, 'clip_eps': 0.1, 'gae_lambda': 0.9316827722647826, 'vf_coef': 0.8898181416794799, 'rollout_steps': 4096, 'minibatch_size': 256, 'hidden_dim': 256}. Best is trial 2 with value: 115.50177777777823.
[I 2026-08-25 04:51:26,106] Trial 20 pruned. 
[I 2026-08-25 05:01:15,235] Trial 22 pruned. 
[I 2026-08-25 05:13:17,255] Trial 23 pruned. 
[I 2026-08-25 05:15:18,091] Trial 24 pruned. 
[I 2026-08-25 06:05:50,683] Trial 25 finished with value: 69.14066666666676 and parameters: {'learning_rate_a': 0.0004098837287911305, 'ppo_epochs': 6, 'ent_coef': 0.015225717501179578, 'clip_eps': 0.2, 'gae_lambda': 0.9292276057362778, 'vf_coef': 0.7147555177635466, 'rollout_steps': 4096, 'minibatch_size': 256, 'hidden_dim': 256}. Best is trial 2 with value: 115.50177777777823.
[I 2026-08-25 06:19:36,707] Trial 26 finished with value: 43.79955555555543 and parameters: {'learning_rate_a': 0.0003872471527411038, 'ppo_epochs': 3, 'ent_coef': 0.0127649993544931, 'clip_eps': 0.3, 'gae_lambda': 0.9461728068824955, 'vf_coef': 0.5242966536886889, 'rollout_steps': 4096, 'minibatch_size': 256, 'hidden_dim': 512}. Best is trial 2 with value: 115.50177777777823.
[I 2026-08-25 08:19:36,526] Trial 35 pruned. 
[I 2026-08-25 08:31:12,376] Trial 36 pruned. 
[I 2026-08-25 09:33:10,159] Trial 29 finished with value: 75.32755555555566 and parameters: {'learning_rate_a': 0.0004221238690445766, 'ppo_epochs': 3, 'ent_coef': 0.01087352137290675, 'clip_eps': 0.3, 'gae_lambda': 0.9561433348282057, 'vf_coef': 0.42147397731431097, 'rollout_steps': 4096, 'minibatch_size': 256, 'hidden_dim': 512}. Best is trial 2 with value: 115.50177777777823.
[I 2026-08-25 12:05:39,622] Trial 32 pruned. 
[I 2026-08-25 12:12:15,114] Trial 33 pruned. 
[I 2026-08-25 12:13:38,282] Trial 30 finished with value: 94.4304444444449 and parameters: {'learning_rate_a': 0.0005534992064108492, 'ppo_epochs': 3, 'ent_coef': 0.00844719741913407, 'clip_eps': 0.3, 'gae_lambda': 0.9435292380834405, 'vf_coef': 0.568487056599648, 'rollout_steps': 4096, 'minibatch_size': 256, 'hidden_dim': 512}. Best is trial 2 with value: 115.50177777777823.
[I 2026-08-25 12:21:37,553] Trial 31 finished with value: 75.9546666666666 and parameters: {'learning_rate_a': 0.00012840938636071324, 'ppo_epochs': 6, 'ent_coef': 0.005870585201664197, 'clip_eps': 0.2, 'gae_lambda': 0.9480696720569594, 'vf_coef': 0.8873923169786754, 'rollout_steps': 4096, 'minibatch_size': 128, 'hidden_dim': 256}. Best is trial 2 with value: 115.50177777777823.
[I 2026-08-25 12:43:44,913] Trial 43 pruned. 
[I 2026-08-25 13:56:39,451] Trial 34 finished with value: 104.32777777777804 and parameters: {'learning_rate_a': 0.00018438466516843542, 'ppo_epochs': 6, 'ent_coef': 0.006227900910966413, 'clip_eps': 0.3, 'gae_lambda': 0.9562081093366025, 'vf_coef': 0.5972970136479681, 'rollout_steps': 8192, 'minibatch_size': 64, 'hidden_dim': 512}. Best is trial 2 with value: 115.50177777777823.
[I 2026-08-25 15:27:02,040] Trial 44 pruned. 
[I 2026-08-25 15:32:15,872] Trial 38 pruned. 
[I 2026-08-25 15:54:43,089] Trial 47 pruned. 
[I 2026-08-25 16:06:31,387] Trial 39 pruned. 
[I 2026-08-25 16:10:38,661] Trial 37 finished with value: 88.03600000000016 and parameters: {'learning_rate_a': 0.0003408255462358632, 'ppo_epochs': 6, 'ent_coef': 0.008780898012248075, 'clip_eps': 0.3, 'gae_lambda': 0.9596562474807238, 'vf_coef': 0.5792586563594774, 'rollout_steps': 8192, 'minibatch_size': 64, 'hidden_dim': 512}. Best is trial 2 with value: 115.50177777777823.
[I 2026-08-25 16:40:22,605] Trial 40 finished with value: 127.64577777777804 and parameters: {'learning_rate_a': 0.0003469139618334856, 'ppo_epochs': 3, 'ent_coef': 0.00524128736131088, 'clip_eps': 0.3, 'gae_lambda': 0.9490597723632296, 'vf_coef': 0.3801000579735247, 'rollout_steps': 8192, 'minibatch_size': 64, 'hidden_dim': 512}. Best is trial 40 with value: 127.64577777777804.
[I 2026-08-25 17:21:57,452] Trial 49 pruned. 
[I 2026-08-25 18:55:52,520] Trial 50 pruned. 
[I 2026-08-25 19:02:06,091] Trial 41 finished with value: 50.56866666666665 and parameters: {'learning_rate_a': 0.0003559655364529542, 'ppo_epochs': 3, 'ent_coef': 0.010501898425183311, 'clip_eps': 0.2, 'gae_lambda': 0.9357831731287145, 'vf_coef': 0.5071758996147759, 'rollout_steps': 4096, 'minibatch_size': 128, 'hidden_dim': 256}. Best is trial 40 with value: 127.64577777777804.
[I 2026-08-25 19:08:07,613] Trial 42 finished with value: 97.08266666666707 and parameters: {'learning_rate_a': 0.000227981444898657, 'ppo_epochs': 4, 'ent_coef': 0.007335332091463221, 'clip_eps': 0.2, 'gae_lambda': 0.9309505536008742, 'vf_coef': 0.40165808099667555, 'rollout_steps': 8192, 'minibatch_size': 128, 'hidden_dim': 256}. Best is trial 40 with value: 127.64577777777804.
[I 2026-08-25 19:31:26,620] Trial 52 pruned. 
[I 2026-08-25 19:43:39,907] Trial 54 pruned. 
[I 2026-08-25 20:04:32,335] Trial 55 pruned. 
[I 2026-08-25 22:00:16,825] Trial 45 pruned. 
[I 2026-08-25 22:31:58,282] Trial 59 pruned. 
[I 2026-08-25 22:39:35,649] Trial 60 pruned. 
[I 2026-08-25 23:14:25,863] Trial 46 finished with value: 74.35866666666664 and parameters: {'learning_rate_a': 9.020421682317971e-05, 'ppo_epochs': 6, 'ent_coef': 0.008627422368760308, 'clip_eps': 0.2, 'gae_lambda': 0.9412274824836534, 'vf_coef': 0.6878467626377619, 'rollout_steps': 4096, 'minibatch_size': 128, 'hidden_dim': 512}. Best is trial 40 with value: 127.64577777777804.
[I 2026-08-25 23:38:41,682] Trial 48 finished with value: 116.95088888888937 and parameters: {'learning_rate_a': 0.0005860845000809756, 'ppo_epochs': 4, 'ent_coef': 0.009017046439088225, 'clip_eps': 0.3, 'gae_lambda': 0.9357753329959221, 'vf_coef': 0.7167565933701397, 'rollout_steps': 4096, 'minibatch_size': 256, 'hidden_dim': 512}. Best is trial 40 with value: 127.64577777777804.
[I 2026-08-26 01:30:53,252] Trial 63 pruned. 
[I 2026-08-26 01:47:40,313] Trial 64 pruned. 
[I 2026-08-26 02:00:28,116] Trial 65 pruned. 
[I 2026-08-26 02:32:41,184] Trial 51 finished with value: 77.89000000000007 and parameters: {'learning_rate_a': 0.000509781817942446, 'ppo_epochs': 6, 'ent_coef': 0.0063525039815651415, 'clip_eps': 0.2, 'gae_lambda': 0.9419942055541753, 'vf_coef': 0.6594772277717972, 'rollout_steps': 4096, 'minibatch_size': 128, 'hidden_dim': 512}. Best is trial 40 with value: 127.64577777777804.
[I 2026-08-26 02:36:12,860] Trial 66 pruned. 
[I 2026-08-26 02:44:28,423] Trial 53 finished with value: 108.1713333333337 and parameters: {'learning_rate_a': 0.0007309183546132812, 'ppo_epochs': 3, 'ent_coef': 0.006083222466956769, 'clip_eps': 0.3, 'gae_lambda': 0.921513467837606, 'vf_coef': 0.6759460709525423, 'rollout_steps': 4096, 'minibatch_size': 256, 'hidden_dim': 512}. Best is trial 40 with value: 127.64577777777804.
[I 2026-08-26 02:57:55,232] Trial 67 pruned. 
[I 2026-08-26 03:58:54,497] Trial 56 finished with value: 92.17644444444481 and parameters: {'learning_rate_a': 0.0003152835794674771, 'ppo_epochs': 3, 'ent_coef': 0.008213504981652558, 'clip_eps': 0.3, 'gae_lambda': 0.9523353979212477, 'vf_coef': 0.5111662168295064, 'rollout_steps': 8192, 'minibatch_size': 128, 'hidden_dim': 512}. Best is trial 40 with value: 127.64577777777804.
[I 2026-08-26 04:54:32,524] Trial 68 pruned. 
[I 2026-08-26 05:32:47,601] Trial 58 finished with value: 92.58666666666676 and parameters: {'learning_rate_a': 0.0003280680181446576, 'ppo_epochs': 3, 'ent_coef': 0.00613438277537438, 'clip_eps': 0.3, 'gae_lambda': 0.9383599028446316, 'vf_coef': 0.42966998043257687, 'rollout_steps': 8192, 'minibatch_size': 128, 'hidden_dim': 512}. Best is trial 40 with value: 127.64577777777804.
[I 2026-08-26 05:37:01,523] Trial 61 pruned. 
[I 2026-08-26 05:43:56,212] Trial 57 finished with value: 78.42911111111133 and parameters: {'learning_rate_a': 0.0004665278963983143, 'ppo_epochs': 3, 'ent_coef': 0.007187548339967469, 'clip_eps': 0.2, 'gae_lambda': 0.9331059248230295, 'vf_coef': 0.5906422707377792, 'rollout_steps': 4096, 'minibatch_size': 128, 'hidden_dim': 256}. Best is trial 40 with value: 127.64577777777804.
[I 2026-08-26 06:13:57,941] Trial 62 pruned. 
[I 2026-08-26 06:16:25,225] Trial 74 pruned. 
[2026-08-26T08:18:11.098] error: *** JOB 6559842 ON uc2n905 CANCELLED AT 2026-08-26T08:18:11 DUE TO TIME LIMIT ***
