/home/ul/ul_student/ul_lmm50/.conda/envs/dqn-flappy-bird-cuda/lib/python3.11/site-packages/optuna/_experimental.py:33: ExperimentalWarning: Argument ``multivariate`` is an experimental feature. The interface can change in the future.
  optuna_warn(
/home/ul/ul_student/ul_lmm50/.conda/envs/dqn-flappy-bird-cuda/lib/python3.11/site-packages/optuna/_experimental.py:33: ExperimentalWarning: Argument ``multivariate`` is an experimental feature. The interface can change in the future.
  optuna_warn(
/home/ul/ul_student/ul_lmm50/.conda/envs/dqn-flappy-bird-cuda/lib/python3.11/site-packages/optuna/_experimental.py:33: ExperimentalWarning: Argument ``multivariate`` is an experimental feature. The interface can change in the future.
  optuna_warn(
/home/ul/ul_student/ul_lmm50/.conda/envs/dqn-flappy-bird-cuda/lib/python3.11/site-packages/optuna/_experimental.py:33: ExperimentalWarning: Argument ``multivariate`` is an experimental feature. The interface can change in the future.
  optuna_warn(
/home/ul/ul_student/ul_lmm50/.conda/envs/dqn-flappy-bird-cuda/lib/python3.11/site-packages/optuna/_experimental.py:33: ExperimentalWarning: Argument ``multivariate`` is an experimental feature. The interface can change in the future.
  optuna_warn(
/home/ul/ul_student/ul_lmm50/.conda/envs/dqn-flappy-bird-cuda/lib/python3.11/site-packages/optuna/_experimental.py:33: ExperimentalWarning: Argument ``multivariate`` is an experimental feature. The interface can change in the future.
  optuna_warn(
/home/ul/ul_student/ul_lmm50/.conda/envs/dqn-flappy-bird-cuda/lib/python3.11/site-packages/optuna/_experimental.py:33: ExperimentalWarning: Argument ``multivariate`` is an experimental feature. The interface can change in the future.
  optuna_warn(
/home/ul/ul_student/ul_lmm50/.conda/envs/dqn-flappy-bird-cuda/lib/python3.11/site-packages/optuna/_experimental.py:33: ExperimentalWarning: Argument ``multivariate`` is an experimental feature. The interface can change in the future.
  optuna_warn(
/home/ul/ul_student/ul_lmm50/.conda/envs/dqn-flappy-bird-cuda/lib/python3.11/site-packages/optuna/_experimental.py:33: ExperimentalWarning: Argument ``multivariate`` is an experimental feature. The interface can change in the future.
  optuna_warn(
/home/ul/ul_student/ul_lmm50/.conda/envs/dqn-flappy-bird-cuda/lib/python3.11/site-packages/optuna/_experimental.py:33: ExperimentalWarning: Argument ``multivariate`` is an experimental feature. The interface can change in the future.
  optuna_warn(
/home/ul/ul_student/ul_lmm50/.conda/envs/dqn-flappy-bird-cuda/lib/python3.11/site-packages/optuna/_experimental.py:33: ExperimentalWarning: Argument ``multivariate`` is an experimental feature. The interface can change in the future.
  optuna_warn(
/home/ul/ul_student/ul_lmm50/.conda/envs/dqn-flappy-bird-cuda/lib/python3.11/site-packages/optuna/_experimental.py:33: ExperimentalWarning: Argument ``multivariate`` is an experimental feature. The interface can change in the future.
  optuna_warn(
[I 2026-08-08 21:53:00,301] A new study created in Journal with name: ppo_6214659
[I 2026-08-08 21:53:00,317] Using an existing study with name 'ppo_6214659' instead of creating a new one.
[I 2026-08-08 21:53:00,334] Using an existing study with name 'ppo_6214659' instead of creating a new one.
[I 2026-08-08 21:53:00,351] Using an existing study with name 'ppo_6214659' instead of creating a new one.
[I 2026-08-08 21:53:00,370] Using an existing study with name 'ppo_6214659' instead of creating a new one.
[I 2026-08-08 21:53:00,413] Using an existing study with name 'ppo_6214659' instead of creating a new one.
[I 2026-08-08 21:53:00,520] Using an existing study with name 'ppo_6214659' instead of creating a new one.
[I 2026-08-08 21:53:00,539] Using an existing study with name 'ppo_6214659' instead of creating a new one.
[I 2026-08-08 21:53:00,547] Using an existing study with name 'ppo_6214659' instead of creating a new one.
[I 2026-08-08 21:53:00,591] Using an existing study with name 'ppo_6214659' instead of creating a new one.
[I 2026-08-08 21:53:00,734] Using an existing study with name 'ppo_6214659' instead of creating a new one.
[I 2026-08-08 21:53:00,883] Using an existing study with name 'ppo_6214659' instead of creating a new one.
[I 2026-08-08 22:10:13,298] Trial 10 pruned. 
[I 2026-08-08 22:40:05,985] Trial 5 pruned. 
[I 2026-08-08 22:40:06,314] Trial 0 pruned. 
[I 2026-08-08 22:40:16,146] Trial 4 pruned. 
[I 2026-08-08 22:44:32,383] Trial 6 pruned. 
[I 2026-08-08 22:57:37,232] Trial 12 pruned. 
[I 2026-08-08 23:01:56,586] Trial 16 pruned. 
[I 2026-08-08 23:15:11,378] Trial 17 pruned. 
[I 2026-08-08 23:27:34,772] Trial 14 pruned. 
[I 2026-08-08 23:28:50,123] Trial 13 pruned. 
[I 2026-08-08 23:32:14,756] Trial 15 pruned. 
/pfs/data6/home/ul/ul_student/ul_lmm50/Neuroinformatik/src/ppo_agent.py:48: FutureWarning: You are using `torch.load` with `weights_only=False` (the current default value), which uses the default pickle module implicitly. It is possible to construct malicious pickle data which will execute arbitrary code during unpickling (See https://github.com/pytorch/pytorch/blob/main/SECURITY.md#untrusted-models for more details). In a future release, the default value for `weights_only` will be flipped to `True`. This limits the functions that could be executed during unpickling. Arbitrary objects will no longer be allowed to be loaded via this mode unless they are explicitly allowlisted by the user via `torch.serialization.add_safe_globals`. We recommend you start setting `weights_only=True` for any use case where you don't have full control of the loaded file. Please open an issue on GitHub for any issues related to this experimental feature.
  actor_critic.load_state_dict(torch.load(self.MODEL_FILE, map_location=device))
/pfs/data6/home/ul/ul_student/ul_lmm50/Neuroinformatik/src/ppo_agent.py:48: FutureWarning: You are using `torch.load` with `weights_only=False` (the current default value), which uses the default pickle module implicitly. It is possible to construct malicious pickle data which will execute arbitrary code during unpickling (See https://github.com/pytorch/pytorch/blob/main/SECURITY.md#untrusted-models for more details). In a future release, the default value for `weights_only` will be flipped to `True`. This limits the functions that could be executed during unpickling. Arbitrary objects will no longer be allowed to be loaded via this mode unless they are explicitly allowlisted by the user via `torch.serialization.add_safe_globals`. We recommend you start setting `weights_only=True` for any use case where you don't have full control of the loaded file. Please open an issue on GitHub for any issues related to this experimental feature.
  actor_critic.load_state_dict(torch.load(self.MODEL_FILE, map_location=device))
/pfs/data6/home/ul/ul_student/ul_lmm50/Neuroinformatik/src/ppo_agent.py:48: FutureWarning: You are using `torch.load` with `weights_only=False` (the current default value), which uses the default pickle module implicitly. It is possible to construct malicious pickle data which will execute arbitrary code during unpickling (See https://github.com/pytorch/pytorch/blob/main/SECURITY.md#untrusted-models for more details). In a future release, the default value for `weights_only` will be flipped to `True`. This limits the functions that could be executed during unpickling. Arbitrary objects will no longer be allowed to be loaded via this mode unless they are explicitly allowlisted by the user via `torch.serialization.add_safe_globals`. We recommend you start setting `weights_only=True` for any use case where you don't have full control of the loaded file. Please open an issue on GitHub for any issues related to this experimental feature.
  actor_critic.load_state_dict(torch.load(self.MODEL_FILE, map_location=device))
/pfs/data6/home/ul/ul_student/ul_lmm50/Neuroinformatik/src/ppo_agent.py:48: FutureWarning: You are using `torch.load` with `weights_only=False` (the current default value), which uses the default pickle module implicitly. It is possible to construct malicious pickle data which will execute arbitrary code during unpickling (See https://github.com/pytorch/pytorch/blob/main/SECURITY.md#untrusted-models for more details). In a future release, the default value for `weights_only` will be flipped to `True`. This limits the functions that could be executed during unpickling. Arbitrary objects will no longer be allowed to be loaded via this mode unless they are explicitly allowlisted by the user via `torch.serialization.add_safe_globals`. We recommend you start setting `weights_only=True` for any use case where you don't have full control of the loaded file. Please open an issue on GitHub for any issues related to this experimental feature.
  actor_critic.load_state_dict(torch.load(self.MODEL_FILE, map_location=device))
/pfs/data6/home/ul/ul_student/ul_lmm50/Neuroinformatik/src/ppo_agent.py:48: FutureWarning: You are using `torch.load` with `weights_only=False` (the current default value), which uses the default pickle module implicitly. It is possible to construct malicious pickle data which will execute arbitrary code during unpickling (See https://github.com/pytorch/pytorch/blob/main/SECURITY.md#untrusted-models for more details). In a future release, the default value for `weights_only` will be flipped to `True`. This limits the functions that could be executed during unpickling. Arbitrary objects will no longer be allowed to be loaded via this mode unless they are explicitly allowlisted by the user via `torch.serialization.add_safe_globals`. We recommend you start setting `weights_only=True` for any use case where you don't have full control of the loaded file. Please open an issue on GitHub for any issues related to this experimental feature.
  actor_critic.load_state_dict(torch.load(self.MODEL_FILE, map_location=device))
[I 2026-08-09 00:21:29,118] Trial 22 pruned. 
/pfs/data6/home/ul/ul_student/ul_lmm50/Neuroinformatik/src/ppo_agent.py:48: FutureWarning: You are using `torch.load` with `weights_only=False` (the current default value), which uses the default pickle module implicitly. It is possible to construct malicious pickle data which will execute arbitrary code during unpickling (See https://github.com/pytorch/pytorch/blob/main/SECURITY.md#untrusted-models for more details). In a future release, the default value for `weights_only` will be flipped to `True`. This limits the functions that could be executed during unpickling. Arbitrary objects will no longer be allowed to be loaded via this mode unless they are explicitly allowlisted by the user via `torch.serialization.add_safe_globals`. We recommend you start setting `weights_only=True` for any use case where you don't have full control of the loaded file. Please open an issue on GitHub for any issues related to this experimental feature.
  actor_critic.load_state_dict(torch.load(self.MODEL_FILE, map_location=device))
[I 2026-08-09 00:24:52,638] Trial 7 finished with value: 99.27499999999887 and parameters: {'learning_rate_a': 0.0001224543371164257, 'ppo_epochs': 3, 'ent_coef': 0.017994858485225106, 'clip_eps': 0.1, 'gae_lambda': 0.9866135337033878, 'vf_coef': 0.9853913914460815, 'rollout_steps': 4096, 'minibatch_size': 128, 'hidden_dim': 512}. Best is trial 7 with value: 99.27499999999887.
/pfs/data6/home/ul/ul_student/ul_lmm50/Neuroinformatik/src/ppo_agent.py:48: FutureWarning: You are using `torch.load` with `weights_only=False` (the current default value), which uses the default pickle module implicitly. It is possible to construct malicious pickle data which will execute arbitrary code during unpickling (See https://github.com/pytorch/pytorch/blob/main/SECURITY.md#untrusted-models for more details). In a future release, the default value for `weights_only` will be flipped to `True`. This limits the functions that could be executed during unpickling. Arbitrary objects will no longer be allowed to be loaded via this mode unless they are explicitly allowlisted by the user via `torch.serialization.add_safe_globals`. We recommend you start setting `weights_only=True` for any use case where you don't have full control of the loaded file. Please open an issue on GitHub for any issues related to this experimental feature.
  actor_critic.load_state_dict(torch.load(self.MODEL_FILE, map_location=device))
[I 2026-08-09 00:32:31,867] Trial 3 finished with value: 211.39999999999384 and parameters: {'learning_rate_a': 5.119009404544678e-05, 'ppo_epochs': 6, 'ent_coef': 0.02313816767338701, 'clip_eps': 0.3, 'gae_lambda': 0.9870695458262618, 'vf_coef': 0.37723090249331825, 'rollout_steps': 4096, 'minibatch_size': 256, 'hidden_dim': 256}. Best is trial 3 with value: 211.39999999999384.
[I 2026-08-09 00:37:14,169] Trial 2 finished with value: 98.47499999999891 and parameters: {'learning_rate_a': 5.239833087165617e-05, 'ppo_epochs': 10, 'ent_coef': 0.03839760372883201, 'clip_eps': 0.1, 'gae_lambda': 0.9157494871954747, 'vf_coef': 0.8257759044856565, 'rollout_steps': 4096, 'minibatch_size': 64, 'hidden_dim': 256}. Best is trial 3 with value: 211.39999999999384.
[I 2026-08-09 00:37:54,010] Trial 11 finished with value: 195.64999999999455 and parameters: {'learning_rate_a': 0.00014963928832065516, 'ppo_epochs': 4, 'ent_coef': 0.04944198702504183, 'clip_eps': 0.2, 'gae_lambda': 0.9863228162761042, 'vf_coef': 0.5250340928485424, 'rollout_steps': 8192, 'minibatch_size': 128, 'hidden_dim': 512}. Best is trial 3 with value: 211.39999999999384.
[I 2026-08-09 00:40:06,137] Trial 1 finished with value: 307.6750000000012 and parameters: {'learning_rate_a': 0.00038596492747064687, 'ppo_epochs': 6, 'ent_coef': 0.02275637689967871, 'clip_eps': 0.1, 'gae_lambda': 0.9294124295435597, 'vf_coef': 0.994852489271566, 'rollout_steps': 8192, 'minibatch_size': 128, 'hidden_dim': 512}. Best is trial 1 with value: 307.6750000000012.
[I 2026-08-09 00:48:11,890] Trial 25 pruned. 
[I 2026-08-09 01:04:20,417] Trial 8 finished with value: 430.55000000002315 and parameters: {'learning_rate_a': 4.6610383230186e-05, 'ppo_epochs': 4, 'ent_coef': 0.02930268919633313, 'clip_eps': 0.1, 'gae_lambda': 0.9055259978328806, 'vf_coef': 0.32917147628246324, 'rollout_steps': 8192, 'minibatch_size': 128, 'hidden_dim': 256}. Best is trial 8 with value: 430.55000000002315.
[I 2026-08-09 01:12:26,090] Trial 23 pruned. 
/pfs/data6/home/ul/ul_student/ul_lmm50/Neuroinformatik/src/ppo_agent.py:48: FutureWarning: You are using `torch.load` with `weights_only=False` (the current default value), which uses the default pickle module implicitly. It is possible to construct malicious pickle data which will execute arbitrary code during unpickling (See https://github.com/pytorch/pytorch/blob/main/SECURITY.md#untrusted-models for more details). In a future release, the default value for `weights_only` will be flipped to `True`. This limits the functions that could be executed during unpickling. Arbitrary objects will no longer be allowed to be loaded via this mode unless they are explicitly allowlisted by the user via `torch.serialization.add_safe_globals`. We recommend you start setting `weights_only=True` for any use case where you don't have full control of the loaded file. Please open an issue on GitHub for any issues related to this experimental feature.
  actor_critic.load_state_dict(torch.load(self.MODEL_FILE, map_location=device))
[I 2026-08-09 01:20:04,593] Trial 30 pruned. 
[I 2026-08-09 01:24:16,369] Trial 26 pruned. 
[I 2026-08-09 01:26:53,764] Trial 28 pruned. 
[I 2026-08-09 01:33:30,542] Trial 29 pruned. 
[I 2026-08-09 01:40:19,389] Trial 33 pruned. 
[I 2026-08-09 01:42:27,678] Trial 18 finished with value: 281.27499999999725 and parameters: {'learning_rate_a': 0.000655462071311832, 'ppo_epochs': 3, 'ent_coef': 0.03215014625439476, 'clip_eps': 0.2, 'gae_lambda': 0.948265978985011, 'vf_coef': 0.7916945424517503, 'rollout_steps': 4096, 'minibatch_size': 256, 'hidden_dim': 512}. Best is trial 8 with value: 430.55000000002315.
[I 2026-08-09 01:42:56,444] Trial 34 pruned. 
/pfs/data6/home/ul/ul_student/ul_lmm50/Neuroinformatik/src/ppo_agent.py:48: FutureWarning: You are using `torch.load` with `weights_only=False` (the current default value), which uses the default pickle module implicitly. It is possible to construct malicious pickle data which will execute arbitrary code during unpickling (See https://github.com/pytorch/pytorch/blob/main/SECURITY.md#untrusted-models for more details). In a future release, the default value for `weights_only` will be flipped to `True`. This limits the functions that could be executed during unpickling. Arbitrary objects will no longer be allowed to be loaded via this mode unless they are explicitly allowlisted by the user via `torch.serialization.add_safe_globals`. We recommend you start setting `weights_only=True` for any use case where you don't have full control of the loaded file. Please open an issue on GitHub for any issues related to this experimental feature.
  actor_critic.load_state_dict(torch.load(self.MODEL_FILE, map_location=device))
[I 2026-08-09 01:52:24,305] Trial 21 pruned. 
[I 2026-08-09 01:55:53,231] Trial 36 pruned. 
[I 2026-08-09 01:58:56,610] Trial 31 pruned. 
[I 2026-08-09 02:39:45,187] Trial 39 pruned. 
[I 2026-08-09 02:47:14,063] Trial 20 finished with value: 404.95000000001863 and parameters: {'learning_rate_a': 0.00022687050215195324, 'ppo_epochs': 4, 'ent_coef': 0.014036854166774422, 'clip_eps': 0.1, 'gae_lambda': 0.9751860489826711, 'vf_coef': 0.633466192898076, 'rollout_steps': 8192, 'minibatch_size': 64, 'hidden_dim': 512}. Best is trial 8 with value: 430.55000000002315.
/pfs/data6/home/ul/ul_student/ul_lmm50/Neuroinformatik/src/ppo_agent.py:48: FutureWarning: You are using `torch.load` with `weights_only=False` (the current default value), which uses the default pickle module implicitly. It is possible to construct malicious pickle data which will execute arbitrary code during unpickling (See https://github.com/pytorch/pytorch/blob/main/SECURITY.md#untrusted-models for more details). In a future release, the default value for `weights_only` will be flipped to `True`. This limits the functions that could be executed during unpickling. Arbitrary objects will no longer be allowed to be loaded via this mode unless they are explicitly allowlisted by the user via `torch.serialization.add_safe_globals`. We recommend you start setting `weights_only=True` for any use case where you don't have full control of the loaded file. Please open an issue on GitHub for any issues related to this experimental feature.
  actor_critic.load_state_dict(torch.load(self.MODEL_FILE, map_location=device))
[I 2026-08-09 02:57:53,463] Trial 27 pruned. 
[I 2026-08-09 03:00:31,086] Trial 24 finished with value: 279.87499999999636 and parameters: {'learning_rate_a': 0.0002152372758773806, 'ppo_epochs': 3, 'ent_coef': 0.010174318474700307, 'clip_eps': 0.1, 'gae_lambda': 0.9812509160115235, 'vf_coef': 0.9248785282100542, 'rollout_steps': 4096, 'minibatch_size': 256, 'hidden_dim': 512}. Best is trial 8 with value: 430.55000000002315.
[I 2026-08-09 03:03:10,862] Trial 43 pruned. 
[I 2026-08-09 03:16:20,171] Trial 45 pruned. 
[I 2026-08-09 03:20:17,832] Trial 9 finished with value: 2191.7999999992935 and parameters: {'learning_rate_a': 7.764867417635691e-05, 'ppo_epochs': 10, 'ent_coef': 0.027816882969354046, 'clip_eps': 0.1, 'gae_lambda': 0.9400389522380331, 'vf_coef': 0.5058465085973265, 'rollout_steps': 4096, 'minibatch_size': 64, 'hidden_dim': 256}. Best is trial 9 with value: 2191.7999999992935.
[I 2026-08-09 03:47:37,602] Trial 32 finished with value: 78.3749999999998 and parameters: {'learning_rate_a': 8.107584854920836e-05, 'ppo_epochs': 6, 'ent_coef': 0.018635703431087513, 'clip_eps': 0.3, 'gae_lambda': 0.984675513926994, 'vf_coef': 0.43284109142606636, 'rollout_steps': 4096, 'minibatch_size': 256, 'hidden_dim': 256}. Best is trial 9 with value: 2191.7999999992935.
[I 2026-08-09 03:49:41,431] Trial 46 pruned. 
[I 2026-08-09 03:55:23,951] Trial 35 pruned. 
[I 2026-08-09 04:07:32,893] Trial 38 finished with value: 23.450000000000074 and parameters: {'learning_rate_a': 0.0005924349178430618, 'ppo_epochs': 3, 'ent_coef': 0.04240574177518617, 'clip_eps': 0.2, 'gae_lambda': 0.9492064636019024, 'vf_coef': 0.6877324809452139, 'rollout_steps': 4096, 'minibatch_size': 256, 'hidden_dim': 512}. Best is trial 9 with value: 2191.7999999992935.
[I 2026-08-09 04:12:20,106] Trial 37 finished with value: 137.89999999999714 and parameters: {'learning_rate_a': 0.0005519519870298932, 'ppo_epochs': 4, 'ent_coef': 0.023169702604526988, 'clip_eps': 0.2, 'gae_lambda': 0.9396755621391385, 'vf_coef': 0.856761603968553, 'rollout_steps': 4096, 'minibatch_size': 256, 'hidden_dim': 512}. Best is trial 9 with value: 2191.7999999992935.
