[I 2026-08-08 05:11:54,839] Trial 281 pruned. 
[I 2026-08-08 05:19:34,445] Trial 282 pruned. 
[I 2026-08-08 05:27:53,175] Trial 285 pruned. 
[I 2026-08-08 05:36:11,592] Trial 279 finished with value: 2.0000000000000013 and parameters: {'learning_rate_a': 0.0001094302146870647, 'batch_size': 128, 'network_sync_rate': 2000, 'n_step': 3, 'per_alpha': 0.5675680232852146, 'per_beta_init': 0.5544088165646138, 'sigma_init': 0.6225058046005013, 'v_max': 30.0}. Best is trial 210 with value: 242.02499999999338.
[I 2026-08-08 05:36:28,631] Trial 286 pruned. 
[I 2026-08-08 05:37:27,375] Trial 283 pruned. 
[I 2026-08-08 05:41:51,474] Trial 284 pruned. 
[I 2026-08-08 06:03:45,843] Trial 288 pruned. 
[I 2026-08-08 06:13:15,662] Trial 290 pruned. 
[I 2026-08-08 06:38:44,399] Trial 292 pruned. 
[I 2026-08-08 07:06:36,334] Trial 287 finished with value: 2.0000000000000013 and parameters: {'learning_rate_a': 1.8781755699726495e-05, 'batch_size': 128, 'network_sync_rate': 500, 'n_step': 3, 'per_alpha': 0.39472982673256274, 'per_beta_init': 0.4883863967593275, 'sigma_init': 0.5084769797361368, 'v_max': 30.0}. Best is trial 210 with value: 242.02499999999338.
[I 2026-08-08 07:06:48,454] Trial 289 pruned. 
[I 2026-08-08 07:08:22,453] Trial 293 pruned. 
[I 2026-08-08 07:16:20,819] Trial 296 pruned. 
[I 2026-08-08 07:21:26,750] Trial 291 finished with value: 2.0000000000000013 and parameters: {'learning_rate_a': 0.00017074405155492902, 'batch_size': 32, 'network_sync_rate': 1000, 'n_step': 3, 'per_alpha': 0.6031042727896055, 'per_beta_init': 0.43340558582103, 'sigma_init': 0.34717705717572217, 'v_max': 15.0}. Best is trial 210 with value: 242.02499999999338.
[I 2026-08-08 07:29:52,552] Trial 298 pruned. 
[I 2026-08-08 07:32:46,009] Trial 294 pruned. 
[I 2026-08-08 07:38:19,819] Trial 299 pruned. 
[I 2026-08-08 07:43:09,675] Trial 297 pruned. 
[I 2026-08-08 07:47:29,599] Trial 301 pruned. 
[I 2026-08-08 07:56:39,968] Trial 303 pruned. 
[I 2026-08-08 08:00:18,024] Trial 300 pruned. 
[I 2026-08-08 08:05:51,650] Trial 304 pruned. 
[I 2026-08-08 08:14:22,657] Trial 306 pruned. 
[I 2026-08-08 08:23:20,877] Trial 295 finished with value: 2.0000000000000013 and parameters: {'learning_rate_a': 0.0004306782499356723, 'batch_size': 32, 'network_sync_rate': 2000, 'n_step': 3, 'per_alpha': 0.47594126949057264, 'per_beta_init': 0.4487577533519978, 'sigma_init': 0.4227718803640175, 'v_max': 15.0}. Best is trial 210 with value: 242.02499999999338.
[2026-08-08T08:32:18.101] error: *** JOB 6157867 ON uc2n909 CANCELLED AT 2026-08-08T08:32:18 DUE TO TIME LIMIT ***
