[I 2026-09-01 23:56:21,406] Trial 68 finished with value: 42.54999999999996 and parameters: {'learning_rate_a': 0.0001241221892592663, 'ppo_epochs': 4, 'ent_coef': 0.012226709921342198, 'clip_eps': 0.3, 'gae_lambda': 0.9032040994824061, 'vf_coef': 0.5739657174602713, 'rollout_steps': 8192, 'minibatch_size': 64, 'hidden_dim': 512}. Best is trial 51 with value: 61.2108888888888.
[I 2026-09-02 00:01:05,197] Trial 70 pruned. 
[I 2026-09-02 00:12:04,846] Trial 69 finished with value: 43.43888888888885 and parameters: {'learning_rate_a': 9.098881436622797e-05, 'ppo_epochs': 4, 'ent_coef': 0.011212802502093389, 'clip_eps': 0.3, 'gae_lambda': 0.92562946450062, 'vf_coef': 0.6424259953549438, 'rollout_steps': 4096, 'minibatch_size': 64, 'hidden_dim': 512}. Best is trial 51 with value: 61.2108888888888.
[I 2026-09-02 00:15:42,772] Trial 71 finished with value: 63.33888888888885 and parameters: {'learning_rate_a': 0.000203799653626525, 'ppo_epochs': 4, 'ent_coef': 0.010152604422466502, 'clip_eps': 0.3, 'gae_lambda': 0.9162089035400237, 'vf_coef': 0.6923311717592857, 'rollout_steps': 8192, 'minibatch_size': 64, 'hidden_dim': 512}. Best is trial 71 with value: 63.33888888888885.
[I 2026-09-02 00:35:27,109] Trial 78 pruned. 
[I 2026-09-02 00:42:57,949] Trial 79 pruned. 
[I 2026-09-02 00:55:31,366] Trial 72 finished with value: 58.37999999999994 and parameters: {'learning_rate_a': 0.00020558361850948165, 'ppo_epochs': 4, 'ent_coef': 0.010433863187927668, 'clip_eps': 0.3, 'gae_lambda': 0.9095851363311389, 'vf_coef': 0.43669973463309353, 'rollout_steps': 4096, 'minibatch_size': 64, 'hidden_dim': 512}. Best is trial 71 with value: 63.33888888888885.
[I 2026-09-02 01:18:55,487] Trial 73 finished with value: 56.18822222222217 and parameters: {'learning_rate_a': 0.00022508136140708408, 'ppo_epochs': 4, 'ent_coef': 0.011604088918937966, 'clip_eps': 0.3, 'gae_lambda': 0.9179527450905787, 'vf_coef': 0.47435065456754305, 'rollout_steps': 8192, 'minibatch_size': 64, 'hidden_dim': 512}. Best is trial 71 with value: 63.33888888888885.
[I 2026-09-02 02:55:03,599] Trial 84 pruned. 
[I 2026-09-02 03:05:51,335] Trial 74 finished with value: 37.32888888888889 and parameters: {'learning_rate_a': 0.00011840165818655407, 'ppo_epochs': 4, 'ent_coef': 0.0074771902489340625, 'clip_eps': 0.3, 'gae_lambda': 0.9545585848337177, 'vf_coef': 0.46227639518870334, 'rollout_steps': 4096, 'minibatch_size': 128, 'hidden_dim': 512}. Best is trial 71 with value: 63.33888888888885.
[I 2026-09-02 03:12:28,608] Trial 85 pruned. 
[I 2026-09-02 03:17:56,460] Trial 86 pruned. 
[I 2026-09-02 03:58:07,256] Trial 88 pruned. 
[I 2026-09-02 05:20:27,532] Trial 76 pruned. 
/pfs/data6/home/ul/ul_student/ul_lmm50/Neuroinformatik/src/tune.py:377: ExperimentalWarning: optuna.visualization.matplotlib._optimization_history.plot_optimization_history is experimental (supported from v2.2.0). The interface can change in the future.
  ax = fn(study)
/pfs/data6/home/ul/ul_student/ul_lmm50/Neuroinformatik/src/tune.py:377: ExperimentalWarning: optuna.visualization.matplotlib._param_importances.plot_param_importances is experimental (supported from v2.2.0). The interface can change in the future.
  ax = fn(study)
/pfs/data6/home/ul/ul_student/ul_lmm50/Neuroinformatik/src/tune.py:377: ExperimentalWarning: optuna.visualization.matplotlib._parallel_coordinate.plot_parallel_coordinate is experimental (supported from v2.2.0). The interface can change in the future.
  ax = fn(study)
/pfs/data6/home/ul/ul_student/ul_lmm50/Neuroinformatik/src/tune.py:377: ExperimentalWarning: optuna.visualization.matplotlib._slice.plot_slice is experimental (supported from v2.2.0). The interface can change in the future.
  ax = fn(study)
/pfs/data6/home/ul/ul_student/ul_lmm50/Neuroinformatik/src/tune.py:379: UserWarning: This figure includes Axes that are not compatible with tight_layout, so results might be incorrect.
  fig.tight_layout()
