[I 2026-08-06 12:24:02,198] Trial 152 pruned. 
[I 2026-08-06 12:28:36,921] Trial 173 pruned. 
[I 2026-08-06 12:33:43,990] Trial 175 pruned. 
[I 2026-08-06 12:37:08,000] Trial 172 pruned. 
[I 2026-08-06 12:37:14,601] Trial 156 finished with value: 4.999999999999995 and parameters: {'learning_rate_a': 0.00028022580514446346, 'ppo_epochs': 4, 'ent_coef': 0.03843064022330816, 'clip_eps': 0.3, 'gae_lambda': 0.9491142541669185, 'vf_coef': 0.9654083585925981, 'rollout_steps': 1024, 'minibatch_size': 128, 'hidden_dim': 512}. Best is trial 126 with value: 191.52499999999472.
[I 2026-08-06 12:38:47,908] Trial 176 pruned. 
[I 2026-08-06 12:42:38,698] Trial 177 pruned. 
[I 2026-08-06 12:44:28,070] Trial 179 pruned. 
[I 2026-08-06 12:49:29,152] Trial 162 pruned. 
[I 2026-08-06 12:56:37,390] Trial 164 pruned. 
[I 2026-08-06 12:58:02,111] Trial 180 pruned. 
[I 2026-08-06 12:59:48,991] Trial 168 pruned. 
[I 2026-08-06 13:00:21,252] Trial 166 finished with value: 11.29999999999998 and parameters: {'learning_rate_a': 0.00024807951647936807, 'ppo_epochs': 4, 'ent_coef': 0.03740822520347186, 'clip_eps': 0.1, 'gae_lambda': 0.9411391814960195, 'vf_coef': 0.7209239702506753, 'rollout_steps': 1024, 'minibatch_size': 64, 'hidden_dim': 256}. Best is trial 126 with value: 191.52499999999472.
[I 2026-08-06 13:01:32,189] Trial 169 finished with value: 3.8999999999999986 and parameters: {'learning_rate_a': 0.00030650685775595324, 'ppo_epochs': 4, 'ent_coef': 0.016133985177071285, 'clip_eps': 0.3, 'gae_lambda': 0.9414626884403942, 'vf_coef': 0.3812666641664787, 'rollout_steps': 4096, 'minibatch_size': 256, 'hidden_dim': 256}. Best is trial 126 with value: 191.52499999999472.
[I 2026-08-06 13:02:19,275] Trial 167 finished with value: 14.149999999999983 and parameters: {'learning_rate_a': 0.0008268630772686415, 'ppo_epochs': 4, 'ent_coef': 0.020592325394787572, 'clip_eps': 0.3, 'gae_lambda': 0.9488396639876103, 'vf_coef': 0.4536658447701489, 'rollout_steps': 4096, 'minibatch_size': 256, 'hidden_dim': 256}. Best is trial 126 with value: 191.52499999999472.
[I 2026-08-06 13:03:34,248] Trial 171 finished with value: 11.699999999999978 and parameters: {'learning_rate_a': 0.0005438172614700692, 'ppo_epochs': 3, 'ent_coef': 0.037625115918998364, 'clip_eps': 0.2, 'gae_lambda': 0.9705347261226631, 'vf_coef': 0.8922068928324789, 'rollout_steps': 1024, 'minibatch_size': 256, 'hidden_dim': 512}. Best is trial 126 with value: 191.52499999999472.
[I 2026-08-06 13:04:23,957] Trial 182 pruned. 
[I 2026-08-06 13:05:52,397] Trial 186 pruned. 
[I 2026-08-06 13:06:36,893] Trial 170 finished with value: 56.87500000000044 and parameters: {'learning_rate_a': 0.0006296947058993437, 'ppo_epochs': 3, 'ent_coef': 0.047689384800798894, 'clip_eps': 0.2, 'gae_lambda': 0.9439530790615358, 'vf_coef': 0.8360879694796255, 'rollout_steps': 4096, 'minibatch_size': 256, 'hidden_dim': 512}. Best is trial 126 with value: 191.52499999999472.
[I 2026-08-06 13:11:30,765] Trial 183 pruned. 
[I 2026-08-06 13:18:35,632] Trial 178 finished with value: 6.424999999999994 and parameters: {'learning_rate_a': 0.0008569765648773067, 'ppo_epochs': 3, 'ent_coef': 0.022418385770314804, 'clip_eps': 0.3, 'gae_lambda': 0.9368545164606735, 'vf_coef': 0.5788053021235319, 'rollout_steps': 4096, 'minibatch_size': 256, 'hidden_dim': 256}. Best is trial 126 with value: 191.52499999999472.
[I 2026-08-06 13:20:02,327] Trial 191 pruned. 
[I 2026-08-06 13:20:58,829] Trial 192 pruned. 
[I 2026-08-06 13:23:28,370] Trial 194 pruned. 
[I 2026-08-06 13:26:09,241] Trial 174 finished with value: 249.3249999999927 and parameters: {'learning_rate_a': 0.000989424828795126, 'ppo_epochs': 3, 'ent_coef': 0.027248731052681042, 'clip_eps': 0.1, 'gae_lambda': 0.9121446879205366, 'vf_coef': 0.8854626426539564, 'rollout_steps': 1024, 'minibatch_size': 64, 'hidden_dim': 256}. Best is trial 174 with value: 249.3249999999927.
[I 2026-08-06 13:27:27,013] Trial 181 finished with value: 8.799999999999985 and parameters: {'learning_rate_a': 0.0005868090684677992, 'ppo_epochs': 3, 'ent_coef': 0.020055254280240315, 'clip_eps': 0.1, 'gae_lambda': 0.9030170338130115, 'vf_coef': 0.8023077624967716, 'rollout_steps': 1024, 'minibatch_size': 64, 'hidden_dim': 256}. Best is trial 174 with value: 249.3249999999927.
[I 2026-08-06 13:38:04,518] Trial 197 pruned. 
[I 2026-08-06 13:39:58,573] Trial 184 finished with value: 12.899999999999974 and parameters: {'learning_rate_a': 0.0004103680135610123, 'ppo_epochs': 3, 'ent_coef': 0.049233393444096024, 'clip_eps': 0.3, 'gae_lambda': 0.9233423117957338, 'vf_coef': 0.8565354143725671, 'rollout_steps': 1024, 'minibatch_size': 128, 'hidden_dim': 512}. Best is trial 174 with value: 249.3249999999927.
[I 2026-08-06 13:41:41,110] Trial 199 pruned. 
[I 2026-08-06 13:41:41,864] Trial 185 finished with value: 7.374999999999989 and parameters: {'learning_rate_a': 0.0007995964740042537, 'ppo_epochs': 4, 'ent_coef': 0.018425368820761297, 'clip_eps': 0.1, 'gae_lambda': 0.9069923795449641, 'vf_coef': 0.5157758082773592, 'rollout_steps': 4096, 'minibatch_size': 256, 'hidden_dim': 256}. Best is trial 174 with value: 249.3249999999927.
[I 2026-08-06 13:43:24,794] Trial 188 pruned. 
[I 2026-08-06 13:45:16,428] Trial 187 pruned. 
[I 2026-08-06 13:45:25,455] Trial 189 finished with value: 11.12499999999998 and parameters: {'learning_rate_a': 0.00037147928970270624, 'ppo_epochs': 3, 'ent_coef': 0.03948928364501146, 'clip_eps': 0.3, 'gae_lambda': 0.9034009487413692, 'vf_coef': 0.9618796997654668, 'rollout_steps': 1024, 'minibatch_size': 128, 'hidden_dim': 512}. Best is trial 174 with value: 249.3249999999927.
[I 2026-08-06 13:45:38,848] Trial 201 pruned. 
[I 2026-08-06 13:46:52,086] Trial 203 pruned. 
[I 2026-08-06 13:48:26,328] Trial 190 finished with value: 6.199999999999994 and parameters: {'learning_rate_a': 0.00027890449284402884, 'ppo_epochs': 3, 'ent_coef': 0.015631946793809057, 'clip_eps': 0.3, 'gae_lambda': 0.9032822130816922, 'vf_coef': 0.9281086872235981, 'rollout_steps': 1024, 'minibatch_size': 256, 'hidden_dim': 256}. Best is trial 174 with value: 249.3249999999927.
[I 2026-08-06 13:50:07,613] Trial 205 pruned. 
[I 2026-08-06 13:52:10,731] Trial 200 pruned. 
[I 2026-08-06 13:53:27,360] Trial 193 pruned. 
[I 2026-08-06 13:54:04,638] Trial 209 pruned. 
[I 2026-08-06 13:55:04,277] Trial 210 pruned. 
[I 2026-08-06 13:58:21,284] Trial 204 pruned. 
[I 2026-08-06 13:59:28,189] Trial 206 pruned. 
[I 2026-08-06 13:59:48,849] Trial 207 pruned. 
[I 2026-08-06 14:00:00,206] Trial 214 pruned. 
[I 2026-08-06 14:03:04,499] Trial 196 finished with value: 10.64999999999998 and parameters: {'learning_rate_a': 0.000806264937834429, 'ppo_epochs': 3, 'ent_coef': 0.039192891527722616, 'clip_eps': 0.3, 'gae_lambda': 0.9161334444153182, 'vf_coef': 0.9652363376029808, 'rollout_steps': 1024, 'minibatch_size': 128, 'hidden_dim': 512}. Best is trial 174 with value: 249.3249999999927.
[I 2026-08-06 14:04:00,635] Trial 215 pruned. 
[I 2026-08-06 14:04:45,794] Trial 217 pruned. 
[I 2026-08-06 14:04:52,037] Trial 218 pruned. 
[I 2026-08-06 14:08:31,981] Trial 213 pruned. 
[I 2026-08-06 14:09:47,644] Trial 221 pruned. 
[I 2026-08-06 14:09:53,501] Trial 195 finished with value: 50.27500000000015 and parameters: {'learning_rate_a': 0.000481060160859258, 'ppo_epochs': 3, 'ent_coef': 0.03808308405318234, 'clip_eps': 0.2, 'gae_lambda': 0.9064027629743151, 'vf_coef': 0.9472602679852906, 'rollout_steps': 1024, 'minibatch_size': 64, 'hidden_dim': 256}. Best is trial 174 with value: 249.3249999999927.
[I 2026-08-06 14:09:57,964] Trial 198 finished with value: 3.8999999999999986 and parameters: {'learning_rate_a': 0.0009802917054202633, 'ppo_epochs': 10, 'ent_coef': 0.04236770147897255, 'clip_eps': 0.1, 'gae_lambda': 0.921470978486749, 'vf_coef': 0.9880568377761672, 'rollout_steps': 1024, 'minibatch_size': 128, 'hidden_dim': 256}. Best is trial 174 with value: 249.3249999999927.
[I 2026-08-06 14:10:20,229] Trial 222 pruned. 
[I 2026-08-06 14:13:40,749] Trial 216 pruned. 
[I 2026-08-06 14:24:36,806] Trial 227 pruned. 
[I 2026-08-06 14:25:03,886] Trial 202 finished with value: 14.274999999999972 and parameters: {'learning_rate_a': 0.0002787196380396259, 'ppo_epochs': 3, 'ent_coef': 0.018932803325912073, 'clip_eps': 0.3, 'gae_lambda': 0.9024646693993617, 'vf_coef': 0.7825462447274553, 'rollout_steps': 2048, 'minibatch_size': 64, 'hidden_dim': 256}. Best is trial 174 with value: 249.3249999999927.
[I 2026-08-06 14:28:13,420] Trial 228 pruned. 
[I 2026-08-06 14:28:59,404] Trial 208 finished with value: 9.124999999999984 and parameters: {'learning_rate_a': 0.0003417741443092138, 'ppo_epochs': 4, 'ent_coef': 0.038872232392007995, 'clip_eps': 0.2, 'gae_lambda': 0.9016655541599305, 'vf_coef': 0.9806612826609599, 'rollout_steps': 1024, 'minibatch_size': 256, 'hidden_dim': 512}. Best is trial 174 with value: 249.3249999999927.
[I 2026-08-06 14:30:15,085] Trial 230 pruned. 
[I 2026-08-06 14:33:13,681] Trial 231 pruned. 
[I 2026-08-06 14:34:21,807] Trial 211 finished with value: 3.8999999999999986 and parameters: {'learning_rate_a': 0.00037531407027579985, 'ppo_epochs': 6, 'ent_coef': 0.017560135906743973, 'clip_eps': 0.1, 'gae_lambda': 0.9176108280158161, 'vf_coef': 0.9688515007471014, 'rollout_steps': 1024, 'minibatch_size': 256, 'hidden_dim': 256}. Best is trial 174 with value: 249.3249999999927.
[I 2026-08-06 14:35:34,512] Trial 212 finished with value: 8.399999999999986 and parameters: {'learning_rate_a': 0.0006698442427881814, 'ppo_epochs': 4, 'ent_coef': 0.021478650332192425, 'clip_eps': 0.3, 'gae_lambda': 0.9149772605245604, 'vf_coef': 0.3641029637451293, 'rollout_steps': 1024, 'minibatch_size': 256, 'hidden_dim': 512}. Best is trial 174 with value: 249.3249999999927.
[I 2026-08-06 14:38:21,544] Trial 234 pruned. 
[I 2026-08-06 14:46:12,121] Trial 219 finished with value: 6.699999999999992 and parameters: {'learning_rate_a': 0.0005611858860675454, 'ppo_epochs': 3, 'ent_coef': 0.02924698603489783, 'clip_eps': 0.1, 'gae_lambda': 0.9201712409553157, 'vf_coef': 0.9317102585892071, 'rollout_steps': 1024, 'minibatch_size': 64, 'hidden_dim': 512}. Best is trial 174 with value: 249.3249999999927.
[I 2026-08-06 14:48:29,586] Trial 220 finished with value: 54.950000000000415 and parameters: {'learning_rate_a': 0.0006593335450722518, 'ppo_epochs': 3, 'ent_coef': 0.04690736220727274, 'clip_eps': 0.1, 'gae_lambda': 0.9216638650406183, 'vf_coef': 0.9914400417665361, 'rollout_steps': 1024, 'minibatch_size': 64, 'hidden_dim': 256}. Best is trial 174 with value: 249.3249999999927.
[I 2026-08-06 14:49:55,107] Trial 236 pruned. 
[I 2026-08-06 14:51:29,743] Trial 223 finished with value: 22.925000000000068 and parameters: {'learning_rate_a': 0.00025625813200186597, 'ppo_epochs': 4, 'ent_coef': 0.03326467845782385, 'clip_eps': 0.3, 'gae_lambda': 0.905398569691052, 'vf_coef': 0.6625810415317627, 'rollout_steps': 1024, 'minibatch_size': 256, 'hidden_dim': 256}. Best is trial 174 with value: 249.3249999999927.
[I 2026-08-06 14:51:39,138] Trial 224 finished with value: 11.09999999999998 and parameters: {'learning_rate_a': 0.0008883484255458584, 'ppo_epochs': 4, 'ent_coef': 0.015600708447123001, 'clip_eps': 0.3, 'gae_lambda': 0.9168571675558088, 'vf_coef': 0.49393008714469944, 'rollout_steps': 1024, 'minibatch_size': 256, 'hidden_dim': 256}. Best is trial 174 with value: 249.3249999999927.
[I 2026-08-06 14:52:12,348] Trial 226 finished with value: 6.299999999999994 and parameters: {'learning_rate_a': 0.00028426491320165297, 'ppo_epochs': 3, 'ent_coef': 0.03457120314105432, 'clip_eps': 0.2, 'gae_lambda': 0.9056840050283352, 'vf_coef': 0.9160618414964432, 'rollout_steps': 1024, 'minibatch_size': 64, 'hidden_dim': 256}. Best is trial 174 with value: 249.3249999999927.
[I 2026-08-06 14:52:27,039] Trial 225 finished with value: 11.249999999999979 and parameters: {'learning_rate_a': 0.0002936661069493656, 'ppo_epochs': 3, 'ent_coef': 0.03939035402126793, 'clip_eps': 0.2, 'gae_lambda': 0.9018649867984023, 'vf_coef': 0.8143844496136173, 'rollout_steps': 1024, 'minibatch_size': 64, 'hidden_dim': 256}. Best is trial 174 with value: 249.3249999999927.
[I 2026-08-06 14:57:41,528] Trial 243 pruned. 
[I 2026-08-06 15:02:44,268] Trial 239 pruned. 
[I 2026-08-06 15:05:43,481] Trial 241 pruned. 
[I 2026-08-06 15:08:33,122] Trial 229 finished with value: 11.699999999999978 and parameters: {'learning_rate_a': 6.272791810742934e-05, 'ppo_epochs': 10, 'ent_coef': 0.03080720007472822, 'clip_eps': 0.1, 'gae_lambda': 0.953838929347494, 'vf_coef': 0.8397571832846691, 'rollout_steps': 1024, 'minibatch_size': 256, 'hidden_dim': 512}. Best is trial 174 with value: 249.3249999999927.
[I 2026-08-06 15:11:01,745] Trial 232 pruned. 
[I 2026-08-06 15:11:20,264] Trial 247 pruned. 
[I 2026-08-06 15:11:44,740] Trial 245 pruned. 
[I 2026-08-06 15:12:57,600] Trial 233 finished with value: 4.799999999999995 and parameters: {'learning_rate_a': 0.0002266219875711073, 'ppo_epochs': 3, 'ent_coef': 0.027921777721986406, 'clip_eps': 0.2, 'gae_lambda': 0.940254370533772, 'vf_coef': 0.996685509314308, 'rollout_steps': 1024, 'minibatch_size': 64, 'hidden_dim': 256}. Best is trial 174 with value: 249.3249999999927.
[I 2026-08-06 15:13:24,188] Trial 248 pruned. 
[I 2026-08-06 15:15:58,671] Trial 235 finished with value: 4.4999999999999964 and parameters: {'learning_rate_a': 0.00044539177289343144, 'ppo_epochs': 4, 'ent_coef': 0.016133879697273694, 'clip_eps': 0.3, 'gae_lambda': 0.901499267193866, 'vf_coef': 0.5555963216483294, 'rollout_steps': 1024, 'minibatch_size': 256, 'hidden_dim': 256}. Best is trial 174 with value: 249.3249999999927.
[I 2026-08-06 15:16:50,730] Trial 246 pruned. 
[I 2026-08-06 15:20:56,456] Trial 254 pruned. 
[I 2026-08-06 15:20:59,177] Trial 237 finished with value: 13.449999999999973 and parameters: {'learning_rate_a': 0.00012953514017360055, 'ppo_epochs': 3, 'ent_coef': 0.04679724314089279, 'clip_eps': 0.2, 'gae_lambda': 0.9079226879369928, 'vf_coef': 0.9349300769935388, 'rollout_steps': 1024, 'minibatch_size': 64, 'hidden_dim': 256}. Best is trial 174 with value: 249.3249999999927.
[I 2026-08-06 15:25:37,767] Trial 251 pruned. 
[I 2026-08-06 15:26:26,103] Trial 256 pruned. 
[I 2026-08-06 15:27:01,251] Trial 252 pruned. 
[I 2026-08-06 15:30:31,713] Trial 238 finished with value: 48.32500000000034 and parameters: {'learning_rate_a': 0.0003009398735601461, 'ppo_epochs': 4, 'ent_coef': 0.018287665218213286, 'clip_eps': 0.3, 'gae_lambda': 0.9058416162816381, 'vf_coef': 0.6432327593098842, 'rollout_steps': 1024, 'minibatch_size': 256, 'hidden_dim': 256}. Best is trial 174 with value: 249.3249999999927.
[I 2026-08-06 15:31:25,563] Trial 259 pruned. 
[I 2026-08-06 15:33:47,616] Trial 242 finished with value: 5.999999999999995 and parameters: {'learning_rate_a': 0.00014706452266408137, 'ppo_epochs': 4, 'ent_coef': 0.043803098807854865, 'clip_eps': 0.3, 'gae_lambda': 0.9096606659818316, 'vf_coef': 0.9450968195079403, 'rollout_steps': 1024, 'minibatch_size': 64, 'hidden_dim': 512}. Best is trial 174 with value: 249.3249999999927.
[I 2026-08-06 15:34:06,936] Trial 240 finished with value: 29.50000000000014 and parameters: {'learning_rate_a': 0.0005742188830644774, 'ppo_epochs': 3, 'ent_coef': 0.03934529002476596, 'clip_eps': 0.1, 'gae_lambda': 0.9214820431802228, 'vf_coef': 0.7138704842590362, 'rollout_steps': 2048, 'minibatch_size': 256, 'hidden_dim': 256}. Best is trial 174 with value: 249.3249999999927.
[I 2026-08-06 15:35:33,445] Trial 257 pruned. 
[I 2026-08-06 15:36:20,433] Trial 262 pruned. 
[I 2026-08-06 15:36:39,377] Trial 244 finished with value: 49.20000000000035 and parameters: {'learning_rate_a': 0.0004971028033608994, 'ppo_epochs': 4, 'ent_coef': 0.031046109433761345, 'clip_eps': 0.3, 'gae_lambda': 0.9024045577192631, 'vf_coef': 0.7590836662019377, 'rollout_steps': 1024, 'minibatch_size': 256, 'hidden_dim': 256}. Best is trial 174 with value: 249.3249999999927.
[I 2026-08-06 15:40:26,629] Trial 258 pruned. 
[I 2026-08-06 15:40:33,293] Trial 265 pruned. 
[I 2026-08-06 15:41:31,959] Trial 266 pruned. 
[I 2026-08-06 15:45:55,091] Trial 268 pruned. 
[I 2026-08-06 15:46:30,386] Trial 270 pruned. 
[I 2026-08-06 15:47:43,358] Trial 263 pruned. 
[I 2026-08-06 15:51:39,344] Trial 271 pruned. 
[I 2026-08-06 15:52:22,600] Trial 249 finished with value: 4.999999999999995 and parameters: {'learning_rate_a': 9.231975967197055e-05, 'ppo_epochs': 4, 'ent_coef': 0.025356833471224346, 'clip_eps': 0.3, 'gae_lambda': 0.9211378602938043, 'vf_coef': 0.5432940243209717, 'rollout_steps': 4096, 'minibatch_size': 256, 'hidden_dim': 256}. Best is trial 174 with value: 249.3249999999927.
[I 2026-08-06 15:53:15,923] Trial 250 finished with value: 8.899999999999984 and parameters: {'learning_rate_a': 5.723276360213018e-05, 'ppo_epochs': 3, 'ent_coef': 0.022933722097662645, 'clip_eps': 0.3, 'gae_lambda': 0.9113608641165085, 'vf_coef': 0.9804974742966411, 'rollout_steps': 1024, 'minibatch_size': 256, 'hidden_dim': 512}. Best is trial 174 with value: 249.3249999999927.
[I 2026-08-06 15:55:02,646] Trial 269 pruned. 
[I 2026-08-06 15:59:14,893] Trial 253 finished with value: 52.5250000000004 and parameters: {'learning_rate_a': 0.00031457233971283777, 'ppo_epochs': 4, 'ent_coef': 0.023019486481722178, 'clip_eps': 0.3, 'gae_lambda': 0.9030268198699245, 'vf_coef': 0.39213452974759366, 'rollout_steps': 4096, 'minibatch_size': 256, 'hidden_dim': 256}. Best is trial 174 with value: 249.3249999999927.
[I 2026-08-06 16:02:40,317] Trial 255 finished with value: 3.8999999999999986 and parameters: {'learning_rate_a': 0.00034218171283276785, 'ppo_epochs': 10, 'ent_coef': 0.040981226020734014, 'clip_eps': 0.2, 'gae_lambda': 0.9699257632673352, 'vf_coef': 0.9862920858398455, 'rollout_steps': 1024, 'minibatch_size': 64, 'hidden_dim': 512}. Best is trial 174 with value: 249.3249999999927.
[I 2026-08-06 16:05:58,799] Trial 274 pruned. 
[I 2026-08-06 16:08:15,327] Trial 260 pruned. 
[I 2026-08-06 16:08:18,423] Trial 279 pruned. 
[I 2026-08-06 16:11:07,698] Trial 280 pruned. 
[I 2026-08-06 16:13:25,431] Trial 261 finished with value: 11.29999999999998 and parameters: {'learning_rate_a': 0.0002310104931954766, 'ppo_epochs': 4, 'ent_coef': 0.047753194771293556, 'clip_eps': 0.3, 'gae_lambda': 0.9016054281748406, 'vf_coef': 0.8062185613712761, 'rollout_steps': 1024, 'minibatch_size': 128, 'hidden_dim': 256}. Best is trial 174 with value: 249.3249999999927.
[I 2026-08-06 16:14:07,375] Trial 281 pruned. 
[I 2026-08-06 16:18:12,408] Trial 267 finished with value: 8.524999999999986 and parameters: {'learning_rate_a': 0.0005061917502473739, 'ppo_epochs': 4, 'ent_coef': 0.021089434863010223, 'clip_eps': 0.3, 'gae_lambda': 0.9043249583222355, 'vf_coef': 0.9341042135648069, 'rollout_steps': 1024, 'minibatch_size': 256, 'hidden_dim': 256}. Best is trial 174 with value: 249.3249999999927.
[I 2026-08-06 16:19:20,362] Trial 285 pruned. 
[I 2026-08-06 16:25:37,458] Trial 283 pruned. 
[I 2026-08-06 16:26:42,223] Trial 264 finished with value: 141.274999999997 and parameters: {'learning_rate_a': 0.00028935525900232754, 'ppo_epochs': 3, 'ent_coef': 0.03775462076389207, 'clip_eps': 0.2, 'gae_lambda': 0.9310600579875157, 'vf_coef': 0.5796923576107351, 'rollout_steps': 2048, 'minibatch_size': 256, 'hidden_dim': 256}. Best is trial 174 with value: 249.3249999999927.
[I 2026-08-06 16:28:14,192] Trial 284 pruned. 
[I 2026-08-06 16:28:21,259] Trial 272 pruned. 
[I 2026-08-06 16:31:24,066] Trial 273 finished with value: 25.70000000000009 and parameters: {'learning_rate_a': 0.0006071086071779987, 'ppo_epochs': 4, 'ent_coef': 0.027401387326642938, 'clip_eps': 0.3, 'gae_lambda': 0.9104792469648537, 'vf_coef': 0.8487056968361705, 'rollout_steps': 1024, 'minibatch_size': 256, 'hidden_dim': 256}. Best is trial 174 with value: 249.3249999999927.
[I 2026-08-06 16:32:33,448] Trial 286 pruned. 
[I 2026-08-06 16:33:49,342] Trial 275 finished with value: 4.4999999999999964 and parameters: {'learning_rate_a': 0.0002634380887603533, 'ppo_epochs': 3, 'ent_coef': 0.04117338366737259, 'clip_eps': 0.2, 'gae_lambda': 0.9481132611025621, 'vf_coef': 0.9339760565656858, 'rollout_steps': 4096, 'minibatch_size': 256, 'hidden_dim': 512}. Best is trial 174 with value: 249.3249999999927.
[I 2026-08-06 16:35:15,724] Trial 276 finished with value: 6.974999999999991 and parameters: {'learning_rate_a': 0.00045754181622127335, 'ppo_epochs': 4, 'ent_coef': 0.018118032174234883, 'clip_eps': 0.3, 'gae_lambda': 0.9116003108677272, 'vf_coef': 0.8992379158818844, 'rollout_steps': 1024, 'minibatch_size': 256, 'hidden_dim': 256}. Best is trial 174 with value: 249.3249999999927.
[I 2026-08-06 16:37:55,063] Trial 277 pruned. 
[I 2026-08-06 16:38:50,181] Trial 294 pruned. 
[I 2026-08-06 16:40:53,919] Trial 289 pruned. 
[I 2026-08-06 16:41:39,359] Trial 278 finished with value: 27.250000000000114 and parameters: {'learning_rate_a': 0.0003034559648885624, 'ppo_epochs': 4, 'ent_coef': 0.040985699967595775, 'clip_eps': 0.3, 'gae_lambda': 0.9037858659583553, 'vf_coef': 0.8798017247296308, 'rollout_steps': 1024, 'minibatch_size': 256, 'hidden_dim': 256}. Best is trial 174 with value: 249.3249999999927.
[I 2026-08-06 16:42:30,904] Trial 291 pruned. 
[I 2026-08-06 16:42:55,341] Trial 296 pruned. 
[I 2026-08-06 16:43:21,493] Trial 290 pruned. 
[I 2026-08-06 16:43:56,453] Trial 297 pruned. 
[I 2026-08-06 16:45:37,119] Trial 292 pruned. 
[I 2026-08-06 16:47:46,027] Trial 301 pruned. 
[I 2026-08-06 16:48:15,515] Trial 302 pruned. 
[I 2026-08-06 16:49:29,946] Trial 303 pruned. 
[I 2026-08-06 16:50:05,146] Trial 282 finished with value: 11.14999999999998 and parameters: {'learning_rate_a': 0.0003792726411249688, 'ppo_epochs': 3, 'ent_coef': 0.02904563043694887, 'clip_eps': 0.3, 'gae_lambda': 0.9083044822743565, 'vf_coef': 0.698694966532219, 'rollout_steps': 2048, 'minibatch_size': 256, 'hidden_dim': 256}. Best is trial 174 with value: 249.3249999999927.
[I 2026-08-06 16:52:44,773] Trial 305 pruned. 
[I 2026-08-06 16:53:47,593] Trial 306 pruned. 
[I 2026-08-06 16:54:23,234] Trial 307 pruned. 
