Traceback (most recent call last):
  File "/opt/bwhpc/common/devel/miniforge/25.3.1-py3.12/condabin/conda", line 12, in <module>
    from conda.cli import main
ModuleNotFoundError: No module named 'conda'
/home/ul/ul_student/ul_lmm50/.conda/envs/mario-rl-cuda/lib/python3.13/site-packages/optuna/_experimental.py:33: ExperimentalWarning: Argument ``multivariate`` is an experimental feature. The interface can change in the future.
  optuna_warn(
/home/ul/ul_student/ul_lmm50/.conda/envs/mario-rl-cuda/lib/python3.13/site-packages/optuna/_experimental.py:33: ExperimentalWarning: Argument ``multivariate`` is an experimental feature. The interface can change in the future.
  optuna_warn(
/home/ul/ul_student/ul_lmm50/.conda/envs/mario-rl-cuda/lib/python3.13/site-packages/optuna/_experimental.py:33: ExperimentalWarning: Argument ``multivariate`` is an experimental feature. The interface can change in the future.
  optuna_warn(
/home/ul/ul_student/ul_lmm50/.conda/envs/mario-rl-cuda/lib/python3.13/site-packages/optuna/_experimental.py:33: ExperimentalWarning: Argument ``multivariate`` is an experimental feature. The interface can change in the future.
  optuna_warn(
[I 2026-08-29 22:44:31,004] A new study created in Journal with name: mario_rainbow_6736259
[I 2026-08-29 22:44:31,010] Using an existing study with name 'mario_rainbow_6736259' instead of creating a new one.
[I 2026-08-29 22:44:31,019] Using an existing study with name 'mario_rainbow_6736259' instead of creating a new one.
[I 2026-08-29 22:44:31,041] Using an existing study with name 'mario_rainbow_6736259' instead of creating a new one.
[I 2026-08-29 23:13:29,399] Trial 0 pruned. 
[I 2026-08-30 00:19:35,688] Trial 3 finished with value: 55.053777777777725 and parameters: {'learning_rate_a': 0.0001439077113609084, 'per_alpha': 0.5485604625551364, 'per_beta_init': 0.325830298922417, 'sigma_init': 0.4322790429670746}. Best is trial 3 with value: 55.053777777777725.
[I 2026-08-30 00:48:56,695] Trial 5 pruned. 
[I 2026-08-30 01:20:56,757] Trial 1 finished with value: -27.645111111111035 and parameters: {'learning_rate_a': 1.6832931841138178e-05, 'per_alpha': 0.6158336236062152, 'per_beta_init': 0.46763769909825353, 'sigma_init': 0.6849165841426018}. Best is trial 3 with value: 55.053777777777725.
[I 2026-08-30 01:21:42,436] Trial 2 finished with value: -27.645111111111035 and parameters: {'learning_rate_a': 1.5097172327599242e-05, 'per_alpha': 0.5047058099259647, 'per_beta_init': 0.36711145538704804, 'sigma_init': 0.67020886768465}. Best is trial 3 with value: 55.053777777777725.
[I 2026-08-30 01:30:14,694] Trial 7 pruned. 
[I 2026-08-30 01:49:52,134] Trial 4 finished with value: -27.645111111111035 and parameters: {'learning_rate_a': 2.4075673658875183e-05, 'per_alpha': 0.5966819669334642, 'per_beta_init': 0.5571613246122682, 'sigma_init': 0.6840548051994413}. Best is trial 3 with value: 55.053777777777725.
[I 2026-08-30 02:19:39,764] Trial 10 pruned. 
[I 2026-08-30 02:29:57,082] Trial 6 finished with value: 23.8948888888889 and parameters: {'learning_rate_a': 1.3010865286995154e-05, 'per_alpha': 0.4887264752415845, 'per_beta_init': 0.3198151285356454, 'sigma_init': 0.6412873443349801}. Best is trial 3 with value: 55.053777777777725.
[I 2026-08-30 03:05:05,499] Trial 8 finished with value: 34.92222222222218 and parameters: {'learning_rate_a': 0.0003177099757851457, 'per_alpha': 0.5025451577402239, 'per_beta_init': 0.3189940347905459, 'sigma_init': 0.4298657431134934}. Best is trial 3 with value: 55.053777777777725.
[I 2026-08-30 03:14:15,124] Trial 9 finished with value: 43.131111111111046 and parameters: {'learning_rate_a': 0.00029606407848185834, 'per_alpha': 0.5056282119100937, 'per_beta_init': 0.35675134007041953, 'sigma_init': 0.5668273090230211}. Best is trial 3 with value: 55.053777777777725.
[I 2026-08-30 03:24:05,704] Trial 14 pruned. 
[I 2026-08-30 03:52:11,434] Trial 15 pruned. 
[I 2026-08-30 03:59:11,420] Trial 11 finished with value: 50.86244444444442 and parameters: {'learning_rate_a': 0.00032018505787755606, 'per_alpha': 0.4621394455308214, 'per_beta_init': 0.3547941816675573, 'sigma_init': 0.5572883097297658}. Best is trial 3 with value: 55.053777777777725.
[I 2026-08-30 04:17:33,608] Trial 12 finished with value: 34.77866666666665 and parameters: {'learning_rate_a': 0.000463469002467661, 'per_alpha': 0.6157694541764508, 'per_beta_init': 0.3626716043870266, 'sigma_init': 0.5419203800672988}. Best is trial 3 with value: 55.053777777777725.
[I 2026-08-30 04:26:38,059] Trial 18 pruned. 
[I 2026-08-30 04:29:47,614] Trial 17 pruned. 
[I 2026-08-30 04:39:56,147] Trial 20 pruned. 
[I 2026-08-30 05:07:37,003] Trial 21 pruned. 
[I 2026-08-30 05:40:31,091] Trial 13 finished with value: -27.645111111111035 and parameters: {'learning_rate_a': 2.5809004521806472e-05, 'per_alpha': 0.5270777895120227, 'per_beta_init': 0.4271159258038471, 'sigma_init': 0.3043893254224189}. Best is trial 3 with value: 55.053777777777725.
[I 2026-08-30 05:46:07,011] Trial 16 finished with value: 25.973999999999993 and parameters: {'learning_rate_a': 0.0004869805572344481, 'per_alpha': 0.6233936480224188, 'per_beta_init': 0.3349671088815573, 'sigma_init': 0.5532525326503244}. Best is trial 3 with value: 55.053777777777725.
[I 2026-08-30 05:49:36,311] Trial 23 pruned. 
[I 2026-08-30 06:06:21,889] Trial 19 finished with value: 46.567555555555494 and parameters: {'learning_rate_a': 0.00021734569001415687, 'per_alpha': 0.3022214028994476, 'per_beta_init': 0.3770255874664981, 'sigma_init': 0.48569765299888457}. Best is trial 3 with value: 55.053777777777725.
[I 2026-08-30 06:47:50,987] Trial 22 finished with value: 31.401333333333277 and parameters: {'learning_rate_a': 0.0003619181683178959, 'per_alpha': 0.35583162488930165, 'per_beta_init': 0.3044647616676338, 'sigma_init': 0.35093754546767175}. Best is trial 3 with value: 55.053777777777725.
[I 2026-08-30 07:23:28,696] Trial 24 finished with value: 54.35955555555551 and parameters: {'learning_rate_a': 8.624765813815947e-05, 'per_alpha': 0.4709904396160272, 'per_beta_init': 0.33427904800436237, 'sigma_init': 0.507962464578757}. Best is trial 3 with value: 55.053777777777725.
[I 2026-08-30 07:42:03,466] Trial 25 finished with value: 28.070888888888877 and parameters: {'learning_rate_a': 0.0004112757596373372, 'per_alpha': 0.4199862088797269, 'per_beta_init': 0.40123730180117995, 'sigma_init': 0.48529103117818684}. Best is trial 3 with value: 55.053777777777725.
[I 2026-08-30 07:49:34,093] Trial 26 finished with value: 38.70733333333325 and parameters: {'learning_rate_a': 0.00033062325170215017, 'per_alpha': 0.35324943604872244, 'per_beta_init': 0.3509991493245597, 'sigma_init': 0.38936232883951905}. Best is trial 3 with value: 55.053777777777725.
[I 2026-08-30 07:51:27,709] Trial 28 pruned. 
[I 2026-08-30 08:00:44,290] Trial 31 pruned. 
[I 2026-08-30 09:16:12,237] Trial 29 finished with value: 43.85622222222221 and parameters: {'learning_rate_a': 0.00019999189793748275, 'per_alpha': 0.31054704934152055, 'per_beta_init': 0.5909038949459681, 'sigma_init': 0.3154570522362694}. Best is trial 3 with value: 55.053777777777725.
[I 2026-08-30 09:25:57,801] Trial 33 pruned. 
[I 2026-08-30 09:27:49,314] Trial 30 finished with value: 57.23322222222215 and parameters: {'learning_rate_a': 0.00011052100074305322, 'per_alpha': 0.4369729397323481, 'per_beta_init': 0.3359715393891389, 'sigma_init': 0.422927083842626}. Best is trial 30 with value: 57.23322222222215.
[I 2026-08-30 09:30:43,562] Trial 32 finished with value: 44.221111111111085 and parameters: {'learning_rate_a': 8.36650941729737e-05, 'per_alpha': 0.4516153873557165, 'per_beta_init': 0.32397047414137164, 'sigma_init': 0.5903707930118786}. Best is trial 30 with value: 57.23322222222215.
[I 2026-08-30 09:30:56,548] Trial 27 finished with value: -27.645111111111035 and parameters: {'learning_rate_a': 0.00022463638572898725, 'per_alpha': 0.32003670582101307, 'per_beta_init': 0.4379804982291686, 'sigma_init': 0.46155323358175326}. Best is trial 30 with value: 57.23322222222215.
[I 2026-08-30 09:37:12,304] Trial 35 pruned. 
[I 2026-08-30 09:40:09,503] Trial 36 pruned. 
[I 2026-08-30 09:50:02,641] Trial 39 pruned. 
[I 2026-08-30 09:58:56,971] Trial 40 pruned. 
[I 2026-08-30 10:07:13,944] Trial 41 pruned. 
[I 2026-08-30 10:34:40,744] Trial 42 pruned. 
[I 2026-08-30 11:09:21,898] Trial 37 finished with value: 59.939333333333295 and parameters: {'learning_rate_a': 0.0001102316242798926, 'per_alpha': 0.5099740264226981, 'per_beta_init': 0.3178495900240657, 'sigma_init': 0.3830214753059784}. Best is trial 37 with value: 59.939333333333295.
[I 2026-08-30 11:13:26,551] Trial 38 finished with value: 47.096888888888834 and parameters: {'learning_rate_a': 0.00010768206687333116, 'per_alpha': 0.4793322456057588, 'per_beta_init': 0.3202825439124929, 'sigma_init': 0.4879764069543561}. Best is trial 37 with value: 59.939333333333295.
[I 2026-08-30 11:18:29,408] Trial 44 pruned. 
[I 2026-08-30 12:01:56,245] Trial 34 finished with value: -27.645111111111035 and parameters: {'learning_rate_a': 5.685088002192028e-05, 'per_alpha': 0.3009892848767895, 'per_beta_init': 0.38262531588656595, 'sigma_init': 0.5223295774768016}. Best is trial 37 with value: 59.939333333333295.
[I 2026-08-30 12:09:03,655] Trial 43 finished with value: 34.70244444444441 and parameters: {'learning_rate_a': 0.00026473091360280796, 'per_alpha': 0.4869737398810015, 'per_beta_init': 0.5494124719818367, 'sigma_init': 0.3499499148985671}. Best is trial 37 with value: 59.939333333333295.
[I 2026-08-30 12:50:47,543] Trial 46 finished with value: 63.58044444444442 and parameters: {'learning_rate_a': 0.0001417250603857395, 'per_alpha': 0.5711632752108291, 'per_beta_init': 0.3302663347041219, 'sigma_init': 0.37021408949845885}. Best is trial 46 with value: 63.58044444444442.
[I 2026-08-30 12:53:35,457] Trial 45 finished with value: 54.19266666666662 and parameters: {'learning_rate_a': 0.00015642995268126328, 'per_alpha': 0.6168215218800998, 'per_beta_init': 0.3009217440066256, 'sigma_init': 0.3392726970969104}. Best is trial 46 with value: 63.58044444444442.
[I 2026-08-30 13:20:29,696] Trial 49 pruned. 
[I 2026-08-30 13:30:44,713] Trial 51 pruned. 
[I 2026-08-30 13:37:39,302] Trial 47 finished with value: 42.29688888888882 and parameters: {'learning_rate_a': 7.932954971709487e-05, 'per_alpha': 0.5684832167444669, 'per_beta_init': 0.3695235180846024, 'sigma_init': 0.34487335303365596}. Best is trial 46 with value: 63.58044444444442.
[I 2026-08-30 13:39:21,325] Trial 52 pruned. 
[I 2026-08-30 13:47:19,413] Trial 53 pruned. 
[I 2026-08-30 13:47:56,350] Trial 54 pruned. 
[I 2026-08-30 13:49:23,304] Trial 48 finished with value: 44.520222222222195 and parameters: {'learning_rate_a': 0.0002497339701624708, 'per_alpha': 0.6066988725980593, 'per_beta_init': 0.3056743338509776, 'sigma_init': 0.38026415338271713}. Best is trial 46 with value: 63.58044444444442.
[I 2026-08-30 14:14:42,838] Trial 55 pruned. 
[I 2026-08-30 14:23:30,782] Trial 58 pruned. 
[I 2026-08-30 14:33:02,105] Trial 59 pruned. 
[I 2026-08-30 14:36:13,949] Trial 50 finished with value: 37.67777777777772 and parameters: {'learning_rate_a': 0.0003892374690674349, 'per_alpha': 0.6292622757789115, 'per_beta_init': 0.5274340766254724, 'sigma_init': 0.5747969974655253}. Best is trial 46 with value: 63.58044444444442.
[I 2026-08-30 15:00:55,772] Trial 60 pruned. 
[I 2026-08-30 15:09:39,972] Trial 62 pruned. 
[I 2026-08-30 15:17:56,418] Trial 63 pruned. 
[I 2026-08-30 15:21:21,449] Trial 56 finished with value: 55.64399999999996 and parameters: {'learning_rate_a': 0.00014232402288024784, 'per_alpha': 0.6554566870743466, 'per_beta_init': 0.39019798051307586, 'sigma_init': 0.30793025668156376}. Best is trial 46 with value: 63.58044444444442.
[I 2026-08-30 15:33:06,274] Trial 57 finished with value: 35.19466666666661 and parameters: {'learning_rate_a': 0.00031015332860986504, 'per_alpha': 0.6673633628442511, 'per_beta_init': 0.31396317579672534, 'sigma_init': 0.3169731162916033}. Best is trial 46 with value: 63.58044444444442.
[I 2026-08-30 16:03:02,577] Trial 66 pruned. 
[I 2026-08-30 16:12:42,042] Trial 67 pruned. 
[I 2026-08-30 16:54:30,078] Trial 65 finished with value: 43.22955555555552 and parameters: {'learning_rate_a': 0.00012690020333869895, 'per_alpha': 0.42415072291063904, 'per_beta_init': 0.3404304368981279, 'sigma_init': 0.337706532127081}. Best is trial 46 with value: 63.58044444444442.
[I 2026-08-30 17:09:13,545] Trial 61 finished with value: -27.645111111111035 and parameters: {'learning_rate_a': 2.6945812908784432e-05, 'per_alpha': 0.5774262747605838, 'per_beta_init': 0.4268002335075936, 'sigma_init': 0.5393993524957525}. Best is trial 46 with value: 63.58044444444442.
[I 2026-08-30 17:09:34,060] Trial 64 finished with value: 22.085999999999977 and parameters: {'learning_rate_a': 0.0004911153386275209, 'per_alpha': 0.3932722151661895, 'per_beta_init': 0.4714896665933471, 'sigma_init': 0.5995257195214183}. Best is trial 46 with value: 63.58044444444442.
[I 2026-08-30 17:36:39,314] Trial 70 pruned. 
[I 2026-08-30 17:37:39,726] Trial 71 pruned. 
[I 2026-08-30 17:51:26,848] Trial 68 finished with value: 41.80688888888885 and parameters: {'learning_rate_a': 0.0002572837133944698, 'per_alpha': 0.698375527322849, 'per_beta_init': 0.4448940780617278, 'sigma_init': 0.32504883576610855}. Best is trial 46 with value: 63.58044444444442.
[I 2026-08-30 18:04:48,474] Trial 72 pruned. 
[I 2026-08-30 18:04:57,764] Trial 73 pruned. 
[I 2026-08-30 18:22:03,180] Trial 74 pruned. 
[I 2026-08-30 18:30:36,077] Trial 77 pruned. 
[I 2026-08-30 18:33:00,736] Trial 76 pruned. 
[I 2026-08-30 19:00:11,350] Trial 79 pruned. 
[I 2026-08-30 19:29:08,537] Trial 69 finished with value: -27.645111111111035 and parameters: {'learning_rate_a': 1.7156087478500714e-05, 'per_alpha': 0.5106366814235498, 'per_beta_init': 0.45165443575413416, 'sigma_init': 0.5355184182204509}. Best is trial 46 with value: 63.58044444444442.
[I 2026-08-30 19:36:44,922] Trial 75 finished with value: 49.482222222222205 and parameters: {'learning_rate_a': 0.0001985752363801779, 'per_alpha': 0.4542793114314746, 'per_beta_init': 0.3150684385332676, 'sigma_init': 0.5652283387890934}. Best is trial 46 with value: 63.58044444444442.
[2026-08-30T19:51:02.196] error: *** JOB 6736259 ON uc2n909 CANCELLED AT 2026-08-30T19:51:02 DUE to SIGNAL Terminated ***
