[I 2026-08-12 02:39:22,811] Trial 170 finished with value: 22.40000000000006 and parameters: {'learning_rate_a': 0.00018010389103322827, 'ppo_epochs': 3, 'ent_coef': 0.025559618021745653, 'clip_eps': 0.3, 'gae_lambda': 0.9664652561688124, 'vf_coef': 0.9320850544258708, 'rollout_steps': 4096, 'minibatch_size': 256, 'hidden_dim': 512}. Best is trial 53 with value: 1720.4249999996305.
[I 2026-08-12 02:49:27,344] Trial 171 finished with value: 12.899999999999974 and parameters: {'learning_rate_a': 0.00028733592523805636, 'ppo_epochs': 4, 'ent_coef': 0.013503587087249103, 'clip_eps': 0.1, 'gae_lambda': 0.971935095321258, 'vf_coef': 0.7304222980050948, 'rollout_steps': 4096, 'minibatch_size': 128, 'hidden_dim': 512}. Best is trial 53 with value: 1720.4249999996305.
[I 2026-08-12 02:52:15,275] Trial 180 pruned. 
[I 2026-08-12 02:55:10,487] Trial 181 pruned. 
[I 2026-08-12 02:56:18,827] Trial 169 finished with value: 210.92499999999387 and parameters: {'learning_rate_a': 9.962161561355014e-05, 'ppo_epochs': 3, 'ent_coef': 0.0485399968950042, 'clip_eps': 0.3, 'gae_lambda': 0.971005732301402, 'vf_coef': 0.7411100820872242, 'rollout_steps': 8192, 'minibatch_size': 256, 'hidden_dim': 256}. Best is trial 53 with value: 1720.4249999996305.
[I 2026-08-12 03:06:25,341] Trial 173 finished with value: 58.55000000000036 and parameters: {'learning_rate_a': 4.9531448183561434e-05, 'ppo_epochs': 6, 'ent_coef': 0.0074422269249547765, 'clip_eps': 0.1, 'gae_lambda': 0.9121219437212162, 'vf_coef': 0.42479933785028534, 'rollout_steps': 4096, 'minibatch_size': 128, 'hidden_dim': 256}. Best is trial 53 with value: 1720.4249999996305.
[I 2026-08-12 03:07:02,030] Trial 182 pruned. 
[I 2026-08-12 03:10:53,092] Trial 166 finished with value: 660.4000000000642 and parameters: {'learning_rate_a': 0.0003065023049246605, 'ppo_epochs': 4, 'ent_coef': 0.03300941005502357, 'clip_eps': 0.1, 'gae_lambda': 0.9444733461781818, 'vf_coef': 0.5189955389867604, 'rollout_steps': 4096, 'minibatch_size': 256, 'hidden_dim': 512}. Best is trial 53 with value: 1720.4249999996305.
[I 2026-08-12 03:11:36,748] Trial 187 pruned. 
[I 2026-08-12 03:13:12,637] Trial 174 finished with value: 13.624999999999972 and parameters: {'learning_rate_a': 6.961416864339996e-05, 'ppo_epochs': 6, 'ent_coef': 0.008227822081906675, 'clip_eps': 0.1, 'gae_lambda': 0.9059198301561701, 'vf_coef': 0.4278765013951902, 'rollout_steps': 4096, 'minibatch_size': 64, 'hidden_dim': 256}. Best is trial 53 with value: 1720.4249999996305.
[I 2026-08-12 03:24:50,672] Trial 183 pruned. 
[I 2026-08-12 03:27:16,299] Trial 176 finished with value: 2.0000000000000013 and parameters: {'learning_rate_a': 8.210923095737708e-05, 'ppo_epochs': 6, 'ent_coef': 0.0051814397703859715, 'clip_eps': 0.1, 'gae_lambda': 0.9344500381157789, 'vf_coef': 0.5758000459922163, 'rollout_steps': 4096, 'minibatch_size': 128, 'hidden_dim': 512}. Best is trial 53 with value: 1720.4249999996305.
[I 2026-08-12 03:42:40,864] Trial 186 pruned. 
[I 2026-08-12 03:42:41,480] Trial 185 pruned. 
[I 2026-08-12 03:42:54,012] Trial 194 pruned. 
[I 2026-08-12 03:57:16,131] Trial 178 finished with value: 10.99999999999998 and parameters: {'learning_rate_a': 6.692065644792833e-05, 'ppo_epochs': 6, 'ent_coef': 0.007507206823825866, 'clip_eps': 0.1, 'gae_lambda': 0.9180987884070311, 'vf_coef': 0.6427241868454686, 'rollout_steps': 4096, 'minibatch_size': 128, 'hidden_dim': 256}. Best is trial 53 with value: 1720.4249999996305.
[I 2026-08-12 03:57:19,034] Trial 188 pruned. 
[I 2026-08-12 03:58:08,628] Trial 196 pruned. 
[I 2026-08-12 03:58:13,565] Trial 197 pruned. 
[I 2026-08-12 04:39:32,219] Trial 199 pruned. 
[I 2026-08-12 04:42:51,398] Trial 198 pruned. 
[I 2026-08-12 05:12:49,939] Trial 184 finished with value: 6.224999999999994 and parameters: {'learning_rate_a': 0.00023629321152884432, 'ppo_epochs': 10, 'ent_coef': 0.01589934812079645, 'clip_eps': 0.1, 'gae_lambda': 0.9177973351909219, 'vf_coef': 0.990908665698723, 'rollout_steps': 4096, 'minibatch_size': 64, 'hidden_dim': 256}. Best is trial 53 with value: 1720.4249999996305.
[I 2026-08-12 05:25:14,243] Trial 191 finished with value: 50.55000000000037 and parameters: {'learning_rate_a': 6.445111963373855e-05, 'ppo_epochs': 4, 'ent_coef': 0.040715588114500614, 'clip_eps': 0.1, 'gae_lambda': 0.9415514254402811, 'vf_coef': 0.5723873961614145, 'rollout_steps': 4096, 'minibatch_size': 256, 'hidden_dim': 512}. Best is trial 53 with value: 1720.4249999996305.
[I 2026-08-12 05:26:56,563] Trial 190 finished with value: 70.87500000000014 and parameters: {'learning_rate_a': 0.00011232388472078506, 'ppo_epochs': 4, 'ent_coef': 0.04717650379505568, 'clip_eps': 0.3, 'gae_lambda': 0.9188825687605845, 'vf_coef': 0.9478975123241972, 'rollout_steps': 4096, 'minibatch_size': 256, 'hidden_dim': 256}. Best is trial 53 with value: 1720.4249999996305.
[I 2026-08-12 05:27:40,541] Trial 189 finished with value: 99.19999999999888 and parameters: {'learning_rate_a': 9.706779325769439e-05, 'ppo_epochs': 3, 'ent_coef': 0.020165199309904482, 'clip_eps': 0.3, 'gae_lambda': 0.9321814428171582, 'vf_coef': 0.7558351982130478, 'rollout_steps': 4096, 'minibatch_size': 256, 'hidden_dim': 256}. Best is trial 53 with value: 1720.4249999996305.
[I 2026-08-12 05:33:41,710] Trial 172 finished with value: 1769.4999999995953 and parameters: {'learning_rate_a': 0.00020338613967543344, 'ppo_epochs': 4, 'ent_coef': 0.01513546348816664, 'clip_eps': 0.1, 'gae_lambda': 0.9581592637911547, 'vf_coef': 0.7205156007003908, 'rollout_steps': 4096, 'minibatch_size': 256, 'hidden_dim': 512}. Best is trial 172 with value: 1769.4999999995953.
[I 2026-08-12 05:35:17,137] Trial 192 finished with value: 88.77499999999932 and parameters: {'learning_rate_a': 6.962736558317459e-05, 'ppo_epochs': 4, 'ent_coef': 0.005528241462629377, 'clip_eps': 0.3, 'gae_lambda': 0.9023494345638519, 'vf_coef': 0.7463657318839975, 'rollout_steps': 4096, 'minibatch_size': 128, 'hidden_dim': 256}. Best is trial 172 with value: 1769.4999999995953.
[I 2026-08-12 06:03:23,270] Trial 195 finished with value: 55.67500000000042 and parameters: {'learning_rate_a': 0.00015580070798284414, 'ppo_epochs': 4, 'ent_coef': 0.024417378856296693, 'clip_eps': 0.1, 'gae_lambda': 0.9302608274307643, 'vf_coef': 0.5417618968037526, 'rollout_steps': 4096, 'minibatch_size': 256, 'hidden_dim': 512}. Best is trial 172 with value: 1769.4999999995953.
[I 2026-08-12 06:22:55,231] Trial 193 finished with value: 737.4000000000781 and parameters: {'learning_rate_a': 0.0006112797416767409, 'ppo_epochs': 4, 'ent_coef': 0.03473878644857959, 'clip_eps': 0.1, 'gae_lambda': 0.9431718793536673, 'vf_coef': 0.4712384620556484, 'rollout_steps': 4096, 'minibatch_size': 256, 'hidden_dim': 512}. Best is trial 172 with value: 1769.4999999995953.
/pfs/data6/home/ul/ul_student/ul_lmm50/Neuroinformatik/src/tune.py:293: ExperimentalWarning: optuna.visualization.matplotlib._optimization_history.plot_optimization_history is experimental (supported from v2.2.0). The interface can change in the future.
  ax = fn(study)
/pfs/data6/home/ul/ul_student/ul_lmm50/Neuroinformatik/src/tune.py:293: ExperimentalWarning: optuna.visualization.matplotlib._param_importances.plot_param_importances is experimental (supported from v2.2.0). The interface can change in the future.
  ax = fn(study)
/pfs/data6/home/ul/ul_student/ul_lmm50/Neuroinformatik/src/tune.py:293: ExperimentalWarning: optuna.visualization.matplotlib._parallel_coordinate.plot_parallel_coordinate is experimental (supported from v2.2.0). The interface can change in the future.
  ax = fn(study)
/pfs/data6/home/ul/ul_student/ul_lmm50/Neuroinformatik/src/tune.py:293: ExperimentalWarning: optuna.visualization.matplotlib._slice.plot_slice is experimental (supported from v2.2.0). The interface can change in the future.
  ax = fn(study)
/pfs/data6/home/ul/ul_student/ul_lmm50/Neuroinformatik/src/tune.py:295: UserWarning: This figure includes Axes that are not compatible with tight_layout, so results might be incorrect.
  fig.tight_layout()
