[I 2026-08-09 04:13:11,031] Trial 40 finished with value: 24.20000000000008 and parameters: {'learning_rate_a': 0.0007416310348054168, 'ppo_epochs': 3, 'ent_coef': 0.02245160781510536, 'clip_eps': 0.2, 'gae_lambda': 0.9530375201720762, 'vf_coef': 0.6629073400616727, 'rollout_steps': 4096, 'minibatch_size': 256, 'hidden_dim': 512}. Best is trial 9 with value: 2191.7999999992935.
/pfs/data6/home/ul/ul_student/ul_lmm50/Neuroinformatik/src/ppo_agent.py:48: FutureWarning: You are using `torch.load` with `weights_only=False` (the current default value), which uses the default pickle module implicitly. It is possible to construct malicious pickle data which will execute arbitrary code during unpickling (See https://github.com/pytorch/pytorch/blob/main/SECURITY.md#untrusted-models for more details). In a future release, the default value for `weights_only` will be flipped to `True`. This limits the functions that could be executed during unpickling. Arbitrary objects will no longer be allowed to be loaded via this mode unless they are explicitly allowlisted by the user via `torch.serialization.add_safe_globals`. We recommend you start setting `weights_only=True` for any use case where you don't have full control of the loaded file. Please open an issue on GitHub for any issues related to this experimental feature.
  actor_critic.load_state_dict(torch.load(self.MODEL_FILE, map_location=device))
[I 2026-08-09 04:23:34,202] Trial 52 pruned. 
[I 2026-08-09 04:30:30,321] Trial 54 pruned. 
[I 2026-08-09 04:33:55,248] Trial 41 finished with value: 138.5499999999971 and parameters: {'learning_rate_a': 0.00038858765347274214, 'ppo_epochs': 6, 'ent_coef': 0.029867568363271556, 'clip_eps': 0.2, 'gae_lambda': 0.9261425347091581, 'vf_coef': 0.7978488917204368, 'rollout_steps': 4096, 'minibatch_size': 256, 'hidden_dim': 512}. Best is trial 9 with value: 2191.7999999992935.
[I 2026-08-09 04:38:54,074] Trial 49 pruned. 
[I 2026-08-09 04:40:53,581] Trial 55 pruned. 
[I 2026-08-09 04:56:39,218] Trial 59 pruned. 
/pfs/data6/home/ul/ul_student/ul_lmm50/Neuroinformatik/src/ppo_agent.py:48: FutureWarning: You are using `torch.load` with `weights_only=False` (the current default value), which uses the default pickle module implicitly. It is possible to construct malicious pickle data which will execute arbitrary code during unpickling (See https://github.com/pytorch/pytorch/blob/main/SECURITY.md#untrusted-models for more details). In a future release, the default value for `weights_only` will be flipped to `True`. This limits the functions that could be executed during unpickling. Arbitrary objects will no longer be allowed to be loaded via this mode unless they are explicitly allowlisted by the user via `torch.serialization.add_safe_globals`. We recommend you start setting `weights_only=True` for any use case where you don't have full control of the loaded file. Please open an issue on GitHub for any issues related to this experimental feature.
  actor_critic.load_state_dict(torch.load(self.MODEL_FILE, map_location=device))
[I 2026-08-09 04:59:51,226] Trial 42 finished with value: 15.274999999999972 and parameters: {'learning_rate_a': 0.0007730459063069394, 'ppo_epochs': 6, 'ent_coef': 0.0420395407478815, 'clip_eps': 0.2, 'gae_lambda': 0.9627469345221411, 'vf_coef': 0.9026239247920903, 'rollout_steps': 4096, 'minibatch_size': 256, 'hidden_dim': 512}. Best is trial 9 with value: 2191.7999999992935.
[I 2026-08-09 04:59:59,829] Trial 53 pruned. 
[I 2026-08-09 05:15:46,071] Trial 62 pruned. 
[I 2026-08-09 05:15:51,193] Trial 61 pruned. 
[I 2026-08-09 05:19:59,704] Trial 44 pruned. 
[I 2026-08-09 05:21:12,407] Trial 56 pruned. 
[I 2026-08-09 05:32:08,515] Trial 64 pruned. 
[I 2026-08-09 05:32:15,470] Trial 63 pruned. 
[I 2026-08-09 05:35:41,384] Trial 65 pruned. 
[I 2026-08-09 05:42:22,969] Trial 47 finished with value: 65.52500000000038 and parameters: {'learning_rate_a': 0.0007776052476284885, 'ppo_epochs': 3, 'ent_coef': 0.04819059394016043, 'clip_eps': 0.2, 'gae_lambda': 0.9602519151341377, 'vf_coef': 0.8962765784838869, 'rollout_steps': 4096, 'minibatch_size': 256, 'hidden_dim': 512}. Best is trial 9 with value: 2191.7999999992935.
[I 2026-08-09 05:59:45,801] Trial 70 pruned. 
[I 2026-08-09 06:18:34,771] Trial 50 finished with value: 27.700000000000113 and parameters: {'learning_rate_a': 4.9859471456643404e-05, 'ppo_epochs': 10, 'ent_coef': 0.03321252160869037, 'clip_eps': 0.1, 'gae_lambda': 0.942857781397399, 'vf_coef': 0.543073454930786, 'rollout_steps': 4096, 'minibatch_size': 128, 'hidden_dim': 256}. Best is trial 9 with value: 2191.7999999992935.
[I 2026-08-09 06:21:19,003] Trial 48 finished with value: 433.8000000000238 and parameters: {'learning_rate_a': 6.939442049335298e-05, 'ppo_epochs': 6, 'ent_coef': 0.02254633007440028, 'clip_eps': 0.1, 'gae_lambda': 0.9370079091102467, 'vf_coef': 0.43348543550885077, 'rollout_steps': 4096, 'minibatch_size': 64, 'hidden_dim': 256}. Best is trial 9 with value: 2191.7999999992935.
[I 2026-08-09 06:30:55,675] Trial 51 finished with value: 41.850000000000264 and parameters: {'learning_rate_a': 6.008642998785537e-05, 'ppo_epochs': 10, 'ent_coef': 0.0440891080119032, 'clip_eps': 0.2, 'gae_lambda': 0.9343400569477323, 'vf_coef': 0.5956385223152061, 'rollout_steps': 4096, 'minibatch_size': 64, 'hidden_dim': 256}. Best is trial 9 with value: 2191.7999999992935.
[I 2026-08-09 06:57:29,217] Trial 58 finished with value: 18.625000000000014 and parameters: {'learning_rate_a': 0.0004977411545195092, 'ppo_epochs': 3, 'ent_coef': 0.012876027963088866, 'clip_eps': 0.1, 'gae_lambda': 0.9821386498015325, 'vf_coef': 0.6751698110834397, 'rollout_steps': 8192, 'minibatch_size': 128, 'hidden_dim': 512}. Best is trial 9 with value: 2191.7999999992935.
[I 2026-08-09 07:07:02,314] Trial 72 pruned. 
[I 2026-08-09 07:13:55,376] Trial 75 pruned. 
[I 2026-08-09 07:19:54,823] Trial 57 finished with value: 126.89999999999765 and parameters: {'learning_rate_a': 0.0001210712841881691, 'ppo_epochs': 10, 'ent_coef': 0.022140089859762273, 'clip_eps': 0.1, 'gae_lambda': 0.9539787619142631, 'vf_coef': 0.43948736188332743, 'rollout_steps': 4096, 'minibatch_size': 128, 'hidden_dim': 256}. Best is trial 9 with value: 2191.7999999992935.
[I 2026-08-09 07:29:02,394] Trial 60 finished with value: 68.40000000000023 and parameters: {'learning_rate_a': 0.00011474794545848367, 'ppo_epochs': 10, 'ent_coef': 0.03401620640715542, 'clip_eps': 0.1, 'gae_lambda': 0.9478072096710135, 'vf_coef': 0.47251991716489944, 'rollout_steps': 4096, 'minibatch_size': 256, 'hidden_dim': 256}. Best is trial 9 with value: 2191.7999999992935.
[I 2026-08-09 07:36:08,810] Trial 78 pruned. 
[I 2026-08-09 07:47:02,314] Trial 66 finished with value: 60.825000000000486 and parameters: {'learning_rate_a': 5.680308522613792e-05, 'ppo_epochs': 3, 'ent_coef': 0.006859726413699712, 'clip_eps': 0.2, 'gae_lambda': 0.9823413979593526, 'vf_coef': 0.8675133924779131, 'rollout_steps': 4096, 'minibatch_size': 256, 'hidden_dim': 512}. Best is trial 9 with value: 2191.7999999992935.
[I 2026-08-09 07:52:53,442] Trial 80 pruned. 
[I 2026-08-09 07:55:19,321] Trial 76 pruned. 
[I 2026-08-09 07:56:22,236] Trial 68 finished with value: 67.50000000000028 and parameters: {'learning_rate_a': 0.0002506786569541719, 'ppo_epochs': 4, 'ent_coef': 0.00943275333327319, 'clip_eps': 0.3, 'gae_lambda': 0.9789339470911721, 'vf_coef': 0.932874065969966, 'rollout_steps': 4096, 'minibatch_size': 256, 'hidden_dim': 512}. Best is trial 9 with value: 2191.7999999992935.
[I 2026-08-09 08:00:35,541] Trial 69 pruned. 
[I 2026-08-09 08:08:32,486] Trial 82 pruned. 
[I 2026-08-09 08:18:29,370] Trial 67 finished with value: 201.89999999999426 and parameters: {'learning_rate_a': 0.00040775431861019717, 'ppo_epochs': 3, 'ent_coef': 0.03987839908288531, 'clip_eps': 0.2, 'gae_lambda': 0.9553034944436878, 'vf_coef': 0.8886996911636268, 'rollout_steps': 4096, 'minibatch_size': 64, 'hidden_dim': 256}. Best is trial 9 with value: 2191.7999999992935.
[I 2026-08-09 08:25:45,442] Trial 71 pruned. 
[I 2026-08-09 08:44:37,278] Trial 84 pruned. 
[I 2026-08-09 09:00:33,197] Trial 74 finished with value: 67.4250000000003 and parameters: {'learning_rate_a': 5.27579586631196e-05, 'ppo_epochs': 6, 'ent_coef': 0.014405750755207078, 'clip_eps': 0.2, 'gae_lambda': 0.9399646033818841, 'vf_coef': 0.3123892364251355, 'rollout_steps': 4096, 'minibatch_size': 64, 'hidden_dim': 256}. Best is trial 9 with value: 2191.7999999992935.
[I 2026-08-09 09:00:52,540] Trial 89 pruned. 
[I 2026-08-09 09:21:52,129] Trial 73 finished with value: 520.4000000000393 and parameters: {'learning_rate_a': 7.671984594028778e-05, 'ppo_epochs': 6, 'ent_coef': 0.014354797946179797, 'clip_eps': 0.1, 'gae_lambda': 0.9502919315322644, 'vf_coef': 0.42323854019762425, 'rollout_steps': 4096, 'minibatch_size': 128, 'hidden_dim': 256}. Best is trial 9 with value: 2191.7999999992935.
[I 2026-08-09 09:33:02,934] Trial 77 pruned. 
[I 2026-08-09 09:37:57,589] Trial 92 pruned. 
[I 2026-08-09 09:45:44,769] Trial 79 finished with value: 3.8999999999999986 and parameters: {'learning_rate_a': 0.0006200081084760058, 'ppo_epochs': 3, 'ent_coef': 0.008646963250227764, 'clip_eps': 0.1, 'gae_lambda': 0.9700704250991551, 'vf_coef': 0.860481737447496, 'rollout_steps': 4096, 'minibatch_size': 256, 'hidden_dim': 256}. Best is trial 9 with value: 2191.7999999992935.
[I 2026-08-09 09:46:39,724] Trial 91 pruned. 
[I 2026-08-09 09:49:07,011] Trial 93 pruned. 
[I 2026-08-09 10:04:44,770] Trial 97 pruned. 
[I 2026-08-09 10:09:36,991] Trial 81 pruned. 
[I 2026-08-09 10:20:18,982] Trial 85 finished with value: 13.84999999999997 and parameters: {'learning_rate_a': 0.00010195105778769218, 'ppo_epochs': 3, 'ent_coef': 0.01947437245567549, 'clip_eps': 0.3, 'gae_lambda': 0.9600926693257986, 'vf_coef': 0.47405956036675767, 'rollout_steps': 4096, 'minibatch_size': 128, 'hidden_dim': 256}. Best is trial 9 with value: 2191.7999999992935.
[I 2026-08-09 10:33:07,131] Trial 95 pruned. 
[I 2026-08-09 10:36:07,361] Trial 100 pruned. 
[I 2026-08-09 10:42:59,473] Trial 87 pruned. 
[I 2026-08-09 10:44:13,083] Trial 86 finished with value: 40.37500000000025 and parameters: {'learning_rate_a': 0.00013905990460583346, 'ppo_epochs': 6, 'ent_coef': 0.01154406339428129, 'clip_eps': 0.1, 'gae_lambda': 0.9494712480892402, 'vf_coef': 0.32343866022313755, 'rollout_steps': 4096, 'minibatch_size': 64, 'hidden_dim': 512}. Best is trial 9 with value: 2191.7999999992935.
[I 2026-08-09 10:56:31,156] Trial 99 pruned. 
[I 2026-08-09 11:06:37,294] Trial 88 finished with value: 100.52499999999881 and parameters: {'learning_rate_a': 3.298081258303947e-05, 'ppo_epochs': 6, 'ent_coef': 0.019130554737906803, 'clip_eps': 0.3, 'gae_lambda': 0.9741447466514835, 'vf_coef': 0.41105104301748746, 'rollout_steps': 4096, 'minibatch_size': 64, 'hidden_dim': 256}. Best is trial 9 with value: 2191.7999999992935.
[I 2026-08-09 11:22:28,916] Trial 102 pruned. 
[I 2026-08-09 11:29:13,343] Trial 103 pruned. 
[I 2026-08-09 11:29:15,298] Trial 90 finished with value: 35.450000000000195 and parameters: {'learning_rate_a': 0.00012142768458496486, 'ppo_epochs': 6, 'ent_coef': 0.01788440747490619, 'clip_eps': 0.1, 'gae_lambda': 0.9791255577525669, 'vf_coef': 0.49866899212067245, 'rollout_steps': 4096, 'minibatch_size': 64, 'hidden_dim': 256}. Best is trial 9 with value: 2191.7999999992935.
[I 2026-08-09 11:30:27,024] Trial 104 pruned. 
[I 2026-08-09 11:38:11,513] Trial 107 pruned. 
[I 2026-08-09 11:53:18,833] Trial 106 pruned. 
[I 2026-08-09 12:02:38,154] Trial 94 finished with value: 35.9250000000002 and parameters: {'learning_rate_a': 7.526967713426283e-05, 'ppo_epochs': 6, 'ent_coef': 0.008191789382537415, 'clip_eps': 0.1, 'gae_lambda': 0.9541255443181681, 'vf_coef': 0.3274647954319161, 'rollout_steps': 4096, 'minibatch_size': 128, 'hidden_dim': 256}. Best is trial 9 with value: 2191.7999999992935.
[I 2026-08-09 12:13:48,835] Trial 96 finished with value: 80.69999999999963 and parameters: {'learning_rate_a': 9.694130798464119e-05, 'ppo_epochs': 6, 'ent_coef': 0.009292534045812414, 'clip_eps': 0.3, 'gae_lambda': 0.9342476903344421, 'vf_coef': 0.429189004961393, 'rollout_steps': 4096, 'minibatch_size': 128, 'hidden_dim': 256}. Best is trial 9 with value: 2191.7999999992935.
[I 2026-08-09 12:15:53,551] Trial 110 pruned. 
[I 2026-08-09 12:16:05,070] Trial 109 pruned. 
[I 2026-08-09 12:29:31,618] Trial 114 pruned. 
[I 2026-08-09 12:31:39,140] Trial 115 pruned. 
[I 2026-08-09 12:46:06,561] Trial 98 finished with value: 142.67499999999694 and parameters: {'learning_rate_a': 6.526275050930218e-05, 'ppo_epochs': 6, 'ent_coef': 0.02021478362797982, 'clip_eps': 0.1, 'gae_lambda': 0.9364421997462232, 'vf_coef': 0.5333134770939966, 'rollout_steps': 4096, 'minibatch_size': 64, 'hidden_dim': 512}. Best is trial 9 with value: 2191.7999999992935.
[I 2026-08-09 12:47:22,734] Trial 118 pruned. 
[I 2026-08-09 12:52:05,059] Trial 101 finished with value: 8.824999999999985 and parameters: {'learning_rate_a': 2.7807594774941842e-05, 'ppo_epochs': 6, 'ent_coef': 0.020159380646121747, 'clip_eps': 0.1, 'gae_lambda': 0.9799802717444698, 'vf_coef': 0.40566865537607366, 'rollout_steps': 4096, 'minibatch_size': 256, 'hidden_dim': 256}. Best is trial 9 with value: 2191.7999999992935.
[I 2026-08-09 13:01:40,448] Trial 119 pruned. 
[I 2026-08-09 13:02:20,979] Trial 116 pruned. 
[I 2026-08-09 13:03:19,849] Trial 120 pruned. 
[I 2026-08-09 13:07:29,091] Trial 121 pruned. 
[I 2026-08-09 13:14:05,135] Trial 117 pruned. 
[I 2026-08-09 13:19:47,989] Trial 124 pruned. 
[I 2026-08-09 13:23:22,757] Trial 125 pruned. 
[I 2026-08-09 13:45:06,862] Trial 105 finished with value: 388.30000000001564 and parameters: {'learning_rate_a': 0.00024299415833627132, 'ppo_epochs': 3, 'ent_coef': 0.03059197951877178, 'clip_eps': 0.2, 'gae_lambda': 0.9607939946116613, 'vf_coef': 0.7892778568279757, 'rollout_steps': 4096, 'minibatch_size': 64, 'hidden_dim': 256}. Best is trial 9 with value: 2191.7999999992935.
[I 2026-08-09 13:46:59,647] Trial 108 pruned. 
[I 2026-08-09 13:47:57,771] Trial 123 pruned. 
[I 2026-08-09 13:49:03,549] Trial 122 pruned. 
[I 2026-08-09 13:58:42,909] Trial 83 finished with value: 2509.299999999067 and parameters: {'learning_rate_a': 0.000924502070494435, 'ppo_epochs': 3, 'ent_coef': 0.005051802334934222, 'clip_eps': 0.1, 'gae_lambda': 0.9695391418330013, 'vf_coef': 0.954406584905585, 'rollout_steps': 4096, 'minibatch_size': 256, 'hidden_dim': 512}. Best is trial 83 with value: 2509.299999999067.
[I 2026-08-09 14:01:37,864] Trial 126 pruned. 
[I 2026-08-09 14:04:24,595] Trial 111 finished with value: 68.57500000000022 and parameters: {'learning_rate_a': 7.237010558032823e-05, 'ppo_epochs': 4, 'ent_coef': 0.02282740984967446, 'clip_eps': 0.1, 'gae_lambda': 0.9614088616384407, 'vf_coef': 0.31565646894776833, 'rollout_steps': 4096, 'minibatch_size': 64, 'hidden_dim': 256}. Best is trial 83 with value: 2509.299999999067.
[I 2026-08-09 14:04:44,805] Trial 132 pruned. 
[I 2026-08-09 14:16:58,132] Trial 134 pruned. 
[I 2026-08-09 14:21:00,522] Trial 113 pruned. 
[I 2026-08-09 14:25:37,275] Trial 112 finished with value: 141.39999999999696 and parameters: {'learning_rate_a': 0.00024080837467338543, 'ppo_epochs': 3, 'ent_coef': 0.033661006623680816, 'clip_eps': 0.3, 'gae_lambda': 0.9615807673874585, 'vf_coef': 0.978584541383116, 'rollout_steps': 4096, 'minibatch_size': 256, 'hidden_dim': 256}. Best is trial 83 with value: 2509.299999999067.
[I 2026-08-09 14:32:59,956] Trial 131 pruned. 
[I 2026-08-09 14:45:35,553] Trial 133 pruned. 
[I 2026-08-09 14:48:28,002] Trial 140 pruned. 
[I 2026-08-09 15:07:49,583] Trial 138 pruned. 
[I 2026-08-09 15:33:36,209] Trial 141 pruned. 
[I 2026-08-09 16:02:27,544] Trial 127 finished with value: 216.09999999999366 and parameters: {'learning_rate_a': 9.709943201628998e-05, 'ppo_epochs': 4, 'ent_coef': 0.02203943255888995, 'clip_eps': 0.3, 'gae_lambda': 0.9571202514663614, 'vf_coef': 0.7705442485146878, 'rollout_steps': 8192, 'minibatch_size': 64, 'hidden_dim': 512}. Best is trial 83 with value: 2509.299999999067.
[I 2026-08-09 16:04:27,870] Trial 130 finished with value: 13.674999999999994 and parameters: {'learning_rate_a': 0.0007260692351138191, 'ppo_epochs': 3, 'ent_coef': 0.009668535224814758, 'clip_eps': 0.1, 'gae_lambda': 0.9492204403786176, 'vf_coef': 0.8463481484468938, 'rollout_steps': 4096, 'minibatch_size': 256, 'hidden_dim': 512}. Best is trial 83 with value: 2509.299999999067.
[I 2026-08-09 16:07:49,612] Trial 129 finished with value: 55.15000000000042 and parameters: {'learning_rate_a': 0.00014855409060462942, 'ppo_epochs': 3, 'ent_coef': 0.03153254974037111, 'clip_eps': 0.3, 'gae_lambda': 0.9413604932336231, 'vf_coef': 0.9152795550717457, 'rollout_steps': 4096, 'minibatch_size': 64, 'hidden_dim': 256}. Best is trial 83 with value: 2509.299999999067.
[I 2026-08-09 16:18:19,739] Trial 145 pruned. 
[I 2026-08-09 16:23:22,359] Trial 128 finished with value: 521.1750000000393 and parameters: {'learning_rate_a': 0.00020170220282391703, 'ppo_epochs': 3, 'ent_coef': 0.03145018146410456, 'clip_eps': 0.2, 'gae_lambda': 0.9202910364178174, 'vf_coef': 0.6344193636622428, 'rollout_steps': 4096, 'minibatch_size': 128, 'hidden_dim': 512}. Best is trial 83 with value: 2509.299999999067.
[I 2026-08-09 16:37:23,226] Trial 136 finished with value: 189.57499999999484 and parameters: {'learning_rate_a': 0.0007621739613710685, 'ppo_epochs': 3, 'ent_coef': 0.03771211028377298, 'clip_eps': 0.2, 'gae_lambda': 0.9327084104635351, 'vf_coef': 0.8797687544875782, 'rollout_steps': 4096, 'minibatch_size': 128, 'hidden_dim': 512}. Best is trial 83 with value: 2509.299999999067.
[I 2026-08-09 16:39:00,661] Trial 149 pruned. 
[I 2026-08-09 16:49:16,301] Trial 135 finished with value: 331.40000000000555 and parameters: {'learning_rate_a': 0.0002593073860581822, 'ppo_epochs': 3, 'ent_coef': 0.006491572004986838, 'clip_eps': 0.1, 'gae_lambda': 0.9669566701013327, 'vf_coef': 0.9877487460081058, 'rollout_steps': 4096, 'minibatch_size': 256, 'hidden_dim': 512}. Best is trial 83 with value: 2509.299999999067.
[I 2026-08-09 16:59:11,927] Trial 139 finished with value: 86.64999999999942 and parameters: {'learning_rate_a': 0.000597199109109506, 'ppo_epochs': 3, 'ent_coef': 0.005336200340680429, 'clip_eps': 0.1, 'gae_lambda': 0.9833966267023181, 'vf_coef': 0.9876339705464755, 'rollout_steps': 4096, 'minibatch_size': 256, 'hidden_dim': 512}. Best is trial 83 with value: 2509.299999999067.
[I 2026-08-09 17:07:49,186] Trial 142 finished with value: 11.974999999999977 and parameters: {'learning_rate_a': 0.00029649095874965703, 'ppo_epochs': 3, 'ent_coef': 0.03231100778690405, 'clip_eps': 0.1, 'gae_lambda': 0.9131433485935768, 'vf_coef': 0.896788574411272, 'rollout_steps': 4096, 'minibatch_size': 64, 'hidden_dim': 256}. Best is trial 83 with value: 2509.299999999067.
[I 2026-08-09 17:15:11,569] Trial 153 pruned. 
[I 2026-08-09 17:23:22,058] Trial 150 pruned. 
[I 2026-08-09 17:26:24,926] Trial 143 pruned. 
[I 2026-08-09 17:30:45,253] Trial 155 pruned. 
[I 2026-08-09 17:38:50,678] Trial 156 pruned. 
[I 2026-08-09 17:55:30,399] Trial 159 pruned. 
[I 2026-08-09 18:07:23,178] Trial 144 finished with value: 99.27499999999887 and parameters: {'learning_rate_a': 0.00014326060721834305, 'ppo_epochs': 6, 'ent_coef': 0.024696586618811356, 'clip_eps': 0.1, 'gae_lambda': 0.9361316224447037, 'vf_coef': 0.5684791959259319, 'rollout_steps': 4096, 'minibatch_size': 64, 'hidden_dim': 512}. Best is trial 83 with value: 2509.299999999067.
[I 2026-08-09 18:22:53,929] Trial 146 pruned. 
[I 2026-08-09 18:29:20,964] Trial 147 finished with value: 13.82499999999997 and parameters: {'learning_rate_a': 7.948144073511432e-05, 'ppo_epochs': 4, 'ent_coef': 0.018950953022131154, 'clip_eps': 0.3, 'gae_lambda': 0.9518432206773769, 'vf_coef': 0.7542221938637482, 'rollout_steps': 8192, 'minibatch_size': 64, 'hidden_dim': 512}. Best is trial 83 with value: 2509.299999999067.
[I 2026-08-09 18:38:03,462] Trial 148 finished with value: 14.374999999999972 and parameters: {'learning_rate_a': 0.000664474885873749, 'ppo_epochs': 3, 'ent_coef': 0.02866234228883546, 'clip_eps': 0.2, 'gae_lambda': 0.9399720055944751, 'vf_coef': 0.81510653187693, 'rollout_steps': 4096, 'minibatch_size': 128, 'hidden_dim': 512}. Best is trial 83 with value: 2509.299999999067.
[I 2026-08-09 18:42:18,988] Trial 160 pruned. 
[I 2026-08-09 18:53:36,943] Trial 161 pruned. 
[I 2026-08-09 19:09:47,571] Trial 166 pruned. 
[I 2026-08-09 19:12:36,030] Trial 152 finished with value: 149.6499999999966 and parameters: {'learning_rate_a': 0.00015924462286067228, 'ppo_epochs': 3, 'ent_coef': 0.01749433755126753, 'clip_eps': 0.2, 'gae_lambda': 0.9193287504096249, 'vf_coef': 0.48383522300786497, 'rollout_steps': 4096, 'minibatch_size': 128, 'hidden_dim': 512}. Best is trial 83 with value: 2509.299999999067.
[I 2026-08-09 19:21:03,638] Trial 164 pruned. 
[I 2026-08-09 19:27:24,681] Trial 168 pruned. 
[I 2026-08-09 19:31:09,808] Trial 154 finished with value: 97.44999999999895 and parameters: {'learning_rate_a': 0.00012282323987922847, 'ppo_epochs': 3, 'ent_coef': 0.04697720299765818, 'clip_eps': 0.2, 'gae_lambda': 0.9122228750254656, 'vf_coef': 0.5051861449625914, 'rollout_steps': 4096, 'minibatch_size': 128, 'hidden_dim': 512}. Best is trial 83 with value: 2509.299999999067.
[I 2026-08-09 19:46:50,732] Trial 171 pruned. 
[I 2026-08-09 19:48:34,642] Trial 157 pruned. 
[I 2026-08-09 19:51:54,123] Trial 158 finished with value: 43.27500000000029 and parameters: {'learning_rate_a': 0.0002876443191466882, 'ppo_epochs': 3, 'ent_coef': 0.03537398165398138, 'clip_eps': 0.2, 'gae_lambda': 0.9172377080319521, 'vf_coef': 0.599453631175593, 'rollout_steps': 4096, 'minibatch_size': 128, 'hidden_dim': 512}. Best is trial 83 with value: 2509.299999999067.
[I 2026-08-09 20:07:22,295] Trial 174 pruned. 
[I 2026-08-09 20:34:25,913] Trial 173 pruned. 
