/home/ul/ul_student/ul_lmm50/.conda/envs/dqn-flappy-bird-cuda/lib/python3.11/site-packages/optuna/_experimental.py:33: ExperimentalWarning: Argument ``multivariate`` is an experimental feature. The interface can change in the future.
  optuna_warn(
[I 2026-09-02 05:52:37,549] A new study created in Journal with name: rainbow_6750279
/home/ul/ul_student/ul_lmm50/.conda/envs/dqn-flappy-bird-cuda/lib/python3.11/site-packages/optuna/_experimental.py:33: ExperimentalWarning: Argument ``multivariate`` is an experimental feature. The interface can change in the future.
  optuna_warn(
[I 2026-09-02 05:52:37,586] Using an existing study with name 'rainbow_6750279' instead of creating a new one.
/home/ul/ul_student/ul_lmm50/.conda/envs/dqn-flappy-bird-cuda/lib/python3.11/site-packages/optuna/_experimental.py:33: ExperimentalWarning: Argument ``multivariate`` is an experimental feature. The interface can change in the future.
  optuna_warn(
/home/ul/ul_student/ul_lmm50/.conda/envs/dqn-flappy-bird-cuda/lib/python3.11/site-packages/optuna/_experimental.py:33: ExperimentalWarning: Argument ``multivariate`` is an experimental feature. The interface can change in the future.
  optuna_warn(
/home/ul/ul_student/ul_lmm50/.conda/envs/dqn-flappy-bird-cuda/lib/python3.11/site-packages/optuna/_experimental.py:33: ExperimentalWarning: Argument ``multivariate`` is an experimental feature. The interface can change in the future.
  optuna_warn(
/home/ul/ul_student/ul_lmm50/.conda/envs/dqn-flappy-bird-cuda/lib/python3.11/site-packages/optuna/_experimental.py:33: ExperimentalWarning: Argument ``multivariate`` is an experimental feature. The interface can change in the future.
  optuna_warn(
/home/ul/ul_student/ul_lmm50/.conda/envs/dqn-flappy-bird-cuda/lib/python3.11/site-packages/optuna/_experimental.py:33: ExperimentalWarning: Argument ``multivariate`` is an experimental feature. The interface can change in the future.
  optuna_warn(
/home/ul/ul_student/ul_lmm50/.conda/envs/dqn-flappy-bird-cuda/lib/python3.11/site-packages/optuna/_experimental.py:33: ExperimentalWarning: Argument ``multivariate`` is an experimental feature. The interface can change in the future.
  optuna_warn(
/home/ul/ul_student/ul_lmm50/.conda/envs/dqn-flappy-bird-cuda/lib/python3.11/site-packages/optuna/_experimental.py:33: ExperimentalWarning: Argument ``multivariate`` is an experimental feature. The interface can change in the future.
  optuna_warn(
/home/ul/ul_student/ul_lmm50/.conda/envs/dqn-flappy-bird-cuda/lib/python3.11/site-packages/optuna/_experimental.py:33: ExperimentalWarning: Argument ``multivariate`` is an experimental feature. The interface can change in the future.
  optuna_warn(
/home/ul/ul_student/ul_lmm50/.conda/envs/dqn-flappy-bird-cuda/lib/python3.11/site-packages/optuna/_experimental.py:33: ExperimentalWarning: Argument ``multivariate`` is an experimental feature. The interface can change in the future.
  optuna_warn(
/home/ul/ul_student/ul_lmm50/.conda/envs/dqn-flappy-bird-cuda/lib/python3.11/site-packages/optuna/_experimental.py:33: ExperimentalWarning: Argument ``multivariate`` is an experimental feature. The interface can change in the future.
  optuna_warn(
[I 2026-09-02 05:52:37,616] Using an existing study with name 'rainbow_6750279' instead of creating a new one.
[I 2026-09-02 05:52:37,641] Using an existing study with name 'rainbow_6750279' instead of creating a new one.
[I 2026-09-02 05:52:37,648] Using an existing study with name 'rainbow_6750279' instead of creating a new one.
[I 2026-09-02 05:52:37,669] Using an existing study with name 'rainbow_6750279' instead of creating a new one.
[I 2026-09-02 05:52:37,698] Using an existing study with name 'rainbow_6750279' instead of creating a new one.
[I 2026-09-02 05:52:37,713] Using an existing study with name 'rainbow_6750279' instead of creating a new one.
[I 2026-09-02 05:52:37,740] Using an existing study with name 'rainbow_6750279' instead of creating a new one.
[I 2026-09-02 05:52:37,934] Using an existing study with name 'rainbow_6750279' instead of creating a new one.
[I 2026-09-02 05:52:37,947] Using an existing study with name 'rainbow_6750279' instead of creating a new one.
[I 2026-09-02 05:52:38,505] Using an existing study with name 'rainbow_6750279' instead of creating a new one.
[I 2026-09-02 06:14:42,650] Trial 10 pruned. 
[I 2026-09-02 06:14:47,298] Trial 3 pruned. 
[I 2026-09-02 06:15:01,491] Trial 7 pruned. 
[I 2026-09-02 06:15:01,578] Trial 11 pruned. 
[I 2026-09-02 06:15:08,813] Trial 0 pruned. 
[I 2026-09-02 06:36:38,782] Trial 12 pruned. 
[I 2026-09-02 06:37:35,697] Trial 16 pruned. 
[I 2026-09-02 06:37:39,688] Trial 15 pruned. 
[I 2026-09-02 07:00:20,965] Trial 19 pruned. 
[I 2026-09-02 07:01:09,155] Trial 18 pruned. 
[I 2026-09-02 07:25:44,779] Trial 14 pruned. 
[I 2026-09-02 07:48:41,340] Trial 22 pruned. 
[I 2026-09-02 08:06:20,115] Trial 20 pruned. 
/pfs/data6/home/ul/ul_student/ul_lmm50/Neuroinformatik/src/dqn_agent.py:90: FutureWarning: You are using `torch.load` with `weights_only=False` (the current default value), which uses the default pickle module implicitly. It is possible to construct malicious pickle data which will execute arbitrary code during unpickling (See https://github.com/pytorch/pytorch/blob/main/SECURITY.md#untrusted-models for more details). In a future release, the default value for `weights_only` will be flipped to `True`. This limits the functions that could be executed during unpickling. Arbitrary objects will no longer be allowed to be loaded via this mode unless they are explicitly allowlisted by the user via `torch.serialization.add_safe_globals`. We recommend you start setting `weights_only=True` for any use case where you don't have full control of the loaded file. Please open an issue on GitHub for any issues related to this experimental feature.
  policy_dqn.load_state_dict(torch.load(self.MODEL_FILE, map_location=device))
[I 2026-09-02 09:06:55,271] Trial 2 finished with value: 6.099999999999994 and parameters: {'learning_rate_a': 3.705750207367881e-05, 'per_alpha': 0.4341390504892595, 'per_beta_init': 0.3950692832069427, 'sigma_init': 0.6371442807589555, 'batch_size': 32, 'network_sync_rate': 1000, 'n_step': 3, 'hidden_dim': 256}. Best is trial 2 with value: 6.099999999999994.
/pfs/data6/home/ul/ul_student/ul_lmm50/Neuroinformatik/src/dqn_agent.py:90: FutureWarning: You are using `torch.load` with `weights_only=False` (the current default value), which uses the default pickle module implicitly. It is possible to construct malicious pickle data which will execute arbitrary code during unpickling (See https://github.com/pytorch/pytorch/blob/main/SECURITY.md#untrusted-models for more details). In a future release, the default value for `weights_only` will be flipped to `True`. This limits the functions that could be executed during unpickling. Arbitrary objects will no longer be allowed to be loaded via this mode unless they are explicitly allowlisted by the user via `torch.serialization.add_safe_globals`. We recommend you start setting `weights_only=True` for any use case where you don't have full control of the loaded file. Please open an issue on GitHub for any issues related to this experimental feature.
  policy_dqn.load_state_dict(torch.load(self.MODEL_FILE, map_location=device))
[I 2026-09-02 09:10:06,738] Trial 1 finished with value: 23.875000000000078 and parameters: {'learning_rate_a': 0.0005181668445274442, 'per_alpha': 0.5883533079126272, 'per_beta_init': 0.3131087669098168, 'sigma_init': 0.34265993660544086, 'batch_size': 32, 'network_sync_rate': 2000, 'n_step': 5, 'hidden_dim': 512}. Best is trial 1 with value: 23.875000000000078.
/pfs/data6/home/ul/ul_student/ul_lmm50/Neuroinformatik/src/dqn_agent.py:90: FutureWarning: You are using `torch.load` with `weights_only=False` (the current default value), which uses the default pickle module implicitly. It is possible to construct malicious pickle data which will execute arbitrary code during unpickling (See https://github.com/pytorch/pytorch/blob/main/SECURITY.md#untrusted-models for more details). In a future release, the default value for `weights_only` will be flipped to `True`. This limits the functions that could be executed during unpickling. Arbitrary objects will no longer be allowed to be loaded via this mode unless they are explicitly allowlisted by the user via `torch.serialization.add_safe_globals`. We recommend you start setting `weights_only=True` for any use case where you don't have full control of the loaded file. Please open an issue on GitHub for any issues related to this experimental feature.
  policy_dqn.load_state_dict(torch.load(self.MODEL_FILE, map_location=device))
[I 2026-09-02 09:14:24,659] Trial 5 finished with value: 30.250000000000142 and parameters: {'learning_rate_a': 0.00012984053240342074, 'per_alpha': 0.6598981797548935, 'per_beta_init': 0.34603205570224277, 'sigma_init': 0.34764844442840415, 'batch_size': 64, 'network_sync_rate': 1000, 'n_step': 5, 'hidden_dim': 256}. Best is trial 5 with value: 30.250000000000142.
/pfs/data6/home/ul/ul_student/ul_lmm50/Neuroinformatik/src/dqn_agent.py:90: FutureWarning: You are using `torch.load` with `weights_only=False` (the current default value), which uses the default pickle module implicitly. It is possible to construct malicious pickle data which will execute arbitrary code during unpickling (See https://github.com/pytorch/pytorch/blob/main/SECURITY.md#untrusted-models for more details). In a future release, the default value for `weights_only` will be flipped to `True`. This limits the functions that could be executed during unpickling. Arbitrary objects will no longer be allowed to be loaded via this mode unless they are explicitly allowlisted by the user via `torch.serialization.add_safe_globals`. We recommend you start setting `weights_only=True` for any use case where you don't have full control of the loaded file. Please open an issue on GitHub for any issues related to this experimental feature.
  policy_dqn.load_state_dict(torch.load(self.MODEL_FILE, map_location=device))
[I 2026-09-02 09:15:13,081] Trial 8 finished with value: 3.8999999999999986 and parameters: {'learning_rate_a': 0.0003398609733150374, 'per_alpha': 0.3671148575297438, 'per_beta_init': 0.56582901981383, 'sigma_init': 0.6330514983426457, 'batch_size': 64, 'network_sync_rate': 1000, 'n_step': 5, 'hidden_dim': 256}. Best is trial 5 with value: 30.250000000000142.
/pfs/data6/home/ul/ul_student/ul_lmm50/Neuroinformatik/src/dqn_agent.py:90: FutureWarning: You are using `torch.load` with `weights_only=False` (the current default value), which uses the default pickle module implicitly. It is possible to construct malicious pickle data which will execute arbitrary code during unpickling (See https://github.com/pytorch/pytorch/blob/main/SECURITY.md#untrusted-models for more details). In a future release, the default value for `weights_only` will be flipped to `True`. This limits the functions that could be executed during unpickling. Arbitrary objects will no longer be allowed to be loaded via this mode unless they are explicitly allowlisted by the user via `torch.serialization.add_safe_globals`. We recommend you start setting `weights_only=True` for any use case where you don't have full control of the loaded file. Please open an issue on GitHub for any issues related to this experimental feature.
  policy_dqn.load_state_dict(torch.load(self.MODEL_FILE, map_location=device))
[I 2026-09-02 09:18:55,531] Trial 6 finished with value: 4.099999999999998 and parameters: {'learning_rate_a': 9.404196729951005e-05, 'per_alpha': 0.44758592528183194, 'per_beta_init': 0.4107634646625971, 'sigma_init': 0.45482481223763777, 'batch_size': 128, 'network_sync_rate': 1000, 'n_step': 3, 'hidden_dim': 256}. Best is trial 5 with value: 30.250000000000142.
/pfs/data6/home/ul/ul_student/ul_lmm50/Neuroinformatik/src/dqn_agent.py:90: FutureWarning: You are using `torch.load` with `weights_only=False` (the current default value), which uses the default pickle module implicitly. It is possible to construct malicious pickle data which will execute arbitrary code during unpickling (See https://github.com/pytorch/pytorch/blob/main/SECURITY.md#untrusted-models for more details). In a future release, the default value for `weights_only` will be flipped to `True`. This limits the functions that could be executed during unpickling. Arbitrary objects will no longer be allowed to be loaded via this mode unless they are explicitly allowlisted by the user via `torch.serialization.add_safe_globals`. We recommend you start setting `weights_only=True` for any use case where you don't have full control of the loaded file. Please open an issue on GitHub for any issues related to this experimental feature.
  policy_dqn.load_state_dict(torch.load(self.MODEL_FILE, map_location=device))
[I 2026-09-02 09:20:05,990] Trial 4 finished with value: 4.999999999999995 and parameters: {'learning_rate_a': 6.191928624367983e-05, 'per_alpha': 0.6215404959536377, 'per_beta_init': 0.409646046138837, 'sigma_init': 0.3001422084161967, 'batch_size': 64, 'network_sync_rate': 8000, 'n_step': 1, 'hidden_dim': 512}. Best is trial 5 with value: 30.250000000000142.
/pfs/data6/home/ul/ul_student/ul_lmm50/Neuroinformatik/src/dqn_agent.py:90: FutureWarning: You are using `torch.load` with `weights_only=False` (the current default value), which uses the default pickle module implicitly. It is possible to construct malicious pickle data which will execute arbitrary code during unpickling (See https://github.com/pytorch/pytorch/blob/main/SECURITY.md#untrusted-models for more details). In a future release, the default value for `weights_only` will be flipped to `True`. This limits the functions that could be executed during unpickling. Arbitrary objects will no longer be allowed to be loaded via this mode unless they are explicitly allowlisted by the user via `torch.serialization.add_safe_globals`. We recommend you start setting `weights_only=True` for any use case where you don't have full control of the loaded file. Please open an issue on GitHub for any issues related to this experimental feature.
  policy_dqn.load_state_dict(torch.load(self.MODEL_FILE, map_location=device))
[I 2026-09-02 09:26:11,928] Trial 9 finished with value: 77.97499999999982 and parameters: {'learning_rate_a': 0.0007626900268667981, 'per_alpha': 0.3496289915105517, 'per_beta_init': 0.5090421359482845, 'sigma_init': 0.6455355748771204, 'batch_size': 128, 'network_sync_rate': 8000, 'n_step': 3, 'hidden_dim': 512}. Best is trial 9 with value: 77.97499999999982.
[I 2026-09-02 09:28:09,647] Trial 25 pruned. 
/pfs/data6/home/ul/ul_student/ul_lmm50/Neuroinformatik/src/dqn_agent.py:90: FutureWarning: You are using `torch.load` with `weights_only=False` (the current default value), which uses the default pickle module implicitly. It is possible to construct malicious pickle data which will execute arbitrary code during unpickling (See https://github.com/pytorch/pytorch/blob/main/SECURITY.md#untrusted-models for more details). In a future release, the default value for `weights_only` will be flipped to `True`. This limits the functions that could be executed during unpickling. Arbitrary objects will no longer be allowed to be loaded via this mode unless they are explicitly allowlisted by the user via `torch.serialization.add_safe_globals`. We recommend you start setting `weights_only=True` for any use case where you don't have full control of the loaded file. Please open an issue on GitHub for any issues related to this experimental feature.
  policy_dqn.load_state_dict(torch.load(self.MODEL_FILE, map_location=device))
[I 2026-09-02 09:32:45,632] Trial 13 finished with value: 20.675000000000033 and parameters: {'learning_rate_a': 0.00018086806634775673, 'per_alpha': 0.6943605794699519, 'per_beta_init': 0.48352705727722234, 'sigma_init': 0.5519259935218457, 'batch_size': 32, 'network_sync_rate': 2000, 'n_step': 5, 'hidden_dim': 256}. Best is trial 9 with value: 77.97499999999982.
[I 2026-09-02 09:37:36,695] Trial 28 pruned. 
/pfs/data6/home/ul/ul_student/ul_lmm50/Neuroinformatik/src/dqn_agent.py:90: FutureWarning: You are using `torch.load` with `weights_only=False` (the current default value), which uses the default pickle module implicitly. It is possible to construct malicious pickle data which will execute arbitrary code during unpickling (See https://github.com/pytorch/pytorch/blob/main/SECURITY.md#untrusted-models for more details). In a future release, the default value for `weights_only` will be flipped to `True`. This limits the functions that could be executed during unpickling. Arbitrary objects will no longer be allowed to be loaded via this mode unless they are explicitly allowlisted by the user via `torch.serialization.add_safe_globals`. We recommend you start setting `weights_only=True` for any use case where you don't have full control of the loaded file. Please open an issue on GitHub for any issues related to this experimental feature.
  policy_dqn.load_state_dict(torch.load(self.MODEL_FILE, map_location=device))
[I 2026-09-02 09:56:27,990] Trial 17 finished with value: 3.8999999999999986 and parameters: {'learning_rate_a': 0.0005945901389438729, 'per_alpha': 0.47233645976355687, 'per_beta_init': 0.46945026513399524, 'sigma_init': 0.45224105421905186, 'batch_size': 64, 'network_sync_rate': 1000, 'n_step': 1, 'hidden_dim': 256}. Best is trial 9 with value: 77.97499999999982.
[I 2026-09-02 10:17:06,871] Trial 26 pruned. 
/pfs/data6/home/ul/ul_student/ul_lmm50/Neuroinformatik/src/dqn_agent.py:90: FutureWarning: You are using `torch.load` with `weights_only=False` (the current default value), which uses the default pickle module implicitly. It is possible to construct malicious pickle data which will execute arbitrary code during unpickling (See https://github.com/pytorch/pytorch/blob/main/SECURITY.md#untrusted-models for more details). In a future release, the default value for `weights_only` will be flipped to `True`. This limits the functions that could be executed during unpickling. Arbitrary objects will no longer be allowed to be loaded via this mode unless they are explicitly allowlisted by the user via `torch.serialization.add_safe_globals`. We recommend you start setting `weights_only=True` for any use case where you don't have full control of the loaded file. Please open an issue on GitHub for any issues related to this experimental feature.
  policy_dqn.load_state_dict(torch.load(self.MODEL_FILE, map_location=device))
[I 2026-09-02 10:19:38,835] Trial 21 finished with value: 6.424999999999994 and parameters: {'learning_rate_a': 4.961465290743743e-05, 'per_alpha': 0.31951476349954766, 'per_beta_init': 0.32708132546573637, 'sigma_init': 0.6614633825661836, 'batch_size': 64, 'network_sync_rate': 500, 'n_step': 3, 'hidden_dim': 512}. Best is trial 9 with value: 77.97499999999982.
[I 2026-09-02 11:04:07,118] Trial 35 pruned. 
/pfs/data6/home/ul/ul_student/ul_lmm50/Neuroinformatik/src/dqn_agent.py:90: FutureWarning: You are using `torch.load` with `weights_only=False` (the current default value), which uses the default pickle module implicitly. It is possible to construct malicious pickle data which will execute arbitrary code during unpickling (See https://github.com/pytorch/pytorch/blob/main/SECURITY.md#untrusted-models for more details). In a future release, the default value for `weights_only` will be flipped to `True`. This limits the functions that could be executed during unpickling. Arbitrary objects will no longer be allowed to be loaded via this mode unless they are explicitly allowlisted by the user via `torch.serialization.add_safe_globals`. We recommend you start setting `weights_only=True` for any use case where you don't have full control of the loaded file. Please open an issue on GitHub for any issues related to this experimental feature.
  policy_dqn.load_state_dict(torch.load(self.MODEL_FILE, map_location=device))
[I 2026-09-02 11:24:25,627] Trial 23 finished with value: 2.0000000000000013 and parameters: {'learning_rate_a': 2.6051658878159103e-05, 'per_alpha': 0.40516043202430113, 'per_beta_init': 0.5270237494427356, 'sigma_init': 0.6363074511417824, 'batch_size': 128, 'network_sync_rate': 8000, 'n_step': 1, 'hidden_dim': 512}. Best is trial 9 with value: 77.97499999999982.
[I 2026-09-02 11:28:23,701] Trial 37 pruned. 
/pfs/data6/home/ul/ul_student/ul_lmm50/Neuroinformatik/src/dqn_agent.py:90: FutureWarning: You are using `torch.load` with `weights_only=False` (the current default value), which uses the default pickle module implicitly. It is possible to construct malicious pickle data which will execute arbitrary code during unpickling (See https://github.com/pytorch/pytorch/blob/main/SECURITY.md#untrusted-models for more details). In a future release, the default value for `weights_only` will be flipped to `True`. This limits the functions that could be executed during unpickling. Arbitrary objects will no longer be allowed to be loaded via this mode unless they are explicitly allowlisted by the user via `torch.serialization.add_safe_globals`. We recommend you start setting `weights_only=True` for any use case where you don't have full control of the loaded file. Please open an issue on GitHub for any issues related to this experimental feature.
  policy_dqn.load_state_dict(torch.load(self.MODEL_FILE, map_location=device))
[I 2026-09-02 11:41:27,978] Trial 24 finished with value: 3.8999999999999986 and parameters: {'learning_rate_a': 1.956925076718487e-05, 'per_alpha': 0.4341414167049329, 'per_beta_init': 0.46606661337544186, 'sigma_init': 0.6441297398398376, 'batch_size': 128, 'network_sync_rate': 500, 'n_step': 1, 'hidden_dim': 512}. Best is trial 9 with value: 77.97499999999982.
[I 2026-09-02 12:08:33,985] Trial 38 pruned. 
[I 2026-09-02 12:30:24,005] Trial 39 pruned. 
[I 2026-09-02 12:32:25,570] Trial 40 pruned. 
