/home/ul/ul_student/ul_lmm50/.conda/envs/mario-rl-cuda/lib/python3.13/site-packages/optuna/_experimental.py:33: ExperimentalWarning: Argument ``multivariate`` is an experimental feature. The interface can change in the future.
  optuna_warn(
/home/ul/ul_student/ul_lmm50/.conda/envs/mario-rl-cuda/lib/python3.13/site-packages/optuna/_experimental.py:33: ExperimentalWarning: Argument ``multivariate`` is an experimental feature. The interface can change in the future.
  optuna_warn(
/home/ul/ul_student/ul_lmm50/.conda/envs/mario-rl-cuda/lib/python3.13/site-packages/optuna/_experimental.py:33: ExperimentalWarning: Argument ``multivariate`` is an experimental feature. The interface can change in the future.
  optuna_warn(
/home/ul/ul_student/ul_lmm50/.conda/envs/mario-rl-cuda/lib/python3.13/site-packages/optuna/_experimental.py:33: ExperimentalWarning: Argument ``multivariate`` is an experimental feature. The interface can change in the future.
  optuna_warn(
/home/ul/ul_student/ul_lmm50/.conda/envs/mario-rl-cuda/lib/python3.13/site-packages/optuna/_experimental.py:33: ExperimentalWarning: Argument ``multivariate`` is an experimental feature. The interface can change in the future.
  optuna_warn(
/home/ul/ul_student/ul_lmm50/.conda/envs/mario-rl-cuda/lib/python3.13/site-packages/optuna/_experimental.py:33: ExperimentalWarning: Argument ``multivariate`` is an experimental feature. The interface can change in the future.
  optuna_warn(
/home/ul/ul_student/ul_lmm50/.conda/envs/mario-rl-cuda/lib/python3.13/site-packages/optuna/_experimental.py:33: ExperimentalWarning: Argument ``multivariate`` is an experimental feature. The interface can change in the future.
  optuna_warn(
/home/ul/ul_student/ul_lmm50/.conda/envs/mario-rl-cuda/lib/python3.13/site-packages/optuna/_experimental.py:33: ExperimentalWarning: Argument ``multivariate`` is an experimental feature. The interface can change in the future.
  optuna_warn(
/home/ul/ul_student/ul_lmm50/.conda/envs/mario-rl-cuda/lib/python3.13/site-packages/optuna/_experimental.py:33: ExperimentalWarning: Argument ``multivariate`` is an experimental feature. The interface can change in the future.
  optuna_warn(
/home/ul/ul_student/ul_lmm50/.conda/envs/mario-rl-cuda/lib/python3.13/site-packages/optuna/_experimental.py:33: ExperimentalWarning: Argument ``multivariate`` is an experimental feature. The interface can change in the future.
  optuna_warn(
/home/ul/ul_student/ul_lmm50/.conda/envs/mario-rl-cuda/lib/python3.13/site-packages/optuna/_experimental.py:33: ExperimentalWarning: Argument ``multivariate`` is an experimental feature. The interface can change in the future.
  optuna_warn(
/home/ul/ul_student/ul_lmm50/.conda/envs/mario-rl-cuda/lib/python3.13/site-packages/optuna/_experimental.py:33: ExperimentalWarning: Argument ``multivariate`` is an experimental feature. The interface can change in the future.
  optuna_warn(
[I 2026-08-31 06:02:03,359] A new study created in Journal with name: mario_ppo_6742873
[I 2026-08-31 06:02:03,377] Using an existing study with name 'mario_ppo_6742873' instead of creating a new one.
[I 2026-08-31 06:02:03,399] Using an existing study with name 'mario_ppo_6742873' instead of creating a new one.
[I 2026-08-31 06:02:03,414] Using an existing study with name 'mario_ppo_6742873' instead of creating a new one.
[I 2026-08-31 06:02:03,432] Using an existing study with name 'mario_ppo_6742873' instead of creating a new one.
[I 2026-08-31 06:02:03,489] Using an existing study with name 'mario_ppo_6742873' instead of creating a new one.
[I 2026-08-31 06:02:03,515] Using an existing study with name 'mario_ppo_6742873' instead of creating a new one.
[I 2026-08-31 06:02:03,531] Using an existing study with name 'mario_ppo_6742873' instead of creating a new one.
[I 2026-08-31 06:02:03,600] Using an existing study with name 'mario_ppo_6742873' instead of creating a new one.
[I 2026-08-31 06:02:03,609] Using an existing study with name 'mario_ppo_6742873' instead of creating a new one.
[I 2026-08-31 06:02:03,673] Using an existing study with name 'mario_ppo_6742873' instead of creating a new one.
[I 2026-08-31 06:02:03,702] Using an existing study with name 'mario_ppo_6742873' instead of creating a new one.
[I 2026-08-31 08:36:05,074] Trial 5 pruned. 
[I 2026-08-31 08:36:29,466] Trial 2 pruned. 
[I 2026-08-31 08:38:12,237] Trial 0 pruned. 
[I 2026-08-31 08:40:54,706] Trial 10 pruned. 
[I 2026-08-31 08:43:44,038] Trial 1 pruned. 
[I 2026-08-31 08:52:34,840] Trial 8 pruned. 
[I 2026-08-31 11:09:53,732] Trial 13 pruned. 
[I 2026-08-31 13:43:41,764] Trial 18 pruned. 
[I 2026-08-31 13:53:06,058] Trial 3 finished with value: 14.552888888888889 and parameters: {'learning_rate_a': 2.8190582682383035e-05, 'ppo_epochs': 4, 'ent_coef': 0.024340509350215256, 'clip_eps': 0.2, 'gae_lambda': 0.977997809686675, 'vf_coef': 0.6946357731092891, 'rollout_steps': 8192, 'minibatch_size': 256, 'hidden_dim': 256}. Best is trial 3 with value: 14.552888888888889.
[I 2026-08-31 13:54:20,018] Trial 11 finished with value: 35.80355555555552 and parameters: {'learning_rate_a': 0.0004510484854393359, 'ppo_epochs': 3, 'ent_coef': 0.01041401940050718, 'clip_eps': 0.2, 'gae_lambda': 0.9686836219890965, 'vf_coef': 0.613318484606366, 'rollout_steps': 8192, 'minibatch_size': 256, 'hidden_dim': 512}. Best is trial 11 with value: 35.80355555555552.
[I 2026-08-31 14:11:10,216] Trial 7 finished with value: 46.35844444444447 and parameters: {'learning_rate_a': 0.0005043409765167377, 'ppo_epochs': 6, 'ent_coef': 0.022084561759890303, 'clip_eps': 0.3, 'gae_lambda': 0.912278909424837, 'vf_coef': 0.4079797022537364, 'rollout_steps': 4096, 'minibatch_size': 256, 'hidden_dim': 512}. Best is trial 7 with value: 46.35844444444447.
[I 2026-08-31 14:11:44,217] Trial 6 finished with value: 27.18911111111111 and parameters: {'learning_rate_a': 3.360836402196909e-05, 'ppo_epochs': 6, 'ent_coef': 0.022537005042401387, 'clip_eps': 0.1, 'gae_lambda': 0.9493056807859664, 'vf_coef': 0.4208646347142615, 'rollout_steps': 4096, 'minibatch_size': 64, 'hidden_dim': 512}. Best is trial 7 with value: 46.35844444444447.
[I 2026-08-31 14:19:57,147] Trial 9 finished with value: 37.71155555555552 and parameters: {'learning_rate_a': 6.49407550277399e-05, 'ppo_epochs': 10, 'ent_coef': 0.011600041464833831, 'clip_eps': 0.3, 'gae_lambda': 0.9130658718925669, 'vf_coef': 0.5943509014058945, 'rollout_steps': 4096, 'minibatch_size': 256, 'hidden_dim': 512}. Best is trial 7 with value: 46.35844444444447.
[I 2026-08-31 14:39:20,952] Trial 4 finished with value: 21.79200000000001 and parameters: {'learning_rate_a': 9.480004799910968e-05, 'ppo_epochs': 10, 'ent_coef': 0.019056370061613224, 'clip_eps': 0.2, 'gae_lambda': 0.954141690167631, 'vf_coef': 0.8617172885413278, 'rollout_steps': 4096, 'minibatch_size': 64, 'hidden_dim': 256}. Best is trial 7 with value: 46.35844444444447.
[I 2026-08-31 16:26:28,315] Trial 21 pruned. 
[I 2026-08-31 16:28:29,778] Trial 12 finished with value: 59.18711111111106 and parameters: {'learning_rate_a': 0.0003248019365518708, 'ppo_epochs': 4, 'ent_coef': 0.0071161460211771254, 'clip_eps': 0.3, 'gae_lambda': 0.9069234053366363, 'vf_coef': 0.5100027586370576, 'rollout_steps': 4096, 'minibatch_size': 256, 'hidden_dim': 512}. Best is trial 12 with value: 59.18711111111106.
[I 2026-08-31 16:38:49,125] Trial 16 finished with value: 39.38666666666669 and parameters: {'learning_rate_a': 0.0002534900523172604, 'ppo_epochs': 6, 'ent_coef': 0.014169717063852078, 'clip_eps': 0.1, 'gae_lambda': 0.94766903822133, 'vf_coef': 0.5558745646669745, 'rollout_steps': 8192, 'minibatch_size': 256, 'hidden_dim': 512}. Best is trial 12 with value: 59.18711111111106.
[I 2026-08-31 16:43:00,474] Trial 15 pruned. 
[I 2026-08-31 16:46:23,564] Trial 14 finished with value: 33.95266666666665 and parameters: {'learning_rate_a': 8.813774376352733e-05, 'ppo_epochs': 6, 'ent_coef': 0.03084383103053174, 'clip_eps': 0.2, 'gae_lambda': 0.923571258112935, 'vf_coef': 0.573346915136125, 'rollout_steps': 4096, 'minibatch_size': 64, 'hidden_dim': 256}. Best is trial 12 with value: 59.18711111111106.
[I 2026-08-31 16:49:54,396] Trial 17 finished with value: 34.84377777777775 and parameters: {'learning_rate_a': 0.00027255018716355124, 'ppo_epochs': 6, 'ent_coef': 0.028555218547989727, 'clip_eps': 0.1, 'gae_lambda': 0.9563890988587403, 'vf_coef': 0.5806757430012578, 'rollout_steps': 8192, 'minibatch_size': 256, 'hidden_dim': 512}. Best is trial 12 with value: 59.18711111111106.
[I 2026-08-31 16:57:29,506] Trial 24 pruned. 
[I 2026-08-31 19:12:37,110] Trial 28 pruned. 
[I 2026-08-31 19:16:11,185] Trial 29 pruned. 
[I 2026-08-31 21:28:21,647] Trial 20 pruned. 
[I 2026-08-31 21:41:46,766] Trial 19 finished with value: 48.43355555555555 and parameters: {'learning_rate_a': 0.0006174151780950114, 'ppo_epochs': 6, 'ent_coef': 0.006992204674704706, 'clip_eps': 0.1, 'gae_lambda': 0.9605561510035641, 'vf_coef': 0.7962534538420097, 'rollout_steps': 8192, 'minibatch_size': 256, 'hidden_dim': 512}. Best is trial 12 with value: 59.18711111111106.
[I 2026-08-31 22:08:32,423] Trial 22 finished with value: 41.34111111111108 and parameters: {'learning_rate_a': 0.0002640229950437564, 'ppo_epochs': 6, 'ent_coef': 0.02265463535605257, 'clip_eps': 0.3, 'gae_lambda': 0.9155951042733302, 'vf_coef': 0.3352493124069375, 'rollout_steps': 4096, 'minibatch_size': 256, 'hidden_dim': 512}. Best is trial 12 with value: 59.18711111111106.
[I 2026-08-31 22:11:02,949] Trial 23 finished with value: 52.94466666666664 and parameters: {'learning_rate_a': 0.0002366778809539601, 'ppo_epochs': 6, 'ent_coef': 0.023227552491427557, 'clip_eps': 0.3, 'gae_lambda': 0.9133169964425161, 'vf_coef': 0.619435852755521, 'rollout_steps': 8192, 'minibatch_size': 256, 'hidden_dim': 512}. Best is trial 12 with value: 59.18711111111106.
[I 2026-08-31 22:38:41,019] Trial 25 finished with value: 48.682444444444386 and parameters: {'learning_rate_a': 0.000175983895963601, 'ppo_epochs': 6, 'ent_coef': 0.021423445749798493, 'clip_eps': 0.3, 'gae_lambda': 0.9203232487278039, 'vf_coef': 0.3605450242683869, 'rollout_steps': 4096, 'minibatch_size': 256, 'hidden_dim': 512}. Best is trial 12 with value: 59.18711111111106.
[I 2026-09-01 00:02:32,787] Trial 35 pruned. 
[I 2026-09-01 00:15:12,766] Trial 36 pruned. 
[I 2026-09-01 00:25:21,047] Trial 27 finished with value: 37.01888888888888 and parameters: {'learning_rate_a': 0.000312757311662461, 'ppo_epochs': 6, 'ent_coef': 0.03008576803146945, 'clip_eps': 0.3, 'gae_lambda': 0.9171945175085041, 'vf_coef': 0.43253797063703386, 'rollout_steps': 4096, 'minibatch_size': 256, 'hidden_dim': 512}. Best is trial 12 with value: 59.18711111111106.
[I 2026-09-01 00:29:47,217] Trial 26 finished with value: 31.646444444444484 and parameters: {'learning_rate_a': 0.00011101217572112371, 'ppo_epochs': 6, 'ent_coef': 0.04071251433542475, 'clip_eps': 0.3, 'gae_lambda': 0.9149967583644982, 'vf_coef': 0.4334734478311517, 'rollout_steps': 4096, 'minibatch_size': 256, 'hidden_dim': 512}. Best is trial 12 with value: 59.18711111111106.
[I 2026-09-01 00:32:25,428] Trial 30 finished with value: 45.0491111111111 and parameters: {'learning_rate_a': 0.0009449685240590334, 'ppo_epochs': 4, 'ent_coef': 0.00502038806261314, 'clip_eps': 0.3, 'gae_lambda': 0.9019936347969124, 'vf_coef': 0.3859151087640701, 'rollout_steps': 4096, 'minibatch_size': 256, 'hidden_dim': 512}. Best is trial 12 with value: 59.18711111111106.
[I 2026-09-01 00:39:43,811] Trial 31 finished with value: 59.74777777777775 and parameters: {'learning_rate_a': 0.0006144689269969267, 'ppo_epochs': 4, 'ent_coef': 0.008194679510961441, 'clip_eps': 0.3, 'gae_lambda': 0.9029544115837189, 'vf_coef': 0.747302326164326, 'rollout_steps': 4096, 'minibatch_size': 256, 'hidden_dim': 512}. Best is trial 31 with value: 59.74777777777775.
[I 2026-09-01 01:05:45,434] Trial 32 finished with value: 59.737555555555616 and parameters: {'learning_rate_a': 0.00015602010477532593, 'ppo_epochs': 4, 'ent_coef': 0.006012934054533602, 'clip_eps': 0.3, 'gae_lambda': 0.9077231593502457, 'vf_coef': 0.5614909881194153, 'rollout_steps': 4096, 'minibatch_size': 64, 'hidden_dim': 512}. Best is trial 31 with value: 59.74777777777775.
[I 2026-09-01 03:11:00,963] Trial 34 finished with value: 51.956666666666656 and parameters: {'learning_rate_a': 0.0005275393196127429, 'ppo_epochs': 6, 'ent_coef': 0.006458239799600576, 'clip_eps': 0.1, 'gae_lambda': 0.9102647190477828, 'vf_coef': 0.6227388062680991, 'rollout_steps': 8192, 'minibatch_size': 256, 'hidden_dim': 512}. Best is trial 31 with value: 59.74777777777775.
[I 2026-09-01 03:11:43,570] Trial 33 finished with value: 57.145555555555475 and parameters: {'learning_rate_a': 0.0002488338691811708, 'ppo_epochs': 4, 'ent_coef': 0.0063098491646458475, 'clip_eps': 0.3, 'gae_lambda': 0.9098501371401291, 'vf_coef': 0.5160838460988965, 'rollout_steps': 4096, 'minibatch_size': 128, 'hidden_dim': 512}. Best is trial 31 with value: 59.74777777777775.
[I 2026-09-01 05:46:29,417] Trial 38 pruned. 
[I 2026-09-01 05:48:04,999] Trial 48 pruned. 
[I 2026-09-01 06:12:02,995] Trial 37 finished with value: 42.443333333333335 and parameters: {'learning_rate_a': 0.0003312646025784208, 'ppo_epochs': 4, 'ent_coef': 0.0051973713503105316, 'clip_eps': 0.3, 'gae_lambda': 0.9125887297429136, 'vf_coef': 0.7882094819361258, 'rollout_steps': 4096, 'minibatch_size': 128, 'hidden_dim': 512}. Best is trial 31 with value: 59.74777777777775.
[I 2026-09-01 06:18:51,252] Trial 39 pruned. 
[I 2026-09-01 07:53:46,476] Trial 40 finished with value: 54.237777777777765 and parameters: {'learning_rate_a': 0.0002910331158048285, 'ppo_epochs': 4, 'ent_coef': 0.008058707307456052, 'clip_eps': 0.2, 'gae_lambda': 0.9039049995302391, 'vf_coef': 0.5295880702230031, 'rollout_steps': 4096, 'minibatch_size': 256, 'hidden_dim': 512}. Best is trial 31 with value: 59.74777777777775.
[I 2026-09-01 08:08:09,880] Trial 43 pruned. 
[I 2026-09-01 08:11:16,559] Trial 41 finished with value: 48.01377777777779 and parameters: {'learning_rate_a': 0.00023399880170462949, 'ppo_epochs': 4, 'ent_coef': 0.005482585973732289, 'clip_eps': 0.2, 'gae_lambda': 0.9241848988406391, 'vf_coef': 0.5773398823803692, 'rollout_steps': 4096, 'minibatch_size': 256, 'hidden_dim': 512}. Best is trial 31 with value: 59.74777777777775.
[I 2026-09-01 08:12:45,161] Trial 44 pruned. 
[I 2026-09-01 08:18:42,122] Trial 42 finished with value: 48.32977777777774 and parameters: {'learning_rate_a': 0.00028305764512075637, 'ppo_epochs': 4, 'ent_coef': 0.0056249244898708495, 'clip_eps': 0.3, 'gae_lambda': 0.9087573882978938, 'vf_coef': 0.45539171888784996, 'rollout_steps': 4096, 'minibatch_size': 256, 'hidden_dim': 256}. Best is trial 31 with value: 59.74777777777775.
[I 2026-09-01 08:40:58,021] Trial 45 finished with value: 60.30955555555544 and parameters: {'learning_rate_a': 0.0003539703747568346, 'ppo_epochs': 4, 'ent_coef': 0.01189568691538168, 'clip_eps': 0.3, 'gae_lambda': 0.9111712394053804, 'vf_coef': 0.7684839661511679, 'rollout_steps': 4096, 'minibatch_size': 64, 'hidden_dim': 512}. Best is trial 45 with value: 60.30955555555544.
[I 2026-09-01 08:52:08,482] Trial 52 pruned. 
[I 2026-09-01 09:10:27,723] Trial 46 finished with value: 57.54199999999996 and parameters: {'learning_rate_a': 0.00014148405281844904, 'ppo_epochs': 4, 'ent_coef': 0.005871111001834708, 'clip_eps': 0.3, 'gae_lambda': 0.9290921012455335, 'vf_coef': 0.6736062326983634, 'rollout_steps': 4096, 'minibatch_size': 64, 'hidden_dim': 512}. Best is trial 45 with value: 60.30955555555544.
[I 2026-09-01 10:59:04,872] Trial 47 finished with value: 40.17066666666662 and parameters: {'learning_rate_a': 0.0008456931549194097, 'ppo_epochs': 4, 'ent_coef': 0.009535100373054361, 'clip_eps': 0.2, 'gae_lambda': 0.9053041695363626, 'vf_coef': 0.8718247917659084, 'rollout_steps': 4096, 'minibatch_size': 256, 'hidden_dim': 512}. Best is trial 45 with value: 60.30955555555544.
[I 2026-09-01 11:03:09,515] Trial 57 pruned. 
[I 2026-09-01 11:28:10,450] Trial 59 pruned. 
[I 2026-09-01 13:39:51,259] Trial 61 pruned. 
[I 2026-09-01 13:43:09,027] Trial 49 finished with value: 47.301555555555524 and parameters: {'learning_rate_a': 0.00014729495649095595, 'ppo_epochs': 3, 'ent_coef': 0.005669411294779973, 'clip_eps': 0.3, 'gae_lambda': 0.9026803035125017, 'vf_coef': 0.7354880217397473, 'rollout_steps': 4096, 'minibatch_size': 64, 'hidden_dim': 512}. Best is trial 45 with value: 60.30955555555544.
[I 2026-09-01 13:47:57,970] Trial 50 finished with value: 51.53288888888887 and parameters: {'learning_rate_a': 0.0007287633446950784, 'ppo_epochs': 6, 'ent_coef': 0.005532340652092274, 'clip_eps': 0.3, 'gae_lambda': 0.9051782588587021, 'vf_coef': 0.9105415543675733, 'rollout_steps': 4096, 'minibatch_size': 256, 'hidden_dim': 512}. Best is trial 45 with value: 60.30955555555544.
[I 2026-09-01 14:17:21,803] Trial 51 finished with value: 61.2108888888888 and parameters: {'learning_rate_a': 0.00020764370270877794, 'ppo_epochs': 4, 'ent_coef': 0.011261898076505652, 'clip_eps': 0.3, 'gae_lambda': 0.9016487333556713, 'vf_coef': 0.5565767129661228, 'rollout_steps': 8192, 'minibatch_size': 64, 'hidden_dim': 512}. Best is trial 51 with value: 61.2108888888888.
[I 2026-09-01 15:50:38,093] Trial 53 finished with value: 38.002222222222215 and parameters: {'learning_rate_a': 0.00014496104406821033, 'ppo_epochs': 4, 'ent_coef': 0.007543244363957217, 'clip_eps': 0.2, 'gae_lambda': 0.9264242008297837, 'vf_coef': 0.6161924761816143, 'rollout_steps': 4096, 'minibatch_size': 256, 'hidden_dim': 512}. Best is trial 51 with value: 61.2108888888888.
[I 2026-09-01 15:59:37,849] Trial 54 finished with value: 47.48177777777776 and parameters: {'learning_rate_a': 0.0003150733405499904, 'ppo_epochs': 4, 'ent_coef': 0.010978643778739236, 'clip_eps': 0.2, 'gae_lambda': 0.9171354931259824, 'vf_coef': 0.6077506242722889, 'rollout_steps': 4096, 'minibatch_size': 256, 'hidden_dim': 512}. Best is trial 51 with value: 61.2108888888888.
[I 2026-09-01 16:14:32,302] Trial 55 finished with value: 47.259111111111054 and parameters: {'learning_rate_a': 0.00017827824322195555, 'ppo_epochs': 3, 'ent_coef': 0.005688735771681616, 'clip_eps': 0.3, 'gae_lambda': 0.9037380507830466, 'vf_coef': 0.5522524443723009, 'rollout_steps': 4096, 'minibatch_size': 64, 'hidden_dim': 512}. Best is trial 51 with value: 61.2108888888888.
[I 2026-09-01 16:18:17,058] Trial 56 finished with value: 46.26177777777775 and parameters: {'learning_rate_a': 0.0002055512890729647, 'ppo_epochs': 3, 'ent_coef': 0.006670263791379052, 'clip_eps': 0.3, 'gae_lambda': 0.9124806501431949, 'vf_coef': 0.5687773301145497, 'rollout_steps': 4096, 'minibatch_size': 64, 'hidden_dim': 512}. Best is trial 51 with value: 61.2108888888888.
[I 2026-09-01 16:47:15,372] Trial 58 finished with value: 55.373333333333285 and parameters: {'learning_rate_a': 0.00029738855307858016, 'ppo_epochs': 4, 'ent_coef': 0.012224457599505325, 'clip_eps': 0.3, 'gae_lambda': 0.9340627648174732, 'vf_coef': 0.7473086054529308, 'rollout_steps': 4096, 'minibatch_size': 64, 'hidden_dim': 512}. Best is trial 51 with value: 61.2108888888888.
[I 2026-09-01 17:18:28,880] Trial 60 finished with value: 43.413777777777774 and parameters: {'learning_rate_a': 6.580415916637894e-05, 'ppo_epochs': 4, 'ent_coef': 0.00946870227191543, 'clip_eps': 0.3, 'gae_lambda': 0.9272134671621952, 'vf_coef': 0.6882463428954952, 'rollout_steps': 4096, 'minibatch_size': 64, 'hidden_dim': 512}. Best is trial 51 with value: 61.2108888888888.
[I 2026-09-01 18:57:06,078] Trial 62 finished with value: 49.75844444444442 and parameters: {'learning_rate_a': 0.0004441319851353694, 'ppo_epochs': 4, 'ent_coef': 0.005060630442848255, 'clip_eps': 0.3, 'gae_lambda': 0.9098052895113052, 'vf_coef': 0.5586079467220323, 'rollout_steps': 8192, 'minibatch_size': 64, 'hidden_dim': 512}. Best is trial 51 with value: 61.2108888888888.
[I 2026-09-01 19:26:04,677] Trial 63 finished with value: 42.02933333333329 and parameters: {'learning_rate_a': 0.00010792661712701054, 'ppo_epochs': 3, 'ent_coef': 0.009656889869539583, 'clip_eps': 0.3, 'gae_lambda': 0.9038048634481082, 'vf_coef': 0.45445939219269016, 'rollout_steps': 4096, 'minibatch_size': 64, 'hidden_dim': 512}. Best is trial 51 with value: 61.2108888888888.
[I 2026-09-01 21:43:41,514] Trial 64 finished with value: 42.23622222222222 and parameters: {'learning_rate_a': 0.00015818930053501052, 'ppo_epochs': 4, 'ent_coef': 0.00887301660776338, 'clip_eps': 0.3, 'gae_lambda': 0.9573838786267954, 'vf_coef': 0.6252862411388818, 'rollout_steps': 4096, 'minibatch_size': 64, 'hidden_dim': 512}. Best is trial 51 with value: 61.2108888888888.
[I 2026-09-01 21:54:44,020] Trial 66 finished with value: 48.32622222222218 and parameters: {'learning_rate_a': 0.0001846642967515161, 'ppo_epochs': 4, 'ent_coef': 0.005799277489998976, 'clip_eps': 0.3, 'gae_lambda': 0.9523931792040573, 'vf_coef': 0.5541428036943787, 'rollout_steps': 4096, 'minibatch_size': 64, 'hidden_dim': 512}. Best is trial 51 with value: 61.2108888888888.
[I 2026-09-01 22:00:00,092] Trial 65 finished with value: 32.612666666666655 and parameters: {'learning_rate_a': 0.0001730619348252651, 'ppo_epochs': 4, 'ent_coef': 0.0059139295815095905, 'clip_eps': 0.1, 'gae_lambda': 0.9207375269869135, 'vf_coef': 0.7857425507642941, 'rollout_steps': 4096, 'minibatch_size': 64, 'hidden_dim': 512}. Best is trial 51 with value: 61.2108888888888.
[I 2026-09-01 22:07:43,930] Trial 75 pruned. 
[I 2026-09-01 22:22:46,334] Trial 67 finished with value: 58.987555555555446 and parameters: {'learning_rate_a': 0.00012893607604304224, 'ppo_epochs': 4, 'ent_coef': 0.015290332717910969, 'clip_eps': 0.3, 'gae_lambda': 0.9035023995088209, 'vf_coef': 0.49337339780949996, 'rollout_steps': 8192, 'minibatch_size': 64, 'hidden_dim': 512}. Best is trial 51 with value: 61.2108888888888.
