[I 2026-08-07 05:08:52,249] Trial 134 pruned. 
[I 2026-08-07 05:17:56,248] Trial 135 pruned. 
[I 2026-08-07 05:20:13,635] Trial 133 pruned. 
[I 2026-08-07 05:27:12,135] Trial 136 pruned. 
[I 2026-08-07 05:27:19,598] Trial 128 finished with value: 2.0000000000000013 and parameters: {'learning_rate_a': 0.00027458629313908625, 'batch_size': 32, 'network_sync_rate': 2000, 'n_step': 3, 'per_alpha': 0.49418916375403005, 'per_beta_init': 0.5127533981442984, 'sigma_init': 0.49645990502158177, 'v_max': 30.0}. Best is trial 2 with value: 41.17500000000027.
[I 2026-08-07 05:29:25,662] Trial 137 pruned. 
[I 2026-08-07 05:33:51,952] Trial 129 finished with value: 2.0000000000000013 and parameters: {'learning_rate_a': 0.0001607138616686479, 'batch_size': 32, 'network_sync_rate': 2000, 'n_step': 3, 'per_alpha': 0.45916752881821343, 'per_beta_init': 0.5954711899268343, 'sigma_init': 0.5082570810110895, 'v_max': 30.0}. Best is trial 2 with value: 41.17500000000027.
[I 2026-08-07 05:43:09,500] Trial 141 pruned. 
[I 2026-08-07 05:52:32,419] Trial 142 pruned. 
[I 2026-08-07 05:57:26,821] Trial 138 pruned. 
[I 2026-08-07 05:57:47,157] Trial 139 pruned. 
[I 2026-08-07 05:58:52,873] Trial 140 pruned. 
[I 2026-08-07 06:18:01,218] Trial 143 pruned. 
[I 2026-08-07 06:43:20,857] Trial 147 pruned. 
[I 2026-08-07 07:09:44,758] Trial 148 pruned. 
[I 2026-08-07 07:18:25,631] Trial 144 finished with value: 41.50000000000026 and parameters: {'learning_rate_a': 0.0003714126307898821, 'batch_size': 32, 'network_sync_rate': 1000, 'n_step': 3, 'per_alpha': 0.46899670588966225, 'per_beta_init': 0.3034685123025852, 'sigma_init': 0.3405189844238343, 'v_max': 15.0}. Best is trial 144 with value: 41.50000000000026.
[I 2026-08-07 07:20:34,457] Trial 146 finished with value: 41.62500000000026 and parameters: {'learning_rate_a': 0.0004917968267578614, 'batch_size': 32, 'network_sync_rate': 1000, 'n_step': 3, 'per_alpha': 0.4348156889250845, 'per_beta_init': 0.4014688434652125, 'sigma_init': 0.31175353667721123, 'v_max': 15.0}. Best is trial 146 with value: 41.62500000000026.
[I 2026-08-07 07:30:14,612] Trial 151 pruned. 
[I 2026-08-07 07:30:32,217] Trial 145 finished with value: 51.12500000000038 and parameters: {'learning_rate_a': 0.00035961831443182403, 'batch_size': 128, 'network_sync_rate': 2000, 'n_step': 1, 'per_alpha': 0.4822794400423753, 'per_beta_init': 0.37209968034913193, 'sigma_init': 0.38096966950058025, 'v_max': 30.0}. Best is trial 145 with value: 51.12500000000038.
[I 2026-08-07 08:29:25,418] Trial 149 finished with value: 2.0000000000000013 and parameters: {'learning_rate_a': 0.0003758423921913808, 'batch_size': 64, 'network_sync_rate': 500, 'n_step': 3, 'per_alpha': 0.6912933513918944, 'per_beta_init': 0.5346016812040958, 'sigma_init': 0.3839471013172125, 'v_max': 30.0}. Best is trial 145 with value: 51.12500000000038.
[I 2026-08-07 08:42:08,915] Trial 150 finished with value: 18.450000000000017 and parameters: {'learning_rate_a': 0.00033234001834790813, 'batch_size': 64, 'network_sync_rate': 8000, 'n_step': 5, 'per_alpha': 0.525451784657934, 'per_beta_init': 0.5405029091468774, 'sigma_init': 0.31176300989129374, 'v_max': 30.0}. Best is trial 145 with value: 51.12500000000038.
[I 2026-08-07 08:45:25,956] Trial 152 pruned. 
[I 2026-08-07 08:49:59,683] Trial 153 finished with value: 56.225000000000435 and parameters: {'learning_rate_a': 0.0004112506010941837, 'batch_size': 32, 'network_sync_rate': 1000, 'n_step': 3, 'per_alpha': 0.4644318544964554, 'per_beta_init': 0.4205343516595986, 'sigma_init': 0.32820067238251877, 'v_max': 15.0}. Best is trial 153 with value: 56.225000000000435.
[I 2026-08-07 08:51:02,222] Trial 155 pruned. 
[I 2026-08-07 08:54:45,843] Trial 156 pruned. 
[I 2026-08-07 08:59:50,707] Trial 157 pruned. 
[I 2026-08-07 09:03:55,860] Trial 159 pruned. 
[I 2026-08-07 09:17:09,062] Trial 158 pruned. 
[I 2026-08-07 09:25:29,695] Trial 160 pruned. 
[I 2026-08-07 09:25:41,060] Trial 162 pruned. 
[I 2026-08-07 09:55:34,371] Trial 164 pruned. 
[I 2026-08-07 10:01:17,096] Trial 154 finished with value: 13.474999999999973 and parameters: {'learning_rate_a': 0.0004004089820902754, 'batch_size': 128, 'network_sync_rate': 2000, 'n_step': 1, 'per_alpha': 0.4155731135437214, 'per_beta_init': 0.4392418558726574, 'sigma_init': 0.31384924601218694, 'v_max': 30.0}. Best is trial 153 with value: 56.225000000000435.
[I 2026-08-07 10:19:21,344] Trial 161 finished with value: 2.0000000000000013 and parameters: {'learning_rate_a': 0.00015488293288409285, 'batch_size': 32, 'network_sync_rate': 1000, 'n_step': 3, 'per_alpha': 0.4585654589660868, 'per_beta_init': 0.43523405137553994, 'sigma_init': 0.38818465930957924, 'v_max': 15.0}. Best is trial 153 with value: 56.225000000000435.
[I 2026-08-07 10:46:15,494] Trial 163 finished with value: 45.45000000000028 and parameters: {'learning_rate_a': 0.00042858136243511375, 'batch_size': 32, 'network_sync_rate': 2000, 'n_step': 3, 'per_alpha': 0.4480342729620398, 'per_beta_init': 0.36968714565578237, 'sigma_init': 0.46172957988487107, 'v_max': 15.0}. Best is trial 153 with value: 56.225000000000435.
[I 2026-08-07 11:12:19,504] Trial 168 pruned. 
[I 2026-08-07 11:15:22,827] Trial 165 finished with value: 34.15000000000019 and parameters: {'learning_rate_a': 0.00047486891284741716, 'batch_size': 32, 'network_sync_rate': 2000, 'n_step': 3, 'per_alpha': 0.6492267143638861, 'per_beta_init': 0.39889206165415453, 'sigma_init': 0.3783078087269467, 'v_max': 15.0}. Best is trial 153 with value: 56.225000000000435.
[I 2026-08-07 11:16:57,127] Trial 166 finished with value: 2.0000000000000013 and parameters: {'learning_rate_a': 0.00037319806256833364, 'batch_size': 32, 'network_sync_rate': 1000, 'n_step': 3, 'per_alpha': 0.4393673288025449, 'per_beta_init': 0.31132950020186717, 'sigma_init': 0.38320853758935547, 'v_max': 15.0}. Best is trial 153 with value: 56.225000000000435.
[I 2026-08-07 11:21:25,052] Trial 169 pruned. 
[I 2026-08-07 11:29:17,466] Trial 172 pruned. 
[I 2026-08-07 11:37:03,948] Trial 167 finished with value: 15.949999999999982 and parameters: {'learning_rate_a': 0.0004591647463995633, 'batch_size': 32, 'network_sync_rate': 2000, 'n_step': 3, 'per_alpha': 0.6137350651748694, 'per_beta_init': 0.3951793231040497, 'sigma_init': 0.38343473913073595, 'v_max': 15.0}. Best is trial 153 with value: 56.225000000000435.
[I 2026-08-07 11:42:59,065] Trial 171 pruned. 
[I 2026-08-07 11:50:56,762] Trial 175 pruned. 
[I 2026-08-07 12:02:55,043] Trial 174 pruned. 
[I 2026-08-07 12:11:19,054] Trial 177 pruned. 
[I 2026-08-07 12:19:31,116] Trial 178 pruned. 
[I 2026-08-07 12:27:24,677] Trial 179 pruned. 
[I 2026-08-07 12:32:34,318] Trial 170 finished with value: 2.0000000000000013 and parameters: {'learning_rate_a': 0.00026197048840849354, 'batch_size': 32, 'network_sync_rate': 2000, 'n_step': 3, 'per_alpha': 0.5610377236252949, 'per_beta_init': 0.3867645450755758, 'sigma_init': 0.4129383557926963, 'v_max': 15.0}. Best is trial 153 with value: 56.225000000000435.
[I 2026-08-07 12:44:17,790] Trial 173 finished with value: 2.0000000000000013 and parameters: {'learning_rate_a': 0.00017967494639661448, 'batch_size': 32, 'network_sync_rate': 2000, 'n_step': 3, 'per_alpha': 0.6636106743461088, 'per_beta_init': 0.31872574841516865, 'sigma_init': 0.3440906680393041, 'v_max': 15.0}. Best is trial 153 with value: 56.225000000000435.
[I 2026-08-07 13:00:17,474] Trial 181 pruned. 
[I 2026-08-07 13:09:39,182] Trial 183 pruned. 
[I 2026-08-07 13:11:57,789] Trial 176 finished with value: 39.700000000000244 and parameters: {'learning_rate_a': 0.0003022380087682379, 'batch_size': 32, 'network_sync_rate': 2000, 'n_step': 3, 'per_alpha': 0.5834248516140518, 'per_beta_init': 0.3551810098338022, 'sigma_init': 0.4288167611300862, 'v_max': 15.0}. Best is trial 153 with value: 56.225000000000435.
[I 2026-08-07 13:20:44,320] Trial 185 pruned. 
[I 2026-08-07 13:39:16,740] Trial 184 pruned. 
[I 2026-08-07 13:46:11,338] Trial 186 pruned. 
[I 2026-08-07 13:49:33,717] Trial 180 finished with value: 14.799999999999988 and parameters: {'learning_rate_a': 0.00048651749831934445, 'batch_size': 64, 'network_sync_rate': 1000, 'n_step': 3, 'per_alpha': 0.6521095073049766, 'per_beta_init': 0.40361545888192485, 'sigma_init': 0.3589252948985098, 'v_max': 15.0}. Best is trial 153 with value: 56.225000000000435.
[I 2026-08-07 13:55:25,758] Trial 188 pruned. 
[I 2026-08-07 14:03:16,916] Trial 182 finished with value: 2.0000000000000013 and parameters: {'learning_rate_a': 0.0004888978474653986, 'batch_size': 32, 'network_sync_rate': 2000, 'n_step': 1, 'per_alpha': 0.5036857013943342, 'per_beta_init': 0.47142698765685326, 'sigma_init': 0.3763900103388175, 'v_max': 15.0}. Best is trial 153 with value: 56.225000000000435.
[I 2026-08-07 14:03:35,906] Trial 190 pruned. 
[I 2026-08-07 14:04:35,821] Trial 187 pruned. 
[I 2026-08-07 14:13:45,789] Trial 193 pruned. 
[I 2026-08-07 14:22:03,487] Trial 194 pruned. 
[I 2026-08-07 14:30:24,955] Trial 195 pruned. 
[I 2026-08-07 15:07:02,947] Trial 189 finished with value: 16.024999999999984 and parameters: {'learning_rate_a': 0.0004324554552654774, 'batch_size': 32, 'network_sync_rate': 1000, 'n_step': 3, 'per_alpha': 0.4649897304285596, 'per_beta_init': 0.3353541511224421, 'sigma_init': 0.31987712158462733, 'v_max': 15.0}. Best is trial 153 with value: 56.225000000000435.
[I 2026-08-07 15:18:44,728] Trial 192 finished with value: 2.0000000000000013 and parameters: {'learning_rate_a': 0.0003111219670874985, 'batch_size': 32, 'network_sync_rate': 2000, 'n_step': 3, 'per_alpha': 0.6899485203401675, 'per_beta_init': 0.4433264098071644, 'sigma_init': 0.38224263413948417, 'v_max': 30.0}. Best is trial 153 with value: 56.225000000000435.
[I 2026-08-07 15:19:41,524] Trial 191 pruned. 
[I 2026-08-07 15:27:53,136] Trial 199 pruned. 
[I 2026-08-07 15:28:24,317] Trial 198 pruned. 
[I 2026-08-07 15:54:18,002] Trial 201 pruned. 
[I 2026-08-07 16:01:24,467] Trial 196 finished with value: 12.899999999999974 and parameters: {'learning_rate_a': 0.00014657167069403188, 'batch_size': 128, 'network_sync_rate': 2000, 'n_step': 3, 'per_alpha': 0.5684707658431685, 'per_beta_init': 0.3570751866901218, 'sigma_init': 0.37692193096640275, 'v_max': 15.0}. Best is trial 153 with value: 56.225000000000435.
[I 2026-08-07 16:10:38,777] Trial 203 pruned. 
[I 2026-08-07 16:22:06,678] Trial 202 pruned. 
[I 2026-08-07 16:32:15,471] Trial 197 finished with value: 93.97499999999908 and parameters: {'learning_rate_a': 0.0004961781397365116, 'batch_size': 32, 'network_sync_rate': 1000, 'n_step': 3, 'per_alpha': 0.46286662002021783, 'per_beta_init': 0.330746431781281, 'sigma_init': 0.32056864008378166, 'v_max': 30.0}. Best is trial 197 with value: 93.97499999999908.
[I 2026-08-07 16:56:38,726] Trial 200 pruned. 
[I 2026-08-07 17:06:13,256] Trial 207 pruned. 
[I 2026-08-07 17:42:05,530] Trial 204 finished with value: 29.32500000000013 and parameters: {'learning_rate_a': 1.890857273110198e-05, 'batch_size': 128, 'network_sync_rate': 2000, 'n_step': 3, 'per_alpha': 0.5526060899325578, 'per_beta_init': 0.5998980344091249, 'sigma_init': 0.5849043257610281, 'v_max': 30.0}. Best is trial 197 with value: 93.97499999999908.
[I 2026-08-07 17:49:52,444] Trial 206 finished with value: 2.0000000000000013 and parameters: {'learning_rate_a': 0.0004662218872733251, 'batch_size': 32, 'network_sync_rate': 1000, 'n_step': 3, 'per_alpha': 0.5077796983265248, 'per_beta_init': 0.3161941592565656, 'sigma_init': 0.37412471525869273, 'v_max': 30.0}. Best is trial 197 with value: 93.97499999999908.
[I 2026-08-07 17:51:29,504] Trial 205 finished with value: 2.0000000000000013 and parameters: {'learning_rate_a': 0.00033931201920236315, 'batch_size': 128, 'network_sync_rate': 500, 'n_step': 1, 'per_alpha': 0.5557336439471967, 'per_beta_init': 0.3439707106006302, 'sigma_init': 0.45267147970394817, 'v_max': 30.0}. Best is trial 197 with value: 93.97499999999908.
[I 2026-08-07 18:22:32,552] Trial 208 finished with value: 2.0000000000000013 and parameters: {'learning_rate_a': 0.0003808161382878696, 'batch_size': 32, 'network_sync_rate': 1000, 'n_step': 3, 'per_alpha': 0.40415523527890856, 'per_beta_init': 0.3197659740305106, 'sigma_init': 0.3366908215820646, 'v_max': 30.0}. Best is trial 197 with value: 93.97499999999908.
[I 2026-08-07 18:32:26,712] Trial 212 pruned. 
[I 2026-08-07 18:41:39,197] Trial 213 pruned. 
[I 2026-08-07 18:49:59,730] Trial 214 pruned. 
[I 2026-08-07 18:58:22,631] Trial 215 pruned. 
[I 2026-08-07 19:06:51,130] Trial 216 pruned. 
[I 2026-08-07 19:09:10,324] Trial 211 finished with value: 2.0000000000000013 and parameters: {'learning_rate_a': 0.00019897586103236913, 'batch_size': 32, 'network_sync_rate': 1000, 'n_step': 3, 'per_alpha': 0.41372111444529086, 'per_beta_init': 0.35540920695432865, 'sigma_init': 0.31291186613597616, 'v_max': 30.0}. Best is trial 197 with value: 93.97499999999908.
[I 2026-08-07 19:12:32,854] Trial 209 finished with value: 2.0000000000000013 and parameters: {'learning_rate_a': 0.0002508069955917776, 'batch_size': 128, 'network_sync_rate': 500, 'n_step': 1, 'per_alpha': 0.5623102643935524, 'per_beta_init': 0.3764136315248879, 'sigma_init': 0.35782238658363275, 'v_max': 30.0}. Best is trial 197 with value: 93.97499999999908.
[I 2026-08-07 19:14:55,096] Trial 217 pruned. 
[I 2026-08-07 19:24:03,359] Trial 220 pruned. 
[I 2026-08-07 19:35:34,417] Trial 210 finished with value: 242.02499999999338 and parameters: {'learning_rate_a': 1.5925852332118225e-05, 'batch_size': 128, 'network_sync_rate': 2000, 'n_step': 3, 'per_alpha': 0.45227013282139505, 'per_beta_init': 0.551927367724301, 'sigma_init': 0.5461247384733374, 'v_max': 30.0}. Best is trial 210 with value: 242.02499999999338.
[I 2026-08-07 19:44:41,957] Trial 222 pruned. 
[I 2026-08-07 19:48:51,207] Trial 221 pruned. 
[I 2026-08-07 20:15:15,786] Trial 224 pruned. 
[I 2026-08-07 20:23:09,397] Trial 225 pruned. 
[I 2026-08-07 20:28:10,386] Trial 218 finished with value: 30.875000000000146 and parameters: {'learning_rate_a': 0.00041368748706620793, 'batch_size': 32, 'network_sync_rate': 1000, 'n_step': 3, 'per_alpha': 0.5381410960199632, 'per_beta_init': 0.3109606576167373, 'sigma_init': 0.31731092545048295, 'v_max': 15.0}. Best is trial 210 with value: 242.02499999999338.
[I 2026-08-07 20:32:24,265] Trial 219 finished with value: 42.90000000000029 and parameters: {'learning_rate_a': 0.0003226113280876006, 'batch_size': 32, 'network_sync_rate': 2000, 'n_step': 3, 'per_alpha': 0.5394018094141653, 'per_beta_init': 0.37567327978157183, 'sigma_init': 0.3356503148370278, 'v_max': 30.0}. Best is trial 210 with value: 242.02499999999338.
[I 2026-08-07 20:52:13,274] Trial 226 pruned. 
[I 2026-08-07 20:57:56,630] Trial 227 pruned. 
[I 2026-08-07 20:58:29,864] Trial 228 pruned. 
[I 2026-08-07 21:01:09,797] Trial 223 finished with value: 7.874999999999989 and parameters: {'learning_rate_a': 0.00014710505907519848, 'batch_size': 32, 'network_sync_rate': 8000, 'n_step': 5, 'per_alpha': 0.5922793349864343, 'per_beta_init': 0.5630177859580008, 'sigma_init': 0.32161472930653373, 'v_max': 30.0}. Best is trial 210 with value: 242.02499999999338.
[I 2026-08-07 21:05:52,139] Trial 230 pruned. 
[I 2026-08-07 21:09:55,358] Trial 232 pruned. 
[I 2026-08-07 21:18:56,838] Trial 234 pruned. 
[I 2026-08-07 21:24:29,710] Trial 231 pruned. 
[I 2026-08-07 21:34:33,812] Trial 233 pruned. 
[I 2026-08-07 21:42:46,428] Trial 237 pruned. 
[I 2026-08-07 21:49:50,454] Trial 236 pruned. 
[I 2026-08-07 21:51:48,377] Trial 238 pruned. 
[I 2026-08-07 21:59:01,267] Trial 239 pruned. 
[I 2026-08-07 22:07:59,628] Trial 229 finished with value: 2.0000000000000013 and parameters: {'learning_rate_a': 0.00042794340182579266, 'batch_size': 32, 'network_sync_rate': 2000, 'n_step': 3, 'per_alpha': 0.5389692983894838, 'per_beta_init': 0.4383809058837008, 'sigma_init': 0.3541147007281871, 'v_max': 30.0}. Best is trial 210 with value: 242.02499999999338.
[I 2026-08-07 22:16:04,558] Trial 240 pruned. 
[I 2026-08-07 22:33:39,690] Trial 235 finished with value: 2.0000000000000013 and parameters: {'learning_rate_a': 0.0001856048218027736, 'batch_size': 32, 'network_sync_rate': 2000, 'n_step': 3, 'per_alpha': 0.4406469262189223, 'per_beta_init': 0.33758134629853476, 'sigma_init': 0.32851967278762206, 'v_max': 30.0}. Best is trial 210 with value: 242.02499999999338.
[I 2026-08-07 22:34:14,546] Trial 242 pruned. 
[I 2026-08-07 22:42:14,402] Trial 245 pruned. 
[I 2026-08-07 22:50:06,056] Trial 246 pruned. 
[I 2026-08-07 22:58:54,103] Trial 244 pruned. 
[I 2026-08-07 23:14:44,116] Trial 241 finished with value: 2.0000000000000013 and parameters: {'learning_rate_a': 0.0003634970745843148, 'batch_size': 32, 'network_sync_rate': 2000, 'n_step': 3, 'per_alpha': 0.42595814807610477, 'per_beta_init': 0.3880124218551145, 'sigma_init': 0.36738886630879064, 'v_max': 30.0}. Best is trial 210 with value: 242.02499999999338.
[I 2026-08-07 23:19:02,065] Trial 247 pruned. 
[I 2026-08-07 23:23:52,341] Trial 249 pruned. 
[I 2026-08-07 23:28:15,128] Trial 250 pruned. 
[I 2026-08-07 23:32:07,310] Trial 243 finished with value: 12.224999999999977 and parameters: {'learning_rate_a': 0.0004525478317333343, 'batch_size': 32, 'network_sync_rate': 8000, 'n_step': 3, 'per_alpha': 0.5110811115853534, 'per_beta_init': 0.3347115251957035, 'sigma_init': 0.3920934509535769, 'v_max': 15.0}. Best is trial 210 with value: 242.02499999999338.
[I 2026-08-07 23:32:14,974] Trial 251 pruned. 
[I 2026-08-07 23:40:14,840] Trial 254 pruned. 
[I 2026-08-07 23:52:33,507] Trial 252 pruned. 
[I 2026-08-07 23:59:21,734] Trial 253 pruned. 
[I 2026-08-08 00:15:27,218] Trial 248 finished with value: 34.90000000000019 and parameters: {'learning_rate_a': 0.0003898488200840878, 'batch_size': 32, 'network_sync_rate': 1000, 'n_step': 3, 'per_alpha': 0.45389541653459, 'per_beta_init': 0.3892482630173205, 'sigma_init': 0.33392228881954383, 'v_max': 15.0}. Best is trial 210 with value: 242.02499999999338.
[I 2026-08-08 00:17:54,997] Trial 256 pruned. 
[I 2026-08-08 00:24:05,734] Trial 257 pruned. 
[I 2026-08-08 00:33:00,896] Trial 260 pruned. 
[I 2026-08-08 01:02:54,520] Trial 255 finished with value: 18.600000000000016 and parameters: {'learning_rate_a': 0.00039079908487161906, 'batch_size': 64, 'network_sync_rate': 8000, 'n_step': 5, 'per_alpha': 0.4834640678682695, 'per_beta_init': 0.45955650393528574, 'sigma_init': 0.4066697443975105, 'v_max': 30.0}. Best is trial 210 with value: 242.02499999999338.
[I 2026-08-08 01:11:59,451] Trial 262 pruned. 
[I 2026-08-08 01:30:52,162] Trial 258 pruned. 
[I 2026-08-08 01:36:07,605] Trial 259 finished with value: 22.725000000000065 and parameters: {'learning_rate_a': 0.00036451808569165395, 'batch_size': 32, 'network_sync_rate': 1000, 'n_step': 3, 'per_alpha': 0.4995036366883487, 'per_beta_init': 0.43853724691546614, 'sigma_init': 0.36513920247665227, 'v_max': 15.0}. Best is trial 210 with value: 242.02499999999338.
[I 2026-08-08 01:45:04,469] Trial 265 pruned. 
[I 2026-08-08 01:56:35,856] Trial 264 pruned. 
[I 2026-08-08 02:02:47,963] Trial 261 finished with value: 14.99999999999998 and parameters: {'learning_rate_a': 0.0002303281217485808, 'batch_size': 128, 'network_sync_rate': 500, 'n_step': 3, 'per_alpha': 0.6118233872980166, 'per_beta_init': 0.4741079089896135, 'sigma_init': 0.31163774539833733, 'v_max': 20.0}. Best is trial 210 with value: 242.02499999999338.
[I 2026-08-08 02:11:19,652] Trial 268 pruned. 
[I 2026-08-08 02:19:44,674] Trial 269 pruned. 
[I 2026-08-08 02:23:19,491] Trial 267 pruned. 
[I 2026-08-08 02:35:00,498] Trial 263 finished with value: 4.799999999999995 and parameters: {'learning_rate_a': 0.00017262705197898046, 'batch_size': 64, 'network_sync_rate': 8000, 'n_step': 5, 'per_alpha': 0.5463613572243889, 'per_beta_init': 0.43099041620562367, 'sigma_init': 0.4599772185701407, 'v_max': 30.0}. Best is trial 210 with value: 242.02499999999338.
[I 2026-08-08 02:49:11,407] Trial 270 pruned. 
[I 2026-08-08 03:13:39,390] Trial 266 finished with value: 2.0000000000000013 and parameters: {'learning_rate_a': 1.7510965546410027e-05, 'batch_size': 128, 'network_sync_rate': 2000, 'n_step': 3, 'per_alpha': 0.4099874164807198, 'per_beta_init': 0.5366619978506351, 'sigma_init': 0.6063419690736651, 'v_max': 30.0}. Best is trial 210 with value: 242.02499999999338.
[I 2026-08-08 03:15:29,997] Trial 273 pruned. 
[I 2026-08-08 03:39:09,639] Trial 271 finished with value: 2.0000000000000013 and parameters: {'learning_rate_a': 0.00040240742541557915, 'batch_size': 32, 'network_sync_rate': 1000, 'n_step': 3, 'per_alpha': 0.47762325709326275, 'per_beta_init': 0.42737968385726405, 'sigma_init': 0.31190397533964453, 'v_max': 15.0}. Best is trial 210 with value: 242.02499999999338.
[I 2026-08-08 03:41:01,863] Trial 275 pruned. 
[I 2026-08-08 03:54:41,750] Trial 272 finished with value: 2.0000000000000013 and parameters: {'learning_rate_a': 0.00035944913703028157, 'batch_size': 32, 'network_sync_rate': 2000, 'n_step': 1, 'per_alpha': 0.6834292438519928, 'per_beta_init': 0.4008834998910312, 'sigma_init': 0.31863597433265023, 'v_max': 15.0}. Best is trial 210 with value: 242.02499999999338.
[I 2026-08-08 04:06:46,930] Trial 277 pruned. 
[I 2026-08-08 04:22:05,766] Trial 278 pruned. 
[I 2026-08-08 04:44:34,821] Trial 274 finished with value: 15.724999999999978 and parameters: {'learning_rate_a': 0.0003446910953511882, 'batch_size': 128, 'network_sync_rate': 2000, 'n_step': 1, 'per_alpha': 0.5176639698636543, 'per_beta_init': 0.30012937081544994, 'sigma_init': 0.3535348315645981, 'v_max': 30.0}. Best is trial 210 with value: 242.02499999999338.
[I 2026-08-08 04:48:26,471] Trial 280 pruned. 
[I 2026-08-08 05:10:13,222] Trial 276 finished with value: 2.0000000000000013 and parameters: {'learning_rate_a': 3.955564756946934e-05, 'batch_size': 128, 'network_sync_rate': 2000, 'n_step': 3, 'per_alpha': 0.48688833185205604, 'per_beta_init': 0.48718294967493186, 'sigma_init': 0.557035674414688, 'v_max': 15.0}. Best is trial 210 with value: 242.02499999999338.
