[I 2026-08-06 08:33:57,677] Trial 46 finished with value: 6.7249999999999925 and parameters: {'learning_rate_a': 9.593006783817792e-05, 'ppo_epochs': 6, 'ent_coef': 0.0064744110049088765, 'clip_eps': 0.2, 'gae_lambda': 0.9785556677821965, 'vf_coef': 0.6619475457040069, 'rollout_steps': 1024, 'minibatch_size': 64, 'hidden_dim': 512}. Best is trial 8 with value: 32.575000000000166.
[I 2026-08-06 08:52:10,920] Trial 52 finished with value: 13.749999999999972 and parameters: {'learning_rate_a': 0.00014101480536536187, 'ppo_epochs': 3, 'ent_coef': 0.04518601439078633, 'clip_eps': 0.3, 'gae_lambda': 0.9246335059976063, 'vf_coef': 0.7615191674857625, 'rollout_steps': 1024, 'minibatch_size': 256, 'hidden_dim': 512}. Best is trial 8 with value: 32.575000000000166.
[I 2026-08-06 08:53:20,051] Trial 51 finished with value: 14.24999999999997 and parameters: {'learning_rate_a': 2.9063012222646095e-05, 'ppo_epochs': 6, 'ent_coef': 0.0050112718148363185, 'clip_eps': 0.2, 'gae_lambda': 0.9707006506809154, 'vf_coef': 0.7563900487195724, 'rollout_steps': 1024, 'minibatch_size': 64, 'hidden_dim': 256}. Best is trial 8 with value: 32.575000000000166.
[I 2026-08-06 08:57:44,916] Trial 53 finished with value: 22.700000000000063 and parameters: {'learning_rate_a': 6.992242834897071e-05, 'ppo_epochs': 10, 'ent_coef': 0.03798822438869377, 'clip_eps': 0.3, 'gae_lambda': 0.9110555867676176, 'vf_coef': 0.9314486872946188, 'rollout_steps': 1024, 'minibatch_size': 256, 'hidden_dim': 512}. Best is trial 8 with value: 32.575000000000166.
[I 2026-08-06 08:57:50,956] Trial 48 finished with value: 170.27499999999569 and parameters: {'learning_rate_a': 0.0005824744163106831, 'ppo_epochs': 4, 'ent_coef': 0.029274221479746808, 'clip_eps': 0.3, 'gae_lambda': 0.9028241757082061, 'vf_coef': 0.5871120286080485, 'rollout_steps': 2048, 'minibatch_size': 256, 'hidden_dim': 256}. Best is trial 48 with value: 170.27499999999569.
[I 2026-08-06 08:58:35,465] Trial 66 pruned. 
[I 2026-08-06 08:59:19,731] Trial 55 finished with value: 6.299999999999994 and parameters: {'learning_rate_a': 0.0001703951005733472, 'ppo_epochs': 3, 'ent_coef': 0.027932761703821852, 'clip_eps': 0.3, 'gae_lambda': 0.9163999219900475, 'vf_coef': 0.7260694816200768, 'rollout_steps': 1024, 'minibatch_size': 256, 'hidden_dim': 256}. Best is trial 48 with value: 170.27499999999569.
[I 2026-08-06 09:01:25,950] Trial 54 finished with value: 4.999999999999995 and parameters: {'learning_rate_a': 8.853209661908625e-05, 'ppo_epochs': 10, 'ent_coef': 0.02525696165730161, 'clip_eps': 0.3, 'gae_lambda': 0.900381725241042, 'vf_coef': 0.7728826637623193, 'rollout_steps': 1024, 'minibatch_size': 128, 'hidden_dim': 512}. Best is trial 48 with value: 170.27499999999569.
[I 2026-08-06 09:02:43,312] Trial 57 finished with value: 23.950000000000077 and parameters: {'learning_rate_a': 0.00018704908619505164, 'ppo_epochs': 3, 'ent_coef': 0.04328559854979324, 'clip_eps': 0.3, 'gae_lambda': 0.9003029384255024, 'vf_coef': 0.929893062670778, 'rollout_steps': 1024, 'minibatch_size': 256, 'hidden_dim': 512}. Best is trial 48 with value: 170.27499999999569.
[I 2026-08-06 09:04:34,907] Trial 70 pruned. 
[I 2026-08-06 09:08:37,959] Trial 72 pruned. 
[I 2026-08-06 09:08:49,819] Trial 60 finished with value: 10.84999999999998 and parameters: {'learning_rate_a': 0.00018587962362422747, 'ppo_epochs': 4, 'ent_coef': 0.02209037319693587, 'clip_eps': 0.3, 'gae_lambda': 0.9025268173433515, 'vf_coef': 0.89211402821318, 'rollout_steps': 1024, 'minibatch_size': 256, 'hidden_dim': 512}. Best is trial 48 with value: 170.27499999999569.
[I 2026-08-06 09:10:32,653] Trial 73 pruned. 
/pfs/data6/home/ul/ul_student/ul_lmm50/Neuroinformatik/src/ppo_agent.py:43: FutureWarning: You are using `torch.load` with `weights_only=False` (the current default value), which uses the default pickle module implicitly. It is possible to construct malicious pickle data which will execute arbitrary code during unpickling (See https://github.com/pytorch/pytorch/blob/main/SECURITY.md#untrusted-models for more details). In a future release, the default value for `weights_only` will be flipped to `True`. This limits the functions that could be executed during unpickling. Arbitrary objects will no longer be allowed to be loaded via this mode unless they are explicitly allowlisted by the user via `torch.serialization.add_safe_globals`. We recommend you start setting `weights_only=True` for any use case where you don't have full control of the loaded file. Please open an issue on GitHub for any issues related to this experimental feature.
  actor_critic.load_state_dict(torch.load(self.MODEL_FILE, map_location=device))
[I 2026-08-06 09:11:59,079] Trial 61 finished with value: 3.8999999999999986 and parameters: {'learning_rate_a': 7.12307701720288e-05, 'ppo_epochs': 6, 'ent_coef': 0.013331054315022624, 'clip_eps': 0.1, 'gae_lambda': 0.9593329647791052, 'vf_coef': 0.5765168828745119, 'rollout_steps': 2048, 'minibatch_size': 64, 'hidden_dim': 256}. Best is trial 48 with value: 170.27499999999569.
[I 2026-08-06 09:12:00,642] Trial 62 finished with value: 9.624999999999982 and parameters: {'learning_rate_a': 0.0001044351505006025, 'ppo_epochs': 3, 'ent_coef': 0.012620435883325395, 'clip_eps': 0.2, 'gae_lambda': 0.9481556388013723, 'vf_coef': 0.7545806040742447, 'rollout_steps': 1024, 'minibatch_size': 64, 'hidden_dim': 512}. Best is trial 48 with value: 170.27499999999569.
[I 2026-08-06 09:13:44,221] Trial 74 pruned. 
[I 2026-08-06 09:16:28,755] Trial 64 finished with value: 18.350000000000016 and parameters: {'learning_rate_a': 0.0005308996352817012, 'ppo_epochs': 3, 'ent_coef': 0.029970936190658774, 'clip_eps': 0.3, 'gae_lambda': 0.9155526343307722, 'vf_coef': 0.9259318703228488, 'rollout_steps': 1024, 'minibatch_size': 256, 'hidden_dim': 256}. Best is trial 48 with value: 170.27499999999569.
[I 2026-08-06 09:18:25,476] Trial 63 pruned. 
[I 2026-08-06 09:23:16,684] Trial 75 pruned. 
[I 2026-08-06 09:24:18,514] Trial 81 pruned. 
[I 2026-08-06 09:26:47,255] Trial 78 pruned. 
[I 2026-08-06 09:26:50,539] Trial 77 pruned. 
[I 2026-08-06 09:31:47,619] Trial 85 pruned. 
[I 2026-08-06 09:34:22,938] Trial 65 finished with value: 4.699999999999996 and parameters: {'learning_rate_a': 0.00037618805493154093, 'ppo_epochs': 6, 'ent_coef': 0.02258191475650407, 'clip_eps': 0.3, 'gae_lambda': 0.9199173329479221, 'vf_coef': 0.8747164307685031, 'rollout_steps': 1024, 'minibatch_size': 256, 'hidden_dim': 512}. Best is trial 48 with value: 170.27499999999569.
[I 2026-08-06 09:38:25,537] Trial 82 pruned. 
[I 2026-08-06 09:39:48,354] Trial 67 finished with value: 6.799999999999992 and parameters: {'learning_rate_a': 5.810225035390337e-05, 'ppo_epochs': 4, 'ent_coef': 0.005613472709992841, 'clip_eps': 0.2, 'gae_lambda': 0.9527458249409234, 'vf_coef': 0.7530969435797938, 'rollout_steps': 1024, 'minibatch_size': 128, 'hidden_dim': 256}. Best is trial 48 with value: 170.27499999999569.
[I 2026-08-06 09:41:16,057] Trial 84 pruned. 
[I 2026-08-06 09:41:27,905] Trial 68 finished with value: 9.649999999999983 and parameters: {'learning_rate_a': 4.8237716077528476e-05, 'ppo_epochs': 10, 'ent_coef': 0.026309064121194926, 'clip_eps': 0.3, 'gae_lambda': 0.9215231597281913, 'vf_coef': 0.8496371219511426, 'rollout_steps': 4096, 'minibatch_size': 256, 'hidden_dim': 512}. Best is trial 48 with value: 170.27499999999569.
[I 2026-08-06 09:43:26,369] Trial 69 finished with value: 18.67500000000002 and parameters: {'learning_rate_a': 7.950574599710909e-05, 'ppo_epochs': 10, 'ent_coef': 0.026291452744578083, 'clip_eps': 0.3, 'gae_lambda': 0.9319015979776406, 'vf_coef': 0.9203233865692731, 'rollout_steps': 1024, 'minibatch_size': 256, 'hidden_dim': 512}. Best is trial 48 with value: 170.27499999999569.
[I 2026-08-06 09:43:34,749] Trial 88 pruned. 
[I 2026-08-06 09:44:47,371] Trial 89 pruned. 
[I 2026-08-06 09:45:49,199] Trial 71 finished with value: 8.399999999999986 and parameters: {'learning_rate_a': 1.5329437445098077e-05, 'ppo_epochs': 6, 'ent_coef': 0.006240691845412719, 'clip_eps': 0.2, 'gae_lambda': 0.9564209715722033, 'vf_coef': 0.8583463763599122, 'rollout_steps': 1024, 'minibatch_size': 64, 'hidden_dim': 256}. Best is trial 48 with value: 170.27499999999569.
[I 2026-08-06 09:46:47,809] Trial 91 pruned. 
[I 2026-08-06 09:49:43,877] Trial 87 pruned. 
[I 2026-08-06 09:52:46,524] Trial 76 finished with value: 4.799999999999995 and parameters: {'learning_rate_a': 0.0005503643026208383, 'ppo_epochs': 4, 'ent_coef': 0.019271924193861936, 'clip_eps': 0.3, 'gae_lambda': 0.9069481446660418, 'vf_coef': 0.7510797475004652, 'rollout_steps': 4096, 'minibatch_size': 256, 'hidden_dim': 256}. Best is trial 48 with value: 170.27499999999569.
[I 2026-08-06 09:55:22,012] Trial 97 pruned. 
[I 2026-08-06 09:55:53,071] Trial 90 pruned. 
[I 2026-08-06 09:57:00,752] Trial 79 finished with value: 3.8999999999999986 and parameters: {'learning_rate_a': 0.0002711355879126061, 'ppo_epochs': 10, 'ent_coef': 0.03736935286366648, 'clip_eps': 0.3, 'gae_lambda': 0.9300072529219224, 'vf_coef': 0.9513514281184576, 'rollout_steps': 1024, 'minibatch_size': 256, 'hidden_dim': 512}. Best is trial 48 with value: 170.27499999999569.
[I 2026-08-06 09:58:12,030] Trial 92 pruned. 
[I 2026-08-06 09:58:34,070] Trial 93 pruned. 
[I 2026-08-06 09:58:46,090] Trial 80 finished with value: 11.07499999999998 and parameters: {'learning_rate_a': 0.0008598832816334068, 'ppo_epochs': 3, 'ent_coef': 0.02538126917030239, 'clip_eps': 0.1, 'gae_lambda': 0.9062534237291207, 'vf_coef': 0.9101557517756143, 'rollout_steps': 1024, 'minibatch_size': 256, 'hidden_dim': 256}. Best is trial 48 with value: 170.27499999999569.
[I 2026-08-06 09:59:28,962] Trial 94 pruned. 
[I 2026-08-06 10:01:29,505] Trial 96 pruned. 
[I 2026-08-06 10:03:31,777] Trial 103 pruned. 
[I 2026-08-06 10:06:31,209] Trial 106 pruned. 
[I 2026-08-06 10:07:56,810] Trial 83 finished with value: 3.8999999999999986 and parameters: {'learning_rate_a': 0.0003554909686286672, 'ppo_epochs': 10, 'ent_coef': 0.037906103007561746, 'clip_eps': 0.3, 'gae_lambda': 0.9167600587318783, 'vf_coef': 0.9518110755353845, 'rollout_steps': 1024, 'minibatch_size': 256, 'hidden_dim': 256}. Best is trial 48 with value: 170.27499999999569.
[I 2026-08-06 10:08:37,789] Trial 107 pruned. 
[I 2026-08-06 10:10:02,192] Trial 99 pruned. 
[I 2026-08-06 10:13:42,113] Trial 109 pruned. 
[I 2026-08-06 10:13:49,696] Trial 110 pruned. 
[I 2026-08-06 10:14:57,167] Trial 104 pruned. 
[I 2026-08-06 10:20:48,652] Trial 108 pruned. 
[I 2026-08-06 10:21:35,709] Trial 86 finished with value: 119.77499999999796 and parameters: {'learning_rate_a': 0.000567760860175142, 'ppo_epochs': 4, 'ent_coef': 0.024947199783957468, 'clip_eps': 0.3, 'gae_lambda': 0.9041542805952856, 'vf_coef': 0.633387371458745, 'rollout_steps': 4096, 'minibatch_size': 256, 'hidden_dim': 256}. Best is trial 48 with value: 170.27499999999569.
[I 2026-08-06 10:24:55,453] Trial 111 pruned. 
[I 2026-08-06 10:27:16,160] Trial 116 pruned. 
[I 2026-08-06 10:27:54,879] Trial 95 finished with value: 6.5999999999999925 and parameters: {'learning_rate_a': 0.0006568248891061591, 'ppo_epochs': 4, 'ent_coef': 0.015045851885903235, 'clip_eps': 0.3, 'gae_lambda': 0.9074274810887937, 'vf_coef': 0.6355481863294139, 'rollout_steps': 2048, 'minibatch_size': 256, 'hidden_dim': 256}. Best is trial 48 with value: 170.27499999999569.
[I 2026-08-06 10:30:34,264] Trial 117 pruned. 
[I 2026-08-06 10:32:26,811] Trial 118 pruned. 
[I 2026-08-06 10:35:47,088] Trial 115 pruned. 
[I 2026-08-06 10:36:09,015] Trial 120 pruned. 
[I 2026-08-06 10:36:46,373] Trial 98 finished with value: 8.424999999999986 and parameters: {'learning_rate_a': 7.515675636340002e-05, 'ppo_epochs': 10, 'ent_coef': 0.03264737958510705, 'clip_eps': 0.3, 'gae_lambda': 0.9303855418424521, 'vf_coef': 0.9595633194972518, 'rollout_steps': 1024, 'minibatch_size': 256, 'hidden_dim': 512}. Best is trial 48 with value: 170.27499999999569.
[I 2026-08-06 10:39:28,419] Trial 101 finished with value: 7.07499999999999 and parameters: {'learning_rate_a': 0.00035605978425047987, 'ppo_epochs': 3, 'ent_coef': 0.013930483879195592, 'clip_eps': 0.1, 'gae_lambda': 0.9128972026269744, 'vf_coef': 0.9544330609489582, 'rollout_steps': 1024, 'minibatch_size': 256, 'hidden_dim': 256}. Best is trial 48 with value: 170.27499999999569.
[I 2026-08-06 10:39:42,705] Trial 100 finished with value: 10.77499999999998 and parameters: {'learning_rate_a': 8.835106087672896e-05, 'ppo_epochs': 10, 'ent_coef': 0.021435805112309754, 'clip_eps': 0.3, 'gae_lambda': 0.9390957952535792, 'vf_coef': 0.9383851898047976, 'rollout_steps': 1024, 'minibatch_size': 256, 'hidden_dim': 512}. Best is trial 48 with value: 170.27499999999569.
[I 2026-08-06 10:40:21,588] Trial 102 finished with value: 5.274999999999995 and parameters: {'learning_rate_a': 0.0002223672453513048, 'ppo_epochs': 3, 'ent_coef': 0.03712712552618339, 'clip_eps': 0.3, 'gae_lambda': 0.939335209342304, 'vf_coef': 0.610750948409498, 'rollout_steps': 2048, 'minibatch_size': 128, 'hidden_dim': 512}. Best is trial 48 with value: 170.27499999999569.
[I 2026-08-06 10:41:52,150] Trial 124 pruned. 
[I 2026-08-06 10:42:01,757] Trial 105 pruned. 
[I 2026-08-06 10:42:24,472] Trial 119 pruned. 
[I 2026-08-06 10:46:54,691] Trial 129 pruned. 
[I 2026-08-06 10:47:27,948] Trial 128 pruned. 
[I 2026-08-06 10:48:01,871] Trial 130 pruned. 
[I 2026-08-06 10:50:23,914] Trial 123 pruned. 
[I 2026-08-06 10:53:09,507] Trial 133 pruned. 
[I 2026-08-06 10:54:52,329] Trial 127 pruned. 
[I 2026-08-06 10:55:55,510] Trial 112 finished with value: 11.699999999999978 and parameters: {'learning_rate_a': 0.000876275640052244, 'ppo_epochs': 3, 'ent_coef': 0.03232292639620358, 'clip_eps': 0.1, 'gae_lambda': 0.9202564192974437, 'vf_coef': 0.9051488181679105, 'rollout_steps': 1024, 'minibatch_size': 256, 'hidden_dim': 256}. Best is trial 48 with value: 170.27499999999569.
[I 2026-08-06 10:56:44,201] Trial 114 pruned. 
[I 2026-08-06 10:57:24,948] Trial 113 finished with value: 26.90000000000011 and parameters: {'learning_rate_a': 0.000769286077347197, 'ppo_epochs': 3, 'ent_coef': 0.03890543937975775, 'clip_eps': 0.2, 'gae_lambda': 0.9303496057539293, 'vf_coef': 0.9189043752281604, 'rollout_steps': 1024, 'minibatch_size': 256, 'hidden_dim': 512}. Best is trial 48 with value: 170.27499999999569.
[I 2026-08-06 11:02:07,203] Trial 132 pruned. 
[I 2026-08-06 11:17:14,683] Trial 121 finished with value: 38.30000000000024 and parameters: {'learning_rate_a': 0.0006141435836031223, 'ppo_epochs': 3, 'ent_coef': 0.035011638554960374, 'clip_eps': 0.3, 'gae_lambda': 0.9166976734219322, 'vf_coef': 0.9170740040707077, 'rollout_steps': 2048, 'minibatch_size': 256, 'hidden_dim': 512}. Best is trial 48 with value: 170.27499999999569.
[I 2026-08-06 11:20:54,221] Trial 125 pruned. 
[I 2026-08-06 11:21:18,543] Trial 122 finished with value: 50.70000000000037 and parameters: {'learning_rate_a': 0.0007656767872347318, 'ppo_epochs': 6, 'ent_coef': 0.04061688004351039, 'clip_eps': 0.1, 'gae_lambda': 0.9134203095504237, 'vf_coef': 0.9357423913538723, 'rollout_steps': 1024, 'minibatch_size': 256, 'hidden_dim': 256}. Best is trial 48 with value: 170.27499999999569.
[I 2026-08-06 11:28:52,975] Trial 131 finished with value: 13.99999999999997 and parameters: {'learning_rate_a': 0.0009330901208427038, 'ppo_epochs': 3, 'ent_coef': 0.03323988829491757, 'clip_eps': 0.1, 'gae_lambda': 0.9026484894075172, 'vf_coef': 0.7852467101681155, 'rollout_steps': 1024, 'minibatch_size': 256, 'hidden_dim': 256}. Best is trial 48 with value: 170.27499999999569.
[I 2026-08-06 11:33:28,489] Trial 126 finished with value: 191.52499999999472 and parameters: {'learning_rate_a': 0.00035174155821160046, 'ppo_epochs': 3, 'ent_coef': 0.03338914550448718, 'clip_eps': 0.1, 'gae_lambda': 0.9021773331605873, 'vf_coef': 0.9591738002308042, 'rollout_steps': 1024, 'minibatch_size': 256, 'hidden_dim': 512}. Best is trial 126 with value: 191.52499999999472.
[I 2026-08-06 11:34:54,247] Trial 134 finished with value: 43.27500000000029 and parameters: {'learning_rate_a': 0.000916908166146323, 'ppo_epochs': 3, 'ent_coef': 0.0425969668335928, 'clip_eps': 0.1, 'gae_lambda': 0.9181310287585916, 'vf_coef': 0.8556030484055116, 'rollout_steps': 1024, 'minibatch_size': 256, 'hidden_dim': 256}. Best is trial 126 with value: 191.52499999999472.
[I 2026-08-06 11:35:43,143] Trial 135 finished with value: 15.699999999999978 and parameters: {'learning_rate_a': 0.00032623660651226726, 'ppo_epochs': 4, 'ent_coef': 0.01912533123033776, 'clip_eps': 0.3, 'gae_lambda': 0.9043691378512074, 'vf_coef': 0.5777677790351291, 'rollout_steps': 1024, 'minibatch_size': 256, 'hidden_dim': 256}. Best is trial 126 with value: 191.52499999999472.
[I 2026-08-06 11:37:42,919] Trial 136 finished with value: 25.900000000000095 and parameters: {'learning_rate_a': 0.00024219528534756484, 'ppo_epochs': 3, 'ent_coef': 0.04331699322838493, 'clip_eps': 0.3, 'gae_lambda': 0.9300779349587676, 'vf_coef': 0.9074459304763056, 'rollout_steps': 1024, 'minibatch_size': 128, 'hidden_dim': 512}. Best is trial 126 with value: 191.52499999999472.
[I 2026-08-06 11:39:08,305] Trial 139 finished with value: 4.824999999999996 and parameters: {'learning_rate_a': 0.0005275670306090008, 'ppo_epochs': 3, 'ent_coef': 0.014692004518894842, 'clip_eps': 0.2, 'gae_lambda': 0.9557527680591719, 'vf_coef': 0.9361712131711076, 'rollout_steps': 1024, 'minibatch_size': 256, 'hidden_dim': 512}. Best is trial 126 with value: 191.52499999999472.
[I 2026-08-06 11:40:08,912] Trial 137 finished with value: 28.375000000000124 and parameters: {'learning_rate_a': 0.0007112987564552703, 'ppo_epochs': 3, 'ent_coef': 0.025906927507765742, 'clip_eps': 0.1, 'gae_lambda': 0.9192035199538343, 'vf_coef': 0.8432015812260725, 'rollout_steps': 1024, 'minibatch_size': 64, 'hidden_dim': 256}. Best is trial 126 with value: 191.52499999999472.
[I 2026-08-06 11:41:38,791] Trial 138 finished with value: 26.90000000000011 and parameters: {'learning_rate_a': 0.0005754530768834262, 'ppo_epochs': 4, 'ent_coef': 0.02212921105145271, 'clip_eps': 0.3, 'gae_lambda': 0.9288336729300423, 'vf_coef': 0.5087186691689134, 'rollout_steps': 4096, 'minibatch_size': 256, 'hidden_dim': 256}. Best is trial 126 with value: 191.52499999999472.
[I 2026-08-06 11:42:49,738] Trial 144 pruned. 
[I 2026-08-06 11:45:03,874] Trial 150 pruned. 
[I 2026-08-06 11:47:05,046] Trial 140 finished with value: 36.80000000000022 and parameters: {'learning_rate_a': 0.00047873559445223764, 'ppo_epochs': 3, 'ent_coef': 0.03699801721548006, 'clip_eps': 0.2, 'gae_lambda': 0.9736593654647075, 'vf_coef': 0.9097387484794668, 'rollout_steps': 1024, 'minibatch_size': 256, 'hidden_dim': 512}. Best is trial 126 with value: 191.52499999999472.
[I 2026-08-06 11:50:07,937] Trial 153 pruned. 
[I 2026-08-06 11:55:03,980] Trial 155 pruned. 
[I 2026-08-06 11:58:51,483] Trial 141 finished with value: 6.799999999999992 and parameters: {'learning_rate_a': 0.00028107846751995985, 'ppo_epochs': 3, 'ent_coef': 0.02779154765647362, 'clip_eps': 0.2, 'gae_lambda': 0.9362575438848044, 'vf_coef': 0.9024422636521642, 'rollout_steps': 1024, 'minibatch_size': 256, 'hidden_dim': 512}. Best is trial 126 with value: 191.52499999999472.
[I 2026-08-06 12:01:35,923] Trial 154 pruned. 
[I 2026-08-06 12:02:43,282] Trial 142 finished with value: 9.224999999999984 and parameters: {'learning_rate_a': 0.0004767624928571348, 'ppo_epochs': 3, 'ent_coef': 0.022927842835183048, 'clip_eps': 0.2, 'gae_lambda': 0.9466520759538849, 'vf_coef': 0.8016722187864588, 'rollout_steps': 1024, 'minibatch_size': 256, 'hidden_dim': 512}. Best is trial 126 with value: 191.52499999999472.
[I 2026-08-06 12:03:48,175] Trial 157 pruned. 
[I 2026-08-06 12:04:07,067] Trial 143 finished with value: 19.75000000000003 and parameters: {'learning_rate_a': 0.0005742025140823185, 'ppo_epochs': 3, 'ent_coef': 0.04229460301452875, 'clip_eps': 0.2, 'gae_lambda': 0.9406870597790263, 'vf_coef': 0.8426663183733081, 'rollout_steps': 4096, 'minibatch_size': 256, 'hidden_dim': 512}. Best is trial 126 with value: 191.52499999999472.
[I 2026-08-06 12:07:21,052] Trial 158 pruned. 
[I 2026-08-06 12:09:01,740] Trial 161 pruned. 
[I 2026-08-06 12:15:04,560] Trial 145 finished with value: 6.024999999999995 and parameters: {'learning_rate_a': 0.0006671518964940469, 'ppo_epochs': 3, 'ent_coef': 0.03804503167123028, 'clip_eps': 0.3, 'gae_lambda': 0.9323765923581337, 'vf_coef': 0.9028805025150621, 'rollout_steps': 2048, 'minibatch_size': 256, 'hidden_dim': 512}. Best is trial 126 with value: 191.52499999999472.
[I 2026-08-06 12:16:09,840] Trial 146 pruned. 
[I 2026-08-06 12:16:46,103] Trial 159 pruned. 
[I 2026-08-06 12:18:03,311] Trial 160 pruned. 
[I 2026-08-06 12:18:31,577] Trial 147 finished with value: 15.724999999999978 and parameters: {'learning_rate_a': 0.0002995122158202134, 'ppo_epochs': 4, 'ent_coef': 0.019136695001536013, 'clip_eps': 0.3, 'gae_lambda': 0.9161464961471557, 'vf_coef': 0.4599602397492946, 'rollout_steps': 1024, 'minibatch_size': 256, 'hidden_dim': 256}. Best is trial 126 with value: 191.52499999999472.
[I 2026-08-06 12:20:02,792] Trial 148 finished with value: 7.924999999999988 and parameters: {'learning_rate_a': 0.0007163019084076155, 'ppo_epochs': 3, 'ent_coef': 0.02701975978110472, 'clip_eps': 0.2, 'gae_lambda': 0.9320114057624275, 'vf_coef': 0.8786264024211231, 'rollout_steps': 1024, 'minibatch_size': 256, 'hidden_dim': 512}. Best is trial 126 with value: 191.52499999999472.
[I 2026-08-06 12:20:53,390] Trial 149 finished with value: 9.099999999999984 and parameters: {'learning_rate_a': 0.00024340501765633305, 'ppo_epochs': 3, 'ent_coef': 0.030592236557296003, 'clip_eps': 0.3, 'gae_lambda': 0.9495967554621121, 'vf_coef': 0.9954033871334471, 'rollout_steps': 1024, 'minibatch_size': 128, 'hidden_dim': 512}. Best is trial 126 with value: 191.52499999999472.
[I 2026-08-06 12:21:41,050] Trial 165 pruned. 
[I 2026-08-06 12:23:06,096] Trial 163 pruned. 
[I 2026-08-06 12:23:15,348] Trial 151 pruned. 
