/home/ul/ul_student/ul_lmm50/.conda/envs/dqn-flappy-bird-cuda/lib/python3.11/site-packages/optuna/_experimental.py:33: ExperimentalWarning: Argument ``multivariate`` is an experimental feature. The interface can change in the future.
  optuna_warn(
/home/ul/ul_student/ul_lmm50/.conda/envs/dqn-flappy-bird-cuda/lib/python3.11/site-packages/optuna/_experimental.py:33: ExperimentalWarning: Argument ``multivariate`` is an experimental feature. The interface can change in the future.
  optuna_warn(
/home/ul/ul_student/ul_lmm50/.conda/envs/dqn-flappy-bird-cuda/lib/python3.11/site-packages/optuna/_experimental.py:33: ExperimentalWarning: Argument ``multivariate`` is an experimental feature. The interface can change in the future.
  optuna_warn(
/home/ul/ul_student/ul_lmm50/.conda/envs/dqn-flappy-bird-cuda/lib/python3.11/site-packages/optuna/_experimental.py:33: ExperimentalWarning: Argument ``multivariate`` is an experimental feature. The interface can change in the future.
  optuna_warn(
[I 2026-08-06 08:33:15,917] A new study created in Journal with name: rainbow_6157867
[I 2026-08-06 08:33:15,934] Using an existing study with name 'rainbow_6157867' instead of creating a new one.
[I 2026-08-06 08:33:15,954] Using an existing study with name 'rainbow_6157867' instead of creating a new one.
[I 2026-08-06 08:33:15,975] Using an existing study with name 'rainbow_6157867' instead of creating a new one.
/pfs/data6/home/ul/ul_student/ul_lmm50/Neuroinformatik/src/dqn_agent.py:78: FutureWarning: You are using `torch.load` with `weights_only=False` (the current default value), which uses the default pickle module implicitly. It is possible to construct malicious pickle data which will execute arbitrary code during unpickling (See https://github.com/pytorch/pytorch/blob/main/SECURITY.md#untrusted-models for more details). In a future release, the default value for `weights_only` will be flipped to `True`. This limits the functions that could be executed during unpickling. Arbitrary objects will no longer be allowed to be loaded via this mode unless they are explicitly allowlisted by the user via `torch.serialization.add_safe_globals`. We recommend you start setting `weights_only=True` for any use case where you don't have full control of the loaded file. Please open an issue on GitHub for any issues related to this experimental feature.
  policy_dqn.load_state_dict(torch.load(self.MODEL_FILE, map_location=device))
[I 2026-08-06 09:53:15,914] Trial 1 finished with value: 23.675000000000075 and parameters: {'learning_rate_a': 0.00030037942122376255, 'batch_size': 32, 'network_sync_rate': 1000, 'n_step': 3, 'per_alpha': 0.43235014707543995, 'per_beta_init': 0.3152925395862888, 'sigma_init': 0.30222075174229307, 'v_max': 15.0}. Best is trial 1 with value: 23.675000000000075.
/pfs/data6/home/ul/ul_student/ul_lmm50/Neuroinformatik/src/dqn_agent.py:78: FutureWarning: You are using `torch.load` with `weights_only=False` (the current default value), which uses the default pickle module implicitly. It is possible to construct malicious pickle data which will execute arbitrary code during unpickling (See https://github.com/pytorch/pytorch/blob/main/SECURITY.md#untrusted-models for more details). In a future release, the default value for `weights_only` will be flipped to `True`. This limits the functions that could be executed during unpickling. Arbitrary objects will no longer be allowed to be loaded via this mode unless they are explicitly allowlisted by the user via `torch.serialization.add_safe_globals`. We recommend you start setting `weights_only=True` for any use case where you don't have full control of the loaded file. Please open an issue on GitHub for any issues related to this experimental feature.
  policy_dqn.load_state_dict(torch.load(self.MODEL_FILE, map_location=device))
[I 2026-08-06 09:54:34,300] Trial 0 finished with value: 2.0000000000000013 and parameters: {'learning_rate_a': 6.036108911393459e-05, 'batch_size': 64, 'network_sync_rate': 2000, 'n_step': 3, 'per_alpha': 0.6070507214467178, 'per_beta_init': 0.5241334621343597, 'sigma_init': 0.49017336051879545, 'v_max': 20.0}. Best is trial 1 with value: 23.675000000000075.
/pfs/data6/home/ul/ul_student/ul_lmm50/Neuroinformatik/src/dqn_agent.py:78: FutureWarning: You are using `torch.load` with `weights_only=False` (the current default value), which uses the default pickle module implicitly. It is possible to construct malicious pickle data which will execute arbitrary code during unpickling (See https://github.com/pytorch/pytorch/blob/main/SECURITY.md#untrusted-models for more details). In a future release, the default value for `weights_only` will be flipped to `True`. This limits the functions that could be executed during unpickling. Arbitrary objects will no longer be allowed to be loaded via this mode unless they are explicitly allowlisted by the user via `torch.serialization.add_safe_globals`. We recommend you start setting `weights_only=True` for any use case where you don't have full control of the loaded file. Please open an issue on GitHub for any issues related to this experimental feature.
  policy_dqn.load_state_dict(torch.load(self.MODEL_FILE, map_location=device))
/pfs/data6/home/ul/ul_student/ul_lmm50/Neuroinformatik/src/dqn_agent.py:78: FutureWarning: You are using `torch.load` with `weights_only=False` (the current default value), which uses the default pickle module implicitly. It is possible to construct malicious pickle data which will execute arbitrary code during unpickling (See https://github.com/pytorch/pytorch/blob/main/SECURITY.md#untrusted-models for more details). In a future release, the default value for `weights_only` will be flipped to `True`. This limits the functions that could be executed during unpickling. Arbitrary objects will no longer be allowed to be loaded via this mode unless they are explicitly allowlisted by the user via `torch.serialization.add_safe_globals`. We recommend you start setting `weights_only=True` for any use case where you don't have full control of the loaded file. Please open an issue on GitHub for any issues related to this experimental feature.
  policy_dqn.load_state_dict(torch.load(self.MODEL_FILE, map_location=device))
[I 2026-08-06 09:54:56,290] Trial 3 finished with value: 2.0000000000000013 and parameters: {'learning_rate_a': 2.5979035369911582e-05, 'batch_size': 64, 'network_sync_rate': 2000, 'n_step': 5, 'per_alpha': 0.4771021710824921, 'per_beta_init': 0.5914898534676181, 'sigma_init': 0.3725873690642139, 'v_max': 30.0}. Best is trial 1 with value: 23.675000000000075.
[I 2026-08-06 09:57:13,482] Trial 2 finished with value: 41.17500000000027 and parameters: {'learning_rate_a': 1.3378110832824e-05, 'batch_size': 64, 'network_sync_rate': 2000, 'n_step': 5, 'per_alpha': 0.6499205324663067, 'per_beta_init': 0.5581472968997927, 'sigma_init': 0.362075009124633, 'v_max': 15.0}. Best is trial 2 with value: 41.17500000000027.
[I 2026-08-06 10:01:55,643] Trial 4 pruned. 
[I 2026-08-06 10:05:47,895] Trial 7 pruned. 
[I 2026-08-06 10:10:15,052] Trial 8 pruned. 
[I 2026-08-06 10:21:17,033] Trial 5 pruned. 
[I 2026-08-06 10:29:29,856] Trial 11 pruned. 
[I 2026-08-06 10:37:36,300] Trial 12 pruned. 
[I 2026-08-06 11:05:34,078] Trial 13 pruned. 
[I 2026-08-06 11:27:17,597] Trial 10 finished with value: 2.0000000000000013 and parameters: {'learning_rate_a': 0.00043013851777429603, 'batch_size': 32, 'network_sync_rate': 500, 'n_step': 3, 'per_alpha': 0.3024542676471545, 'per_beta_init': 0.5106632453114283, 'sigma_init': 0.37524552839995773, 'v_max': 30.0}. Best is trial 2 with value: 41.17500000000027.
[I 2026-08-06 11:28:19,482] Trial 6 finished with value: 2.0000000000000013 and parameters: {'learning_rate_a': 9.935207803339166e-05, 'batch_size': 128, 'network_sync_rate': 1000, 'n_step': 3, 'per_alpha': 0.5303207508503713, 'per_beta_init': 0.51136309420371, 'sigma_init': 0.4609178001519585, 'v_max': 15.0}. Best is trial 2 with value: 41.17500000000027.
[I 2026-08-06 11:31:22,155] Trial 14 pruned. 
[I 2026-08-06 11:37:29,190] Trial 16 pruned. 
[I 2026-08-06 11:39:57,193] Trial 9 finished with value: 6.024999999999995 and parameters: {'learning_rate_a': 0.00044832646132841577, 'batch_size': 128, 'network_sync_rate': 8000, 'n_step': 3, 'per_alpha': 0.6820392585249472, 'per_beta_init': 0.43474909241251436, 'sigma_init': 0.3677574295321997, 'v_max': 20.0}. Best is trial 2 with value: 41.17500000000027.
[I 2026-08-06 11:45:58,146] Trial 18 pruned. 
[I 2026-08-06 11:48:44,454] Trial 19 pruned. 
[I 2026-08-06 11:57:01,475] Trial 17 pruned. 
[I 2026-08-06 11:58:11,546] Trial 21 pruned. 
[I 2026-08-06 12:05:11,750] Trial 22 pruned. 
[I 2026-08-06 12:06:40,323] Trial 23 pruned. 
[I 2026-08-06 12:14:23,992] Trial 24 pruned. 
[I 2026-08-06 12:36:19,372] Trial 25 pruned. 
[I 2026-08-06 12:44:02,518] Trial 15 finished with value: 2.0000000000000013 and parameters: {'learning_rate_a': 0.00026107916391512317, 'batch_size': 32, 'network_sync_rate': 1000, 'n_step': 3, 'per_alpha': 0.36863789350368137, 'per_beta_init': 0.36469365196094045, 'sigma_init': 0.3689225938389765, 'v_max': 15.0}. Best is trial 2 with value: 41.17500000000027.
[I 2026-08-06 12:52:31,334] Trial 28 pruned. 
[I 2026-08-06 13:05:58,485] Trial 20 finished with value: 3.8999999999999986 and parameters: {'learning_rate_a': 0.00013858983911664195, 'batch_size': 32, 'network_sync_rate': 1000, 'n_step': 1, 'per_alpha': 0.38592691185098305, 'per_beta_init': 0.37400107910060343, 'sigma_init': 0.3784735970849969, 'v_max': 15.0}. Best is trial 2 with value: 41.17500000000027.
[I 2026-08-06 13:16:13,513] Trial 30 pruned. 
[I 2026-08-06 13:22:10,597] Trial 29 pruned. 
[I 2026-08-06 13:39:21,996] Trial 26 finished with value: 40.90000000000026 and parameters: {'learning_rate_a': 0.0002903363358913758, 'batch_size': 64, 'network_sync_rate': 500, 'n_step': 3, 'per_alpha': 0.6813387868979277, 'per_beta_init': 0.46437402332743627, 'sigma_init': 0.33610426291066064, 'v_max': 20.0}. Best is trial 2 with value: 41.17500000000027.
[I 2026-08-06 13:47:13,789] Trial 32 pruned. 
[I 2026-08-06 13:55:05,710] Trial 27 finished with value: 15.249999999999986 and parameters: {'learning_rate_a': 0.0003915463473126042, 'batch_size': 32, 'network_sync_rate': 1000, 'n_step': 3, 'per_alpha': 0.6881741529882507, 'per_beta_init': 0.47865285786089573, 'sigma_init': 0.32696395994272254, 'v_max': 20.0}. Best is trial 2 with value: 41.17500000000027.
[I 2026-08-06 14:07:34,367] Trial 33 pruned. 
[I 2026-08-06 14:19:45,322] Trial 35 pruned. 
[I 2026-08-06 14:27:40,577] Trial 37 pruned. 
[I 2026-08-06 14:33:06,719] Trial 36 pruned. 
[I 2026-08-06 14:33:10,371] Trial 31 finished with value: 2.0000000000000013 and parameters: {'learning_rate_a': 8.571099650528331e-05, 'batch_size': 32, 'network_sync_rate': 1000, 'n_step': 3, 'per_alpha': 0.5593577454096117, 'per_beta_init': 0.3022217078224872, 'sigma_init': 0.3716308058684602, 'v_max': 15.0}. Best is trial 2 with value: 41.17500000000027.
[I 2026-08-06 15:01:22,839] Trial 39 pruned. 
[I 2026-08-06 15:08:05,577] Trial 34 finished with value: 2.0000000000000013 and parameters: {'learning_rate_a': 9.609033585706014e-05, 'batch_size': 64, 'network_sync_rate': 500, 'n_step': 3, 'per_alpha': 0.6554999930006762, 'per_beta_init': 0.49066608722653543, 'sigma_init': 0.34553935966657034, 'v_max': 20.0}. Best is trial 2 with value: 41.17500000000027.
[I 2026-08-06 15:27:14,209] Trial 41 pruned. 
[I 2026-08-06 15:33:43,962] Trial 42 pruned. 
[I 2026-08-06 15:47:44,516] Trial 38 pruned. 
[I 2026-08-06 15:56:10,275] Trial 45 pruned. 
[I 2026-08-06 15:58:43,376] Trial 40 finished with value: 15.549999999999976 and parameters: {'learning_rate_a': 0.0003936410370961806, 'batch_size': 64, 'network_sync_rate': 500, 'n_step': 5, 'per_alpha': 0.6196542309807929, 'per_beta_init': 0.5199083844253376, 'sigma_init': 0.3771346647643838, 'v_max': 30.0}. Best is trial 2 with value: 41.17500000000027.
[I 2026-08-06 15:59:44,528] Trial 44 pruned. 
[I 2026-08-06 16:07:35,302] Trial 47 pruned. 
[I 2026-08-06 16:26:41,308] Trial 48 pruned. 
[I 2026-08-06 16:34:39,768] Trial 49 pruned. 
[I 2026-08-06 16:35:12,215] Trial 50 pruned. 
[I 2026-08-06 16:48:03,602] Trial 43 finished with value: 15.649999999999993 and parameters: {'learning_rate_a': 0.00048495092055803144, 'batch_size': 32, 'network_sync_rate': 2000, 'n_step': 3, 'per_alpha': 0.5994250987024099, 'per_beta_init': 0.4436410016448925, 'sigma_init': 0.4254741454026083, 'v_max': 15.0}. Best is trial 2 with value: 41.17500000000027.
[I 2026-08-06 17:00:52,339] Trial 51 pruned. 
[I 2026-08-06 17:15:37,563] Trial 53 pruned. 
[I 2026-08-06 17:18:36,893] Trial 46 finished with value: 3.8999999999999986 and parameters: {'learning_rate_a': 0.0003150520790280664, 'batch_size': 64, 'network_sync_rate': 2000, 'n_step': 1, 'per_alpha': 0.6050247084716817, 'per_beta_init': 0.4421818736586696, 'sigma_init': 0.3901205965648134, 'v_max': 20.0}. Best is trial 2 with value: 41.17500000000027.
[I 2026-08-06 17:23:44,021] Trial 55 pruned. 
[I 2026-08-06 17:26:22,995] Trial 54 pruned. 
[I 2026-08-06 17:27:04,574] Trial 56 pruned. 
[I 2026-08-06 17:32:04,871] Trial 57 pruned. 
[I 2026-08-06 17:35:36,877] Trial 59 pruned. 
[I 2026-08-06 17:44:05,717] Trial 61 pruned. 
[I 2026-08-06 17:54:35,257] Trial 52 finished with value: 2.0000000000000013 and parameters: {'learning_rate_a': 1.96167596161959e-05, 'batch_size': 64, 'network_sync_rate': 500, 'n_step': 5, 'per_alpha': 0.585762901827375, 'per_beta_init': 0.5540828492374029, 'sigma_init': 0.38507208880244154, 'v_max': 30.0}. Best is trial 2 with value: 41.17500000000027.
[I 2026-08-06 19:00:29,561] Trial 58 finished with value: 8.399999999999986 and parameters: {'learning_rate_a': 0.0003619531660076866, 'batch_size': 128, 'network_sync_rate': 2000, 'n_step': 3, 'per_alpha': 0.5617245212393461, 'per_beta_init': 0.4206133815539871, 'sigma_init': 0.4253222822021958, 'v_max': 30.0}. Best is trial 2 with value: 41.17500000000027.
[I 2026-08-06 19:04:53,369] Trial 60 finished with value: 6.7249999999999925 and parameters: {'learning_rate_a': 0.0004352633480537578, 'batch_size': 128, 'network_sync_rate': 1000, 'n_step': 3, 'per_alpha': 0.5924783699856948, 'per_beta_init': 0.4553197065110662, 'sigma_init': 0.32646176154041556, 'v_max': 30.0}. Best is trial 2 with value: 41.17500000000027.
[I 2026-08-06 19:05:31,712] Trial 62 pruned. 
[I 2026-08-06 19:10:35,906] Trial 64 pruned. 
[I 2026-08-06 19:16:33,697] Trial 63 pruned. 
[I 2026-08-06 19:19:46,248] Trial 67 pruned. 
[I 2026-08-06 19:27:50,653] Trial 69 pruned. 
[I 2026-08-06 19:36:21,743] Trial 70 pruned. 
[I 2026-08-06 19:37:09,810] Trial 65 pruned. 
[I 2026-08-06 19:46:39,956] Trial 72 pruned. 
[I 2026-08-06 20:06:56,006] Trial 71 pruned. 
[I 2026-08-06 20:13:27,180] Trial 73 pruned. 
[I 2026-08-06 20:15:12,202] Trial 74 pruned. 
[I 2026-08-06 20:23:25,316] Trial 66 finished with value: 2.0000000000000013 and parameters: {'learning_rate_a': 0.000185659601852496, 'batch_size': 32, 'network_sync_rate': 1000, 'n_step': 3, 'per_alpha': 0.47428859415961633, 'per_beta_init': 0.3364741284134703, 'sigma_init': 0.4252031013204429, 'v_max': 30.0}. Best is trial 2 with value: 41.17500000000027.
[I 2026-08-06 20:33:10,177] Trial 77 pruned. 
[I 2026-08-06 20:49:25,108] Trial 68 finished with value: 21.050000000000047 and parameters: {'learning_rate_a': 0.00020118076804035275, 'batch_size': 128, 'network_sync_rate': 2000, 'n_step': 3, 'per_alpha': 0.5659132532229427, 'per_beta_init': 0.5131383859376736, 'sigma_init': 0.574054685274955, 'v_max': 30.0}. Best is trial 2 with value: 41.17500000000027.
[I 2026-08-06 21:03:03,484] Trial 78 pruned. 
[I 2026-08-06 21:19:10,329] Trial 79 pruned. 
[I 2026-08-06 21:32:42,761] Trial 75 finished with value: 9.024999999999984 and parameters: {'learning_rate_a': 0.00027111784735623864, 'batch_size': 32, 'network_sync_rate': 1000, 'n_step': 5, 'per_alpha': 0.45285218177751935, 'per_beta_init': 0.3578650487686311, 'sigma_init': 0.31664669076330354, 'v_max': 15.0}. Best is trial 2 with value: 41.17500000000027.
[I 2026-08-06 21:45:28,629] Trial 76 pruned. 
[I 2026-08-06 21:49:06,627] Trial 81 pruned. 
[I 2026-08-06 21:57:13,717] Trial 84 pruned. 
[I 2026-08-06 22:11:57,715] Trial 83 pruned. 
[I 2026-08-06 22:20:05,428] Trial 86 pruned. 
[I 2026-08-06 22:24:31,332] Trial 80 finished with value: 23.350000000000065 and parameters: {'learning_rate_a': 0.0004978935843251589, 'batch_size': 32, 'network_sync_rate': 1000, 'n_step': 3, 'per_alpha': 0.45666378655259954, 'per_beta_init': 0.41992579626449406, 'sigma_init': 0.3069851938446859, 'v_max': 15.0}. Best is trial 2 with value: 41.17500000000027.
[I 2026-08-06 22:55:44,964] Trial 88 pruned. 
[I 2026-08-06 22:55:58,481] Trial 82 finished with value: 2.0000000000000013 and parameters: {'learning_rate_a': 0.00013546149649958653, 'batch_size': 64, 'network_sync_rate': 2000, 'n_step': 3, 'per_alpha': 0.6387723410910309, 'per_beta_init': 0.5669631641084504, 'sigma_init': 0.62353385263848, 'v_max': 30.0}. Best is trial 2 with value: 41.17500000000027.
[I 2026-08-06 23:28:03,467] Trial 85 finished with value: 26.90000000000011 and parameters: {'learning_rate_a': 0.00014745080820407753, 'batch_size': 128, 'network_sync_rate': 2000, 'n_step': 3, 'per_alpha': 0.5020150966882339, 'per_beta_init': 0.5499854395193458, 'sigma_init': 0.5496969322228584, 'v_max': 30.0}. Best is trial 2 with value: 41.17500000000027.
[I 2026-08-06 23:52:13,420] Trial 87 finished with value: 8.924999999999985 and parameters: {'learning_rate_a': 0.00029326371870671576, 'batch_size': 128, 'network_sync_rate': 2000, 'n_step': 3, 'per_alpha': 0.5349495997918693, 'per_beta_init': 0.4856533826773781, 'sigma_init': 0.6831249254136545, 'v_max': 15.0}. Best is trial 2 with value: 41.17500000000027.
[I 2026-08-06 23:55:24,172] Trial 91 pruned. 
[I 2026-08-07 00:16:17,594] Trial 89 finished with value: 27.925000000000118 and parameters: {'learning_rate_a': 0.00046149638385502105, 'batch_size': 32, 'network_sync_rate': 1000, 'n_step': 3, 'per_alpha': 0.46083710204835043, 'per_beta_init': 0.31286278242099286, 'sigma_init': 0.3360109842690047, 'v_max': 15.0}. Best is trial 2 with value: 41.17500000000027.
[I 2026-08-07 00:17:27,530] Trial 90 finished with value: 36.975000000000215 and parameters: {'learning_rate_a': 0.00045368350305995207, 'batch_size': 32, 'network_sync_rate': 2000, 'n_step': 3, 'per_alpha': 0.4094241219018975, 'per_beta_init': 0.44057477500343023, 'sigma_init': 0.3318396439865855, 'v_max': 15.0}. Best is trial 2 with value: 41.17500000000027.
[I 2026-08-07 00:21:17,126] Trial 93 pruned. 
[I 2026-08-07 00:29:30,113] Trial 96 pruned. 
[I 2026-08-07 00:38:53,500] Trial 97 pruned. 
[I 2026-08-07 00:44:34,312] Trial 95 pruned. 
[I 2026-08-07 00:46:45,210] Trial 94 pruned. 
[I 2026-08-07 00:48:00,162] Trial 98 pruned. 
[I 2026-08-07 00:55:07,788] Trial 100 pruned. 
[I 2026-08-07 00:57:11,356] Trial 101 pruned. 
[I 2026-08-07 01:06:18,390] Trial 103 pruned. 
[I 2026-08-07 01:15:23,707] Trial 99 pruned. 
[I 2026-08-07 01:22:32,847] Trial 102 pruned. 
[I 2026-08-07 01:25:44,716] Trial 92 finished with value: 2.0000000000000013 and parameters: {'learning_rate_a': 0.00012173251834223774, 'batch_size': 128, 'network_sync_rate': 2000, 'n_step': 3, 'per_alpha': 0.4095803647226927, 'per_beta_init': 0.5179377906060335, 'sigma_init': 0.5722765893373589, 'v_max': 30.0}. Best is trial 2 with value: 41.17500000000027.
[I 2026-08-07 01:31:55,295] Trial 104 pruned. 
[I 2026-08-07 01:42:26,472] Trial 105 pruned. 
[I 2026-08-07 01:52:14,126] Trial 107 pruned. 
[I 2026-08-07 02:00:18,542] Trial 110 pruned. 
[I 2026-08-07 02:07:22,103] Trial 109 pruned. 
[I 2026-08-07 02:15:16,602] Trial 112 pruned. 
[I 2026-08-07 02:26:09,015] Trial 111 pruned. 
[I 2026-08-07 02:37:16,571] Trial 106 finished with value: 2.0000000000000013 and parameters: {'learning_rate_a': 0.0002593484786718398, 'batch_size': 32, 'network_sync_rate': 500, 'n_step': 3, 'per_alpha': 0.45763645053951196, 'per_beta_init': 0.4754262637555432, 'sigma_init': 0.38742355597333816, 'v_max': 15.0}. Best is trial 2 with value: 41.17500000000027.
[I 2026-08-07 02:41:36,771] Trial 113 pruned. 
[I 2026-08-07 02:47:10,915] Trial 108 pruned. 
[I 2026-08-07 02:50:08,228] Trial 116 pruned. 
[I 2026-08-07 02:51:22,002] Trial 114 pruned. 
[I 2026-08-07 02:55:31,927] Trial 117 pruned. 
[I 2026-08-07 03:03:41,578] Trial 120 pruned. 
[I 2026-08-07 03:04:18,170] Trial 115 pruned. 
[I 2026-08-07 03:16:16,580] Trial 119 pruned. 
[I 2026-08-07 03:29:08,533] Trial 122 pruned. 
[I 2026-08-07 03:38:19,666] Trial 124 pruned. 
[I 2026-08-07 04:03:12,654] Trial 125 pruned. 
[I 2026-08-07 04:08:44,836] Trial 118 finished with value: 37.550000000000225 and parameters: {'learning_rate_a': 0.0004200625403017236, 'batch_size': 32, 'network_sync_rate': 1000, 'n_step': 3, 'per_alpha': 0.49657463616810216, 'per_beta_init': 0.3212316686739835, 'sigma_init': 0.3005287877925136, 'v_max': 15.0}. Best is trial 2 with value: 41.17500000000027.
[I 2026-08-07 04:12:30,529] Trial 126 pruned. 
[I 2026-08-07 04:18:29,054] Trial 127 pruned. 
[I 2026-08-07 04:22:25,844] Trial 121 finished with value: 2.0000000000000013 and parameters: {'learning_rate_a': 0.00012405865756622236, 'batch_size': 64, 'network_sync_rate': 1000, 'n_step': 3, 'per_alpha': 0.6876379837017121, 'per_beta_init': 0.4861674679274934, 'sigma_init': 0.41657696782299736, 'v_max': 20.0}. Best is trial 2 with value: 41.17500000000027.
[I 2026-08-07 04:33:13,668] Trial 123 finished with value: 2.0000000000000013 and parameters: {'learning_rate_a': 0.00021059103456912723, 'batch_size': 32, 'network_sync_rate': 500, 'n_step': 3, 'per_alpha': 0.6682050502572204, 'per_beta_init': 0.4546754911306099, 'sigma_init': 0.33125295728413945, 'v_max': 20.0}. Best is trial 2 with value: 41.17500000000027.
[I 2026-08-07 04:47:17,089] Trial 130 pruned. 
[I 2026-08-07 04:55:19,173] Trial 132 pruned. 
[I 2026-08-07 05:00:33,006] Trial 131 pruned. 
