/home/ul/ul_student/ul_lmm50/.conda/envs/dqn-flappy-bird-cuda/lib/python3.11/site-packages/optuna/_experimental.py:33: ExperimentalWarning: Argument ``multivariate`` is an experimental feature. The interface can change in the future.
  optuna_warn(
/home/ul/ul_student/ul_lmm50/.conda/envs/dqn-flappy-bird-cuda/lib/python3.11/site-packages/optuna/_experimental.py:33: ExperimentalWarning: Argument ``multivariate`` is an experimental feature. The interface can change in the future.
  optuna_warn(
/home/ul/ul_student/ul_lmm50/.conda/envs/dqn-flappy-bird-cuda/lib/python3.11/site-packages/optuna/_experimental.py:33: ExperimentalWarning: Argument ``multivariate`` is an experimental feature. The interface can change in the future.
  optuna_warn(
/home/ul/ul_student/ul_lmm50/.conda/envs/dqn-flappy-bird-cuda/lib/python3.11/site-packages/optuna/_experimental.py:33: ExperimentalWarning: Argument ``multivariate`` is an experimental feature. The interface can change in the future.
  optuna_warn(
/home/ul/ul_student/ul_lmm50/.conda/envs/dqn-flappy-bird-cuda/lib/python3.11/site-packages/optuna/_experimental.py:33: ExperimentalWarning: Argument ``multivariate`` is an experimental feature. The interface can change in the future.
  optuna_warn(
/home/ul/ul_student/ul_lmm50/.conda/envs/dqn-flappy-bird-cuda/lib/python3.11/site-packages/optuna/_experimental.py:33: ExperimentalWarning: Argument ``multivariate`` is an experimental feature. The interface can change in the future.
  optuna_warn(
/home/ul/ul_student/ul_lmm50/.conda/envs/dqn-flappy-bird-cuda/lib/python3.11/site-packages/optuna/_experimental.py:33: ExperimentalWarning: Argument ``multivariate`` is an experimental feature. The interface can change in the future.
  optuna_warn(
/home/ul/ul_student/ul_lmm50/.conda/envs/dqn-flappy-bird-cuda/lib/python3.11/site-packages/optuna/_experimental.py:33: ExperimentalWarning: Argument ``multivariate`` is an experimental feature. The interface can change in the future.
  optuna_warn(
/home/ul/ul_student/ul_lmm50/.conda/envs/dqn-flappy-bird-cuda/lib/python3.11/site-packages/optuna/_experimental.py:33: ExperimentalWarning: Argument ``multivariate`` is an experimental feature. The interface can change in the future.
  optuna_warn(
/home/ul/ul_student/ul_lmm50/.conda/envs/dqn-flappy-bird-cuda/lib/python3.11/site-packages/optuna/_experimental.py:33: ExperimentalWarning: Argument ``multivariate`` is an experimental feature. The interface can change in the future.
  optuna_warn(
/home/ul/ul_student/ul_lmm50/.conda/envs/dqn-flappy-bird-cuda/lib/python3.11/site-packages/optuna/_experimental.py:33: ExperimentalWarning: Argument ``multivariate`` is an experimental feature. The interface can change in the future.
  optuna_warn(
[I 2026-08-06 06:46:01,464] A new study created in Journal with name: ppo_6157866
/home/ul/ul_student/ul_lmm50/.conda/envs/dqn-flappy-bird-cuda/lib/python3.11/site-packages/optuna/_experimental.py:33: ExperimentalWarning: Argument ``multivariate`` is an experimental feature. The interface can change in the future.
  optuna_warn(
[I 2026-08-06 06:46:01,482] Using an existing study with name 'ppo_6157866' instead of creating a new one.
[I 2026-08-06 06:46:01,495] Using an existing study with name 'ppo_6157866' instead of creating a new one.
[I 2026-08-06 06:46:01,516] Using an existing study with name 'ppo_6157866' instead of creating a new one.
[I 2026-08-06 06:46:01,531] Using an existing study with name 'ppo_6157866' instead of creating a new one.
[I 2026-08-06 06:46:01,546] Using an existing study with name 'ppo_6157866' instead of creating a new one.
[I 2026-08-06 06:46:01,559] Using an existing study with name 'ppo_6157866' instead of creating a new one.
[I 2026-08-06 06:46:01,627] Using an existing study with name 'ppo_6157866' instead of creating a new one.
[I 2026-08-06 06:46:01,678] Using an existing study with name 'ppo_6157866' instead of creating a new one.
[I 2026-08-06 06:46:01,700] Using an existing study with name 'ppo_6157866' instead of creating a new one.
[I 2026-08-06 06:46:01,885] Using an existing study with name 'ppo_6157866' instead of creating a new one.
[I 2026-08-06 06:46:02,245] Using an existing study with name 'ppo_6157866' instead of creating a new one.
[I 2026-08-06 06:51:43,887] Trial 10 pruned. 
[I 2026-08-06 06:51:48,023] Trial 3 pruned. 
[I 2026-08-06 06:52:06,270] Trial 9 pruned. 
[I 2026-08-06 06:52:10,826] Trial 11 pruned. 
[I 2026-08-06 06:52:29,380] Trial 1 pruned. 
[I 2026-08-06 06:52:42,932] Trial 5 pruned. 
[I 2026-08-06 06:57:14,503] Trial 12 pruned. 
[I 2026-08-06 06:58:02,363] Trial 15 pruned. 
[I 2026-08-06 06:58:23,722] Trial 17 pruned. 
[I 2026-08-06 07:03:21,851] Trial 19 pruned. 
[I 2026-08-06 07:06:42,654] Trial 13 pruned. 
[I 2026-08-06 07:12:03,189] Trial 18 pruned. 
[I 2026-08-06 07:13:23,334] Trial 20 pruned. 
[I 2026-08-06 07:17:44,290] Trial 23 pruned. 
[I 2026-08-06 07:18:03,442] Trial 21 pruned. 
/pfs/data6/home/ul/ul_student/ul_lmm50/Neuroinformatik/src/ppo_agent.py:43: FutureWarning: You are using `torch.load` with `weights_only=False` (the current default value), which uses the default pickle module implicitly. It is possible to construct malicious pickle data which will execute arbitrary code during unpickling (See https://github.com/pytorch/pytorch/blob/main/SECURITY.md#untrusted-models for more details). In a future release, the default value for `weights_only` will be flipped to `True`. This limits the functions that could be executed during unpickling. Arbitrary objects will no longer be allowed to be loaded via this mode unless they are explicitly allowlisted by the user via `torch.serialization.add_safe_globals`. We recommend you start setting `weights_only=True` for any use case where you don't have full control of the loaded file. Please open an issue on GitHub for any issues related to this experimental feature.
  actor_critic.load_state_dict(torch.load(self.MODEL_FILE, map_location=device))
/pfs/data6/home/ul/ul_student/ul_lmm50/Neuroinformatik/src/ppo_agent.py:43: FutureWarning: You are using `torch.load` with `weights_only=False` (the current default value), which uses the default pickle module implicitly. It is possible to construct malicious pickle data which will execute arbitrary code during unpickling (See https://github.com/pytorch/pytorch/blob/main/SECURITY.md#untrusted-models for more details). In a future release, the default value for `weights_only` will be flipped to `True`. This limits the functions that could be executed during unpickling. Arbitrary objects will no longer be allowed to be loaded via this mode unless they are explicitly allowlisted by the user via `torch.serialization.add_safe_globals`. We recommend you start setting `weights_only=True` for any use case where you don't have full control of the loaded file. Please open an issue on GitHub for any issues related to this experimental feature.
  actor_critic.load_state_dict(torch.load(self.MODEL_FILE, map_location=device))
/pfs/data6/home/ul/ul_student/ul_lmm50/Neuroinformatik/src/ppo_agent.py:43: FutureWarning: You are using `torch.load` with `weights_only=False` (the current default value), which uses the default pickle module implicitly. It is possible to construct malicious pickle data which will execute arbitrary code during unpickling (See https://github.com/pytorch/pytorch/blob/main/SECURITY.md#untrusted-models for more details). In a future release, the default value for `weights_only` will be flipped to `True`. This limits the functions that could be executed during unpickling. Arbitrary objects will no longer be allowed to be loaded via this mode unless they are explicitly allowlisted by the user via `torch.serialization.add_safe_globals`. We recommend you start setting `weights_only=True` for any use case where you don't have full control of the loaded file. Please open an issue on GitHub for any issues related to this experimental feature.
  actor_critic.load_state_dict(torch.load(self.MODEL_FILE, map_location=device))
[I 2026-08-06 07:28:02,097] Trial 0 finished with value: 6.099999999999994 and parameters: {'learning_rate_a': 0.0003239674401038826, 'ppo_epochs': 3, 'ent_coef': 0.02429939645048051, 'clip_eps': 0.3, 'gae_lambda': 0.9198969051716942, 'vf_coef': 0.9055036299625272, 'rollout_steps': 1024, 'minibatch_size': 256, 'hidden_dim': 512}. Best is trial 0 with value: 6.099999999999994.
[I 2026-08-06 07:28:06,779] Trial 24 pruned. 
[I 2026-08-06 07:28:15,140] Trial 4 finished with value: 6.699999999999992 and parameters: {'learning_rate_a': 2.7172336863723165e-05, 'ppo_epochs': 3, 'ent_coef': 0.024017548054820585, 'clip_eps': 0.3, 'gae_lambda': 0.9889422248442291, 'vf_coef': 0.5314306594582165, 'rollout_steps': 2048, 'minibatch_size': 256, 'hidden_dim': 512}. Best is trial 4 with value: 6.699999999999992.
/pfs/data6/home/ul/ul_student/ul_lmm50/Neuroinformatik/src/ppo_agent.py:43: FutureWarning: You are using `torch.load` with `weights_only=False` (the current default value), which uses the default pickle module implicitly. It is possible to construct malicious pickle data which will execute arbitrary code during unpickling (See https://github.com/pytorch/pytorch/blob/main/SECURITY.md#untrusted-models for more details). In a future release, the default value for `weights_only` will be flipped to `True`. This limits the functions that could be executed during unpickling. Arbitrary objects will no longer be allowed to be loaded via this mode unless they are explicitly allowlisted by the user via `torch.serialization.add_safe_globals`. We recommend you start setting `weights_only=True` for any use case where you don't have full control of the loaded file. Please open an issue on GitHub for any issues related to this experimental feature.
  actor_critic.load_state_dict(torch.load(self.MODEL_FILE, map_location=device))
[I 2026-08-06 07:28:59,687] Trial 7 pruned. 
[I 2026-08-06 07:29:08,604] Trial 6 finished with value: 17.25 and parameters: {'learning_rate_a': 4.4331389471392114e-05, 'ppo_epochs': 3, 'ent_coef': 0.006732372510495855, 'clip_eps': 0.3, 'gae_lambda': 0.9859543611888091, 'vf_coef': 0.6413139401642728, 'rollout_steps': 4096, 'minibatch_size': 128, 'hidden_dim': 256}. Best is trial 6 with value: 17.25.
/pfs/data6/home/ul/ul_student/ul_lmm50/Neuroinformatik/src/ppo_agent.py:43: FutureWarning: You are using `torch.load` with `weights_only=False` (the current default value), which uses the default pickle module implicitly. It is possible to construct malicious pickle data which will execute arbitrary code during unpickling (See https://github.com/pytorch/pytorch/blob/main/SECURITY.md#untrusted-models for more details). In a future release, the default value for `weights_only` will be flipped to `True`. This limits the functions that could be executed during unpickling. Arbitrary objects will no longer be allowed to be loaded via this mode unless they are explicitly allowlisted by the user via `torch.serialization.add_safe_globals`. We recommend you start setting `weights_only=True` for any use case where you don't have full control of the loaded file. Please open an issue on GitHub for any issues related to this experimental feature.
  actor_critic.load_state_dict(torch.load(self.MODEL_FILE, map_location=device))
[I 2026-08-06 07:31:11,158] Trial 8 finished with value: 32.575000000000166 and parameters: {'learning_rate_a': 4.260224762007935e-05, 'ppo_epochs': 4, 'ent_coef': 0.010478932961520377, 'clip_eps': 0.1, 'gae_lambda': 0.9862290102294764, 'vf_coef': 0.46204880709609086, 'rollout_steps': 4096, 'minibatch_size': 64, 'hidden_dim': 256}. Best is trial 8 with value: 32.575000000000166.
[I 2026-08-06 07:31:11,813] Trial 2 finished with value: 8.999999999999984 and parameters: {'learning_rate_a': 4.8371095142310264e-05, 'ppo_epochs': 6, 'ent_coef': 0.007135743402824184, 'clip_eps': 0.2, 'gae_lambda': 0.960460903690587, 'vf_coef': 0.5734045597310806, 'rollout_steps': 1024, 'minibatch_size': 64, 'hidden_dim': 512}. Best is trial 8 with value: 32.575000000000166.
[I 2026-08-06 07:32:33,274] Trial 25 pruned. 
[I 2026-08-06 07:32:42,199] Trial 26 pruned. 
[I 2026-08-06 07:33:01,635] Trial 27 pruned. 
[I 2026-08-06 07:33:15,709] Trial 29 pruned. 
/pfs/data6/home/ul/ul_student/ul_lmm50/Neuroinformatik/src/ppo_agent.py:43: FutureWarning: You are using `torch.load` with `weights_only=False` (the current default value), which uses the default pickle module implicitly. It is possible to construct malicious pickle data which will execute arbitrary code during unpickling (See https://github.com/pytorch/pytorch/blob/main/SECURITY.md#untrusted-models for more details). In a future release, the default value for `weights_only` will be flipped to `True`. This limits the functions that could be executed during unpickling. Arbitrary objects will no longer be allowed to be loaded via this mode unless they are explicitly allowlisted by the user via `torch.serialization.add_safe_globals`. We recommend you start setting `weights_only=True` for any use case where you don't have full control of the loaded file. Please open an issue on GitHub for any issues related to this experimental feature.
  actor_critic.load_state_dict(torch.load(self.MODEL_FILE, map_location=device))
[I 2026-08-06 07:34:04,641] Trial 30 pruned. 
[I 2026-08-06 07:34:18,705] Trial 31 pruned. 
/pfs/data6/home/ul/ul_student/ul_lmm50/Neuroinformatik/src/ppo_agent.py:43: FutureWarning: You are using `torch.load` with `weights_only=False` (the current default value), which uses the default pickle module implicitly. It is possible to construct malicious pickle data which will execute arbitrary code during unpickling (See https://github.com/pytorch/pytorch/blob/main/SECURITY.md#untrusted-models for more details). In a future release, the default value for `weights_only` will be flipped to `True`. This limits the functions that could be executed during unpickling. Arbitrary objects will no longer be allowed to be loaded via this mode unless they are explicitly allowlisted by the user via `torch.serialization.add_safe_globals`. We recommend you start setting `weights_only=True` for any use case where you don't have full control of the loaded file. Please open an issue on GitHub for any issues related to this experimental feature.
  actor_critic.load_state_dict(torch.load(self.MODEL_FILE, map_location=device))
[I 2026-08-06 07:34:31,695] Trial 16 finished with value: 2.0000000000000013 and parameters: {'learning_rate_a': 0.0002487443784374097, 'ppo_epochs': 4, 'ent_coef': 0.008033356742826724, 'clip_eps': 0.2, 'gae_lambda': 0.9804878421100517, 'vf_coef': 0.7472636276484722, 'rollout_steps': 2048, 'minibatch_size': 256, 'hidden_dim': 512}. Best is trial 8 with value: 32.575000000000166.
[I 2026-08-06 07:34:33,130] Trial 14 finished with value: 7.4499999999999895 and parameters: {'learning_rate_a': 0.00048476455026202957, 'ppo_epochs': 4, 'ent_coef': 0.043863405267872586, 'clip_eps': 0.3, 'gae_lambda': 0.9073661077418836, 'vf_coef': 0.43098659477371043, 'rollout_steps': 2048, 'minibatch_size': 256, 'hidden_dim': 256}. Best is trial 8 with value: 32.575000000000166.
[I 2026-08-06 07:38:33,102] Trial 36 pruned. 
[I 2026-08-06 07:38:58,265] Trial 37 pruned. 
[I 2026-08-06 07:39:48,916] Trial 38 pruned. 
[I 2026-08-06 07:47:17,496] Trial 35 pruned. 
[I 2026-08-06 07:48:58,463] Trial 22 pruned. 
[I 2026-08-06 07:49:03,527] Trial 41 pruned. 
[I 2026-08-06 07:49:16,538] Trial 39 pruned. 
[I 2026-08-06 07:53:20,839] Trial 43 pruned. 
[I 2026-08-06 08:03:35,052] Trial 47 pruned. 
[I 2026-08-06 08:08:17,327] Trial 49 pruned. 
/pfs/data6/home/ul/ul_student/ul_lmm50/Neuroinformatik/src/ppo_agent.py:43: FutureWarning: You are using `torch.load` with `weights_only=False` (the current default value), which uses the default pickle module implicitly. It is possible to construct malicious pickle data which will execute arbitrary code during unpickling (See https://github.com/pytorch/pytorch/blob/main/SECURITY.md#untrusted-models for more details). In a future release, the default value for `weights_only` will be flipped to `True`. This limits the functions that could be executed during unpickling. Arbitrary objects will no longer be allowed to be loaded via this mode unless they are explicitly allowlisted by the user via `torch.serialization.add_safe_globals`. We recommend you start setting `weights_only=True` for any use case where you don't have full control of the loaded file. Please open an issue on GitHub for any issues related to this experimental feature.
  actor_critic.load_state_dict(torch.load(self.MODEL_FILE, map_location=device))
[I 2026-08-06 08:10:19,391] Trial 28 finished with value: 10.699999999999982 and parameters: {'learning_rate_a': 0.00025763786157251614, 'ppo_epochs': 3, 'ent_coef': 0.031879874662859686, 'clip_eps': 0.3, 'gae_lambda': 0.9061337969729207, 'vf_coef': 0.8640046190445013, 'rollout_steps': 1024, 'minibatch_size': 256, 'hidden_dim': 512}. Best is trial 8 with value: 32.575000000000166.
[I 2026-08-06 08:13:09,714] Trial 32 pruned. 
[I 2026-08-06 08:16:17,306] Trial 33 finished with value: 10.97499999999998 and parameters: {'learning_rate_a': 6.822167990867935e-05, 'ppo_epochs': 6, 'ent_coef': 0.009556349767081633, 'clip_eps': 0.2, 'gae_lambda': 0.9701451028031971, 'vf_coef': 0.5560781019794212, 'rollout_steps': 1024, 'minibatch_size': 64, 'hidden_dim': 512}. Best is trial 8 with value: 32.575000000000166.
/pfs/data6/home/ul/ul_student/ul_lmm50/Neuroinformatik/src/ppo_agent.py:43: FutureWarning: You are using `torch.load` with `weights_only=False` (the current default value), which uses the default pickle module implicitly. It is possible to construct malicious pickle data which will execute arbitrary code during unpickling (See https://github.com/pytorch/pytorch/blob/main/SECURITY.md#untrusted-models for more details). In a future release, the default value for `weights_only` will be flipped to `True`. This limits the functions that could be executed during unpickling. Arbitrary objects will no longer be allowed to be loaded via this mode unless they are explicitly allowlisted by the user via `torch.serialization.add_safe_globals`. We recommend you start setting `weights_only=True` for any use case where you don't have full control of the loaded file. Please open an issue on GitHub for any issues related to this experimental feature.
  actor_critic.load_state_dict(torch.load(self.MODEL_FILE, map_location=device))
[I 2026-08-06 08:17:55,717] Trial 34 finished with value: 9.649999999999983 and parameters: {'learning_rate_a': 3.857450918821222e-05, 'ppo_epochs': 6, 'ent_coef': 0.009335947542651166, 'clip_eps': 0.2, 'gae_lambda': 0.9541759387518808, 'vf_coef': 0.6572334295961986, 'rollout_steps': 1024, 'minibatch_size': 64, 'hidden_dim': 512}. Best is trial 8 with value: 32.575000000000166.
[I 2026-08-06 08:18:39,088] Trial 50 pruned. 
[I 2026-08-06 08:20:04,221] Trial 42 pruned. 
[I 2026-08-06 08:21:02,194] Trial 40 finished with value: 14.74999999999998 and parameters: {'learning_rate_a': 7.675036916336223e-05, 'ppo_epochs': 4, 'ent_coef': 0.007651048726635305, 'clip_eps': 0.1, 'gae_lambda': 0.9796258912476455, 'vf_coef': 0.42786857095320663, 'rollout_steps': 4096, 'minibatch_size': 64, 'hidden_dim': 256}. Best is trial 8 with value: 32.575000000000166.
/pfs/data6/home/ul/ul_student/ul_lmm50/Neuroinformatik/src/ppo_agent.py:43: FutureWarning: You are using `torch.load` with `weights_only=False` (the current default value), which uses the default pickle module implicitly. It is possible to construct malicious pickle data which will execute arbitrary code during unpickling (See https://github.com/pytorch/pytorch/blob/main/SECURITY.md#untrusted-models for more details). In a future release, the default value for `weights_only` will be flipped to `True`. This limits the functions that could be executed during unpickling. Arbitrary objects will no longer be allowed to be loaded via this mode unless they are explicitly allowlisted by the user via `torch.serialization.add_safe_globals`. We recommend you start setting `weights_only=True` for any use case where you don't have full control of the loaded file. Please open an issue on GitHub for any issues related to this experimental feature.
  actor_critic.load_state_dict(torch.load(self.MODEL_FILE, map_location=device))
[I 2026-08-06 08:22:31,321] Trial 44 finished with value: 6.5999999999999925 and parameters: {'learning_rate_a': 0.0002550436230495006, 'ppo_epochs': 4, 'ent_coef': 0.04975308672333548, 'clip_eps': 0.3, 'gae_lambda': 0.911961993194053, 'vf_coef': 0.5370946212007505, 'rollout_steps': 2048, 'minibatch_size': 256, 'hidden_dim': 256}. Best is trial 8 with value: 32.575000000000166.
[I 2026-08-06 08:25:58,247] Trial 58 pruned. 
[I 2026-08-06 08:27:26,966] Trial 59 pruned. 
[I 2026-08-06 08:29:08,811] Trial 45 pruned. 
/pfs/data6/home/ul/ul_student/ul_lmm50/Neuroinformatik/src/ppo_agent.py:43: FutureWarning: You are using `torch.load` with `weights_only=False` (the current default value), which uses the default pickle module implicitly. It is possible to construct malicious pickle data which will execute arbitrary code during unpickling (See https://github.com/pytorch/pytorch/blob/main/SECURITY.md#untrusted-models for more details). In a future release, the default value for `weights_only` will be flipped to `True`. This limits the functions that could be executed during unpickling. Arbitrary objects will no longer be allowed to be loaded via this mode unless they are explicitly allowlisted by the user via `torch.serialization.add_safe_globals`. We recommend you start setting `weights_only=True` for any use case where you don't have full control of the loaded file. Please open an issue on GitHub for any issues related to this experimental feature.
  actor_critic.load_state_dict(torch.load(self.MODEL_FILE, map_location=device))
[I 2026-08-06 08:33:37,813] Trial 56 pruned. 
