/home/ul/ul_student/ul_lmm50/.conda/envs/dqn-flappy-bird-cuda/lib/python3.11/site-packages/optuna/_experimental.py:33: ExperimentalWarning: Argument ``multivariate`` is an experimental feature. The interface can change in the future.
  optuna_warn(
/home/ul/ul_student/ul_lmm50/.conda/envs/dqn-flappy-bird-cuda/lib/python3.11/site-packages/optuna/_experimental.py:33: ExperimentalWarning: Argument ``multivariate`` is an experimental feature. The interface can change in the future.
  optuna_warn(
/home/ul/ul_student/ul_lmm50/.conda/envs/dqn-flappy-bird-cuda/lib/python3.11/site-packages/optuna/_experimental.py:33: ExperimentalWarning: Argument ``multivariate`` is an experimental feature. The interface can change in the future.
  optuna_warn(
/home/ul/ul_student/ul_lmm50/.conda/envs/dqn-flappy-bird-cuda/lib/python3.11/site-packages/optuna/_experimental.py:33: ExperimentalWarning: Argument ``multivariate`` is an experimental feature. The interface can change in the future.
  optuna_warn(
[I 2026-08-11 07:07:55,730] A new study created in Journal with name: rainbow_6235237
[I 2026-08-11 07:07:55,738] Using an existing study with name 'rainbow_6235237' instead of creating a new one.
[I 2026-08-11 07:07:55,745] Using an existing study with name 'rainbow_6235237' instead of creating a new one.
[I 2026-08-11 07:07:55,761] Using an existing study with name 'rainbow_6235237' instead of creating a new one.
[I 2026-08-11 07:16:45,106] Trial 3 pruned. 
[I 2026-08-11 07:24:46,896] Trial 4 pruned. 
[I 2026-08-11 07:32:53,645] Trial 5 pruned. 
[I 2026-08-11 07:58:34,368] Trial 6 pruned. 
/pfs/data6/home/ul/ul_student/ul_lmm50/Neuroinformatik/src/dqn_agent.py:78: FutureWarning: You are using `torch.load` with `weights_only=False` (the current default value), which uses the default pickle module implicitly. It is possible to construct malicious pickle data which will execute arbitrary code during unpickling (See https://github.com/pytorch/pytorch/blob/main/SECURITY.md#untrusted-models for more details). In a future release, the default value for `weights_only` will be flipped to `True`. This limits the functions that could be executed during unpickling. Arbitrary objects will no longer be allowed to be loaded via this mode unless they are explicitly allowlisted by the user via `torch.serialization.add_safe_globals`. We recommend you start setting `weights_only=True` for any use case where you don't have full control of the loaded file. Please open an issue on GitHub for any issues related to this experimental feature.
  policy_dqn.load_state_dict(torch.load(self.MODEL_FILE, map_location=device))
[I 2026-08-11 08:25:47,242] Trial 7 pruned. 
[I 2026-08-11 08:27:37,947] Trial 2 finished with value: 34.15000000000019 and parameters: {'learning_rate_a': 0.0004121262823602218, 'batch_size': 32, 'network_sync_rate': 2000, 'n_step': 3, 'per_alpha': 0.6255592196132154, 'per_beta_init': 0.35966817448369154, 'sigma_init': 0.3509320282175541, 'v_max': 20.0}. Best is trial 2 with value: 34.15000000000019.
/pfs/data6/home/ul/ul_student/ul_lmm50/Neuroinformatik/src/dqn_agent.py:78: FutureWarning: You are using `torch.load` with `weights_only=False` (the current default value), which uses the default pickle module implicitly. It is possible to construct malicious pickle data which will execute arbitrary code during unpickling (See https://github.com/pytorch/pytorch/blob/main/SECURITY.md#untrusted-models for more details). In a future release, the default value for `weights_only` will be flipped to `True`. This limits the functions that could be executed during unpickling. Arbitrary objects will no longer be allowed to be loaded via this mode unless they are explicitly allowlisted by the user via `torch.serialization.add_safe_globals`. We recommend you start setting `weights_only=True` for any use case where you don't have full control of the loaded file. Please open an issue on GitHub for any issues related to this experimental feature.
  policy_dqn.load_state_dict(torch.load(self.MODEL_FILE, map_location=device))
[I 2026-08-11 08:30:16,187] Trial 0 finished with value: 2.0000000000000013 and parameters: {'learning_rate_a': 0.00011205298908518642, 'batch_size': 64, 'network_sync_rate': 2000, 'n_step': 3, 'per_alpha': 0.4853268528226581, 'per_beta_init': 0.5881644852610639, 'sigma_init': 0.4615927775617623, 'v_max': 20.0}. Best is trial 2 with value: 34.15000000000019.
[I 2026-08-11 08:36:58,828] Trial 9 pruned. 
/pfs/data6/home/ul/ul_student/ul_lmm50/Neuroinformatik/src/dqn_agent.py:78: FutureWarning: You are using `torch.load` with `weights_only=False` (the current default value), which uses the default pickle module implicitly. It is possible to construct malicious pickle data which will execute arbitrary code during unpickling (See https://github.com/pytorch/pytorch/blob/main/SECURITY.md#untrusted-models for more details). In a future release, the default value for `weights_only` will be flipped to `True`. This limits the functions that could be executed during unpickling. Arbitrary objects will no longer be allowed to be loaded via this mode unless they are explicitly allowlisted by the user via `torch.serialization.add_safe_globals`. We recommend you start setting `weights_only=True` for any use case where you don't have full control of the loaded file. Please open an issue on GitHub for any issues related to this experimental feature.
  policy_dqn.load_state_dict(torch.load(self.MODEL_FILE, map_location=device))
[I 2026-08-11 08:37:35,347] Trial 1 finished with value: 2.0000000000000013 and parameters: {'learning_rate_a': 3.8255910519806564e-05, 'batch_size': 128, 'network_sync_rate': 1000, 'n_step': 3, 'per_alpha': 0.44001218536195325, 'per_beta_init': 0.5812736250148425, 'sigma_init': 0.4626579948867866, 'v_max': 20.0}. Best is trial 2 with value: 34.15000000000019.
[I 2026-08-11 08:46:30,371] Trial 12 pruned. 
[I 2026-08-11 08:53:33,338] Trial 8 pruned. 
[I 2026-08-11 08:56:56,702] Trial 10 pruned. 
[I 2026-08-11 09:03:22,404] Trial 11 pruned. 
[I 2026-08-11 09:12:27,994] Trial 13 pruned. 
[I 2026-08-11 09:19:17,164] Trial 14 pruned. 
[I 2026-08-11 09:21:32,506] Trial 17 pruned. 
[I 2026-08-11 09:27:38,772] Trial 18 pruned. 
[I 2026-08-11 10:16:09,126] Trial 15 finished with value: 19.175000000000026 and parameters: {'learning_rate_a': 0.0003954782499049907, 'batch_size': 32, 'network_sync_rate': 2000, 'n_step': 3, 'per_alpha': 0.6815727046852257, 'per_beta_init': 0.3304036232921552, 'sigma_init': 0.4401402882571462, 'v_max': 20.0}. Best is trial 2 with value: 34.15000000000019.
[I 2026-08-11 10:23:12,130] Trial 16 finished with value: 53.12500000000039 and parameters: {'learning_rate_a': 0.00029607129485013944, 'batch_size': 32, 'network_sync_rate': 2000, 'n_step': 3, 'per_alpha': 0.5645352014282502, 'per_beta_init': 0.3368045778602145, 'sigma_init': 0.35416143566336394, 'v_max': 20.0}. Best is trial 16 with value: 53.12500000000039.
[I 2026-08-11 10:31:36,097] Trial 22 pruned. 
[I 2026-08-11 10:39:31,016] Trial 23 pruned. 
[I 2026-08-11 10:39:33,375] Trial 19 finished with value: 11.29999999999998 and parameters: {'learning_rate_a': 0.0004351219410109878, 'batch_size': 32, 'network_sync_rate': 2000, 'n_step': 5, 'per_alpha': 0.683346510039219, 'per_beta_init': 0.3261219803432613, 'sigma_init': 0.3027650255108055, 'v_max': 20.0}. Best is trial 16 with value: 53.12500000000039.
/pfs/data6/home/ul/ul_student/ul_lmm50/Neuroinformatik/src/dqn_agent.py:78: FutureWarning: You are using `torch.load` with `weights_only=False` (the current default value), which uses the default pickle module implicitly. It is possible to construct malicious pickle data which will execute arbitrary code during unpickling (See https://github.com/pytorch/pytorch/blob/main/SECURITY.md#untrusted-models for more details). In a future release, the default value for `weights_only` will be flipped to `True`. This limits the functions that could be executed during unpickling. Arbitrary objects will no longer be allowed to be loaded via this mode unless they are explicitly allowlisted by the user via `torch.serialization.add_safe_globals`. We recommend you start setting `weights_only=True` for any use case where you don't have full control of the loaded file. Please open an issue on GitHub for any issues related to this experimental feature.
  policy_dqn.load_state_dict(torch.load(self.MODEL_FILE, map_location=device))
[I 2026-08-11 10:46:54,219] Trial 20 finished with value: 2.0000000000000013 and parameters: {'learning_rate_a': 0.00011358886759568758, 'batch_size': 64, 'network_sync_rate': 2000, 'n_step': 3, 'per_alpha': 0.3058325845411441, 'per_beta_init': 0.5822172003905025, 'sigma_init': 0.45133764527235787, 'v_max': 20.0}. Best is trial 16 with value: 53.12500000000039.
[I 2026-08-11 10:55:07,344] Trial 26 pruned. 
[I 2026-08-11 11:05:01,571] Trial 24 pruned. 
[I 2026-08-11 11:06:07,687] Trial 25 pruned. 
[I 2026-08-11 11:14:33,623] Trial 28 pruned. 
[I 2026-08-11 11:22:12,141] Trial 27 pruned. 
[I 2026-08-11 11:35:30,452] Trial 21 finished with value: 10.99999999999998 and parameters: {'learning_rate_a': 0.00034186978160211345, 'batch_size': 32, 'network_sync_rate': 2000, 'n_step': 5, 'per_alpha': 0.6031412155271771, 'per_beta_init': 0.3123657879105438, 'sigma_init': 0.3610407990992855, 'v_max': 15.0}. Best is trial 16 with value: 53.12500000000039.
[I 2026-08-11 11:44:44,971] Trial 32 pruned. 
[I 2026-08-11 12:27:34,393] Trial 29 finished with value: 21.05000000000004 and parameters: {'learning_rate_a': 0.0002763116594604896, 'batch_size': 64, 'network_sync_rate': 2000, 'n_step': 3, 'per_alpha': 0.6193532106553556, 'per_beta_init': 0.3148482228414506, 'sigma_init': 0.3792339121575044, 'v_max': 30.0}. Best is trial 16 with value: 53.12500000000039.
[I 2026-08-11 12:32:09,880] Trial 30 finished with value: 36.950000000000216 and parameters: {'learning_rate_a': 0.00044094367683378705, 'batch_size': 32, 'network_sync_rate': 8000, 'n_step': 3, 'per_alpha': 0.6680507322209052, 'per_beta_init': 0.38164054362301575, 'sigma_init': 0.4213344969232772, 'v_max': 15.0}. Best is trial 16 with value: 53.12500000000039.
[I 2026-08-11 12:40:26,583] Trial 31 finished with value: 3.8999999999999986 and parameters: {'learning_rate_a': 0.0001138945926579674, 'batch_size': 32, 'network_sync_rate': 2000, 'n_step': 1, 'per_alpha': 0.5690902710157753, 'per_beta_init': 0.3112876071353557, 'sigma_init': 0.41050427568879316, 'v_max': 20.0}. Best is trial 16 with value: 53.12500000000039.
[I 2026-08-11 12:41:35,347] Trial 35 pruned. 
[I 2026-08-11 12:49:02,641] Trial 36 pruned. 
[I 2026-08-11 12:49:35,993] Trial 37 pruned. 
[I 2026-08-11 12:52:50,119] Trial 34 pruned. 
[I 2026-08-11 12:56:55,837] Trial 38 pruned. 
[I 2026-08-11 13:05:12,193] Trial 41 pruned. 
[I 2026-08-11 13:08:57,943] Trial 33 finished with value: 76.82499999999987 and parameters: {'learning_rate_a': 0.00028043756140636007, 'batch_size': 32, 'network_sync_rate': 2000, 'n_step': 3, 'per_alpha': 0.5681273322631624, 'per_beta_init': 0.319004094653224, 'sigma_init': 0.40148734322940116, 'v_max': 20.0}. Best is trial 33 with value: 76.82499999999987.
[I 2026-08-11 13:14:19,900] Trial 42 pruned. 
[I 2026-08-11 13:19:05,286] Trial 40 pruned. 
[I 2026-08-11 13:45:30,659] Trial 45 pruned. 
[I 2026-08-11 14:07:46,408] Trial 39 finished with value: 6.799999999999992 and parameters: {'learning_rate_a': 0.00021236487665958617, 'batch_size': 32, 'network_sync_rate': 8000, 'n_step': 5, 'per_alpha': 0.6776598386597688, 'per_beta_init': 0.4397248781255414, 'sigma_init': 0.4895577433253052, 'v_max': 30.0}. Best is trial 33 with value: 76.82499999999987.
[I 2026-08-11 14:09:51,616] Trial 46 pruned. 
[I 2026-08-11 14:25:41,262] Trial 43 finished with value: 2.0000000000000013 and parameters: {'learning_rate_a': 0.000473279710647885, 'batch_size': 32, 'network_sync_rate': 1000, 'n_step': 3, 'per_alpha': 0.6823794376265657, 'per_beta_init': 0.39616020926238243, 'sigma_init': 0.5442783153169549, 'v_max': 15.0}. Best is trial 33 with value: 76.82499999999987.
[I 2026-08-11 14:30:03,430] Trial 44 finished with value: 2.0000000000000013 and parameters: {'learning_rate_a': 0.00023157643458741127, 'batch_size': 32, 'network_sync_rate': 2000, 'n_step': 3, 'per_alpha': 0.5173893275696457, 'per_beta_init': 0.3884718505194309, 'sigma_init': 0.40081347926029093, 'v_max': 20.0}. Best is trial 33 with value: 76.82499999999987.
[I 2026-08-11 14:34:10,827] Trial 48 pruned. 
[I 2026-08-11 14:51:24,046] Trial 49 pruned. 
[I 2026-08-11 14:59:24,353] Trial 52 pruned. 
[I 2026-08-11 15:07:43,063] Trial 53 pruned. 
[I 2026-08-11 15:25:55,215] Trial 47 finished with value: 2.0000000000000013 and parameters: {'learning_rate_a': 0.0002807191397777272, 'batch_size': 32, 'network_sync_rate': 2000, 'n_step': 3, 'per_alpha': 0.5097590560052864, 'per_beta_init': 0.3223276340431529, 'sigma_init': 0.42084635571602474, 'v_max': 20.0}. Best is trial 33 with value: 76.82499999999987.
[I 2026-08-11 15:34:04,344] Trial 54 pruned. 
[I 2026-08-11 15:34:30,241] Trial 55 pruned. 
[I 2026-08-11 15:52:16,258] Trial 50 finished with value: 2.0000000000000013 and parameters: {'learning_rate_a': 5.976867584826757e-05, 'batch_size': 64, 'network_sync_rate': 2000, 'n_step': 3, 'per_alpha': 0.6969958841134106, 'per_beta_init': 0.31501114961943316, 'sigma_init': 0.37822901660561054, 'v_max': 20.0}. Best is trial 33 with value: 76.82499999999987.
[I 2026-08-11 15:56:48,303] Trial 51 finished with value: 36.600000000000215 and parameters: {'learning_rate_a': 7.386173597938775e-05, 'batch_size': 64, 'network_sync_rate': 2000, 'n_step': 5, 'per_alpha': 0.631029149101318, 'per_beta_init': 0.3433121301834294, 'sigma_init': 0.394638705568906, 'v_max': 30.0}. Best is trial 33 with value: 76.82499999999987.
[I 2026-08-11 15:59:51,839] Trial 56 pruned. 
[I 2026-08-11 16:04:06,741] Trial 57 pruned. 
[I 2026-08-11 16:12:41,916] Trial 61 pruned. 
[I 2026-08-11 16:21:04,318] Trial 62 pruned. 
[I 2026-08-11 17:16:13,760] Trial 58 finished with value: 19.50000000000003 and parameters: {'learning_rate_a': 0.0001628448664182663, 'batch_size': 64, 'network_sync_rate': 500, 'n_step': 5, 'per_alpha': 0.6087957039571623, 'per_beta_init': 0.3648282228350076, 'sigma_init': 0.45996834784634133, 'v_max': 20.0}. Best is trial 33 with value: 76.82499999999987.
[I 2026-08-11 17:19:06,462] Trial 59 finished with value: 8.399999999999986 and parameters: {'learning_rate_a': 0.0002235147534320808, 'batch_size': 64, 'network_sync_rate': 2000, 'n_step': 5, 'per_alpha': 0.6211503796904614, 'per_beta_init': 0.3398439175403902, 'sigma_init': 0.412709597711322, 'v_max': 30.0}. Best is trial 33 with value: 76.82499999999987.
[I 2026-08-11 17:25:56,822] Trial 60 finished with value: 58.32500000000045 and parameters: {'learning_rate_a': 7.137235499574311e-05, 'batch_size': 64, 'network_sync_rate': 2000, 'n_step': 5, 'per_alpha': 0.6549835480123334, 'per_beta_init': 0.3837452035231422, 'sigma_init': 0.41482863072678383, 'v_max': 30.0}. Best is trial 33 with value: 76.82499999999987.
[I 2026-08-11 17:41:11,168] Trial 63 finished with value: 2.0000000000000013 and parameters: {'learning_rate_a': 3.294861479151441e-05, 'batch_size': 64, 'network_sync_rate': 2000, 'n_step': 5, 'per_alpha': 0.6936518142689627, 'per_beta_init': 0.382476750881424, 'sigma_init': 0.42023037035100497, 'v_max': 30.0}. Best is trial 33 with value: 76.82499999999987.
[I 2026-08-11 17:46:39,076] Trial 65 pruned. 
[I 2026-08-11 17:51:09,980] Trial 66 pruned. 
[I 2026-08-11 17:59:27,299] Trial 69 pruned. 
[I 2026-08-11 18:13:58,793] Trial 68 pruned. 
[I 2026-08-11 18:22:28,718] Trial 71 pruned. 
[I 2026-08-11 18:40:58,219] Trial 64 finished with value: 8.399999999999986 and parameters: {'learning_rate_a': 0.0001852596927491325, 'batch_size': 64, 'network_sync_rate': 500, 'n_step': 5, 'per_alpha': 0.5969669911376055, 'per_beta_init': 0.3561638693191626, 'sigma_init': 0.4993863839439606, 'v_max': 20.0}. Best is trial 33 with value: 76.82499999999987.
[I 2026-08-11 18:50:07,557] Trial 73 pruned. 
[I 2026-08-11 18:59:19,761] Trial 74 pruned. 
[I 2026-08-11 19:01:08,977] Trial 67 finished with value: 2.0000000000000013 and parameters: {'learning_rate_a': 8.240710654527138e-05, 'batch_size': 64, 'network_sync_rate': 1000, 'n_step': 1, 'per_alpha': 0.6984090267243123, 'per_beta_init': 0.4538038519395061, 'sigma_init': 0.4092896326017305, 'v_max': 30.0}. Best is trial 33 with value: 76.82499999999987.
[I 2026-08-11 19:08:26,665] Trial 75 pruned. 
[I 2026-08-11 19:16:43,837] Trial 77 pruned. 
[I 2026-08-11 19:17:03,764] Trial 70 finished with value: 8.574999999999985 and parameters: {'learning_rate_a': 0.00039793389677327294, 'batch_size': 32, 'network_sync_rate': 8000, 'n_step': 5, 'per_alpha': 0.6497607911212797, 'per_beta_init': 0.3396591673314168, 'sigma_init': 0.4559857081709096, 'v_max': 15.0}. Best is trial 33 with value: 76.82499999999987.
[I 2026-08-11 19:25:41,992] Trial 79 pruned. 
[I 2026-08-11 19:28:26,881] Trial 76 pruned. 
[I 2026-08-11 19:34:03,596] Trial 80 pruned. 
[I 2026-08-11 19:42:32,072] Trial 72 finished with value: 2.0000000000000013 and parameters: {'learning_rate_a': 4.751333314452133e-05, 'batch_size': 64, 'network_sync_rate': 500, 'n_step': 5, 'per_alpha': 0.6634453969346011, 'per_beta_init': 0.30933179258615806, 'sigma_init': 0.3085395964051301, 'v_max': 30.0}. Best is trial 33 with value: 76.82499999999987.
[I 2026-08-11 19:51:23,106] Trial 83 pruned. 
[I 2026-08-11 19:56:08,162] Trial 81 pruned. 
[I 2026-08-11 20:03:50,517] Trial 82 pruned. 
[I 2026-08-11 20:17:16,672] Trial 84 pruned. 
[I 2026-08-11 20:21:27,337] Trial 85 pruned. 
[I 2026-08-11 20:25:11,256] Trial 87 pruned. 
[I 2026-08-11 20:28:51,411] Trial 86 pruned. 
[I 2026-08-11 20:33:24,346] Trial 89 pruned. 
[I 2026-08-11 20:37:17,447] Trial 90 pruned. 
[I 2026-08-11 20:37:20,250] Trial 78 finished with value: 2.0000000000000013 and parameters: {'learning_rate_a': 0.00017423189339214732, 'batch_size': 64, 'network_sync_rate': 500, 'n_step': 3, 'per_alpha': 0.6545423117937702, 'per_beta_init': 0.40255552889160956, 'sigma_init': 0.4217614799299252, 'v_max': 30.0}. Best is trial 33 with value: 76.82499999999987.
[I 2026-08-11 20:41:16,371] Trial 91 pruned. 
[I 2026-08-11 21:02:42,844] Trial 92 pruned. 
[I 2026-08-11 21:03:43,711] Trial 93 pruned. 
[I 2026-08-11 21:06:02,765] Trial 94 pruned. 
[I 2026-08-11 21:28:12,607] Trial 95 pruned. 
[I 2026-08-11 21:28:59,892] Trial 96 pruned. 
[I 2026-08-11 21:32:50,242] Trial 97 pruned. 
[I 2026-08-11 21:39:59,910] Trial 88 finished with value: 2.0000000000000013 and parameters: {'learning_rate_a': 5.122184988336783e-05, 'batch_size': 64, 'network_sync_rate': 500, 'n_step': 3, 'per_alpha': 0.6458270497565219, 'per_beta_init': 0.3908462321082836, 'sigma_init': 0.49461498108342294, 'v_max': 20.0}. Best is trial 33 with value: 76.82499999999987.
[I 2026-08-11 21:41:56,556] Trial 100 pruned. 
[I 2026-08-11 21:53:11,801] Trial 98 pruned. 
[I 2026-08-11 22:08:33,795] Trial 102 pruned. 
[I 2026-08-11 22:10:56,418] Trial 101 pruned. 
[I 2026-08-11 22:18:29,776] Trial 103 pruned. 
[I 2026-08-11 22:26:31,959] Trial 106 pruned. 
[I 2026-08-11 22:33:24,072] Trial 104 pruned. 
[I 2026-08-11 22:36:02,912] Trial 105 pruned. 
[I 2026-08-11 22:41:21,426] Trial 108 pruned. 
[I 2026-08-11 22:45:08,408] Trial 99 finished with value: 7.19999999999999 and parameters: {'learning_rate_a': 0.00033459278989974, 'batch_size': 32, 'network_sync_rate': 2000, 'n_step': 3, 'per_alpha': 0.6472162931443812, 'per_beta_init': 0.35698503786218433, 'sigma_init': 0.30819222082550585, 'v_max': 20.0}. Best is trial 33 with value: 76.82499999999987.
[I 2026-08-11 22:51:55,240] Trial 107 pruned. 
[I 2026-08-11 23:01:27,111] Trial 109 pruned. 
[I 2026-08-11 23:07:37,455] Trial 110 pruned. 
[I 2026-08-11 23:09:58,416] Trial 113 pruned. 
[I 2026-08-11 23:17:46,235] Trial 115 pruned. 
[I 2026-08-11 23:20:38,707] Trial 112 pruned. 
[I 2026-08-11 23:28:31,218] Trial 117 pruned. 
[I 2026-08-11 23:42:17,614] Trial 116 pruned. 
[I 2026-08-12 00:03:27,017] Trial 111 finished with value: 8.849999999999984 and parameters: {'learning_rate_a': 0.00025789740939828615, 'batch_size': 32, 'network_sync_rate': 2000, 'n_step': 5, 'per_alpha': 0.6602807376415036, 'per_beta_init': 0.3234738368190531, 'sigma_init': 0.4377915601123619, 'v_max': 15.0}. Best is trial 33 with value: 76.82499999999987.
[I 2026-08-12 00:08:53,580] Trial 119 pruned. 
[I 2026-08-12 00:24:19,450] Trial 114 finished with value: 4.674999999999995 and parameters: {'learning_rate_a': 0.0002728375930863424, 'batch_size': 32, 'network_sync_rate': 8000, 'n_step': 5, 'per_alpha': 0.646617220949111, 'per_beta_init': 0.3029239914129484, 'sigma_init': 0.48482614379126965, 'v_max': 15.0}. Best is trial 33 with value: 76.82499999999987.
[I 2026-08-12 00:32:35,442] Trial 122 pruned. 
[I 2026-08-12 00:47:24,110] Trial 118 finished with value: 2.0000000000000013 and parameters: {'learning_rate_a': 7.35621810254524e-05, 'batch_size': 64, 'network_sync_rate': 2000, 'n_step': 3, 'per_alpha': 0.6623097859923432, 'per_beta_init': 0.3994272489012829, 'sigma_init': 0.4699399864647392, 'v_max': 30.0}. Best is trial 33 with value: 76.82499999999987.
[I 2026-08-12 00:58:46,240] Trial 123 pruned. 
[I 2026-08-12 01:12:48,036] Trial 124 pruned. 
[I 2026-08-12 01:24:02,433] Trial 125 pruned. 
[I 2026-08-12 01:24:27,270] Trial 121 finished with value: 2.0000000000000013 and parameters: {'learning_rate_a': 7.401535087703931e-05, 'batch_size': 32, 'network_sync_rate': 2000, 'n_step': 3, 'per_alpha': 0.5842968858852866, 'per_beta_init': 0.3212207583982274, 'sigma_init': 0.3614745498140988, 'v_max': 20.0}. Best is trial 33 with value: 76.82499999999987.
