[I 2026-07-09 09:16:32,703] Trial 86 finished with value: 36.88999999999987 and parameters: {'learning_rate_a': 0.00022634246344670233, 'ppo_epochs': 3, 'ent_coef': 0.002233878179178985, 'clip_eps': 0.1, 'gae_lambda': 0.9833363269261275, 'vf_coef': 0.7710398323262352, 'rollout_steps': 2048, 'minibatch_size': 256, 'hidden_dim': 512}. Best is trial 0 with value: 129.81333333333447.
/pfs/data6/home/ul/ul_student/ul_lmm50/Neuroinformatik/src/ppo_agent.py:43: FutureWarning: You are using `torch.load` with `weights_only=False` (the current default value), which uses the default pickle module implicitly. It is possible to construct malicious pickle data which will execute arbitrary code during unpickling (See https://github.com/pytorch/pytorch/blob/main/SECURITY.md#untrusted-models for more details). In a future release, the default value for `weights_only` will be flipped to `True`. This limits the functions that could be executed during unpickling. Arbitrary objects will no longer be allowed to be loaded via this mode unless they are explicitly allowlisted by the user via `torch.serialization.add_safe_globals`. We recommend you start setting `weights_only=True` for any use case where you don't have full control of the loaded file. Please open an issue on GitHub for any issues related to this experimental feature.
  actor_critic.load_state_dict(torch.load(self.MODEL_FILE, map_location=device))
[I 2026-07-09 09:18:23,844] Trial 84 finished with value: 40.88333333333326 and parameters: {'learning_rate_a': 0.0002356815575027485, 'ppo_epochs': 6, 'ent_coef': 0.0023070278959688895, 'clip_eps': 0.1, 'gae_lambda': 0.9343584507412784, 'vf_coef': 0.8370974450256969, 'rollout_steps': 1024, 'minibatch_size': 128, 'hidden_dim': 512}. Best is trial 0 with value: 129.81333333333447.
[I 2026-07-09 09:20:00,846] Trial 105 pruned. 
[I 2026-07-09 09:23:18,911] Trial 90 pruned. 
[I 2026-07-09 09:24:12,378] Trial 91 pruned. 
[I 2026-07-09 09:29:14,247] Trial 110 pruned. 
[I 2026-07-09 09:29:28,007] Trial 111 pruned. 
/pfs/data6/home/ul/ul_student/ul_lmm50/Neuroinformatik/src/ppo_agent.py:43: FutureWarning: You are using `torch.load` with `weights_only=False` (the current default value), which uses the default pickle module implicitly. It is possible to construct malicious pickle data which will execute arbitrary code during unpickling (See https://github.com/pytorch/pytorch/blob/main/SECURITY.md#untrusted-models for more details). In a future release, the default value for `weights_only` will be flipped to `True`. This limits the functions that could be executed during unpickling. Arbitrary objects will no longer be allowed to be loaded via this mode unless they are explicitly allowlisted by the user via `torch.serialization.add_safe_globals`. We recommend you start setting `weights_only=True` for any use case where you don't have full control of the loaded file. Please open an issue on GitHub for any issues related to this experimental feature.
  actor_critic.load_state_dict(torch.load(self.MODEL_FILE, map_location=device))
[I 2026-07-09 09:31:12,239] Trial 95 finished with value: 3.4666666666666655 and parameters: {'learning_rate_a': 0.0003528398438639659, 'ppo_epochs': 3, 'ent_coef': 0.0016938977436120018, 'clip_eps': 0.1, 'gae_lambda': 0.9269578966893345, 'vf_coef': 0.9393631226457063, 'rollout_steps': 4096, 'minibatch_size': 256, 'hidden_dim': 512}. Best is trial 0 with value: 129.81333333333447.
[I 2026-07-09 09:31:41,965] Trial 94 pruned. 
[I 2026-07-09 09:34:45,521] Trial 116 pruned. 
[I 2026-07-09 09:36:20,535] Trial 121 pruned. 
[I 2026-07-09 09:38:04,311] Trial 117 pruned. 
[I 2026-07-09 09:46:05,928] Trial 120 pruned. 
[I 2026-07-09 09:51:29,268] Trial 106 pruned. 
[I 2026-07-09 09:51:31,986] Trial 126 pruned. 
/pfs/data6/home/ul/ul_student/ul_lmm50/Neuroinformatik/src/ppo_agent.py:43: FutureWarning: You are using `torch.load` with `weights_only=False` (the current default value), which uses the default pickle module implicitly. It is possible to construct malicious pickle data which will execute arbitrary code during unpickling (See https://github.com/pytorch/pytorch/blob/main/SECURITY.md#untrusted-models for more details). In a future release, the default value for `weights_only` will be flipped to `True`. This limits the functions that could be executed during unpickling. Arbitrary objects will no longer be allowed to be loaded via this mode unless they are explicitly allowlisted by the user via `torch.serialization.add_safe_globals`. We recommend you start setting `weights_only=True` for any use case where you don't have full control of the loaded file. Please open an issue on GitHub for any issues related to this experimental feature.
  actor_critic.load_state_dict(torch.load(self.MODEL_FILE, map_location=device))
[I 2026-07-09 09:51:41,941] Trial 124 pruned. 
[I 2026-07-09 09:52:42,070] Trial 107 finished with value: 31.493333333333343 and parameters: {'learning_rate_a': 0.0006178107502385136, 'ppo_epochs': 3, 'ent_coef': 0.0037222900789014657, 'clip_eps': 0.1, 'gae_lambda': 0.9391802354394315, 'vf_coef': 0.7561444638349313, 'rollout_steps': 1024, 'minibatch_size': 64, 'hidden_dim': 512}. Best is trial 0 with value: 129.81333333333447.
[I 2026-07-09 09:52:57,793] Trial 103 finished with value: 185.66000000000062 and parameters: {'learning_rate_a': 0.0002770545766636745, 'ppo_epochs': 3, 'ent_coef': 0.0010372968445196676, 'clip_eps': 0.2, 'gae_lambda': 0.9116842421313781, 'vf_coef': 0.5096868368035469, 'rollout_steps': 1024, 'minibatch_size': 64, 'hidden_dim': 256}. Best is trial 103 with value: 185.66000000000062.
[I 2026-07-09 09:53:55,241] Trial 109 pruned. 
[I 2026-07-09 09:55:27,343] Trial 108 pruned. 
[I 2026-07-09 09:57:06,674] Trial 127 pruned. 
[I 2026-07-09 09:58:03,282] Trial 130 pruned. 
[I 2026-07-09 10:00:37,487] Trial 114 finished with value: 11.919999999999984 and parameters: {'learning_rate_a': 0.00014782105472063432, 'ppo_epochs': 3, 'ent_coef': 0.007011120274930238, 'clip_eps': 0.1, 'gae_lambda': 0.9702452319300984, 'vf_coef': 0.8430456635898969, 'rollout_steps': 2048, 'minibatch_size': 256, 'hidden_dim': 512}. Best is trial 103 with value: 185.66000000000062.
[I 2026-07-09 10:00:51,022] Trial 112 pruned. 
[I 2026-07-09 10:01:08,778] Trial 113 pruned. 
[I 2026-07-09 10:02:21,417] Trial 115 pruned. 
[I 2026-07-09 10:03:20,291] Trial 135 pruned. 
[I 2026-07-09 10:06:13,796] Trial 138 pruned. 
/pfs/data6/home/ul/ul_student/ul_lmm50/Neuroinformatik/src/ppo_agent.py:43: FutureWarning: You are using `torch.load` with `weights_only=False` (the current default value), which uses the default pickle module implicitly. It is possible to construct malicious pickle data which will execute arbitrary code during unpickling (See https://github.com/pytorch/pytorch/blob/main/SECURITY.md#untrusted-models for more details). In a future release, the default value for `weights_only` will be flipped to `True`. This limits the functions that could be executed during unpickling. Arbitrary objects will no longer be allowed to be loaded via this mode unless they are explicitly allowlisted by the user via `torch.serialization.add_safe_globals`. We recommend you start setting `weights_only=True` for any use case where you don't have full control of the loaded file. Please open an issue on GitHub for any issues related to this experimental feature.
  actor_critic.load_state_dict(torch.load(self.MODEL_FILE, map_location=device))
[I 2026-07-09 10:09:15,374] Trial 132 pruned. 
[I 2026-07-09 10:12:05,115] Trial 118 finished with value: 108.55000000000243 and parameters: {'learning_rate_a': 0.00021049650494233926, 'ppo_epochs': 3, 'ent_coef': 0.001888102621118324, 'clip_eps': 0.1, 'gae_lambda': 0.9799756185633564, 'vf_coef': 0.6064744715360115, 'rollout_steps': 2048, 'minibatch_size': 256, 'hidden_dim': 512}. Best is trial 103 with value: 185.66000000000062.
[I 2026-07-09 10:15:04,001] Trial 119 pruned. 
/pfs/data6/home/ul/ul_student/ul_lmm50/Neuroinformatik/src/ppo_agent.py:43: FutureWarning: You are using `torch.load` with `weights_only=False` (the current default value), which uses the default pickle module implicitly. It is possible to construct malicious pickle data which will execute arbitrary code during unpickling (See https://github.com/pytorch/pytorch/blob/main/SECURITY.md#untrusted-models for more details). In a future release, the default value for `weights_only` will be flipped to `True`. This limits the functions that could be executed during unpickling. Arbitrary objects will no longer be allowed to be loaded via this mode unless they are explicitly allowlisted by the user via `torch.serialization.add_safe_globals`. We recommend you start setting `weights_only=True` for any use case where you don't have full control of the loaded file. Please open an issue on GitHub for any issues related to this experimental feature.
  actor_critic.load_state_dict(torch.load(self.MODEL_FILE, map_location=device))
/pfs/data6/home/ul/ul_student/ul_lmm50/Neuroinformatik/src/ppo_agent.py:43: FutureWarning: You are using `torch.load` with `weights_only=False` (the current default value), which uses the default pickle module implicitly. It is possible to construct malicious pickle data which will execute arbitrary code during unpickling (See https://github.com/pytorch/pytorch/blob/main/SECURITY.md#untrusted-models for more details). In a future release, the default value for `weights_only` will be flipped to `True`. This limits the functions that could be executed during unpickling. Arbitrary objects will no longer be allowed to be loaded via this mode unless they are explicitly allowlisted by the user via `torch.serialization.add_safe_globals`. We recommend you start setting `weights_only=True` for any use case where you don't have full control of the loaded file. Please open an issue on GitHub for any issues related to this experimental feature.
  actor_critic.load_state_dict(torch.load(self.MODEL_FILE, map_location=device))
[I 2026-07-09 10:19:18,939] Trial 123 finished with value: 7.08999999999999 and parameters: {'learning_rate_a': 0.0003323715786232706, 'ppo_epochs': 3, 'ent_coef': 0.0010430729005352724, 'clip_eps': 0.3, 'gae_lambda': 0.9445275653505909, 'vf_coef': 0.5467408023684581, 'rollout_steps': 4096, 'minibatch_size': 256, 'hidden_dim': 512}. Best is trial 103 with value: 185.66000000000062.
[I 2026-07-09 10:23:52,499] Trial 125 pruned. 
[I 2026-07-09 10:24:27,234] Trial 145 pruned. 
[I 2026-07-09 10:27:03,497] Trial 122 finished with value: 244.3300000000103 and parameters: {'learning_rate_a': 8.173248786375869e-05, 'ppo_epochs': 10, 'ent_coef': 0.0017117788137399888, 'clip_eps': 0.1, 'gae_lambda': 0.9794020075853724, 'vf_coef': 0.9149566290806301, 'rollout_steps': 2048, 'minibatch_size': 256, 'hidden_dim': 512}. Best is trial 122 with value: 244.3300000000103.
[I 2026-07-09 10:29:07,854] Trial 146 pruned. 
[I 2026-07-09 10:29:39,344] Trial 147 pruned. 
[I 2026-07-09 10:30:30,747] Trial 144 pruned. 
[I 2026-07-09 10:35:05,276] Trial 150 pruned. 
[I 2026-07-09 10:36:35,520] Trial 129 finished with value: 19.353333333333374 and parameters: {'learning_rate_a': 0.0007225898467465974, 'ppo_epochs': 3, 'ent_coef': 0.0011822330180589484, 'clip_eps': 0.3, 'gae_lambda': 0.9382951281723815, 'vf_coef': 0.6729021979660723, 'rollout_steps': 4096, 'minibatch_size': 256, 'hidden_dim': 512}. Best is trial 122 with value: 244.3300000000103.
[I 2026-07-09 10:37:25,262] Trial 128 pruned. 
[I 2026-07-09 10:38:10,853] Trial 131 pruned. 
/pfs/data6/home/ul/ul_student/ul_lmm50/Neuroinformatik/src/ppo_agent.py:43: FutureWarning: You are using `torch.load` with `weights_only=False` (the current default value), which uses the default pickle module implicitly. It is possible to construct malicious pickle data which will execute arbitrary code during unpickling (See https://github.com/pytorch/pytorch/blob/main/SECURITY.md#untrusted-models for more details). In a future release, the default value for `weights_only` will be flipped to `True`. This limits the functions that could be executed during unpickling. Arbitrary objects will no longer be allowed to be loaded via this mode unless they are explicitly allowlisted by the user via `torch.serialization.add_safe_globals`. We recommend you start setting `weights_only=True` for any use case where you don't have full control of the loaded file. Please open an issue on GitHub for any issues related to this experimental feature.
  actor_critic.load_state_dict(torch.load(self.MODEL_FILE, map_location=device))
[I 2026-07-09 10:41:17,265] Trial 133 finished with value: 9.226666666666652 and parameters: {'learning_rate_a': 0.00014881399409566855, 'ppo_epochs': 3, 'ent_coef': 0.00316482818260898, 'clip_eps': 0.1, 'gae_lambda': 0.9393798759603768, 'vf_coef': 0.8232171068501203, 'rollout_steps': 1024, 'minibatch_size': 64, 'hidden_dim': 256}. Best is trial 122 with value: 244.3300000000103.
[I 2026-07-09 10:42:32,367] Trial 134 pruned. 
[I 2026-07-09 10:44:38,129] Trial 136 pruned. 
[I 2026-07-09 10:44:44,328] Trial 149 pruned. 
[I 2026-07-09 10:45:58,273] Trial 151 pruned. 
[I 2026-07-09 10:46:18,180] Trial 139 pruned. 
[I 2026-07-09 10:46:33,194] Trial 137 pruned. 
[I 2026-07-09 10:46:42,580] Trial 156 pruned. 
[I 2026-07-09 10:49:04,582] Trial 140 pruned. 
[I 2026-07-09 10:49:56,001] Trial 159 pruned. 
[I 2026-07-09 10:49:58,568] Trial 158 pruned. 
[I 2026-07-09 10:50:29,157] Trial 141 finished with value: 22.050000000000068 and parameters: {'learning_rate_a': 0.00024920667047853833, 'ppo_epochs': 3, 'ent_coef': 0.002436741688059195, 'clip_eps': 0.2, 'gae_lambda': 0.9066149871510205, 'vf_coef': 0.6733269442868116, 'rollout_steps': 1024, 'minibatch_size': 256, 'hidden_dim': 256}. Best is trial 122 with value: 244.3300000000103.
[I 2026-07-09 10:53:45,165] Trial 142 pruned. 
[I 2026-07-09 10:55:16,073] Trial 165 pruned. 
[I 2026-07-09 10:58:01,981] Trial 157 pruned. 
[I 2026-07-09 10:58:06,658] Trial 143 finished with value: 32.39000000000008 and parameters: {'learning_rate_a': 0.0003189346856426211, 'ppo_epochs': 3, 'ent_coef': 0.00202695714626037, 'clip_eps': 0.2, 'gae_lambda': 0.9031601294757864, 'vf_coef': 0.8231946980460552, 'rollout_steps': 1024, 'minibatch_size': 64, 'hidden_dim': 256}. Best is trial 122 with value: 244.3300000000103.
[I 2026-07-09 10:58:42,038] Trial 168 pruned. 
[I 2026-07-09 11:00:36,528] Trial 169 pruned. 
[I 2026-07-09 11:01:19,826] Trial 161 pruned. 
[I 2026-07-09 11:01:33,508] Trial 162 pruned. 
[I 2026-07-09 11:02:58,993] Trial 171 pruned. 
[I 2026-07-09 11:03:45,149] Trial 164 pruned. 
[I 2026-07-09 11:04:51,717] Trial 166 pruned. 
[I 2026-07-09 11:09:13,237] Trial 177 pruned. 
[I 2026-07-09 11:13:35,406] Trial 148 pruned. 
[I 2026-07-09 11:13:42,224] Trial 172 pruned. 
[I 2026-07-09 11:16:29,511] Trial 175 pruned. 
[I 2026-07-09 11:19:09,791] Trial 180 pruned. 
[I 2026-07-09 11:19:40,850] Trial 152 pruned. 
[I 2026-07-09 11:20:57,261] Trial 153 pruned. 
[I 2026-07-09 11:22:59,118] Trial 155 finished with value: 5.63666666666666 and parameters: {'learning_rate_a': 0.00046315040638833776, 'ppo_epochs': 3, 'ent_coef': 0.0032277087227524834, 'clip_eps': 0.2, 'gae_lambda': 0.9048175971254995, 'vf_coef': 0.38948011773703956, 'rollout_steps': 4096, 'minibatch_size': 128, 'hidden_dim': 256}. Best is trial 122 with value: 244.3300000000103.
[I 2026-07-09 11:24:55,011] Trial 184 pruned. 
[I 2026-07-09 11:25:29,281] Trial 154 finished with value: 35.03333333333319 and parameters: {'learning_rate_a': 7.478321708247165e-05, 'ppo_epochs': 6, 'ent_coef': 0.002314171960001964, 'clip_eps': 0.2, 'gae_lambda': 0.9158598382726476, 'vf_coef': 0.4359754492525619, 'rollout_steps': 4096, 'minibatch_size': 64, 'hidden_dim': 256}. Best is trial 122 with value: 244.3300000000103.
[I 2026-07-09 11:28:49,031] Trial 181 pruned. 
/pfs/data6/home/ul/ul_student/ul_lmm50/Neuroinformatik/src/ppo_agent.py:43: FutureWarning: You are using `torch.load` with `weights_only=False` (the current default value), which uses the default pickle module implicitly. It is possible to construct malicious pickle data which will execute arbitrary code during unpickling (See https://github.com/pytorch/pytorch/blob/main/SECURITY.md#untrusted-models for more details). In a future release, the default value for `weights_only` will be flipped to `True`. This limits the functions that could be executed during unpickling. Arbitrary objects will no longer be allowed to be loaded via this mode unless they are explicitly allowlisted by the user via `torch.serialization.add_safe_globals`. We recommend you start setting `weights_only=True` for any use case where you don't have full control of the loaded file. Please open an issue on GitHub for any issues related to this experimental feature.
  actor_critic.load_state_dict(torch.load(self.MODEL_FILE, map_location=device))
[I 2026-07-09 11:31:48,415] Trial 182 pruned. 
[I 2026-07-09 11:32:03,964] Trial 163 pruned. 
[I 2026-07-09 11:34:15,311] Trial 183 pruned. 
[I 2026-07-09 11:38:02,115] Trial 186 pruned. 
[I 2026-07-09 11:39:40,261] Trial 192 pruned. 
[I 2026-07-09 11:40:27,883] Trial 167 finished with value: 200.65666666666928 and parameters: {'learning_rate_a': 0.00012198000248841194, 'ppo_epochs': 3, 'ent_coef': 0.0024326180610137636, 'clip_eps': 0.2, 'gae_lambda': 0.9020360066494874, 'vf_coef': 0.6243311004799902, 'rollout_steps': 1024, 'minibatch_size': 256, 'hidden_dim': 256}. Best is trial 122 with value: 244.3300000000103.
[I 2026-07-09 11:40:32,953] Trial 188 pruned. 
[I 2026-07-09 11:42:31,874] Trial 170 finished with value: 14.43000000000003 and parameters: {'learning_rate_a': 0.00024918177665751723, 'ppo_epochs': 3, 'ent_coef': 0.0035311341335465666, 'clip_eps': 0.2, 'gae_lambda': 0.9041260987567293, 'vf_coef': 0.8279986476969637, 'rollout_steps': 1024, 'minibatch_size': 256, 'hidden_dim': 256}. Best is trial 122 with value: 244.3300000000103.
[I 2026-07-09 11:43:44,187] Trial 193 pruned. 
[I 2026-07-09 11:45:02,230] Trial 194 pruned. 
[I 2026-07-09 11:46:06,794] Trial 174 finished with value: 34.22666666666671 and parameters: {'learning_rate_a': 0.0006475218058160287, 'ppo_epochs': 3, 'ent_coef': 0.0027039368692572297, 'clip_eps': 0.2, 'gae_lambda': 0.9165098948014285, 'vf_coef': 0.7103183729803201, 'rollout_steps': 1024, 'minibatch_size': 256, 'hidden_dim': 256}. Best is trial 122 with value: 244.3300000000103.
[I 2026-07-09 11:48:20,126] Trial 176 finished with value: 17.770000000000064 and parameters: {'learning_rate_a': 0.0001608350222206234, 'ppo_epochs': 3, 'ent_coef': 0.0036262870834296405, 'clip_eps': 0.2, 'gae_lambda': 0.9167787546272321, 'vf_coef': 0.8549636958818404, 'rollout_steps': 1024, 'minibatch_size': 64, 'hidden_dim': 256}. Best is trial 122 with value: 244.3300000000103.
[I 2026-07-09 11:48:41,371] Trial 173 finished with value: 88.4099999999987 and parameters: {'learning_rate_a': 0.00042927561275926007, 'ppo_epochs': 3, 'ent_coef': 0.008883096046897137, 'clip_eps': 0.2, 'gae_lambda': 0.905148048856441, 'vf_coef': 0.9161307258995722, 'rollout_steps': 1024, 'minibatch_size': 64, 'hidden_dim': 256}. Best is trial 122 with value: 244.3300000000103.
[I 2026-07-09 11:48:42,178] Trial 198 pruned. 
[I 2026-07-09 11:49:55,312] Trial 178 pruned. 
[I 2026-07-09 11:53:17,214] Trial 160 finished with value: 712.3399999999189 and parameters: {'learning_rate_a': 0.00046795361557161886, 'ppo_epochs': 3, 'ent_coef': 0.0016714398762244184, 'clip_eps': 0.2, 'gae_lambda': 0.9240035046770071, 'vf_coef': 0.6651351269934721, 'rollout_steps': 4096, 'minibatch_size': 128, 'hidden_dim': 512}. Best is trial 160 with value: 712.3399999999189.
[I 2026-07-09 11:53:42,987] Trial 179 finished with value: 19.95666666666673 and parameters: {'learning_rate_a': 0.0006697750991275235, 'ppo_epochs': 3, 'ent_coef': 0.0011893470388574898, 'clip_eps': 0.1, 'gae_lambda': 0.9014520652550299, 'vf_coef': 0.6209278601977539, 'rollout_steps': 1024, 'minibatch_size': 256, 'hidden_dim': 256}. Best is trial 160 with value: 712.3399999999189.
[I 2026-07-09 11:54:03,308] Trial 202 pruned. 
[I 2026-07-09 11:56:06,685] Trial 195 pruned. 
[I 2026-07-09 11:58:15,077] Trial 197 pruned. 
[I 2026-07-09 11:58:38,283] Trial 205 pruned. 
[I 2026-07-09 12:01:22,306] Trial 200 pruned. 
[I 2026-07-09 12:03:39,721] Trial 209 pruned. 
[I 2026-07-09 12:06:09,914] Trial 185 pruned. 
[I 2026-07-09 12:09:09,899] Trial 206 pruned. 
[I 2026-07-09 12:09:51,308] Trial 187 finished with value: 14.11000000000003 and parameters: {'learning_rate_a': 0.0003240099299368482, 'ppo_epochs': 3, 'ent_coef': 0.002060998505181568, 'clip_eps': 0.2, 'gae_lambda': 0.9009739374432452, 'vf_coef': 0.43938300116930407, 'rollout_steps': 1024, 'minibatch_size': 256, 'hidden_dim': 256}. Best is trial 160 with value: 712.3399999999189.
[I 2026-07-09 12:12:44,705] Trial 189 pruned. 
[I 2026-07-09 12:14:18,923] Trial 214 pruned. 
/pfs/data6/home/ul/ul_student/ul_lmm50/Neuroinformatik/src/ppo_agent.py:43: FutureWarning: You are using `torch.load` with `weights_only=False` (the current default value), which uses the default pickle module implicitly. It is possible to construct malicious pickle data which will execute arbitrary code during unpickling (See https://github.com/pytorch/pytorch/blob/main/SECURITY.md#untrusted-models for more details). In a future release, the default value for `weights_only` will be flipped to `True`. This limits the functions that could be executed during unpickling. Arbitrary objects will no longer be allowed to be loaded via this mode unless they are explicitly allowlisted by the user via `torch.serialization.add_safe_globals`. We recommend you start setting `weights_only=True` for any use case where you don't have full control of the loaded file. Please open an issue on GitHub for any issues related to this experimental feature.
  actor_critic.load_state_dict(torch.load(self.MODEL_FILE, map_location=device))
