[I 2026-08-12 01:25:09,040] Trial 120 finished with value: 2.0000000000000013 and parameters: {'learning_rate_a': 5.9617504620935026e-05, 'batch_size': 64, 'network_sync_rate': 2000, 'n_step': 5, 'per_alpha': 0.6754259210594518, 'per_beta_init': 0.33427954368474616, 'sigma_init': 0.4589176571333703, 'v_max': 30.0}. Best is trial 33 with value: 76.82499999999987.
[I 2026-08-12 01:32:39,323] Trial 128 pruned. 
[I 2026-08-12 01:33:26,106] Trial 129 pruned. 
[I 2026-08-12 01:40:47,686] Trial 130 pruned. 
[I 2026-08-12 01:49:30,578] Trial 127 pruned. 
[I 2026-08-12 01:57:26,237] Trial 133 pruned. 
[I 2026-08-12 01:57:59,133] Trial 131 pruned. 
[I 2026-08-12 02:05:56,245] Trial 132 pruned. 
[I 2026-08-12 02:14:21,767] Trial 136 pruned. 
[I 2026-08-12 02:34:57,658] Trial 126 finished with value: 17.90000000000001 and parameters: {'learning_rate_a': 0.00012123455368551788, 'batch_size': 64, 'network_sync_rate': 500, 'n_step': 5, 'per_alpha': 0.6419395899033956, 'per_beta_init': 0.3134325597429188, 'sigma_init': 0.4285032544411904, 'v_max': 20.0}. Best is trial 33 with value: 76.82499999999987.
[I 2026-08-12 02:43:53,146] Trial 138 pruned. 
[I 2026-08-12 03:11:01,452] Trial 139 pruned. 
[I 2026-08-12 03:13:05,598] Trial 134 finished with value: 2.0000000000000013 and parameters: {'learning_rate_a': 0.00023687466184457373, 'batch_size': 32, 'network_sync_rate': 2000, 'n_step': 3, 'per_alpha': 0.6860640821894672, 'per_beta_init': 0.30842786844807674, 'sigma_init': 0.5588848497591479, 'v_max': 30.0}. Best is trial 33 with value: 76.82499999999987.
[I 2026-08-12 03:18:58,279] Trial 140 pruned. 
[I 2026-08-12 03:27:41,919] Trial 135 finished with value: 9.024999999999984 and parameters: {'learning_rate_a': 3.087018562309892e-05, 'batch_size': 128, 'network_sync_rate': 2000, 'n_step': 1, 'per_alpha': 0.5819510485017032, 'per_beta_init': 0.32235389125947617, 'sigma_init': 0.3497380264606554, 'v_max': 30.0}. Best is trial 33 with value: 76.82499999999987.
[I 2026-08-12 03:30:28,535] Trial 137 finished with value: 2.0000000000000013 and parameters: {'learning_rate_a': 0.000376001550259891, 'batch_size': 32, 'network_sync_rate': 2000, 'n_step': 3, 'per_alpha': 0.6117858280457801, 'per_beta_init': 0.37351740782895104, 'sigma_init': 0.5147835935089113, 'v_max': 30.0}. Best is trial 33 with value: 76.82499999999987.
[I 2026-08-12 03:37:12,067] Trial 143 pruned. 
[I 2026-08-12 03:45:14,703] Trial 145 pruned. 
[I 2026-08-12 03:54:19,695] Trial 146 pruned. 
[I 2026-08-12 04:02:41,682] Trial 147 pruned. 
[I 2026-08-12 04:33:46,160] Trial 141 finished with value: 2.0000000000000013 and parameters: {'learning_rate_a': 0.00010966777673570885, 'batch_size': 64, 'network_sync_rate': 2000, 'n_step': 3, 'per_alpha': 0.6432206365792735, 'per_beta_init': 0.32485988365908963, 'sigma_init': 0.3368418298710747, 'v_max': 30.0}. Best is trial 33 with value: 76.82499999999987.
[I 2026-08-12 04:36:13,679] Trial 142 finished with value: 18.05000000000001 and parameters: {'learning_rate_a': 0.0003528788951128617, 'batch_size': 32, 'network_sync_rate': 8000, 'n_step': 3, 'per_alpha': 0.6893807762313624, 'per_beta_init': 0.3451192631090953, 'sigma_init': 0.4345261341099309, 'v_max': 15.0}. Best is trial 33 with value: 76.82499999999987.
[I 2026-08-12 04:43:03,151] Trial 149 pruned. 
[I 2026-08-12 05:02:25,331] Trial 150 pruned. 
[I 2026-08-12 05:03:53,728] Trial 144 finished with value: 15.499999999999975 and parameters: {'learning_rate_a': 2.83351134841269e-05, 'batch_size': 128, 'network_sync_rate': 2000, 'n_step': 1, 'per_alpha': 0.5116072714032415, 'per_beta_init': 0.37912919349250873, 'sigma_init': 0.3753391557928586, 'v_max': 30.0}. Best is trial 33 with value: 76.82499999999987.
[I 2026-08-12 05:12:32,687] Trial 153 pruned. 
[I 2026-08-12 05:21:40,373] Trial 154 pruned. 
[I 2026-08-12 05:23:46,787] Trial 148 finished with value: 2.0000000000000013 and parameters: {'learning_rate_a': 4.402736010009281e-05, 'batch_size': 64, 'network_sync_rate': 500, 'n_step': 5, 'per_alpha': 0.6242486031524079, 'per_beta_init': 0.33645143218117496, 'sigma_init': 0.43970757372096725, 'v_max': 15.0}. Best is trial 33 with value: 76.82499999999987.
[I 2026-08-12 05:29:40,765] Trial 155 pruned. 
[I 2026-08-12 05:33:34,598] Trial 156 pruned. 
[I 2026-08-12 05:38:45,327] Trial 157 pruned. 
[I 2026-08-12 05:42:56,867] Trial 158 pruned. 
[I 2026-08-12 05:47:57,009] Trial 159 pruned. 
[I 2026-08-12 05:57:11,178] Trial 161 pruned. 
[I 2026-08-12 06:11:18,461] Trial 151 finished with value: 2.0000000000000013 and parameters: {'learning_rate_a': 3.780712496244386e-05, 'batch_size': 128, 'network_sync_rate': 2000, 'n_step': 3, 'per_alpha': 0.5752987388599881, 'per_beta_init': 0.34292280689837606, 'sigma_init': 0.41697355855866824, 'v_max': 30.0}. Best is trial 33 with value: 76.82499999999987.
[I 2026-08-12 06:12:55,038] Trial 160 pruned. 
[I 2026-08-12 06:22:24,158] Trial 162 pruned. 
[I 2026-08-12 06:25:12,454] Trial 152 finished with value: 28.800000000000132 and parameters: {'learning_rate_a': 4.660031698979862e-05, 'batch_size': 64, 'network_sync_rate': 8000, 'n_step': 5, 'per_alpha': 0.603082234411236, 'per_beta_init': 0.3231470363547717, 'sigma_init': 0.48201812797793353, 'v_max': 30.0}. Best is trial 33 with value: 76.82499999999987.
[I 2026-08-12 06:30:59,709] Trial 165 pruned. 
[I 2026-08-12 06:37:39,116] Trial 163 pruned. 
[I 2026-08-12 06:39:16,162] Trial 167 pruned. 
[I 2026-08-12 07:33:53,778] Trial 164 finished with value: 4.099999999999998 and parameters: {'learning_rate_a': 1.3444825041094295e-05, 'batch_size': 64, 'network_sync_rate': 2000, 'n_step': 1, 'per_alpha': 0.4945099398780353, 'per_beta_init': 0.42588695381283304, 'sigma_init': 0.4118245442601756, 'v_max': 30.0}. Best is trial 33 with value: 76.82499999999987.
[I 2026-08-12 07:45:39,682] Trial 166 finished with value: 2.0000000000000013 and parameters: {'learning_rate_a': 3.315948219869813e-05, 'batch_size': 64, 'network_sync_rate': 8000, 'n_step': 5, 'per_alpha': 0.6300835494832955, 'per_beta_init': 0.30170428271915145, 'sigma_init': 0.4584060820751545, 'v_max': 30.0}. Best is trial 33 with value: 76.82499999999987.
[I 2026-08-12 07:57:17,745] Trial 168 finished with value: 2.0000000000000013 and parameters: {'learning_rate_a': 7.924673959378822e-05, 'batch_size': 64, 'network_sync_rate': 1000, 'n_step': 5, 'per_alpha': 0.6990705965830171, 'per_beta_init': 0.5853283190168179, 'sigma_init': 0.4468161897176856, 'v_max': 15.0}. Best is trial 33 with value: 76.82499999999987.
[I 2026-08-12 07:58:59,956] Trial 169 finished with value: 2.0000000000000013 and parameters: {'learning_rate_a': 2.854267449220567e-05, 'batch_size': 64, 'network_sync_rate': 8000, 'n_step': 5, 'per_alpha': 0.5929911901682423, 'per_beta_init': 0.33258701169884575, 'sigma_init': 0.4512588815475073, 'v_max': 20.0}. Best is trial 33 with value: 76.82499999999987.
[I 2026-08-12 08:08:07,169] Trial 173 pruned. 
[I 2026-08-12 08:15:54,211] Trial 174 pruned. 
[I 2026-08-12 08:40:54,451] Trial 175 pruned. 
[I 2026-08-12 08:48:44,779] Trial 176 pruned. 
[I 2026-08-12 08:52:46,264] Trial 170 finished with value: 29.50000000000013 and parameters: {'learning_rate_a': 0.00016675590162242628, 'batch_size': 32, 'network_sync_rate': 8000, 'n_step': 3, 'per_alpha': 0.6863974295538852, 'per_beta_init': 0.3346669126245486, 'sigma_init': 0.42619058137141885, 'v_max': 15.0}. Best is trial 33 with value: 76.82499999999987.
[I 2026-08-12 08:57:44,369] Trial 177 pruned. 
[I 2026-08-12 09:00:38,517] Trial 171 finished with value: 2.0000000000000013 and parameters: {'learning_rate_a': 0.00012655698815770185, 'batch_size': 32, 'network_sync_rate': 2000, 'n_step': 3, 'per_alpha': 0.5648368304649558, 'per_beta_init': 0.3511713370421533, 'sigma_init': 0.38637074669165583, 'v_max': 15.0}. Best is trial 33 with value: 76.82499999999987.
[I 2026-08-12 09:01:11,901] Trial 178 pruned. 
[I 2026-08-12 09:08:41,402] Trial 180 pruned. 
[I 2026-08-12 09:09:35,597] Trial 181 pruned. 
[I 2026-08-12 09:14:45,574] Trial 172 finished with value: 18.275000000000013 and parameters: {'learning_rate_a': 3.0894382845830314e-05, 'batch_size': 32, 'network_sync_rate': 2000, 'n_step': 1, 'per_alpha': 0.4968996596534172, 'per_beta_init': 0.40278774730163397, 'sigma_init': 0.4524382520664865, 'v_max': 30.0}. Best is trial 33 with value: 76.82499999999987.
[I 2026-08-12 09:16:37,141] Trial 182 pruned. 
[I 2026-08-12 09:22:48,203] Trial 184 pruned. 
[I 2026-08-12 09:24:27,015] Trial 185 pruned. 
[I 2026-08-12 09:47:41,513] Trial 186 pruned. 
[I 2026-08-12 09:55:38,968] Trial 188 pruned. 
[I 2026-08-12 10:25:09,156] Trial 183 finished with value: 2.0000000000000013 and parameters: {'learning_rate_a': 0.0002007411453029203, 'batch_size': 32, 'network_sync_rate': 500, 'n_step': 3, 'per_alpha': 0.6442168407671963, 'per_beta_init': 0.320655483663922, 'sigma_init': 0.45834219839875256, 'v_max': 15.0}. Best is trial 33 with value: 76.82499999999987.
[I 2026-08-12 10:36:21,550] Trial 179 finished with value: 132.19999999999737 and parameters: {'learning_rate_a': 3.551904276323297e-05, 'batch_size': 128, 'network_sync_rate': 1000, 'n_step': 1, 'per_alpha': 0.6047954232513175, 'per_beta_init': 0.31933864297930303, 'sigma_init': 0.33073140000026846, 'v_max': 30.0}. Best is trial 179 with value: 132.19999999999737.
[I 2026-08-12 10:40:12,376] Trial 187 finished with value: 4.1999999999999975 and parameters: {'learning_rate_a': 1.6438960836877155e-05, 'batch_size': 32, 'network_sync_rate': 2000, 'n_step': 1, 'per_alpha': 0.399866690441288, 'per_beta_init': 0.426387294063464, 'sigma_init': 0.4347482597488267, 'v_max': 30.0}. Best is trial 179 with value: 132.19999999999737.
[I 2026-08-12 10:44:33,543] Trial 191 pruned. 
[I 2026-08-12 10:50:01,387] Trial 192 pruned. 
[I 2026-08-12 10:50:49,728] Trial 190 pruned. 
[I 2026-08-12 10:53:39,725] Trial 193 pruned. 
[I 2026-08-12 10:58:21,750] Trial 194 pruned. 
[I 2026-08-12 10:58:56,486] Trial 195 pruned. 
[I 2026-08-12 11:01:33,580] Trial 196 pruned. 
[I 2026-08-12 11:06:17,084] Trial 197 pruned. 
[I 2026-08-12 11:10:37,575] Trial 199 pruned. 
[I 2026-08-12 11:26:59,861] Trial 189 finished with value: 52.7500000000004 and parameters: {'learning_rate_a': 2.212942895214618e-05, 'batch_size': 128, 'network_sync_rate': 500, 'n_step': 1, 'per_alpha': 0.447615831124881, 'per_beta_init': 0.38522513352834387, 'sigma_init': 0.3472658566103146, 'v_max': 30.0}. Best is trial 179 with value: 132.19999999999737.
[I 2026-08-12 12:17:18,555] Trial 198 finished with value: 3.8999999999999986 and parameters: {'learning_rate_a': 5.222911783730328e-05, 'batch_size': 64, 'network_sync_rate': 8000, 'n_step': 1, 'per_alpha': 0.62002388951625, 'per_beta_init': 0.3559594042883542, 'sigma_init': 0.4577956325898918, 'v_max': 30.0}. Best is trial 179 with value: 132.19999999999737.
/pfs/data6/home/ul/ul_student/ul_lmm50/Neuroinformatik/src/tune.py:293: ExperimentalWarning: optuna.visualization.matplotlib._optimization_history.plot_optimization_history is experimental (supported from v2.2.0). The interface can change in the future.
  ax = fn(study)
/pfs/data6/home/ul/ul_student/ul_lmm50/Neuroinformatik/src/tune.py:293: ExperimentalWarning: optuna.visualization.matplotlib._param_importances.plot_param_importances is experimental (supported from v2.2.0). The interface can change in the future.
  ax = fn(study)
/pfs/data6/home/ul/ul_student/ul_lmm50/Neuroinformatik/src/tune.py:293: ExperimentalWarning: optuna.visualization.matplotlib._parallel_coordinate.plot_parallel_coordinate is experimental (supported from v2.2.0). The interface can change in the future.
  ax = fn(study)
/pfs/data6/home/ul/ul_student/ul_lmm50/Neuroinformatik/src/tune.py:293: ExperimentalWarning: optuna.visualization.matplotlib._slice.plot_slice is experimental (supported from v2.2.0). The interface can change in the future.
  ax = fn(study)
/pfs/data6/home/ul/ul_student/ul_lmm50/Neuroinformatik/src/tune.py:295: UserWarning: This figure includes Axes that are not compatible with tight_layout, so results might be incorrect.
  fig.tight_layout()
